<?xml version="1.0" encoding="UTF-8"?>
<testsuite xmlns:xsi="http://www.w3.org/2001/XMLSchema-instance" xsi:noNamespaceSchemaLocation="https://maven.apache.org/surefire/maven-surefire-plugin/xsd/surefire-test-report-3.0.xsd" version="3.0" name="com.salesianostriana.dam.recreativof1manuelgomez.RecreativoF1ManuelGomezApplicationTests" time="4.95" tests="1" errors="0" skipped="0" failures="0">
  <properties>
    <property name="java.specification.version" value="17"/>
    <property name="sun.cpu.isalist" value="amd64"/>
    <property name="sun.jnu.encoding" value="Cp1252"/>
    <property name="java.class.path" value="D:\DAM\RecreativoF1\RecreativoF1ManuelGomez\target\test-classes;D:\DAM\RecreativoF1\RecreativoF1ManuelGomez\target\classes;C:\Users\super\.m2\repository\org\springframework\boot\spring-boot-starter-data-jpa\3.2.5\spring-boot-starter-data-jpa-3.2.5.jar;C:\Users\super\.m2\repository\org\springframework\boot\spring-boot-starter-aop\3.2.5\spring-boot-starter-aop-3.2.5.jar;C:\Users\super\.m2\repository\org\aspectj\aspectjweaver\1.9.22\aspectjweaver-1.9.22.jar;C:\Users\super\.m2\repository\org\springframework\boot\spring-boot-starter-jdbc\3.2.5\spring-boot-starter-jdbc-3.2.5.jar;C:\Users\super\.m2\repository\com\zaxxer\HikariCP\5.0.1\HikariCP-5.0.1.jar;C:\Users\super\.m2\repository\org\springframework\spring-jdbc\6.1.6\spring-jdbc-6.1.6.jar;C:\Users\super\.m2\repository\org\hibernate\orm\hibernate-core\6.4.4.Final\hibernate-core-6.4.4.Final.jar;C:\Users\super\.m2\repository\jakarta\persistence\jakarta.persistence-api\3.1.0\jakarta.persistence-api-3.1.0.jar;C:\Users\super\.m2\repository\jakarta\transaction\jakarta.transaction-api\2.0.1\jakarta.transaction-api-2.0.1.jar;C:\Users\super\.m2\repository\org\jboss\logging\jboss-logging\3.5.3.Final\jboss-logging-3.5.3.Final.jar;C:\Users\super\.m2\repository\org\hibernate\common\hibernate-commons-annotations\6.0.6.Final\hibernate-commons-annotations-6.0.6.Final.jar;C:\Users\super\.m2\repository\io\smallrye\jandex\3.1.2\jandex-3.1.2.jar;C:\Users\super\.m2\repository\com\fasterxml\classmate\1.6.0\classmate-1.6.0.jar;C:\Users\super\.m2\repository\net\bytebuddy\byte-buddy\1.14.13\byte-buddy-1.14.13.jar;C:\Users\super\.m2\repository\org\glassfish\jaxb\jaxb-runtime\4.0.5\jaxb-runtime-4.0.5.jar;C:\Users\super\.m2\repository\org\glassfish\jaxb\jaxb-core\4.0.5\jaxb-core-4.0.5.jar;C:\Users\super\.m2\repository\org\eclipse\angus\angus-activation\2.0.2\angus-activation-2.0.2.jar;C:\Users\super\.m2\repository\org\glassfish\jaxb\txw2\4.0.5\txw2-4.0.5.jar;C:\Users\super\.m2\repository\com\sun\istack\istack-commons-runtime\4.1.2\istack-commons-runtime-4.1.2.jar;C:\Users\super\.m2\repository\jakarta\inject\jakarta.inject-api\2.0.1\jakarta.inject-api-2.0.1.jar;C:\Users\super\.m2\repository\org\antlr\antlr4-runtime\4.13.0\antlr4-runtime-4.13.0.jar;C:\Users\super\.m2\repository\org\springframework\data\spring-data-jpa\3.2.5\spring-data-jpa-3.2.5.jar;C:\Users\super\.m2\repository\org\springframework\data\spring-data-commons\3.2.5\spring-data-commons-3.2.5.jar;C:\Users\super\.m2\repository\org\springframework\spring-orm\6.1.6\spring-orm-6.1.6.jar;C:\Users\super\.m2\repository\org\springframework\spring-context\6.1.6\spring-context-6.1.6.jar;C:\Users\super\.m2\repository\org\springframework\spring-tx\6.1.6\spring-tx-6.1.6.jar;C:\Users\super\.m2\repository\org\springframework\spring-beans\6.1.6\spring-beans-6.1.6.jar;C:\Users\super\.m2\repository\jakarta\annotation\jakarta.annotation-api\2.1.1\jakarta.annotation-api-2.1.1.jar;C:\Users\super\.m2\repository\org\springframework\spring-aspects\6.1.6\spring-aspects-6.1.6.jar;C:\Users\super\.m2\repository\org\springframework\boot\spring-boot-starter-thymeleaf\3.2.5\spring-boot-starter-thymeleaf-3.2.5.jar;C:\Users\super\.m2\repository\org\springframework\boot\spring-boot-starter\3.2.5\spring-boot-starter-3.2.5.jar;C:\Users\super\.m2\repository\org\springframework\boot\spring-boot\3.2.5\spring-boot-3.2.5.jar;C:\Users\super\.m2\repository\org\springframework\boot\spring-boot-autoconfigure\3.2.5\spring-boot-autoconfigure-3.2.5.jar;C:\Users\super\.m2\repository\org\springframework\boot\spring-boot-starter-logging\3.2.5\spring-boot-starter-logging-3.2.5.jar;C:\Users\super\.m2\repository\ch\qos\logback\logback-classic\1.4.14\logback-classic-1.4.14.jar;C:\Users\super\.m2\repository\ch\qos\logback\logback-core\1.4.14\logback-core-1.4.14.jar;C:\Users\super\.m2\repository\org\apache\logging\log4j\log4j-to-slf4j\2.21.1\log4j-to-slf4j-2.21.1.jar;C:\Users\super\.m2\repository\org\apache\logging\log4j\log4j-api\2.21.1\log4j-api-2.21.1.jar;C:\Users\super\.m2\repository\org\slf4j\jul-to-slf4j\2.0.13\jul-to-slf4j-2.0.13.jar;C:\Users\super\.m2\repository\org\yaml\snakeyaml\2.2\snakeyaml-2.2.jar;C:\Users\super\.m2\repository\org\thymeleaf\thymeleaf-spring6\3.1.2.RELEASE\thymeleaf-spring6-3.1.2.RELEASE.jar;C:\Users\super\.m2\repository\org\thymeleaf\thymeleaf\3.1.2.RELEASE\thymeleaf-3.1.2.RELEASE.jar;C:\Users\super\.m2\repository\org\attoparser\attoparser\2.0.7.RELEASE\attoparser-2.0.7.RELEASE.jar;C:\Users\super\.m2\repository\org\unbescape\unbescape\1.1.6.RELEASE\unbescape-1.1.6.RELEASE.jar;C:\Users\super\.m2\repository\org\springframework\boot\spring-boot-starter-web\3.2.5\spring-boot-starter-web-3.2.5.jar;C:\Users\super\.m2\repository\org\springframework\boot\spring-boot-starter-json\3.2.5\spring-boot-starter-json-3.2.5.jar;C:\Users\super\.m2\repository\com\fasterxml\jackson\core\jackson-databind\2.15.4\jackson-databind-2.15.4.jar;C:\Users\super\.m2\repository\com\fasterxml\jackson\core\jackson-annotations\2.15.4\jackson-annotations-2.15.4.jar;C:\Users\super\.m2\repository\com\fasterxml\jackson\core\jackson-core\2.15.4\jackson-core-2.15.4.jar;C:\Users\super\.m2\repository\com\fasterxml\jackson\datatype\jackson-datatype-jdk8\2.15.4\jackson-datatype-jdk8-2.15.4.jar;C:\Users\super\.m2\repository\com\fasterxml\jackson\datatype\jackson-datatype-jsr310\2.15.4\jackson-datatype-jsr310-2.15.4.jar;C:\Users\super\.m2\repository\com\fasterxml\jackson\module\jackson-module-parameter-names\2.15.4\jackson-module-parameter-names-2.15.4.jar;C:\Users\super\.m2\repository\org\springframework\boot\spring-boot-starter-tomcat\3.2.5\spring-boot-starter-tomcat-3.2.5.jar;C:\Users\super\.m2\repository\org\apache\tomcat\embed\tomcat-embed-core\10.1.20\tomcat-embed-core-10.1.20.jar;C:\Users\super\.m2\repository\org\apache\tomcat\embed\tomcat-embed-el\10.1.20\tomcat-embed-el-10.1.20.jar;C:\Users\super\.m2\repository\org\apache\tomcat\embed\tomcat-embed-websocket\10.1.20\tomcat-embed-websocket-10.1.20.jar;C:\Users\super\.m2\repository\org\springframework\spring-web\6.1.6\spring-web-6.1.6.jar;C:\Users\super\.m2\repository\io\micrometer\micrometer-observation\1.12.5\micrometer-observation-1.12.5.jar;C:\Users\super\.m2\repository\io\micrometer\micrometer-commons\1.12.5\micrometer-commons-1.12.5.jar;C:\Users\super\.m2\repository\org\springframework\spring-webmvc\6.1.6\spring-webmvc-6.1.6.jar;C:\Users\super\.m2\repository\org\springframework\spring-expression\6.1.6\spring-expression-6.1.6.jar;C:\Users\super\.m2\repository\com\h2database\h2\2.2.224\h2-2.2.224.jar;C:\Users\super\.m2\repository\org\projectlombok\lombok\1.18.32\lombok-1.18.32.jar;C:\Users\super\.m2\repository\org\springframework\boot\spring-boot-starter-test\3.2.5\spring-boot-starter-test-3.2.5.jar;C:\Users\super\.m2\repository\org\springframework\boot\spring-boot-test\3.2.5\spring-boot-test-3.2.5.jar;C:\Users\super\.m2\repository\org\springframework\boot\spring-boot-test-autoconfigure\3.2.5\spring-boot-test-autoconfigure-3.2.5.jar;C:\Users\super\.m2\repository\com\jayway\jsonpath\json-path\2.9.0\json-path-2.9.0.jar;C:\Users\super\.m2\repository\jakarta\xml\bind\jakarta.xml.bind-api\4.0.2\jakarta.xml.bind-api-4.0.2.jar;C:\Users\super\.m2\repository\jakarta\activation\jakarta.activation-api\2.1.3\jakarta.activation-api-2.1.3.jar;C:\Users\super\.m2\repository\net\minidev\json-smart\2.5.1\json-smart-2.5.1.jar;C:\Users\super\.m2\repository\net\minidev\accessors-smart\2.5.1\accessors-smart-2.5.1.jar;C:\Users\super\.m2\repository\org\ow2\asm\asm\9.6\asm-9.6.jar;C:\Users\super\.m2\repository\org\assertj\assertj-core\3.24.2\assertj-core-3.24.2.jar;C:\Users\super\.m2\repository\org\awaitility\awaitility\4.2.1\awaitility-4.2.1.jar;C:\Users\super\.m2\repository\org\hamcrest\hamcrest\2.2\hamcrest-2.2.jar;C:\Users\super\.m2\repository\org\junit\jupiter\junit-jupiter\5.10.2\junit-jupiter-5.10.2.jar;C:\Users\super\.m2\repository\org\junit\jupiter\junit-jupiter-api\5.10.2\junit-jupiter-api-5.10.2.jar;C:\Users\super\.m2\repository\org\opentest4j\opentest4j\1.3.0\opentest4j-1.3.0.jar;C:\Users\super\.m2\repository\org\junit\platform\junit-platform-commons\1.10.2\junit-platform-commons-1.10.2.jar;C:\Users\super\.m2\repository\org\apiguardian\apiguardian-api\1.1.2\apiguardian-api-1.1.2.jar;C:\Users\super\.m2\repository\org\junit\jupiter\junit-jupiter-params\5.10.2\junit-jupiter-params-5.10.2.jar;C:\Users\super\.m2\repository\org\junit\jupiter\junit-jupiter-engine\5.10.2\junit-jupiter-engine-5.10.2.jar;C:\Users\super\.m2\repository\org\junit\platform\junit-platform-engine\1.10.2\junit-platform-engine-1.10.2.jar;C:\Users\super\.m2\repository\org\mockito\mockito-core\5.7.0\mockito-core-5.7.0.jar;C:\Users\super\.m2\repository\net\bytebuddy\byte-buddy-agent\1.14.13\byte-buddy-agent-1.14.13.jar;C:\Users\super\.m2\repository\org\objenesis\objenesis\3.3\objenesis-3.3.jar;C:\Users\super\.m2\repository\org\mockito\mockito-junit-jupiter\5.7.0\mockito-junit-jupiter-5.7.0.jar;C:\Users\super\.m2\repository\org\skyscreamer\jsonassert\1.5.1\jsonassert-1.5.1.jar;C:\Users\super\.m2\repository\com\vaadin\external\google\android-json\0.0.20131108.vaadin1\android-json-0.0.20131108.vaadin1.jar;C:\Users\super\.m2\repository\org\springframework\spring-core\6.1.6\spring-core-6.1.6.jar;C:\Users\super\.m2\repository\org\springframework\spring-jcl\6.1.6\spring-jcl-6.1.6.jar;C:\Users\super\.m2\repository\org\springframework\spring-test\6.1.6\spring-test-6.1.6.jar;C:\Users\super\.m2\repository\org\xmlunit\xmlunit-core\2.9.1\xmlunit-core-2.9.1.jar;C:\Users\super\.m2\repository\org\springframework\boot\spring-boot-starter-security\3.2.5\spring-boot-starter-security-3.2.5.jar;C:\Users\super\.m2\repository\org\springframework\spring-aop\6.1.6\spring-aop-6.1.6.jar;C:\Users\super\.m2\repository\org\springframework\security\spring-security-config\6.2.4\spring-security-config-6.2.4.jar;C:\Users\super\.m2\repository\org\springframework\security\spring-security-core\6.2.4\spring-security-core-6.2.4.jar;C:\Users\super\.m2\repository\org\springframework\security\spring-security-crypto\6.2.4\spring-security-crypto-6.2.4.jar;C:\Users\super\.m2\repository\org\springframework\security\spring-security-web\6.2.4\spring-security-web-6.2.4.jar;C:\Users\super\.m2\repository\org\thymeleaf\extras\thymeleaf-extras-springsecurity6\3.1.2.RELEASE\thymeleaf-extras-springsecurity6-3.1.2.RELEASE.jar;C:\Users\super\.m2\repository\org\slf4j\slf4j-api\2.0.13\slf4j-api-2.0.13.jar;"/>
    <property name="java.vm.vendor" value="Eclipse Adoptium"/>
    <property name="sun.arch.data.model" value="64"/>
    <property name="user.variant" value=""/>
    <property name="java.vendor.url" value="https://adoptium.net/"/>
    <property name="user.timezone" value="Europe/Madrid"/>
    <property name="org.jboss.logging.provider" value="slf4j"/>
    <property name="os.name" value="Windows 11"/>
    <property name="java.vm.specification.version" value="17"/>
    <property name="sun.java.launcher" value="SUN_STANDARD"/>
    <property name="user.country" value="ES"/>
    <property name="sun.boot.library.path" value="D:\DAM\PROGRAMACION\sts-4.22.0.RELEASE\plugins\org.eclipse.justj.openjdk.hotspot.jre.full.win32.x86_64_17.0.10.v20240120-1143\jre\bin"/>
    <property name="sun.java.command" value="C:\Users\super\AppData\Local\Temp\surefire15198906518222022696\surefirebooter-20240520232107499_3.jar C:\Users\super\AppData\Local\Temp\surefire15198906518222022696 2024-05-20T23-21-07_410-jvmRun1 surefire-20240520232107499_1tmp surefire_0-20240520232107499_2tmp"/>
    <property name="jdk.debug" value="release"/>
    <property name="surefire.test.class.path" value="D:\DAM\RecreativoF1\RecreativoF1ManuelGomez\target\test-classes;D:\DAM\RecreativoF1\RecreativoF1ManuelGomez\target\classes;C:\Users\super\.m2\repository\org\springframework\boot\spring-boot-starter-data-jpa\3.2.5\spring-boot-starter-data-jpa-3.2.5.jar;C:\Users\super\.m2\repository\org\springframework\boot\spring-boot-starter-aop\3.2.5\spring-boot-starter-aop-3.2.5.jar;C:\Users\super\.m2\repository\org\aspectj\aspectjweaver\1.9.22\aspectjweaver-1.9.22.jar;C:\Users\super\.m2\repository\org\springframework\boot\spring-boot-starter-jdbc\3.2.5\spring-boot-starter-jdbc-3.2.5.jar;C:\Users\super\.m2\repository\com\zaxxer\HikariCP\5.0.1\HikariCP-5.0.1.jar;C:\Users\super\.m2\repository\org\springframework\spring-jdbc\6.1.6\spring-jdbc-6.1.6.jar;C:\Users\super\.m2\repository\org\hibernate\orm\hibernate-core\6.4.4.Final\hibernate-core-6.4.4.Final.jar;C:\Users\super\.m2\repository\jakarta\persistence\jakarta.persistence-api\3.1.0\jakarta.persistence-api-3.1.0.jar;C:\Users\super\.m2\repository\jakarta\transaction\jakarta.transaction-api\2.0.1\jakarta.transaction-api-2.0.1.jar;C:\Users\super\.m2\repository\org\jboss\logging\jboss-logging\3.5.3.Final\jboss-logging-3.5.3.Final.jar;C:\Users\super\.m2\repository\org\hibernate\common\hibernate-commons-annotations\6.0.6.Final\hibernate-commons-annotations-6.0.6.Final.jar;C:\Users\super\.m2\repository\io\smallrye\jandex\3.1.2\jandex-3.1.2.jar;C:\Users\super\.m2\repository\com\fasterxml\classmate\1.6.0\classmate-1.6.0.jar;C:\Users\super\.m2\repository\net\bytebuddy\byte-buddy\1.14.13\byte-buddy-1.14.13.jar;C:\Users\super\.m2\repository\org\glassfish\jaxb\jaxb-runtime\4.0.5\jaxb-runtime-4.0.5.jar;C:\Users\super\.m2\repository\org\glassfish\jaxb\jaxb-core\4.0.5\jaxb-core-4.0.5.jar;C:\Users\super\.m2\repository\org\eclipse\angus\angus-activation\2.0.2\angus-activation-2.0.2.jar;C:\Users\super\.m2\repository\org\glassfish\jaxb\txw2\4.0.5\txw2-4.0.5.jar;C:\Users\super\.m2\repository\com\sun\istack\istack-commons-runtime\4.1.2\istack-commons-runtime-4.1.2.jar;C:\Users\super\.m2\repository\jakarta\inject\jakarta.inject-api\2.0.1\jakarta.inject-api-2.0.1.jar;C:\Users\super\.m2\repository\org\antlr\antlr4-runtime\4.13.0\antlr4-runtime-4.13.0.jar;C:\Users\super\.m2\repository\org\springframework\data\spring-data-jpa\3.2.5\spring-data-jpa-3.2.5.jar;C:\Users\super\.m2\repository\org\springframework\data\spring-data-commons\3.2.5\spring-data-commons-3.2.5.jar;C:\Users\super\.m2\repository\org\springframework\spring-orm\6.1.6\spring-orm-6.1.6.jar;C:\Users\super\.m2\repository\org\springframework\spring-context\6.1.6\spring-context-6.1.6.jar;C:\Users\super\.m2\repository\org\springframework\spring-tx\6.1.6\spring-tx-6.1.6.jar;C:\Users\super\.m2\repository\org\springframework\spring-beans\6.1.6\spring-beans-6.1.6.jar;C:\Users\super\.m2\repository\jakarta\annotation\jakarta.annotation-api\2.1.1\jakarta.annotation-api-2.1.1.jar;C:\Users\super\.m2\repository\org\springframework\spring-aspects\6.1.6\spring-aspects-6.1.6.jar;C:\Users\super\.m2\repository\org\springframework\boot\spring-boot-starter-thymeleaf\3.2.5\spring-boot-starter-thymeleaf-3.2.5.jar;C:\Users\super\.m2\repository\org\springframework\boot\spring-boot-starter\3.2.5\spring-boot-starter-3.2.5.jar;C:\Users\super\.m2\repository\org\springframework\boot\spring-boot\3.2.5\spring-boot-3.2.5.jar;C:\Users\super\.m2\repository\org\springframework\boot\spring-boot-autoconfigure\3.2.5\spring-boot-autoconfigure-3.2.5.jar;C:\Users\super\.m2\repository\org\springframework\boot\spring-boot-starter-logging\3.2.5\spring-boot-starter-logging-3.2.5.jar;C:\Users\super\.m2\repository\ch\qos\logback\logback-classic\1.4.14\logback-classic-1.4.14.jar;C:\Users\super\.m2\repository\ch\qos\logback\logback-core\1.4.14\logback-core-1.4.14.jar;C:\Users\super\.m2\repository\org\apache\logging\log4j\log4j-to-slf4j\2.21.1\log4j-to-slf4j-2.21.1.jar;C:\Users\super\.m2\repository\org\apache\logging\log4j\log4j-api\2.21.1\log4j-api-2.21.1.jar;C:\Users\super\.m2\repository\org\slf4j\jul-to-slf4j\2.0.13\jul-to-slf4j-2.0.13.jar;C:\Users\super\.m2\repository\org\yaml\snakeyaml\2.2\snakeyaml-2.2.jar;C:\Users\super\.m2\repository\org\thymeleaf\thymeleaf-spring6\3.1.2.RELEASE\thymeleaf-spring6-3.1.2.RELEASE.jar;C:\Users\super\.m2\repository\org\thymeleaf\thymeleaf\3.1.2.RELEASE\thymeleaf-3.1.2.RELEASE.jar;C:\Users\super\.m2\repository\org\attoparser\attoparser\2.0.7.RELEASE\attoparser-2.0.7.RELEASE.jar;C:\Users\super\.m2\repository\org\unbescape\unbescape\1.1.6.RELEASE\unbescape-1.1.6.RELEASE.jar;C:\Users\super\.m2\repository\org\springframework\boot\spring-boot-starter-web\3.2.5\spring-boot-starter-web-3.2.5.jar;C:\Users\super\.m2\repository\org\springframework\boot\spring-boot-starter-json\3.2.5\spring-boot-starter-json-3.2.5.jar;C:\Users\super\.m2\repository\com\fasterxml\jackson\core\jackson-databind\2.15.4\jackson-databind-2.15.4.jar;C:\Users\super\.m2\repository\com\fasterxml\jackson\core\jackson-annotations\2.15.4\jackson-annotations-2.15.4.jar;C:\Users\super\.m2\repository\com\fasterxml\jackson\core\jackson-core\2.15.4\jackson-core-2.15.4.jar;C:\Users\super\.m2\repository\com\fasterxml\jackson\datatype\jackson-datatype-jdk8\2.15.4\jackson-datatype-jdk8-2.15.4.jar;C:\Users\super\.m2\repository\com\fasterxml\jackson\datatype\jackson-datatype-jsr310\2.15.4\jackson-datatype-jsr310-2.15.4.jar;C:\Users\super\.m2\repository\com\fasterxml\jackson\module\jackson-module-parameter-names\2.15.4\jackson-module-parameter-names-2.15.4.jar;C:\Users\super\.m2\repository\org\springframework\boot\spring-boot-starter-tomcat\3.2.5\spring-boot-starter-tomcat-3.2.5.jar;C:\Users\super\.m2\repository\org\apache\tomcat\embed\tomcat-embed-core\10.1.20\tomcat-embed-core-10.1.20.jar;C:\Users\super\.m2\repository\org\apache\tomcat\embed\tomcat-embed-el\10.1.20\tomcat-embed-el-10.1.20.jar;C:\Users\super\.m2\repository\org\apache\tomcat\embed\tomcat-embed-websocket\10.1.20\tomcat-embed-websocket-10.1.20.jar;C:\Users\super\.m2\repository\org\springframework\spring-web\6.1.6\spring-web-6.1.6.jar;C:\Users\super\.m2\repository\io\micrometer\micrometer-observation\1.12.5\micrometer-observation-1.12.5.jar;C:\Users\super\.m2\repository\io\micrometer\micrometer-commons\1.12.5\micrometer-commons-1.12.5.jar;C:\Users\super\.m2\repository\org\springframework\spring-webmvc\6.1.6\spring-webmvc-6.1.6.jar;C:\Users\super\.m2\repository\org\springframework\spring-expression\6.1.6\spring-expression-6.1.6.jar;C:\Users\super\.m2\repository\com\h2database\h2\2.2.224\h2-2.2.224.jar;C:\Users\super\.m2\repository\org\projectlombok\lombok\1.18.32\lombok-1.18.32.jar;C:\Users\super\.m2\repository\org\springframework\boot\spring-boot-starter-test\3.2.5\spring-boot-starter-test-3.2.5.jar;C:\Users\super\.m2\repository\org\springframework\boot\spring-boot-test\3.2.5\spring-boot-test-3.2.5.jar;C:\Users\super\.m2\repository\org\springframework\boot\spring-boot-test-autoconfigure\3.2.5\spring-boot-test-autoconfigure-3.2.5.jar;C:\Users\super\.m2\repository\com\jayway\jsonpath\json-path\2.9.0\json-path-2.9.0.jar;C:\Users\super\.m2\repository\jakarta\xml\bind\jakarta.xml.bind-api\4.0.2\jakarta.xml.bind-api-4.0.2.jar;C:\Users\super\.m2\repository\jakarta\activation\jakarta.activation-api\2.1.3\jakarta.activation-api-2.1.3.jar;C:\Users\super\.m2\repository\net\minidev\json-smart\2.5.1\json-smart-2.5.1.jar;C:\Users\super\.m2\repository\net\minidev\accessors-smart\2.5.1\accessors-smart-2.5.1.jar;C:\Users\super\.m2\repository\org\ow2\asm\asm\9.6\asm-9.6.jar;C:\Users\super\.m2\repository\org\assertj\assertj-core\3.24.2\assertj-core-3.24.2.jar;C:\Users\super\.m2\repository\org\awaitility\awaitility\4.2.1\awaitility-4.2.1.jar;C:\Users\super\.m2\repository\org\hamcrest\hamcrest\2.2\hamcrest-2.2.jar;C:\Users\super\.m2\repository\org\junit\jupiter\junit-jupiter\5.10.2\junit-jupiter-5.10.2.jar;C:\Users\super\.m2\repository\org\junit\jupiter\junit-jupiter-api\5.10.2\junit-jupiter-api-5.10.2.jar;C:\Users\super\.m2\repository\org\opentest4j\opentest4j\1.3.0\opentest4j-1.3.0.jar;C:\Users\super\.m2\repository\org\junit\platform\junit-platform-commons\1.10.2\junit-platform-commons-1.10.2.jar;C:\Users\super\.m2\repository\org\apiguardian\apiguardian-api\1.1.2\apiguardian-api-1.1.2.jar;C:\Users\super\.m2\repository\org\junit\jupiter\junit-jupiter-params\5.10.2\junit-jupiter-params-5.10.2.jar;C:\Users\super\.m2\repository\org\junit\jupiter\junit-jupiter-engine\5.10.2\junit-jupiter-engine-5.10.2.jar;C:\Users\super\.m2\repository\org\junit\platform\junit-platform-engine\1.10.2\junit-platform-engine-1.10.2.jar;C:\Users\super\.m2\repository\org\mockito\mockito-core\5.7.0\mockito-core-5.7.0.jar;C:\Users\super\.m2\repository\net\bytebuddy\byte-buddy-agent\1.14.13\byte-buddy-agent-1.14.13.jar;C:\Users\super\.m2\repository\org\objenesis\objenesis\3.3\objenesis-3.3.jar;C:\Users\super\.m2\repository\org\mockito\mockito-junit-jupiter\5.7.0\mockito-junit-jupiter-5.7.0.jar;C:\Users\super\.m2\repository\org\skyscreamer\jsonassert\1.5.1\jsonassert-1.5.1.jar;C:\Users\super\.m2\repository\com\vaadin\external\google\android-json\0.0.20131108.vaadin1\android-json-0.0.20131108.vaadin1.jar;C:\Users\super\.m2\repository\org\springframework\spring-core\6.1.6\spring-core-6.1.6.jar;C:\Users\super\.m2\repository\org\springframework\spring-jcl\6.1.6\spring-jcl-6.1.6.jar;C:\Users\super\.m2\repository\org\springframework\spring-test\6.1.6\spring-test-6.1.6.jar;C:\Users\super\.m2\repository\org\xmlunit\xmlunit-core\2.9.1\xmlunit-core-2.9.1.jar;C:\Users\super\.m2\repository\org\springframework\boot\spring-boot-starter-security\3.2.5\spring-boot-starter-security-3.2.5.jar;C:\Users\super\.m2\repository\org\springframework\spring-aop\6.1.6\spring-aop-6.1.6.jar;C:\Users\super\.m2\repository\org\springframework\security\spring-security-config\6.2.4\spring-security-config-6.2.4.jar;C:\Users\super\.m2\repository\org\springframework\security\spring-security-core\6.2.4\spring-security-core-6.2.4.jar;C:\Users\super\.m2\repository\org\springframework\security\spring-security-crypto\6.2.4\spring-security-crypto-6.2.4.jar;C:\Users\super\.m2\repository\org\springframework\security\spring-security-web\6.2.4\spring-security-web-6.2.4.jar;C:\Users\super\.m2\repository\org\thymeleaf\extras\thymeleaf-extras-springsecurity6\3.1.2.RELEASE\thymeleaf-extras-springsecurity6-3.1.2.RELEASE.jar;C:\Users\super\.m2\repository\org\slf4j\slf4j-api\2.0.13\slf4j-api-2.0.13.jar;"/>
    <property name="sun.cpu.endian" value="little"/>
    <property name="user.home" value="C:\Users\super"/>
    <property name="user.language" value="es"/>
    <property name="java.specification.vendor" value="Oracle Corporation"/>
    <property name="java.version.date" value="2024-01-16"/>
    <property name="java.home" value="D:\DAM\PROGRAMACION\sts-4.22.0.RELEASE\plugins\org.eclipse.justj.openjdk.hotspot.jre.full.win32.x86_64_17.0.10.v20240120-1143\jre"/>
    <property name="file.separator" value="\"/>
    <property name="style.color" value="always"/>
    <property name="basedir" value="D:\DAM\RecreativoF1\RecreativoF1ManuelGomez"/>
    <property name="java.vm.compressedOopsMode" value="Zero based"/>
    <property name="line.separator" value="&#10;"/>
    <property name="java.vm.specification.vendor" value="Oracle Corporation"/>
    <property name="java.specification.name" value="Java Platform API Specification"/>
    <property name="FILE_LOG_CHARSET" value="windows-1252"/>
    <property name="java.awt.headless" value="true"/>
    <property name="surefire.real.class.path" value="C:\Users\super\AppData\Local\Temp\surefire15198906518222022696\surefirebooter-20240520232107499_3.jar"/>
    <property name="user.script" value=""/>
    <property name="sun.management.compiler" value="HotSpot 64-Bit Tiered Compilers"/>
    <property name="java.runtime.version" value="17.0.10+7"/>
    <property name="user.name" value="super"/>
    <property name="path.separator" value=";"/>
    <property name="os.version" value="10.0"/>
    <property name="java.runtime.name" value="OpenJDK Runtime Environment"/>
    <property name="file.encoding" value="Cp1252"/>
    <property name="java.vm.name" value="OpenJDK 64-Bit Server VM"/>
    <property name="java.vendor.version" value="Temurin-17.0.10+7"/>
    <property name="localRepository" value="C:\Users\super\.m2\repository"/>
    <property name="java.vendor.url.bug" value="https://github.com/adoptium/adoptium-support/issues"/>
    <property name="java.io.tmpdir" value="C:\Users\super\AppData\Local\Temp\"/>
    <property name="com.zaxxer.hikari.pool_number" value="1"/>
    <property name="java.version" value="17.0.10"/>
    <property name="user.dir" value="D:\DAM\RecreativoF1\RecreativoF1ManuelGomez"/>
    <property name="os.arch" value="amd64"/>
    <property name="java.vm.specification.name" value="Java Virtual Machine Specification"/>
    <property name="PID" value="6976"/>
    <property name="sun.os.patch.level" value=""/>
    <property name="CONSOLE_LOG_CHARSET" value="windows-1252"/>
    <property name="native.encoding" value="Cp1252"/>
    <property name="java.library.path" value="D:\DAM\PROGRAMACION\sts-4.22.0.RELEASE\plugins\org.eclipse.justj.openjdk.hotspot.jre.full.win32.x86_64_17.0.10.v20240120-1143\jre\bin;C:\Windows\Sun\Java\bin;C:\Windows\system32;C:\Windows;D:/DAM/PROGRAMACION/sts-4.22.0.RELEASE//plugins/org.eclipse.justj.openjdk.hotspot.jre.full.win32.x86_64_17.0.10.v20240120-1143/jre/bin/server;D:/DAM/PROGRAMACION/sts-4.22.0.RELEASE//plugins/org.eclipse.justj.openjdk.hotspot.jre.full.win32.x86_64_17.0.10.v20240120-1143/jre/bin;C:\Program Files\Common Files\Oracle\Java\javapath;C:\Windows\system32;C:\Windows;C:\Windows\System32\Wbem;C:\Windows\System32\WindowsPowerShell\v1.0\;C:\Windows\System32\OpenSSH\;C:\Program Files\Git\cmd;C:\Program Files\NVIDIA Corporation\NVIDIA NvDLISR;C:\Program Files (x86)\NVIDIA Corporation\PhysX\Common;C:\Program Files\dotnet\;C:\Users\super\AppData\Local\Microsoft\WindowsApps;C:\Users\super\AppData\Local\Programs\Microsoft VS Code\bin;C:\Users\super\AppData\Local\Programs\oh-my-posh\bin;D:\DAM\PROGRAMACION\sts-4.22.0.RELEASE;;."/>
    <property name="java.vm.info" value="mixed mode"/>
    <property name="java.vendor" value="Eclipse Adoptium"/>
    <property name="java.vm.version" value="17.0.10+7"/>
    <property name="sun.io.unicode.encoding" value="UnicodeLittle"/>
    <property name="java.class.version" value="61.0"/>
    <property name="LOGGED_APPLICATION_NAME" value="[PruebaBuenaManuelGomez] "/>
  </properties>
  <testcase name="contextLoads" classname="com.salesianostriana.dam.recreativof1manuelgomez.RecreativoF1ManuelGomezApplicationTests" time="0.42">
    <system-out><![CDATA[23:21:08.226 [main] INFO org.springframework.test.context.support.AnnotationConfigContextLoaderUtils -- Could not detect default configuration classes for test class [com.salesianostriana.dam.recreativof1manuelgomez.RecreativoF1ManuelGomezApplicationTests]: RecreativoF1ManuelGomezApplicationTests does not declare any static, non-private, non-final, nested classes annotated with @Configuration.
23:21:08.294 [main] INFO org.springframework.boot.test.context.SpringBootTestContextBootstrapper -- Found @SpringBootConfiguration com.salesianostriana.dam.recreativof1manuelgomez.RecreativoF1ManuelGomezApplication for test class com.salesianostriana.dam.recreativof1manuelgomez.RecreativoF1ManuelGomezApplicationTests

  .   ____          _            __ _ _
 /\\ / ___'_ __ _ _(_)_ __  __ _ \ \ \ \
( ( )\___ | '_ | '_| | '_ \/ _` | \ \ \ \
 \\/  ___)| |_)| | | | | || (_| |  ) ) ) )
  '  |____| .__|_| |_|_| |_\__, | / / / /
 =========|_|==============|___/=/_/_/_/
 :: Spring Boot ::                (v3.2.5)

2024-05-20T23:21:08.571+02:00  INFO 6976 --- [PruebaBuenaManuelGomez] [           main] .RecreativoF1ManuelGomezApplicationTests : Starting RecreativoF1ManuelGomezApplicationTests using Java 17.0.10 with PID 6976 (started by super in D:\DAM\RecreativoF1\RecreativoF1ManuelGomez)
2024-05-20T23:21:08.572+02:00  INFO 6976 --- [PruebaBuenaManuelGomez] [           main] .RecreativoF1ManuelGomezApplicationTests : No active profile set, falling back to 1 default profile: "default"
2024-05-20T23:21:09.141+02:00  INFO 6976 --- [PruebaBuenaManuelGomez] [           main] .s.d.r.c.RepositoryConfigurationDelegate : Bootstrapping Spring Data JPA repositories in DEFAULT mode.
2024-05-20T23:21:09.195+02:00  INFO 6976 --- [PruebaBuenaManuelGomez] [           main] .s.d.r.c.RepositoryConfigurationDelegate : Finished Spring Data repository scanning in 47 ms. Found 8 JPA repository interfaces.
2024-05-20T23:21:09.563+02:00  INFO 6976 --- [PruebaBuenaManuelGomez] [           main] o.hibernate.jpa.internal.util.LogHelper  : HHH000204: Processing PersistenceUnitInfo [name: default]
2024-05-20T23:21:09.602+02:00  INFO 6976 --- [PruebaBuenaManuelGomez] [           main] org.hibernate.Version                    : HHH000412: Hibernate ORM core version 6.4.4.Final
2024-05-20T23:21:09.636+02:00  INFO 6976 --- [PruebaBuenaManuelGomez] [           main] o.h.c.internal.RegionFactoryInitiator    : HHH000026: Second-level cache disabled
2024-05-20T23:21:09.854+02:00  INFO 6976 --- [PruebaBuenaManuelGomez] [           main] o.s.o.j.p.SpringPersistenceUnitInfo      : No LoadTimeWeaver setup: ignoring JPA class transformer
2024-05-20T23:21:09.875+02:00  INFO 6976 --- [PruebaBuenaManuelGomez] [           main] com.zaxxer.hikari.HikariDataSource       : HikariPool-1 - Starting...
2024-05-20T23:21:10.042+02:00  INFO 6976 --- [PruebaBuenaManuelGomez] [           main] com.zaxxer.hikari.pool.HikariPool        : HikariPool-1 - Added connection conn0: url=jdbc:h2:./db/basededatos user=SA
2024-05-20T23:21:10.043+02:00  INFO 6976 --- [PruebaBuenaManuelGomez] [           main] com.zaxxer.hikari.HikariDataSource       : HikariPool-1 - Start completed.
2024-05-20T23:21:10.844+02:00  INFO 6976 --- [PruebaBuenaManuelGomez] [           main] o.h.e.t.j.p.i.JtaPlatformInitiator       : HHH000489: No JTA platform available (set 'hibernate.transaction.jta.platform' to enable JTA platform integration)
Hibernate: drop table if exists carrera cascade 
Hibernate: drop table if exists coche cascade 
Hibernate: drop table if exists componente cascade 
Hibernate: drop table if exists empleado cascade 
Hibernate: drop table if exists jefe_equipo cascade 
Hibernate: drop table if exists mecanico cascade 
Hibernate: drop table if exists piloto cascade 
Hibernate: drop table if exists presupuesto cascade 
Hibernate: drop sequence if exists carrera_seq
Hibernate: drop sequence if exists coche_seq
Hibernate: drop sequence if exists componente_seq
Hibernate: drop sequence if exists empleado_seq
Hibernate: drop sequence if exists presupuesto_seq
Hibernate: create sequence carrera_seq start with 1 increment by 50
Hibernate: create sequence coche_seq start with 1 increment by 50
Hibernate: create sequence componente_seq start with 1 increment by 50
Hibernate: create sequence empleado_seq start with 1 increment by 50
Hibernate: create sequence presupuesto_seq start with 1 increment by 50
Hibernate: create table carrera (longitud_por_vuelta float(53) not null, longitud_total float(53) not null, num_vueltas integer not null, id bigint not null, presupuesto_id_presupuesto bigint, descripcion varchar(255), imagen_carrera varchar(255), localizacion varchar(255), nombre_circuito varchar(255), texto_alternativo varchar(255), tipo_asfaltado varchar(255), primary key (id))
Hibernate: create table coche (esta_daniado boolean not null, posicion_carrera integer not null, carrera_coche_id bigint, id_coche bigint not null, foto_coche varchar(255), nombre varchar(255), texto_alternativo varchar(255), primary key (id_coche))
Hibernate: create table componente (durabilidad float(53) not null, esta_daniado boolean not null, precio float(53) not null, carrera_componente_id bigint, coche_componente_id_coche bigint, id_componente bigint not null, jefe_componente_id_empleado bigint, marca varchar(255), tipo_componente varchar(255), primary key (id_componente))
Hibernate: create table empleado (fecha_nacimiento date, incentivo float(53) not null, incentivo_calculado float(53) not null, is_admin boolean not null, is_mecanico boolean not null, is_piloto boolean not null, salario float(53) not null, carrera_empleado_id bigint, id_empleado bigint not null, apellidos varchar(255), dni varchar(255), foto varchar(255), nombre varchar(255), password varchar(255), texto_alternativo varchar(255), username varchar(255), primary key (id_empleado))
Hibernate: create table jefe_equipo (id_empleado bigint not null, primary key (id_empleado))
Hibernate: create table mecanico (coche_mecanico_id_coche bigint, id_empleado bigint not null, primary key (id_empleado))
Hibernate: create table piloto (coche_piloto_id_coche bigint unique, id_empleado bigint not null, primary key (id_empleado))
Hibernate: create table presupuesto (gastos_fijos float(53) not null, gastos_variables float(53) not null, ingresos_fijos float(53) not null, ingresos_variables float(53) not null, presupuesto_inicial float(53) not null, id_presupuesto bigint not null, primary key (id_presupuesto))
Hibernate: alter table if exists carrera add constraint fk_carrera_presupuesto foreign key (presupuesto_id_presupuesto) references presupuesto
Hibernate: alter table if exists coche add constraint fk_coche_carrera foreign key (carrera_coche_id) references carrera
Hibernate: alter table if exists componente add constraint fk_componente_carrera foreign key (carrera_componente_id) references carrera
Hibernate: alter table if exists componente add constraint fk_componente_coche foreign key (coche_componente_id_coche) references coche
Hibernate: alter table if exists componente add constraint fk_componente_jefeEquipo foreign key (jefe_componente_id_empleado) references jefe_equipo
Hibernate: alter table if exists empleado add constraint fk_empleado_carrera foreign key (carrera_empleado_id) references carrera
Hibernate: alter table if exists jefe_equipo add constraint FKmxevf0rmgctc110a95865669 foreign key (id_empleado) references empleado
Hibernate: alter table if exists mecanico add constraint mecanico_coche foreign key (coche_mecanico_id_coche) references coche
Hibernate: alter table if exists mecanico add constraint FKblf3dmlke3kc9qo3fq10ukpvy foreign key (id_empleado) references empleado
Hibernate: alter table if exists piloto add constraint fk_piloto_coche foreign key (coche_piloto_id_coche) references coche
Hibernate: alter table if exists piloto add constraint FK7lcq2m4yn5poe7pdmsimval0h foreign key (id_empleado) references empleado
Hibernate: insert into presupuesto (id_presupuesto, gastos_fijos, gastos_variables, ingresos_fijos, ingresos_variables, presupuesto_inicial) values (1, 0 , 0 , ROUND(RANDOM()*10000000) , 0 , ROUND(RANDOM()*10000000))
Hibernate: insert into carrera (id, longitud_por_vuelta, longitud_total ,localizacion, nombre_circuito, tipo_asfaltado, descripcion, presupuesto_id_presupuesto, imagen_carrera, num_vueltas, texto_alternativo) values (1, 5.0, 0,  'MÃ³naco', 'MÃ³naco', 'Nuevo', 'Debido a su especial configuraciÃ³n con curvas cerradas y rectas cortas, lo que prima en Ã©l es la habilidad de los pilotos frente a la potencia de los motores.',1, 'https://lebalap.academy/wp-content/uploads/2021/02/esquema-circuito-de-monaco.png',65, 'Imagen de la carrera')
Hibernate: insert into coche (esta_daniado, posicion_carrera, carrera_coche_id, id_coche, nombre, foto_coche, texto_alternativo) values (false, ROUND(RANDOM()*20)+1, 1, 1, 'Coche 1','https://i.ebayimg.com/images/g/V04AAOSwPddlMohi/s-l1200.webp', 'Imagen del coche')
Hibernate: insert into coche (esta_daniado, posicion_carrera, carrera_coche_id, id_coche, nombre, foto_coche, texto_alternativo) values (true, (SELECT posicion_2 FROM (SELECT ROUND(RANDOM() * 20) + 1 AS posicion_2) AS almacenar_resultado WHERE posicion_2 NOT IN (SELECT posicion_carrera FROM Coche) LIMIT 1), 1, 2, 'Coche 2', 'https://i.ebayimg.com/images/g/V04AAOSwPddlMohi/s-l1200.webp', 'Imagen del coche')
Hibernate: insert into empleado (id_empleado, nombre, apellidos, dni, salario, incentivo, carrera_empleado_id, username, password, is_admin, is_mecanico, is_piloto, foto, incentivo_calculado, texto_alternativo, fecha_nacimiento) values (1, 'Lucho',  'Abata','23912309b', 16430.99, 20.0, 1, 'usuario1', '{bcrypt}$2y$10$xkjea62LwBUHc9ZdigB8j.Dic/HBXjoFYOqK6J3KqYxiW9SJ6cdyi', false, true, false,'https://www.aulafacil.com/uploads/cursos/694/editor/l31imagen1.png',0, 'Imagen no encontrada', '1997-03-25')
Hibernate: insert into empleado (id_empleado, nombre, apellidos, dni, salario, incentivo, carrera_empleado_id,username, password, is_admin, is_mecanico, is_piloto, foto, incentivo_calculado, texto_alternativo, fecha_nacimiento) values (2, 'Dory',  'Aivee', '23949345l', 54769.92, 20.0, 1, 'admin', '{bcrypt}$2y$10$t.wCNb.Mw/VgQmc6oi7VA.ampHhvm/rlAY3U1hhgmqGWbdGfoUZc6',true, false,false,'https://imgs.search.brave.com/c0ao0NbcJSc_vkiee6G32RHkc_KVmHla451mG8RO-g0/rs:fit:860:0:0/g:ce/aHR0cHM6Ly9jb25j/ZXB0by5kZS93cC1j/b250ZW50L3VwbG9h/ZHMvMjAxOC8wOC9w/ZXJzb25hLWUxNTMz/NzU5MjA0NTUyLmpw/Zw',0, 'Imagen no encontrada','1990-06-21')
Hibernate: insert into empleado (id_empleado, nombre, apellidos, dni, salario, incentivo, carrera_empleado_id, username, password, is_admin, is_mecanico, is_piloto, foto, incentivo_calculado, texto_alternativo, fecha_nacimiento) values (3, 'Fernando', 'Alonso', '23949309x', 44096.63, 20.0, 1, 'usuario2', '{bcrypt}$2y$10$xkjea62LwBUHc9ZdigB8j.Dic/HBXjoFYOqK6J3KqYxiW9SJ6cdyi', false, false, true, 'https://cdn-4.motorsport.com/images/mgl/0ZRQbbN0/s800/fernando-alonso-aston-martin-r.jpg',0, 'Imagen no encontrada', '1998-12-31')
Hibernate: insert into empleado (id_empleado, nombre, apellidos, dni, salario, incentivo, carrera_empleado_id,username, password, is_admin, is_mecanico, is_piloto, foto, incentivo_calculado, texto_alternativo, fecha_nacimiento) values (4, 'Carlos', 'Sainz', '29567823Y', 72597.04, 20.0, 1, 'usuario3', '{bcrypt}$2y$10$xkjea62LwBUHc9ZdigB8j.Dic/HBXjoFYOqK6J3KqYxiW9SJ6cdyi', false, false, true, 'https://cdn-8.motorsport.com/images/mgl/63vnZMbY/s8/carlos-sainz-ferrari.jpg',0, 'Imagen no encontrada', '2004-01-01')
Hibernate: insert into empleado (id_empleado, nombre, apellidos, dni, salario, incentivo, carrera_empleado_id, username, password, is_admin, is_mecanico, is_piloto, foto, incentivo_calculado, texto_alternativo, fecha_nacimiento) values (5, 'JesÃºs',  'Abata','23912309b', 16430.99, 20.0, 1, 'usuario4', '{bcrypt}$2y$10$xkjea62LwBUHc9ZdigB8j.Dic/HBXjoFYOqK6J3KqYxiW9SJ6cdyi', false, true, false,'https://www.aulafacil.com/uploads/cursos/694/editor/l31imagen1.png',0, 'Imagen no encontrada', '2002-02-28')
Hibernate: insert into empleado (id_empleado, nombre, apellidos, dni, salario, incentivo, carrera_empleado_id,username, password, is_admin, is_mecanico, is_piloto, foto, incentivo_calculado, texto_alternativo, fecha_nacimiento) values (6, 'JosÃ©',  'Aivee', '23949345l', 54769.92, 20.0, 1, 'usuario5', '{bcrypt}$2y$10$xkjea62LwBUHc9ZdigB8j.Dic/HBXjoFYOqK6J3KqYxiW9SJ6cdyi',false, true,false,'https://imgs.search.brave.com/c0ao0NbcJSc_vkiee6G32RHkc_KVmHla451mG8RO-g0/rs:fit:860:0:0/g:ce/aHR0cHM6Ly9jb25j/ZXB0by5kZS93cC1j/b250ZW50L3VwbG9h/ZHMvMjAxOC8wOC9w/ZXJzb25hLWUxNTMz/NzU5MjA0NTUyLmpw/Zw',0, 'Imagen no encontrada','2004-02-22')
Hibernate: insert into empleado (id_empleado, nombre, apellidos, dni, salario, incentivo, carrera_empleado_id, username, password, is_admin, is_mecanico, is_piloto, foto, incentivo_calculado, texto_alternativo, fecha_nacimiento) values (7, 'Miguel', 'Campos', '23949309x', 44096.63, 20.0, 1, 'usuario6', '{bcrypt}$2y$10$xkjea62LwBUHc9ZdigB8j.Dic/HBXjoFYOqK6J3KqYxiW9SJ6cdyi', false, true, false, 'https://cdn-4.motorsport.com/images/mgl/0ZRQbbN0/s800/fernando-alonso-aston-martin-r.jpg',0, 'Imagen no encontrada','1973-05-26')
Hibernate: insert into empleado (id_empleado, nombre, apellidos, dni, salario, incentivo, carrera_empleado_id,username, password, is_admin, is_mecanico, is_piloto, foto, incentivo_calculado, texto_alternativo, fecha_nacimiento) values (8, 'VÃ­ctor', 'Medina', '29567823Y', 72597.04, 20.0, 1, 'usuario7', '{bcrypt}$2y$10$xkjea62LwBUHc9ZdigB8j.Dic/HBXjoFYOqK6J3KqYxiW9SJ6cdyi', false, true, false, 'https://cdn-8.motorsport.com/images/mgl/63vnZMbY/s8/carlos-sainz-ferrari.jpg',0, 'Imagen no encontrada','1998-10-31')
Hibernate: insert into empleado (id_empleado, nombre, apellidos, dni, salario, incentivo, carrera_empleado_id, username, password, is_admin, is_mecanico, is_piloto, foto, incentivo_calculado, texto_alternativo, fecha_nacimiento) values (9, 'Carlos',  'RomÃ¡n','23912309b', 16430.99, 20.0, 1, 'usuario8', '{bcrypt}$2y$10$xkjea62LwBUHc9ZdigB8j.Dic/HBXjoFYOqK6J3KqYxiW9SJ6cdyi', false, true, false,'https://www.aulafacil.com/uploads/cursos/694/editor/l31imagen1.png',0, 'Imagen no encontrada', '1996-09-30')
Hibernate: insert into empleado (id_empleado, nombre, apellidos, dni, salario, incentivo, carrera_empleado_id,username, password, is_admin, is_mecanico, is_piloto, foto, incentivo_calculado, texto_alternativo, fecha_nacimiento) values (10, 'Bruno',  'Delgado', '23949345l', 54769.92, 20.0, 1, 'usuario9', '{bcrypt}$2y$10$xkjea62LwBUHc9ZdigB8j.Dic/HBXjoFYOqK6J3KqYxiW9SJ6cdyi',false, true,false,'https://imgs.search.brave.com/c0ao0NbcJSc_vkiee6G32RHkc_KVmHla451mG8RO-g0/rs:fit:860:0:0/g:ce/aHR0cHM6Ly9jb25j/ZXB0by5kZS93cC1j/b250ZW50L3VwbG9h/ZHMvMjAxOC8wOC9w/ZXJzb25hLWUxNTMz/NzU5MjA0NTUyLmpw/Zw',0, 'Imagen no encontrada','1988-06-16')
Hibernate: insert into empleado (id_empleado, nombre, apellidos, dni, salario, incentivo, carrera_empleado_id, username, password, is_admin, is_mecanico, is_piloto, foto, incentivo_calculado, texto_alternativo, fecha_nacimiento) values (11, 'MoisÃ©s', 'Dorado', '23949309x', 44096.63, 20.0, 1, 'usuario10', '{bcrypt}$2y$10$xkjea62LwBUHc9ZdigB8j.Dic/HBXjoFYOqK6J3KqYxiW9SJ6cdyi', false, true, false, 'https://cdn-4.motorsport.com/images/mgl/0ZRQbbN0/s800/fernando-alonso-aston-martin-r.jpg',0, 'Imagen no encontrada', '1970-01-18')
Hibernate: insert into empleado (id_empleado, nombre, apellidos, dni, salario, incentivo, carrera_empleado_id,username, password, is_admin, is_mecanico, is_piloto, foto, incentivo_calculado, texto_alternativo, fecha_nacimiento) values (12, 'Pedro', 'SÃ¡nchez', '29567823Y', 72597.04, 20.0, 1, 'usuario11', '{bcrypt}$2y$10$xkjea62LwBUHc9ZdigB8j.Dic/HBXjoFYOqK6J3KqYxiW9SJ6cdyi', false, true, false, 'https://cdn-8.motorsport.com/images/mgl/63vnZMbY/s8/carlos-sainz-ferrari.jpg',0, 'Imagen no encontrada', '1989-05-30')
Hibernate: insert into jefe_equipo (id_empleado) values (2)
Hibernate: insert into componente (id_componente, tipo_componente, durabilidad, precio, marca, carrera_componente_id, coche_componente_id_coche, jefe_componente_id_empleado, esta_daniado) values (1, 'Motor', 15, 150000.0, 'Honda', 1, 1,2, false)
Hibernate: insert into componente (id_componente, tipo_componente, durabilidad, precio, marca, carrera_componente_id, coche_componente_id_coche, jefe_componente_id_empleado, esta_daniado) values (2, 'AlerÃ³n delantero', 15, 200000.0, 'Ferrari', 1, 1,2, false)
Hibernate: insert into componente (id_componente, tipo_componente, durabilidad, precio, marca, carrera_componente_id, coche_componente_id_coche, jefe_componente_id_empleado, esta_daniado) values (3, 'AlerÃ³n trasero', 15, 50000.0, 'RedBull', 1, 1,2, false)
Hibernate: insert into componente (id_componente, tipo_componente, durabilidad, precio, marca, carrera_componente_id, coche_componente_id_coche, jefe_componente_id_empleado, esta_daniado) values (4, 'Fondo Plano', 15, 225000.0, 'Mclaren', 1, 1,2, false)
Hibernate: insert into componente (id_componente, tipo_componente, durabilidad, precio, marca, carrera_componente_id, coche_componente_id_coche, jefe_componente_id_empleado, esta_daniado) values (5, 'Chasis', 15, 299999.0, 'Mercedes', 1, 1,2, false)
Hibernate: insert into componente (id_componente, tipo_componente, durabilidad, precio, marca, carrera_componente_id, coche_componente_id_coche, jefe_componente_id_empleado, esta_daniado) values (6, 'Discos de freno', 15, 150000.0, 'Sauber', 1, 1,2, false)
Hibernate: insert into componente (id_componente, tipo_componente, durabilidad, precio, marca, carrera_componente_id, coche_componente_id_coche, jefe_componente_id_empleado, esta_daniado) values (7, 'DRS', 15, 200000.0, 'Hass', 1, 1,2, false)
Hibernate: insert into componente (id_componente, tipo_componente, durabilidad, precio, marca, carrera_componente_id, coche_componente_id_coche, jefe_componente_id_empleado, esta_daniado) values (8, 'BaterÃ­a', 15, 175000.0, 'Endesa', 1,1,2, false)
Hibernate: insert into componente (id_componente, tipo_componente, durabilidad, precio, marca, carrera_componente_id, coche_componente_id_coche, jefe_componente_id_empleado, esta_daniado) values (9, 'NeumÃ¡ticos', 15, 180000.0, 'MichelÃ­n', 1, 1,2, false)
Hibernate: insert into componente (id_componente, tipo_componente, durabilidad, precio, marca, carrera_componente_id, coche_componente_id_coche, jefe_componente_id_empleado, esta_daniado) values (10, 'Motor', 15, 150000.0, 'Honda', 1, 2,2, false)
Hibernate: insert into componente (id_componente, tipo_componente, durabilidad, precio, marca, carrera_componente_id, coche_componente_id_coche, jefe_componente_id_empleado, esta_daniado) values (11, 'AlerÃ³n delantero', 15, 200000.0, 'Ferrari', 1, 2,2, false)
Hibernate: insert into componente (id_componente, tipo_componente, durabilidad, precio, marca, carrera_componente_id, coche_componente_id_coche, jefe_componente_id_empleado, esta_daniado) values (12, 'AlerÃ³n trasero', 15, 50000.0, 'RedBull', 1, 2,2, false)
Hibernate: insert into componente (id_componente, tipo_componente, durabilidad, precio, marca, carrera_componente_id, coche_componente_id_coche, jefe_componente_id_empleado, esta_daniado) values (13, 'Fondo Plano', 15, 225000.0, 'Mclaren', 1, 2,2, false)
Hibernate: insert into componente (id_componente, tipo_componente, durabilidad, precio, marca, carrera_componente_id, coche_componente_id_coche, jefe_componente_id_empleado, esta_daniado) values (14, 'Chasis', 15, 299999.0, 'Mercedes', 1, 2,2, false)
Hibernate: insert into componente (id_componente, tipo_componente, durabilidad, precio, marca, carrera_componente_id, coche_componente_id_coche, jefe_componente_id_empleado, esta_daniado) values (15, 'Discos de freno', 15, 150000.0, 'Sauber', 1, 2,2, false)
Hibernate: insert into componente (id_componente, tipo_componente, durabilidad, precio, marca, carrera_componente_id, coche_componente_id_coche, jefe_componente_id_empleado, esta_daniado) values (16, 'DRS', 15, 200000.0, 'Hass', 1, 2,2, false)
Hibernate: insert into componente (id_componente, tipo_componente, durabilidad, precio, marca, carrera_componente_id, coche_componente_id_coche, jefe_componente_id_empleado, esta_daniado) values (17, 'BaterÃ­a', 15, 175000.0, 'Endesa', 1,2,2, false)
Hibernate: insert into componente (id_componente, tipo_componente, durabilidad, precio, marca, carrera_componente_id, coche_componente_id_coche, jefe_componente_id_empleado, esta_daniado) values (18, 'NeumÃ¡ticos', 15, 180000.0, 'MichelÃ­n', 1, 2,2, false)
Hibernate: insert into componente (id_componente, tipo_componente, durabilidad, precio, marca, carrera_componente_id, jefe_componente_id_empleado, esta_daniado) values (19, 'Motor', 15, 150000.0, 'Honda', 1, 2, false)
Hibernate: insert into componente (id_componente, tipo_componente, durabilidad, precio, marca, carrera_componente_id, jefe_componente_id_empleado, esta_daniado) values (20, 'AlerÃ³n delantero', 15, 200000.0, 'Ferrari',1, 2, false)
Hibernate: insert into componente (id_componente, tipo_componente, durabilidad, precio, marca, carrera_componente_id, jefe_componente_id_empleado, esta_daniado) values (21, 'AlerÃ³n trasero', 15, 50000.0, 'RedBull', 1, 2, false)
Hibernate: insert into componente (id_componente, tipo_componente, durabilidad, precio, marca, carrera_componente_id, jefe_componente_id_empleado, esta_daniado) values (22, 'Fondo Plano', 15, 225000.0, 'Mclaren', 1, 2, false)
Hibernate: insert into componente (id_componente, tipo_componente, durabilidad, precio, marca, carrera_componente_id, jefe_componente_id_empleado, esta_daniado) values (23, 'Chasis', 15, 299999.0, 'Mercedes', 1, 2, false)
Hibernate: insert into componente (id_componente, tipo_componente, durabilidad, precio, marca, carrera_componente_id, jefe_componente_id_empleado, esta_daniado) values (24, 'Discos de freno', 15, 150000.0, 'Sauber', 1,2, false)
Hibernate: insert into componente (id_componente, tipo_componente, durabilidad, precio, marca, carrera_componente_id, jefe_componente_id_empleado, esta_daniado) values (25, 'DRS', 15, 200000.0, 'Hass', 1,2, false)
Hibernate: insert into componente (id_componente, tipo_componente, durabilidad, precio, marca, carrera_componente_id, jefe_componente_id_empleado, esta_daniado) values (26, 'BaterÃ­a', 15, 175000.0, 'Endesa', 1,2, false)
Hibernate: insert into componente (id_componente, tipo_componente, durabilidad, precio, marca, carrera_componente_id, jefe_componente_id_empleado, esta_daniado) values (27, 'NeumÃ¡ticos', 15, 180000.0, 'MichelÃ­n', 1,2, false)
Hibernate: insert into mecanico(coche_mecanico_id_coche, id_empleado) values (1, 1)
Hibernate: insert into mecanico(coche_mecanico_id_coche, id_empleado) values (1, 5)
Hibernate: insert into mecanico(coche_mecanico_id_coche, id_empleado) values (1, 6)
Hibernate: insert into mecanico(coche_mecanico_id_coche, id_empleado) values (1, 7)
Hibernate: insert into mecanico(coche_mecanico_id_coche, id_empleado) values (1, 8)
Hibernate: insert into mecanico(coche_mecanico_id_coche, id_empleado) values (2, 9)
Hibernate: insert into mecanico(coche_mecanico_id_coche, id_empleado) values (2, 10)
Hibernate: insert into mecanico(coche_mecanico_id_coche, id_empleado) values (2, 11)
Hibernate: insert into mecanico(coche_mecanico_id_coche, id_empleado) values (2, 12)
Hibernate: insert into piloto (coche_piloto_id_coche, id_empleado) values (1, 3)
Hibernate: insert into piloto (coche_piloto_id_coche, id_empleado) values (2, 4)
Hibernate: ALTER SEQUENCE empleado_seq RESTART WITH (62)
Hibernate: ALTER SEQUENCE coche_seq RESTART WITH (52)
Hibernate: ALTER SEQUENCE componente_seq RESTART WITH (77)
Hibernate: ALTER SEQUENCE presupuesto_seq RESTART WITH (59)
Hibernate: ALTER SEQUENCE carrera_seq RESTART WITH (51)
2024-05-20T23:21:10.933+02:00  INFO 6976 --- [PruebaBuenaManuelGomez] [           main] j.LocalContainerEntityManagerFactoryBean : Initialized JPA EntityManagerFactory for persistence unit 'default'
2024-05-20T23:21:11.140+02:00  INFO 6976 --- [PruebaBuenaManuelGomez] [           main] o.s.d.j.r.query.QueryEnhancerFactory     : Hibernate is in classpath; If applicable, HQL parser will be used.
Hibernate: select e1_0.id_empleado,case when e1_3.id_empleado is not null then 1 when e1_2.id_empleado is not null then 2 when e1_1.id_empleado is not null then 3 when e1_0.id_empleado is not null then 0 end,e1_0.apellidos,e1_0.carrera_empleado_id,e1_0.dni,e1_0.fecha_nacimiento,e1_0.foto,e1_0.incentivo,e1_0.incentivo_calculado,e1_0.is_admin,e1_0.is_mecanico,e1_0.is_piloto,e1_0.nombre,e1_0.password,e1_0.salario,e1_0.texto_alternativo,e1_0.username,e1_2.coche_mecanico_id_coche,e1_1.coche_piloto_id_coche from empleado e1_0 left join piloto e1_1 on e1_0.id_empleado=e1_1.id_empleado left join mecanico e1_2 on e1_0.id_empleado=e1_2.id_empleado left join jefe_equipo e1_3 on e1_0.id_empleado=e1_3.id_empleado left join coche cp1_0 on cp1_0.id_coche=e1_1.coche_piloto_id_coche left join coche cm1_0 on cm1_0.id_coche=e1_2.coche_mecanico_id_coche where (cp1_0.posicion_carrera<10) or (cm1_0.posicion_carrera<10)
Hibernate: select p1_0.id_presupuesto,p1_0.gastos_fijos,p1_0.gastos_variables,p1_0.ingresos_fijos,p1_0.ingresos_variables,p1_0.presupuesto_inicial,lc1_0.presupuesto_id_presupuesto,lc1_0.id,lc1_0.descripcion,lc1_0.imagen_carrera,lc1_0.localizacion,lc1_0.longitud_por_vuelta,lc1_0.longitud_total,lc1_0.nombre_circuito,lc1_0.num_vueltas,lc1_0.texto_alternativo,lc1_0.tipo_asfaltado from presupuesto p1_0 left join carrera lc1_0 on p1_0.id_presupuesto=lc1_0.presupuesto_id_presupuesto where p1_0.id_presupuesto=?
Hibernate: select le1_0.carrera_empleado_id,le1_0.id_empleado,case when le1_1.id_empleado is not null then 1 when le1_2.id_empleado is not null then 2 when le1_3.id_empleado is not null then 3 when le1_0.id_empleado is not null then 0 end,le1_0.apellidos,le1_0.dni,le1_0.fecha_nacimiento,le1_0.foto,le1_0.incentivo,le1_0.incentivo_calculado,le1_0.is_admin,le1_0.is_mecanico,le1_0.is_piloto,le1_0.nombre,le1_0.password,le1_0.salario,le1_0.texto_alternativo,le1_0.username,cm1_0.id_coche,cc1_0.id,cc1_0.descripcion,cc1_0.imagen_carrera,cc1_0.localizacion,cc1_0.longitud_por_vuelta,cc1_0.longitud_total,cc1_0.nombre_circuito,cc1_0.num_vueltas,p1_0.id_presupuesto,p1_0.gastos_fijos,p1_0.gastos_variables,p1_0.ingresos_fijos,p1_0.ingresos_variables,p1_0.presupuesto_inicial,cc1_0.texto_alternativo,cc1_0.tipo_asfaltado,cm1_0.esta_daniado,cm1_0.foto_coche,cm1_0.nombre,p2_0.id_empleado,p2_1.apellidos,p2_1.carrera_empleado_id,p2_1.dni,p2_1.fecha_nacimiento,p2_1.foto,p2_1.incentivo,p2_1.incentivo_calculado,p2_1.is_admin,p2_1.is_mecanico,p2_1.is_piloto,p2_1.nombre,p2_1.password,p2_1.salario,p2_1.texto_alternativo,p2_1.username,cm1_0.posicion_carrera,cm1_0.texto_alternativo,cp1_0.id_coche,cc2_0.id,cc2_0.descripcion,cc2_0.imagen_carrera,cc2_0.localizacion,cc2_0.longitud_por_vuelta,cc2_0.longitud_total,cc2_0.nombre_circuito,cc2_0.num_vueltas,p3_0.id_presupuesto,p3_0.gastos_fijos,p3_0.gastos_variables,p3_0.ingresos_fijos,p3_0.ingresos_variables,p3_0.presupuesto_inicial,cc2_0.texto_alternativo,cc2_0.tipo_asfaltado,cp1_0.esta_daniado,cp1_0.foto_coche,cp1_0.nombre,cp1_0.posicion_carrera,cp1_0.texto_alternativo from empleado le1_0 left join jefe_equipo le1_1 on le1_0.id_empleado=le1_1.id_empleado left join mecanico le1_2 on le1_0.id_empleado=le1_2.id_empleado left join piloto le1_3 on le1_0.id_empleado=le1_3.id_empleado left join coche cm1_0 on cm1_0.id_coche=le1_2.coche_mecanico_id_coche left join carrera cc1_0 on cc1_0.id=cm1_0.carrera_coche_id left join presupuesto p1_0 on p1_0.id_presupuesto=cc1_0.presupuesto_id_presupuesto left join (piloto p2_0 join empleado p2_1 on p2_0.id_empleado=p2_1.id_empleado) on cm1_0.id_coche=p2_0.coche_piloto_id_coche left join coche cp1_0 on cp1_0.id_coche=le1_3.coche_piloto_id_coche left join carrera cc2_0 on cc2_0.id=cp1_0.carrera_coche_id left join presupuesto p3_0 on p3_0.id_presupuesto=cc2_0.presupuesto_id_presupuesto where le1_0.carrera_empleado_id=?
Hibernate: select p1_0.id_empleado,p1_1.apellidos,ce1_0.id,ce1_0.descripcion,ce1_0.imagen_carrera,ce1_0.localizacion,ce1_0.longitud_por_vuelta,ce1_0.longitud_total,ce1_0.nombre_circuito,ce1_0.num_vueltas,p2_0.id_presupuesto,p2_0.gastos_fijos,p2_0.gastos_variables,p2_0.ingresos_fijos,p2_0.ingresos_variables,p2_0.presupuesto_inicial,ce1_0.texto_alternativo,ce1_0.tipo_asfaltado,lc1_0.carrera_coche_id,lc1_0.id_coche,lc1_0.esta_daniado,lc1_0.foto_coche,lc1_0.nombre,p3_0.id_empleado,p3_1.apellidos,p3_1.carrera_empleado_id,p3_1.dni,p3_1.fecha_nacimiento,p3_1.foto,p3_1.incentivo,p3_1.incentivo_calculado,p3_1.is_admin,p3_1.is_mecanico,p3_1.is_piloto,p3_1.nombre,p3_1.password,p3_1.salario,p3_1.texto_alternativo,p3_1.username,lc1_0.posicion_carrera,lc1_0.texto_alternativo,p1_1.dni,p1_1.fecha_nacimiento,p1_1.foto,p1_1.incentivo,p1_1.incentivo_calculado,p1_1.is_admin,p1_1.is_mecanico,p1_1.is_piloto,p1_1.nombre,p1_1.password,p1_1.salario,p1_1.texto_alternativo,p1_1.username,cp1_0.id_coche,cc2_0.id,cc2_0.descripcion,cc2_0.imagen_carrera,cc2_0.localizacion,cc2_0.longitud_por_vuelta,cc2_0.longitud_total,cc2_0.nombre_circuito,cc2_0.num_vueltas,p4_0.id_presupuesto,p4_0.gastos_fijos,p4_0.gastos_variables,p4_0.ingresos_fijos,p4_0.ingresos_variables,p4_0.presupuesto_inicial,cc2_0.texto_alternativo,cc2_0.tipo_asfaltado,cp1_0.esta_daniado,cp1_0.foto_coche,cp1_0.nombre,cp1_0.posicion_carrera,cp1_0.texto_alternativo from piloto p1_0 join empleado p1_1 on p1_0.id_empleado=p1_1.id_empleado left join carrera ce1_0 on ce1_0.id=p1_1.carrera_empleado_id left join presupuesto p2_0 on p2_0.id_presupuesto=ce1_0.presupuesto_id_presupuesto left join coche lc1_0 on ce1_0.id=lc1_0.carrera_coche_id left join (piloto p3_0 join empleado p3_1 on p3_0.id_empleado=p3_1.id_empleado) on lc1_0.id_coche=p3_0.coche_piloto_id_coche left join coche cp1_0 on cp1_0.id_coche=p1_0.coche_piloto_id_coche left join carrera cc2_0 on cc2_0.id=cp1_0.carrera_coche_id left join presupuesto p4_0 on p4_0.id_presupuesto=cc2_0.presupuesto_id_presupuesto where p1_0.coche_piloto_id_coche=?
Hibernate: select lm1_0.coche_mecanico_id_coche,lm1_0.id_empleado,lm1_1.apellidos,ce1_0.id,ce1_0.descripcion,ce1_0.imagen_carrera,ce1_0.localizacion,ce1_0.longitud_por_vuelta,ce1_0.longitud_total,ce1_0.nombre_circuito,ce1_0.num_vueltas,p1_0.id_presupuesto,p1_0.gastos_fijos,p1_0.gastos_variables,p1_0.ingresos_fijos,p1_0.ingresos_variables,p1_0.presupuesto_inicial,ce1_0.texto_alternativo,ce1_0.tipo_asfaltado,lm1_1.dni,lm1_1.fecha_nacimiento,lm1_1.foto,lm1_1.incentivo,lm1_1.incentivo_calculado,lm1_1.is_admin,lm1_1.is_mecanico,lm1_1.is_piloto,lm1_1.nombre,lm1_1.password,lm1_1.salario,lm1_1.texto_alternativo,lm1_1.username from mecanico lm1_0 join empleado lm1_1 on lm1_0.id_empleado=lm1_1.id_empleado left join carrera ce1_0 on ce1_0.id=lm1_1.carrera_empleado_id left join presupuesto p1_0 on p1_0.id_presupuesto=ce1_0.presupuesto_id_presupuesto where lm1_0.coche_mecanico_id_coche=?
Hibernate: select lc1_0.coche_componente_id_coche,lc1_0.id_componente,cc1_0.id,cc1_0.descripcion,cc1_0.imagen_carrera,cc1_0.localizacion,cc1_0.longitud_por_vuelta,cc1_0.longitud_total,cc1_0.nombre_circuito,cc1_0.num_vueltas,p1_0.id_presupuesto,p1_0.gastos_fijos,p1_0.gastos_variables,p1_0.ingresos_fijos,p1_0.ingresos_variables,p1_0.presupuesto_inicial,cc1_0.texto_alternativo,cc1_0.tipo_asfaltado,lc1_0.durabilidad,lc1_0.esta_daniado,jc1_0.id_empleado,jc1_1.apellidos,ce1_0.id,ce1_0.descripcion,ce1_0.imagen_carrera,ce1_0.localizacion,ce1_0.longitud_por_vuelta,ce1_0.longitud_total,ce1_0.nombre_circuito,ce1_0.num_vueltas,p2_0.id_presupuesto,p2_0.gastos_fijos,p2_0.gastos_variables,p2_0.ingresos_fijos,p2_0.ingresos_variables,p2_0.presupuesto_inicial,ce1_0.texto_alternativo,ce1_0.tipo_asfaltado,jc1_1.dni,jc1_1.fecha_nacimiento,jc1_1.foto,jc1_1.incentivo,jc1_1.incentivo_calculado,jc1_1.is_admin,jc1_1.is_mecanico,jc1_1.is_piloto,jc1_1.nombre,jc1_1.password,jc1_1.salario,jc1_1.texto_alternativo,jc1_1.username,lc1_0.marca,lc1_0.precio,lc1_0.tipo_componente from componente lc1_0 left join carrera cc1_0 on cc1_0.id=lc1_0.carrera_componente_id left join presupuesto p1_0 on p1_0.id_presupuesto=cc1_0.presupuesto_id_presupuesto left join (jefe_equipo jc1_0 join empleado jc1_1 on jc1_0.id_empleado=jc1_1.id_empleado) on jc1_0.id_empleado=lc1_0.jefe_componente_id_empleado left join carrera ce1_0 on ce1_0.id=jc1_1.carrera_empleado_id left join presupuesto p2_0 on p2_0.id_presupuesto=ce1_0.presupuesto_id_presupuesto where lc1_0.coche_componente_id_coche=?
Hibernate: select lc1_0.jefe_componente_id_empleado,lc1_0.id_componente,cc1_0.id,cc1_0.descripcion,cc1_0.imagen_carrera,cc1_0.localizacion,cc1_0.longitud_por_vuelta,cc1_0.longitud_total,cc1_0.nombre_circuito,cc1_0.num_vueltas,p1_0.id_presupuesto,p1_0.gastos_fijos,p1_0.gastos_variables,p1_0.ingresos_fijos,p1_0.ingresos_variables,p1_0.presupuesto_inicial,cc1_0.texto_alternativo,cc1_0.tipo_asfaltado,cc2_0.id_coche,cc3_0.id,cc3_0.descripcion,cc3_0.imagen_carrera,cc3_0.localizacion,cc3_0.longitud_por_vuelta,cc3_0.longitud_total,cc3_0.nombre_circuito,cc3_0.num_vueltas,p2_0.id_presupuesto,p2_0.gastos_fijos,p2_0.gastos_variables,p2_0.ingresos_fijos,p2_0.ingresos_variables,p2_0.presupuesto_inicial,cc3_0.texto_alternativo,cc3_0.tipo_asfaltado,cc2_0.esta_daniado,cc2_0.foto_coche,cc2_0.nombre,p3_0.id_empleado,p3_1.apellidos,ce1_0.id,ce1_0.descripcion,ce1_0.imagen_carrera,ce1_0.localizacion,ce1_0.longitud_por_vuelta,ce1_0.longitud_total,ce1_0.nombre_circuito,ce1_0.num_vueltas,p4_0.id_presupuesto,p4_0.gastos_fijos,p4_0.gastos_variables,p4_0.ingresos_fijos,p4_0.ingresos_variables,p4_0.presupuesto_inicial,ce1_0.texto_alternativo,ce1_0.tipo_asfaltado,p3_1.dni,p3_1.fecha_nacimiento,p3_1.foto,p3_1.incentivo,p3_1.incentivo_calculado,p3_1.is_admin,p3_1.is_mecanico,p3_1.is_piloto,p3_1.nombre,p3_1.password,p3_1.salario,p3_1.texto_alternativo,p3_1.username,cc2_0.posicion_carrera,cc2_0.texto_alternativo,lc1_0.durabilidad,lc1_0.esta_daniado,lc1_0.marca,lc1_0.precio,lc1_0.tipo_componente from componente lc1_0 left join carrera cc1_0 on cc1_0.id=lc1_0.carrera_componente_id left join presupuesto p1_0 on p1_0.id_presupuesto=cc1_0.presupuesto_id_presupuesto left join coche cc2_0 on cc2_0.id_coche=lc1_0.coche_componente_id_coche left join carrera cc3_0 on cc3_0.id=cc2_0.carrera_coche_id left join presupuesto p2_0 on p2_0.id_presupuesto=cc3_0.presupuesto_id_presupuesto left join (piloto p3_0 join empleado p3_1 on p3_0.id_empleado=p3_1.id_empleado) on cc2_0.id_coche=p3_0.coche_piloto_id_coche left join carrera ce1_0 on ce1_0.id=p3_1.carrera_empleado_id left join presupuesto p4_0 on p4_0.id_presupuesto=ce1_0.presupuesto_id_presupuesto where lc1_0.jefe_componente_id_empleado=?
Hibernate: select lm1_0.coche_mecanico_id_coche,lm1_0.id_empleado,lm1_1.apellidos,ce1_0.id,ce1_0.descripcion,ce1_0.imagen_carrera,ce1_0.localizacion,ce1_0.longitud_por_vuelta,ce1_0.longitud_total,ce1_0.nombre_circuito,ce1_0.num_vueltas,p1_0.id_presupuesto,p1_0.gastos_fijos,p1_0.gastos_variables,p1_0.ingresos_fijos,p1_0.ingresos_variables,p1_0.presupuesto_inicial,ce1_0.texto_alternativo,ce1_0.tipo_asfaltado,lm1_1.dni,lm1_1.fecha_nacimiento,lm1_1.foto,lm1_1.incentivo,lm1_1.incentivo_calculado,lm1_1.is_admin,lm1_1.is_mecanico,lm1_1.is_piloto,lm1_1.nombre,lm1_1.password,lm1_1.salario,lm1_1.texto_alternativo,lm1_1.username from mecanico lm1_0 join empleado lm1_1 on lm1_0.id_empleado=lm1_1.id_empleado left join carrera ce1_0 on ce1_0.id=lm1_1.carrera_empleado_id left join presupuesto p1_0 on p1_0.id_presupuesto=ce1_0.presupuesto_id_presupuesto where lm1_0.coche_mecanico_id_coche=?
Hibernate: select lc1_0.coche_componente_id_coche,lc1_0.id_componente,cc1_0.id,cc1_0.descripcion,cc1_0.imagen_carrera,cc1_0.localizacion,cc1_0.longitud_por_vuelta,cc1_0.longitud_total,cc1_0.nombre_circuito,cc1_0.num_vueltas,p1_0.id_presupuesto,p1_0.gastos_fijos,p1_0.gastos_variables,p1_0.ingresos_fijos,p1_0.ingresos_variables,p1_0.presupuesto_inicial,cc1_0.texto_alternativo,cc1_0.tipo_asfaltado,lc1_0.durabilidad,lc1_0.esta_daniado,jc1_0.id_empleado,jc1_1.apellidos,ce1_0.id,ce1_0.descripcion,ce1_0.imagen_carrera,ce1_0.localizacion,ce1_0.longitud_por_vuelta,ce1_0.longitud_total,ce1_0.nombre_circuito,ce1_0.num_vueltas,p2_0.id_presupuesto,p2_0.gastos_fijos,p2_0.gastos_variables,p2_0.ingresos_fijos,p2_0.ingresos_variables,p2_0.presupuesto_inicial,ce1_0.texto_alternativo,ce1_0.tipo_asfaltado,jc1_1.dni,jc1_1.fecha_nacimiento,jc1_1.foto,jc1_1.incentivo,jc1_1.incentivo_calculado,jc1_1.is_admin,jc1_1.is_mecanico,jc1_1.is_piloto,jc1_1.nombre,jc1_1.password,jc1_1.salario,jc1_1.texto_alternativo,jc1_1.username,lc1_0.marca,lc1_0.precio,lc1_0.tipo_componente from componente lc1_0 left join carrera cc1_0 on cc1_0.id=lc1_0.carrera_componente_id left join presupuesto p1_0 on p1_0.id_presupuesto=cc1_0.presupuesto_id_presupuesto left join (jefe_equipo jc1_0 join empleado jc1_1 on jc1_0.id_empleado=jc1_1.id_empleado) on jc1_0.id_empleado=lc1_0.jefe_componente_id_empleado left join carrera ce1_0 on ce1_0.id=jc1_1.carrera_empleado_id left join presupuesto p2_0 on p2_0.id_presupuesto=ce1_0.presupuesto_id_presupuesto where lc1_0.coche_componente_id_coche=?
Hibernate: select lc1_0.carrera_componente_id,lc1_0.id_componente,cc2_0.id_coche,cc3_0.id,cc3_0.descripcion,cc3_0.imagen_carrera,cc3_0.localizacion,cc3_0.longitud_por_vuelta,cc3_0.longitud_total,cc3_0.nombre_circuito,cc3_0.num_vueltas,p1_0.id_presupuesto,p1_0.gastos_fijos,p1_0.gastos_variables,p1_0.ingresos_fijos,p1_0.ingresos_variables,p1_0.presupuesto_inicial,cc3_0.texto_alternativo,cc3_0.tipo_asfaltado,cc2_0.esta_daniado,cc2_0.foto_coche,cc2_0.nombre,p2_0.id_empleado,p2_1.apellidos,ce1_0.id,ce1_0.descripcion,ce1_0.imagen_carrera,ce1_0.localizacion,ce1_0.longitud_por_vuelta,ce1_0.longitud_total,ce1_0.nombre_circuito,ce1_0.num_vueltas,p3_0.id_presupuesto,p3_0.gastos_fijos,p3_0.gastos_variables,p3_0.ingresos_fijos,p3_0.ingresos_variables,p3_0.presupuesto_inicial,ce1_0.texto_alternativo,ce1_0.tipo_asfaltado,p2_1.dni,p2_1.fecha_nacimiento,p2_1.foto,p2_1.incentivo,p2_1.incentivo_calculado,p2_1.is_admin,p2_1.is_mecanico,p2_1.is_piloto,p2_1.nombre,p2_1.password,p2_1.salario,p2_1.texto_alternativo,p2_1.username,cc2_0.posicion_carrera,cc2_0.texto_alternativo,lc1_0.durabilidad,lc1_0.esta_daniado,jc1_0.id_empleado,jc1_1.apellidos,ce2_0.id,ce2_0.descripcion,ce2_0.imagen_carrera,ce2_0.localizacion,ce2_0.longitud_por_vuelta,ce2_0.longitud_total,ce2_0.nombre_circuito,ce2_0.num_vueltas,p4_0.id_presupuesto,p4_0.gastos_fijos,p4_0.gastos_variables,p4_0.ingresos_fijos,p4_0.ingresos_variables,p4_0.presupuesto_inicial,ce2_0.texto_alternativo,ce2_0.tipo_asfaltado,jc1_1.dni,jc1_1.fecha_nacimiento,jc1_1.foto,jc1_1.incentivo,jc1_1.incentivo_calculado,jc1_1.is_admin,jc1_1.is_mecanico,jc1_1.is_piloto,jc1_1.nombre,jc1_1.password,jc1_1.salario,jc1_1.texto_alternativo,jc1_1.username,lc1_0.marca,lc1_0.precio,lc1_0.tipo_componente from componente lc1_0 left join coche cc2_0 on cc2_0.id_coche=lc1_0.coche_componente_id_coche left join carrera cc3_0 on cc3_0.id=cc2_0.carrera_coche_id left join presupuesto p1_0 on p1_0.id_presupuesto=cc3_0.presupuesto_id_presupuesto left join (piloto p2_0 join empleado p2_1 on p2_0.id_empleado=p2_1.id_empleado) on cc2_0.id_coche=p2_0.coche_piloto_id_coche left join carrera ce1_0 on ce1_0.id=p2_1.carrera_empleado_id left join presupuesto p3_0 on p3_0.id_presupuesto=ce1_0.presupuesto_id_presupuesto left join (jefe_equipo jc1_0 join empleado jc1_1 on jc1_0.id_empleado=jc1_1.id_empleado) on jc1_0.id_empleado=lc1_0.jefe_componente_id_empleado left join carrera ce2_0 on ce2_0.id=jc1_1.carrera_empleado_id left join presupuesto p4_0 on p4_0.id_presupuesto=ce2_0.presupuesto_id_presupuesto where lc1_0.carrera_componente_id=?
Hibernate: select p1_0.id_presupuesto,p1_0.gastos_fijos,p1_0.gastos_variables,p1_0.ingresos_fijos,p1_0.ingresos_variables,p1_0.presupuesto_inicial,lc1_0.presupuesto_id_presupuesto,lc1_0.id,lc1_0.descripcion,lc1_0.imagen_carrera,lc1_0.localizacion,lc1_0.longitud_por_vuelta,lc1_0.longitud_total,lc1_0.nombre_circuito,lc1_0.num_vueltas,lc1_0.texto_alternativo,lc1_0.tipo_asfaltado from presupuesto p1_0 left join carrera lc1_0 on p1_0.id_presupuesto=lc1_0.presupuesto_id_presupuesto where p1_0.id_presupuesto=?
Hibernate: select le1_0.carrera_empleado_id,le1_0.id_empleado,case when le1_1.id_empleado is not null then 1 when le1_2.id_empleado is not null then 2 when le1_3.id_empleado is not null then 3 when le1_0.id_empleado is not null then 0 end,le1_0.apellidos,le1_0.dni,le1_0.fecha_nacimiento,le1_0.foto,le1_0.incentivo,le1_0.incentivo_calculado,le1_0.is_admin,le1_0.is_mecanico,le1_0.is_piloto,le1_0.nombre,le1_0.password,le1_0.salario,le1_0.texto_alternativo,le1_0.username,cm1_0.id_coche,cc1_0.id,cc1_0.descripcion,cc1_0.imagen_carrera,cc1_0.localizacion,cc1_0.longitud_por_vuelta,cc1_0.longitud_total,cc1_0.nombre_circuito,cc1_0.num_vueltas,p1_0.id_presupuesto,p1_0.gastos_fijos,p1_0.gastos_variables,p1_0.ingresos_fijos,p1_0.ingresos_variables,p1_0.presupuesto_inicial,cc1_0.texto_alternativo,cc1_0.tipo_asfaltado,cm1_0.esta_daniado,cm1_0.foto_coche,cm1_0.nombre,p2_0.id_empleado,p2_1.apellidos,p2_1.carrera_empleado_id,p2_1.dni,p2_1.fecha_nacimiento,p2_1.foto,p2_1.incentivo,p2_1.incentivo_calculado,p2_1.is_admin,p2_1.is_mecanico,p2_1.is_piloto,p2_1.nombre,p2_1.password,p2_1.salario,p2_1.texto_alternativo,p2_1.username,cm1_0.posicion_carrera,cm1_0.texto_alternativo,cp1_0.id_coche,cc2_0.id,cc2_0.descripcion,cc2_0.imagen_carrera,cc2_0.localizacion,cc2_0.longitud_por_vuelta,cc2_0.longitud_total,cc2_0.nombre_circuito,cc2_0.num_vueltas,p3_0.id_presupuesto,p3_0.gastos_fijos,p3_0.gastos_variables,p3_0.ingresos_fijos,p3_0.ingresos_variables,p3_0.presupuesto_inicial,cc2_0.texto_alternativo,cc2_0.tipo_asfaltado,cp1_0.esta_daniado,cp1_0.foto_coche,cp1_0.nombre,cp1_0.posicion_carrera,cp1_0.texto_alternativo from empleado le1_0 left join jefe_equipo le1_1 on le1_0.id_empleado=le1_1.id_empleado left join mecanico le1_2 on le1_0.id_empleado=le1_2.id_empleado left join piloto le1_3 on le1_0.id_empleado=le1_3.id_empleado left join coche cm1_0 on cm1_0.id_coche=le1_2.coche_mecanico_id_coche left join carrera cc1_0 on cc1_0.id=cm1_0.carrera_coche_id left join presupuesto p1_0 on p1_0.id_presupuesto=cc1_0.presupuesto_id_presupuesto left join (piloto p2_0 join empleado p2_1 on p2_0.id_empleado=p2_1.id_empleado) on cm1_0.id_coche=p2_0.coche_piloto_id_coche left join coche cp1_0 on cp1_0.id_coche=le1_3.coche_piloto_id_coche left join carrera cc2_0 on cc2_0.id=cp1_0.carrera_coche_id left join presupuesto p3_0 on p3_0.id_presupuesto=cc2_0.presupuesto_id_presupuesto where le1_0.carrera_empleado_id=?
Hibernate: select p1_0.id_empleado,p1_1.apellidos,ce1_0.id,ce1_0.descripcion,ce1_0.imagen_carrera,ce1_0.localizacion,ce1_0.longitud_por_vuelta,ce1_0.longitud_total,ce1_0.nombre_circuito,ce1_0.num_vueltas,p2_0.id_presupuesto,p2_0.gastos_fijos,p2_0.gastos_variables,p2_0.ingresos_fijos,p2_0.ingresos_variables,p2_0.presupuesto_inicial,ce1_0.texto_alternativo,ce1_0.tipo_asfaltado,lc1_0.carrera_coche_id,lc1_0.id_coche,lc1_0.esta_daniado,lc1_0.foto_coche,lc1_0.nombre,p3_0.id_empleado,p3_1.apellidos,p3_1.carrera_empleado_id,p3_1.dni,p3_1.fecha_nacimiento,p3_1.foto,p3_1.incentivo,p3_1.incentivo_calculado,p3_1.is_admin,p3_1.is_mecanico,p3_1.is_piloto,p3_1.nombre,p3_1.password,p3_1.salario,p3_1.texto_alternativo,p3_1.username,lc1_0.posicion_carrera,lc1_0.texto_alternativo,p1_1.dni,p1_1.fecha_nacimiento,p1_1.foto,p1_1.incentivo,p1_1.incentivo_calculado,p1_1.is_admin,p1_1.is_mecanico,p1_1.is_piloto,p1_1.nombre,p1_1.password,p1_1.salario,p1_1.texto_alternativo,p1_1.username,cp1_0.id_coche,cc2_0.id,cc2_0.descripcion,cc2_0.imagen_carrera,cc2_0.localizacion,cc2_0.longitud_por_vuelta,cc2_0.longitud_total,cc2_0.nombre_circuito,cc2_0.num_vueltas,p4_0.id_presupuesto,p4_0.gastos_fijos,p4_0.gastos_variables,p4_0.ingresos_fijos,p4_0.ingresos_variables,p4_0.presupuesto_inicial,cc2_0.texto_alternativo,cc2_0.tipo_asfaltado,cp1_0.esta_daniado,cp1_0.foto_coche,cp1_0.nombre,cp1_0.posicion_carrera,cp1_0.texto_alternativo from piloto p1_0 join empleado p1_1 on p1_0.id_empleado=p1_1.id_empleado left join carrera ce1_0 on ce1_0.id=p1_1.carrera_empleado_id left join presupuesto p2_0 on p2_0.id_presupuesto=ce1_0.presupuesto_id_presupuesto left join coche lc1_0 on ce1_0.id=lc1_0.carrera_coche_id left join (piloto p3_0 join empleado p3_1 on p3_0.id_empleado=p3_1.id_empleado) on lc1_0.id_coche=p3_0.coche_piloto_id_coche left join coche cp1_0 on cp1_0.id_coche=p1_0.coche_piloto_id_coche left join carrera cc2_0 on cc2_0.id=cp1_0.carrera_coche_id left join presupuesto p4_0 on p4_0.id_presupuesto=cc2_0.presupuesto_id_presupuesto where p1_0.coche_piloto_id_coche=?
Hibernate: select lm1_0.coche_mecanico_id_coche,lm1_0.id_empleado,lm1_1.apellidos,ce1_0.id,ce1_0.descripcion,ce1_0.imagen_carrera,ce1_0.localizacion,ce1_0.longitud_por_vuelta,ce1_0.longitud_total,ce1_0.nombre_circuito,ce1_0.num_vueltas,p1_0.id_presupuesto,p1_0.gastos_fijos,p1_0.gastos_variables,p1_0.ingresos_fijos,p1_0.ingresos_variables,p1_0.presupuesto_inicial,ce1_0.texto_alternativo,ce1_0.tipo_asfaltado,lm1_1.dni,lm1_1.fecha_nacimiento,lm1_1.foto,lm1_1.incentivo,lm1_1.incentivo_calculado,lm1_1.is_admin,lm1_1.is_mecanico,lm1_1.is_piloto,lm1_1.nombre,lm1_1.password,lm1_1.salario,lm1_1.texto_alternativo,lm1_1.username from mecanico lm1_0 join empleado lm1_1 on lm1_0.id_empleado=lm1_1.id_empleado left join carrera ce1_0 on ce1_0.id=lm1_1.carrera_empleado_id left join presupuesto p1_0 on p1_0.id_presupuesto=ce1_0.presupuesto_id_presupuesto where lm1_0.coche_mecanico_id_coche=?
Hibernate: select lc1_0.coche_componente_id_coche,lc1_0.id_componente,cc1_0.id,cc1_0.descripcion,cc1_0.imagen_carrera,cc1_0.localizacion,cc1_0.longitud_por_vuelta,cc1_0.longitud_total,cc1_0.nombre_circuito,cc1_0.num_vueltas,p1_0.id_presupuesto,p1_0.gastos_fijos,p1_0.gastos_variables,p1_0.ingresos_fijos,p1_0.ingresos_variables,p1_0.presupuesto_inicial,cc1_0.texto_alternativo,cc1_0.tipo_asfaltado,lc1_0.durabilidad,lc1_0.esta_daniado,jc1_0.id_empleado,jc1_1.apellidos,ce1_0.id,ce1_0.descripcion,ce1_0.imagen_carrera,ce1_0.localizacion,ce1_0.longitud_por_vuelta,ce1_0.longitud_total,ce1_0.nombre_circuito,ce1_0.num_vueltas,p2_0.id_presupuesto,p2_0.gastos_fijos,p2_0.gastos_variables,p2_0.ingresos_fijos,p2_0.ingresos_variables,p2_0.presupuesto_inicial,ce1_0.texto_alternativo,ce1_0.tipo_asfaltado,jc1_1.dni,jc1_1.fecha_nacimiento,jc1_1.foto,jc1_1.incentivo,jc1_1.incentivo_calculado,jc1_1.is_admin,jc1_1.is_mecanico,jc1_1.is_piloto,jc1_1.nombre,jc1_1.password,jc1_1.salario,jc1_1.texto_alternativo,jc1_1.username,lc1_0.marca,lc1_0.precio,lc1_0.tipo_componente from componente lc1_0 left join carrera cc1_0 on cc1_0.id=lc1_0.carrera_componente_id left join presupuesto p1_0 on p1_0.id_presupuesto=cc1_0.presupuesto_id_presupuesto left join (jefe_equipo jc1_0 join empleado jc1_1 on jc1_0.id_empleado=jc1_1.id_empleado) on jc1_0.id_empleado=lc1_0.jefe_componente_id_empleado left join carrera ce1_0 on ce1_0.id=jc1_1.carrera_empleado_id left join presupuesto p2_0 on p2_0.id_presupuesto=ce1_0.presupuesto_id_presupuesto where lc1_0.coche_componente_id_coche=?
Hibernate: select lc1_0.jefe_componente_id_empleado,lc1_0.id_componente,cc1_0.id,cc1_0.descripcion,cc1_0.imagen_carrera,cc1_0.localizacion,cc1_0.longitud_por_vuelta,cc1_0.longitud_total,cc1_0.nombre_circuito,cc1_0.num_vueltas,p1_0.id_presupuesto,p1_0.gastos_fijos,p1_0.gastos_variables,p1_0.ingresos_fijos,p1_0.ingresos_variables,p1_0.presupuesto_inicial,cc1_0.texto_alternativo,cc1_0.tipo_asfaltado,cc2_0.id_coche,cc3_0.id,cc3_0.descripcion,cc3_0.imagen_carrera,cc3_0.localizacion,cc3_0.longitud_por_vuelta,cc3_0.longitud_total,cc3_0.nombre_circuito,cc3_0.num_vueltas,p2_0.id_presupuesto,p2_0.gastos_fijos,p2_0.gastos_variables,p2_0.ingresos_fijos,p2_0.ingresos_variables,p2_0.presupuesto_inicial,cc3_0.texto_alternativo,cc3_0.tipo_asfaltado,cc2_0.esta_daniado,cc2_0.foto_coche,cc2_0.nombre,p3_0.id_empleado,p3_1.apellidos,ce1_0.id,ce1_0.descripcion,ce1_0.imagen_carrera,ce1_0.localizacion,ce1_0.longitud_por_vuelta,ce1_0.longitud_total,ce1_0.nombre_circuito,ce1_0.num_vueltas,p4_0.id_presupuesto,p4_0.gastos_fijos,p4_0.gastos_variables,p4_0.ingresos_fijos,p4_0.ingresos_variables,p4_0.presupuesto_inicial,ce1_0.texto_alternativo,ce1_0.tipo_asfaltado,p3_1.dni,p3_1.fecha_nacimiento,p3_1.foto,p3_1.incentivo,p3_1.incentivo_calculado,p3_1.is_admin,p3_1.is_mecanico,p3_1.is_piloto,p3_1.nombre,p3_1.password,p3_1.salario,p3_1.texto_alternativo,p3_1.username,cc2_0.posicion_carrera,cc2_0.texto_alternativo,lc1_0.durabilidad,lc1_0.esta_daniado,lc1_0.marca,lc1_0.precio,lc1_0.tipo_componente from componente lc1_0 left join carrera cc1_0 on cc1_0.id=lc1_0.carrera_componente_id left join presupuesto p1_0 on p1_0.id_presupuesto=cc1_0.presupuesto_id_presupuesto left join coche cc2_0 on cc2_0.id_coche=lc1_0.coche_componente_id_coche left join carrera cc3_0 on cc3_0.id=cc2_0.carrera_coche_id left join presupuesto p2_0 on p2_0.id_presupuesto=cc3_0.presupuesto_id_presupuesto left join (piloto p3_0 join empleado p3_1 on p3_0.id_empleado=p3_1.id_empleado) on cc2_0.id_coche=p3_0.coche_piloto_id_coche left join carrera ce1_0 on ce1_0.id=p3_1.carrera_empleado_id left join presupuesto p4_0 on p4_0.id_presupuesto=ce1_0.presupuesto_id_presupuesto where lc1_0.jefe_componente_id_empleado=?
Hibernate: select lm1_0.coche_mecanico_id_coche,lm1_0.id_empleado,lm1_1.apellidos,ce1_0.id,ce1_0.descripcion,ce1_0.imagen_carrera,ce1_0.localizacion,ce1_0.longitud_por_vuelta,ce1_0.longitud_total,ce1_0.nombre_circuito,ce1_0.num_vueltas,p1_0.id_presupuesto,p1_0.gastos_fijos,p1_0.gastos_variables,p1_0.ingresos_fijos,p1_0.ingresos_variables,p1_0.presupuesto_inicial,ce1_0.texto_alternativo,ce1_0.tipo_asfaltado,lm1_1.dni,lm1_1.fecha_nacimiento,lm1_1.foto,lm1_1.incentivo,lm1_1.incentivo_calculado,lm1_1.is_admin,lm1_1.is_mecanico,lm1_1.is_piloto,lm1_1.nombre,lm1_1.password,lm1_1.salario,lm1_1.texto_alternativo,lm1_1.username from mecanico lm1_0 join empleado lm1_1 on lm1_0.id_empleado=lm1_1.id_empleado left join carrera ce1_0 on ce1_0.id=lm1_1.carrera_empleado_id left join presupuesto p1_0 on p1_0.id_presupuesto=ce1_0.presupuesto_id_presupuesto where lm1_0.coche_mecanico_id_coche=?
Hibernate: select lc1_0.coche_componente_id_coche,lc1_0.id_componente,cc1_0.id,cc1_0.descripcion,cc1_0.imagen_carrera,cc1_0.localizacion,cc1_0.longitud_por_vuelta,cc1_0.longitud_total,cc1_0.nombre_circuito,cc1_0.num_vueltas,p1_0.id_presupuesto,p1_0.gastos_fijos,p1_0.gastos_variables,p1_0.ingresos_fijos,p1_0.ingresos_variables,p1_0.presupuesto_inicial,cc1_0.texto_alternativo,cc1_0.tipo_asfaltado,lc1_0.durabilidad,lc1_0.esta_daniado,jc1_0.id_empleado,jc1_1.apellidos,ce1_0.id,ce1_0.descripcion,ce1_0.imagen_carrera,ce1_0.localizacion,ce1_0.longitud_por_vuelta,ce1_0.longitud_total,ce1_0.nombre_circuito,ce1_0.num_vueltas,p2_0.id_presupuesto,p2_0.gastos_fijos,p2_0.gastos_variables,p2_0.ingresos_fijos,p2_0.ingresos_variables,p2_0.presupuesto_inicial,ce1_0.texto_alternativo,ce1_0.tipo_asfaltado,jc1_1.dni,jc1_1.fecha_nacimiento,jc1_1.foto,jc1_1.incentivo,jc1_1.incentivo_calculado,jc1_1.is_admin,jc1_1.is_mecanico,jc1_1.is_piloto,jc1_1.nombre,jc1_1.password,jc1_1.salario,jc1_1.texto_alternativo,jc1_1.username,lc1_0.marca,lc1_0.precio,lc1_0.tipo_componente from componente lc1_0 left join carrera cc1_0 on cc1_0.id=lc1_0.carrera_componente_id left join presupuesto p1_0 on p1_0.id_presupuesto=cc1_0.presupuesto_id_presupuesto left join (jefe_equipo jc1_0 join empleado jc1_1 on jc1_0.id_empleado=jc1_1.id_empleado) on jc1_0.id_empleado=lc1_0.jefe_componente_id_empleado left join carrera ce1_0 on ce1_0.id=jc1_1.carrera_empleado_id left join presupuesto p2_0 on p2_0.id_presupuesto=ce1_0.presupuesto_id_presupuesto where lc1_0.coche_componente_id_coche=?
Hibernate: select lc1_0.carrera_componente_id,lc1_0.id_componente,cc2_0.id_coche,cc3_0.id,cc3_0.descripcion,cc3_0.imagen_carrera,cc3_0.localizacion,cc3_0.longitud_por_vuelta,cc3_0.longitud_total,cc3_0.nombre_circuito,cc3_0.num_vueltas,p1_0.id_presupuesto,p1_0.gastos_fijos,p1_0.gastos_variables,p1_0.ingresos_fijos,p1_0.ingresos_variables,p1_0.presupuesto_inicial,cc3_0.texto_alternativo,cc3_0.tipo_asfaltado,cc2_0.esta_daniado,cc2_0.foto_coche,cc2_0.nombre,p2_0.id_empleado,p2_1.apellidos,ce1_0.id,ce1_0.descripcion,ce1_0.imagen_carrera,ce1_0.localizacion,ce1_0.longitud_por_vuelta,ce1_0.longitud_total,ce1_0.nombre_circuito,ce1_0.num_vueltas,p3_0.id_presupuesto,p3_0.gastos_fijos,p3_0.gastos_variables,p3_0.ingresos_fijos,p3_0.ingresos_variables,p3_0.presupuesto_inicial,ce1_0.texto_alternativo,ce1_0.tipo_asfaltado,p2_1.dni,p2_1.fecha_nacimiento,p2_1.foto,p2_1.incentivo,p2_1.incentivo_calculado,p2_1.is_admin,p2_1.is_mecanico,p2_1.is_piloto,p2_1.nombre,p2_1.password,p2_1.salario,p2_1.texto_alternativo,p2_1.username,cc2_0.posicion_carrera,cc2_0.texto_alternativo,lc1_0.durabilidad,lc1_0.esta_daniado,jc1_0.id_empleado,jc1_1.apellidos,ce2_0.id,ce2_0.descripcion,ce2_0.imagen_carrera,ce2_0.localizacion,ce2_0.longitud_por_vuelta,ce2_0.longitud_total,ce2_0.nombre_circuito,ce2_0.num_vueltas,p4_0.id_presupuesto,p4_0.gastos_fijos,p4_0.gastos_variables,p4_0.ingresos_fijos,p4_0.ingresos_variables,p4_0.presupuesto_inicial,ce2_0.texto_alternativo,ce2_0.tipo_asfaltado,jc1_1.dni,jc1_1.fecha_nacimiento,jc1_1.foto,jc1_1.incentivo,jc1_1.incentivo_calculado,jc1_1.is_admin,jc1_1.is_mecanico,jc1_1.is_piloto,jc1_1.nombre,jc1_1.password,jc1_1.salario,jc1_1.texto_alternativo,jc1_1.username,lc1_0.marca,lc1_0.precio,lc1_0.tipo_componente from componente lc1_0 left join coche cc2_0 on cc2_0.id_coche=lc1_0.coche_componente_id_coche left join carrera cc3_0 on cc3_0.id=cc2_0.carrera_coche_id left join presupuesto p1_0 on p1_0.id_presupuesto=cc3_0.presupuesto_id_presupuesto left join (piloto p2_0 join empleado p2_1 on p2_0.id_empleado=p2_1.id_empleado) on cc2_0.id_coche=p2_0.coche_piloto_id_coche left join carrera ce1_0 on ce1_0.id=p2_1.carrera_empleado_id left join presupuesto p3_0 on p3_0.id_presupuesto=ce1_0.presupuesto_id_presupuesto left join (jefe_equipo jc1_0 join empleado jc1_1 on jc1_0.id_empleado=jc1_1.id_empleado) on jc1_0.id_empleado=lc1_0.jefe_componente_id_empleado left join carrera ce2_0 on ce2_0.id=jc1_1.carrera_empleado_id left join presupuesto p4_0 on p4_0.id_presupuesto=ce2_0.presupuesto_id_presupuesto where lc1_0.carrera_componente_id=?
Hibernate: select e1_0.id_empleado,case when e1_1.id_empleado is not null then 1 when e1_2.id_empleado is not null then 2 when e1_3.id_empleado is not null then 3 when e1_0.id_empleado is not null then 0 end,e1_0.apellidos,e1_0.carrera_empleado_id,e1_0.dni,e1_0.fecha_nacimiento,e1_0.foto,e1_0.incentivo,e1_0.incentivo_calculado,e1_0.is_admin,e1_0.is_mecanico,e1_0.is_piloto,e1_0.nombre,e1_0.password,e1_0.salario,e1_0.texto_alternativo,e1_0.username,e1_2.coche_mecanico_id_coche,e1_3.coche_piloto_id_coche from empleado e1_0 left join jefe_equipo e1_1 on e1_0.id_empleado=e1_1.id_empleado left join mecanico e1_2 on e1_0.id_empleado=e1_2.id_empleado left join piloto e1_3 on e1_0.id_empleado=e1_3.id_empleado
Hibernate: select c1_0.id,c1_0.descripcion,c1_0.imagen_carrera,c1_0.localizacion,c1_0.longitud_por_vuelta,c1_0.longitud_total,c1_0.nombre_circuito,c1_0.num_vueltas,p1_0.id_presupuesto,p1_0.gastos_fijos,p1_0.gastos_variables,p1_0.ingresos_fijos,p1_0.ingresos_variables,p1_0.presupuesto_inicial,c1_0.texto_alternativo,c1_0.tipo_asfaltado,lc1_0.carrera_coche_id,lc1_0.id_coche,lc1_0.esta_daniado,lc1_0.foto_coche,lc1_0.nombre,p2_0.id_empleado,p2_1.apellidos,ce1_0.id,ce1_0.descripcion,ce1_0.imagen_carrera,ce1_0.localizacion,ce1_0.longitud_por_vuelta,ce1_0.longitud_total,ce1_0.nombre_circuito,ce1_0.num_vueltas,p3_0.id_presupuesto,p3_0.gastos_fijos,p3_0.gastos_variables,p3_0.ingresos_fijos,p3_0.ingresos_variables,p3_0.presupuesto_inicial,ce1_0.texto_alternativo,ce1_0.tipo_asfaltado,p2_1.dni,p2_1.fecha_nacimiento,p2_1.foto,p2_1.incentivo,p2_1.incentivo_calculado,p2_1.is_admin,p2_1.is_mecanico,p2_1.is_piloto,p2_1.nombre,p2_1.password,p2_1.salario,p2_1.texto_alternativo,p2_1.username,lc1_0.posicion_carrera,lc1_0.texto_alternativo from carrera c1_0 left join presupuesto p1_0 on p1_0.id_presupuesto=c1_0.presupuesto_id_presupuesto left join coche lc1_0 on c1_0.id=lc1_0.carrera_coche_id left join (piloto p2_0 join empleado p2_1 on p2_0.id_empleado=p2_1.id_empleado) on lc1_0.id_coche=p2_0.coche_piloto_id_coche left join carrera ce1_0 on ce1_0.id=p2_1.carrera_empleado_id left join presupuesto p3_0 on p3_0.id_presupuesto=ce1_0.presupuesto_id_presupuesto where c1_0.id=?
Hibernate: select lc1_0.jefe_componente_id_empleado,lc1_0.id_componente,cc1_0.id,cc1_0.descripcion,cc1_0.imagen_carrera,cc1_0.localizacion,cc1_0.longitud_por_vuelta,cc1_0.longitud_total,cc1_0.nombre_circuito,cc1_0.num_vueltas,p1_0.id_presupuesto,p1_0.gastos_fijos,p1_0.gastos_variables,p1_0.ingresos_fijos,p1_0.ingresos_variables,p1_0.presupuesto_inicial,cc1_0.texto_alternativo,cc1_0.tipo_asfaltado,cc2_0.id_coche,cc3_0.id,cc3_0.descripcion,cc3_0.imagen_carrera,cc3_0.localizacion,cc3_0.longitud_por_vuelta,cc3_0.longitud_total,cc3_0.nombre_circuito,cc3_0.num_vueltas,p2_0.id_presupuesto,p2_0.gastos_fijos,p2_0.gastos_variables,p2_0.ingresos_fijos,p2_0.ingresos_variables,p2_0.presupuesto_inicial,cc3_0.texto_alternativo,cc3_0.tipo_asfaltado,cc2_0.esta_daniado,cc2_0.foto_coche,cc2_0.nombre,p3_0.id_empleado,p3_1.apellidos,ce1_0.id,ce1_0.descripcion,ce1_0.imagen_carrera,ce1_0.localizacion,ce1_0.longitud_por_vuelta,ce1_0.longitud_total,ce1_0.nombre_circuito,ce1_0.num_vueltas,p4_0.id_presupuesto,p4_0.gastos_fijos,p4_0.gastos_variables,p4_0.ingresos_fijos,p4_0.ingresos_variables,p4_0.presupuesto_inicial,ce1_0.texto_alternativo,ce1_0.tipo_asfaltado,p3_1.dni,p3_1.fecha_nacimiento,p3_1.foto,p3_1.incentivo,p3_1.incentivo_calculado,p3_1.is_admin,p3_1.is_mecanico,p3_1.is_piloto,p3_1.nombre,p3_1.password,p3_1.salario,p3_1.texto_alternativo,p3_1.username,cc2_0.posicion_carrera,cc2_0.texto_alternativo,lc1_0.durabilidad,lc1_0.esta_daniado,lc1_0.marca,lc1_0.precio,lc1_0.tipo_componente from componente lc1_0 left join carrera cc1_0 on cc1_0.id=lc1_0.carrera_componente_id left join presupuesto p1_0 on p1_0.id_presupuesto=cc1_0.presupuesto_id_presupuesto left join coche cc2_0 on cc2_0.id_coche=lc1_0.coche_componente_id_coche left join carrera cc3_0 on cc3_0.id=cc2_0.carrera_coche_id left join presupuesto p2_0 on p2_0.id_presupuesto=cc3_0.presupuesto_id_presupuesto left join (piloto p3_0 join empleado p3_1 on p3_0.id_empleado=p3_1.id_empleado) on cc2_0.id_coche=p3_0.coche_piloto_id_coche left join carrera ce1_0 on ce1_0.id=p3_1.carrera_empleado_id left join presupuesto p4_0 on p4_0.id_presupuesto=ce1_0.presupuesto_id_presupuesto where lc1_0.jefe_componente_id_empleado=?
Hibernate: select lm1_0.coche_mecanico_id_coche,lm1_0.id_empleado,lm1_1.apellidos,ce1_0.id,ce1_0.descripcion,ce1_0.imagen_carrera,ce1_0.localizacion,ce1_0.longitud_por_vuelta,ce1_0.longitud_total,ce1_0.nombre_circuito,ce1_0.num_vueltas,p1_0.id_presupuesto,p1_0.gastos_fijos,p1_0.gastos_variables,p1_0.ingresos_fijos,p1_0.ingresos_variables,p1_0.presupuesto_inicial,ce1_0.texto_alternativo,ce1_0.tipo_asfaltado,lm1_1.dni,lm1_1.fecha_nacimiento,lm1_1.foto,lm1_1.incentivo,lm1_1.incentivo_calculado,lm1_1.is_admin,lm1_1.is_mecanico,lm1_1.is_piloto,lm1_1.nombre,lm1_1.password,lm1_1.salario,lm1_1.texto_alternativo,lm1_1.username from mecanico lm1_0 join empleado lm1_1 on lm1_0.id_empleado=lm1_1.id_empleado left join carrera ce1_0 on ce1_0.id=lm1_1.carrera_empleado_id left join presupuesto p1_0 on p1_0.id_presupuesto=ce1_0.presupuesto_id_presupuesto where lm1_0.coche_mecanico_id_coche=?
Hibernate: select lc1_0.coche_componente_id_coche,lc1_0.id_componente,cc1_0.id,cc1_0.descripcion,cc1_0.imagen_carrera,cc1_0.localizacion,cc1_0.longitud_por_vuelta,cc1_0.longitud_total,cc1_0.nombre_circuito,cc1_0.num_vueltas,p1_0.id_presupuesto,p1_0.gastos_fijos,p1_0.gastos_variables,p1_0.ingresos_fijos,p1_0.ingresos_variables,p1_0.presupuesto_inicial,cc1_0.texto_alternativo,cc1_0.tipo_asfaltado,lc1_0.durabilidad,lc1_0.esta_daniado,jc1_0.id_empleado,jc1_1.apellidos,ce1_0.id,ce1_0.descripcion,ce1_0.imagen_carrera,ce1_0.localizacion,ce1_0.longitud_por_vuelta,ce1_0.longitud_total,ce1_0.nombre_circuito,ce1_0.num_vueltas,p2_0.id_presupuesto,p2_0.gastos_fijos,p2_0.gastos_variables,p2_0.ingresos_fijos,p2_0.ingresos_variables,p2_0.presupuesto_inicial,ce1_0.texto_alternativo,ce1_0.tipo_asfaltado,jc1_1.dni,jc1_1.fecha_nacimiento,jc1_1.foto,jc1_1.incentivo,jc1_1.incentivo_calculado,jc1_1.is_admin,jc1_1.is_mecanico,jc1_1.is_piloto,jc1_1.nombre,jc1_1.password,jc1_1.salario,jc1_1.texto_alternativo,jc1_1.username,lc1_0.marca,lc1_0.precio,lc1_0.tipo_componente from componente lc1_0 left join carrera cc1_0 on cc1_0.id=lc1_0.carrera_componente_id left join presupuesto p1_0 on p1_0.id_presupuesto=cc1_0.presupuesto_id_presupuesto left join (jefe_equipo jc1_0 join empleado jc1_1 on jc1_0.id_empleado=jc1_1.id_empleado) on jc1_0.id_empleado=lc1_0.jefe_componente_id_empleado left join carrera ce1_0 on ce1_0.id=jc1_1.carrera_empleado_id left join presupuesto p2_0 on p2_0.id_presupuesto=ce1_0.presupuesto_id_presupuesto where lc1_0.coche_componente_id_coche=?
Hibernate: select lc1_0.presupuesto_id_presupuesto,lc1_0.id,lc1_0.descripcion,lc1_0.imagen_carrera,lc1_0.localizacion,lc1_0.longitud_por_vuelta,lc1_0.longitud_total,lc1_0.nombre_circuito,lc1_0.num_vueltas,lc1_0.texto_alternativo,lc1_0.tipo_asfaltado from carrera lc1_0 where lc1_0.presupuesto_id_presupuesto=?
Hibernate: select le1_0.carrera_empleado_id,le1_0.id_empleado,case when le1_1.id_empleado is not null then 1 when le1_2.id_empleado is not null then 2 when le1_3.id_empleado is not null then 3 when le1_0.id_empleado is not null then 0 end,le1_0.apellidos,le1_0.dni,le1_0.fecha_nacimiento,le1_0.foto,le1_0.incentivo,le1_0.incentivo_calculado,le1_0.is_admin,le1_0.is_mecanico,le1_0.is_piloto,le1_0.nombre,le1_0.password,le1_0.salario,le1_0.texto_alternativo,le1_0.username,cm1_0.id_coche,cc1_0.id,cc1_0.descripcion,cc1_0.imagen_carrera,cc1_0.localizacion,cc1_0.longitud_por_vuelta,cc1_0.longitud_total,cc1_0.nombre_circuito,cc1_0.num_vueltas,p1_0.id_presupuesto,p1_0.gastos_fijos,p1_0.gastos_variables,p1_0.ingresos_fijos,p1_0.ingresos_variables,p1_0.presupuesto_inicial,cc1_0.texto_alternativo,cc1_0.tipo_asfaltado,cm1_0.esta_daniado,cm1_0.foto_coche,cm1_0.nombre,p2_0.id_empleado,p2_1.apellidos,p2_1.carrera_empleado_id,p2_1.dni,p2_1.fecha_nacimiento,p2_1.foto,p2_1.incentivo,p2_1.incentivo_calculado,p2_1.is_admin,p2_1.is_mecanico,p2_1.is_piloto,p2_1.nombre,p2_1.password,p2_1.salario,p2_1.texto_alternativo,p2_1.username,cm1_0.posicion_carrera,cm1_0.texto_alternativo,cp1_0.id_coche,cc2_0.id,cc2_0.descripcion,cc2_0.imagen_carrera,cc2_0.localizacion,cc2_0.longitud_por_vuelta,cc2_0.longitud_total,cc2_0.nombre_circuito,cc2_0.num_vueltas,p3_0.id_presupuesto,p3_0.gastos_fijos,p3_0.gastos_variables,p3_0.ingresos_fijos,p3_0.ingresos_variables,p3_0.presupuesto_inicial,cc2_0.texto_alternativo,cc2_0.tipo_asfaltado,cp1_0.esta_daniado,cp1_0.foto_coche,cp1_0.nombre,cp1_0.posicion_carrera,cp1_0.texto_alternativo from empleado le1_0 left join jefe_equipo le1_1 on le1_0.id_empleado=le1_1.id_empleado left join mecanico le1_2 on le1_0.id_empleado=le1_2.id_empleado left join piloto le1_3 on le1_0.id_empleado=le1_3.id_empleado left join coche cm1_0 on cm1_0.id_coche=le1_2.coche_mecanico_id_coche left join carrera cc1_0 on cc1_0.id=cm1_0.carrera_coche_id left join presupuesto p1_0 on p1_0.id_presupuesto=cc1_0.presupuesto_id_presupuesto left join (piloto p2_0 join empleado p2_1 on p2_0.id_empleado=p2_1.id_empleado) on cm1_0.id_coche=p2_0.coche_piloto_id_coche left join coche cp1_0 on cp1_0.id_coche=le1_3.coche_piloto_id_coche left join carrera cc2_0 on cc2_0.id=cp1_0.carrera_coche_id left join presupuesto p3_0 on p3_0.id_presupuesto=cc2_0.presupuesto_id_presupuesto where le1_0.carrera_empleado_id=?
Hibernate: select lc1_0.carrera_componente_id,lc1_0.id_componente,cc2_0.id_coche,cc3_0.id,cc3_0.descripcion,cc3_0.imagen_carrera,cc3_0.localizacion,cc3_0.longitud_por_vuelta,cc3_0.longitud_total,cc3_0.nombre_circuito,cc3_0.num_vueltas,p1_0.id_presupuesto,p1_0.gastos_fijos,p1_0.gastos_variables,p1_0.ingresos_fijos,p1_0.ingresos_variables,p1_0.presupuesto_inicial,cc3_0.texto_alternativo,cc3_0.tipo_asfaltado,cc2_0.esta_daniado,cc2_0.foto_coche,cc2_0.nombre,p2_0.id_empleado,p2_1.apellidos,ce1_0.id,ce1_0.descripcion,ce1_0.imagen_carrera,ce1_0.localizacion,ce1_0.longitud_por_vuelta,ce1_0.longitud_total,ce1_0.nombre_circuito,ce1_0.num_vueltas,p3_0.id_presupuesto,p3_0.gastos_fijos,p3_0.gastos_variables,p3_0.ingresos_fijos,p3_0.ingresos_variables,p3_0.presupuesto_inicial,ce1_0.texto_alternativo,ce1_0.tipo_asfaltado,p2_1.dni,p2_1.fecha_nacimiento,p2_1.foto,p2_1.incentivo,p2_1.incentivo_calculado,p2_1.is_admin,p2_1.is_mecanico,p2_1.is_piloto,p2_1.nombre,p2_1.password,p2_1.salario,p2_1.texto_alternativo,p2_1.username,cc2_0.posicion_carrera,cc2_0.texto_alternativo,lc1_0.durabilidad,lc1_0.esta_daniado,jc1_0.id_empleado,jc1_1.apellidos,ce2_0.id,ce2_0.descripcion,ce2_0.imagen_carrera,ce2_0.localizacion,ce2_0.longitud_por_vuelta,ce2_0.longitud_total,ce2_0.nombre_circuito,ce2_0.num_vueltas,p4_0.id_presupuesto,p4_0.gastos_fijos,p4_0.gastos_variables,p4_0.ingresos_fijos,p4_0.ingresos_variables,p4_0.presupuesto_inicial,ce2_0.texto_alternativo,ce2_0.tipo_asfaltado,jc1_1.dni,jc1_1.fecha_nacimiento,jc1_1.foto,jc1_1.incentivo,jc1_1.incentivo_calculado,jc1_1.is_admin,jc1_1.is_mecanico,jc1_1.is_piloto,jc1_1.nombre,jc1_1.password,jc1_1.salario,jc1_1.texto_alternativo,jc1_1.username,lc1_0.marca,lc1_0.precio,lc1_0.tipo_componente from componente lc1_0 left join coche cc2_0 on cc2_0.id_coche=lc1_0.coche_componente_id_coche left join carrera cc3_0 on cc3_0.id=cc2_0.carrera_coche_id left join presupuesto p1_0 on p1_0.id_presupuesto=cc3_0.presupuesto_id_presupuesto left join (piloto p2_0 join empleado p2_1 on p2_0.id_empleado=p2_1.id_empleado) on cc2_0.id_coche=p2_0.coche_piloto_id_coche left join carrera ce1_0 on ce1_0.id=p2_1.carrera_empleado_id left join presupuesto p3_0 on p3_0.id_presupuesto=ce1_0.presupuesto_id_presupuesto left join (jefe_equipo jc1_0 join empleado jc1_1 on jc1_0.id_empleado=jc1_1.id_empleado) on jc1_0.id_empleado=lc1_0.jefe_componente_id_empleado left join carrera ce2_0 on ce2_0.id=jc1_1.carrera_empleado_id left join presupuesto p4_0 on p4_0.id_presupuesto=ce2_0.presupuesto_id_presupuesto where lc1_0.carrera_componente_id=?
Hibernate: select lm1_0.coche_mecanico_id_coche,lm1_0.id_empleado,lm1_1.apellidos,ce1_0.id,ce1_0.descripcion,ce1_0.imagen_carrera,ce1_0.localizacion,ce1_0.longitud_por_vuelta,ce1_0.longitud_total,ce1_0.nombre_circuito,ce1_0.num_vueltas,p1_0.id_presupuesto,p1_0.gastos_fijos,p1_0.gastos_variables,p1_0.ingresos_fijos,p1_0.ingresos_variables,p1_0.presupuesto_inicial,ce1_0.texto_alternativo,ce1_0.tipo_asfaltado,lm1_1.dni,lm1_1.fecha_nacimiento,lm1_1.foto,lm1_1.incentivo,lm1_1.incentivo_calculado,lm1_1.is_admin,lm1_1.is_mecanico,lm1_1.is_piloto,lm1_1.nombre,lm1_1.password,lm1_1.salario,lm1_1.texto_alternativo,lm1_1.username from mecanico lm1_0 join empleado lm1_1 on lm1_0.id_empleado=lm1_1.id_empleado left join carrera ce1_0 on ce1_0.id=lm1_1.carrera_empleado_id left join presupuesto p1_0 on p1_0.id_presupuesto=ce1_0.presupuesto_id_presupuesto where lm1_0.coche_mecanico_id_coche=?
Hibernate: select lc1_0.coche_componente_id_coche,lc1_0.id_componente,cc1_0.id,cc1_0.descripcion,cc1_0.imagen_carrera,cc1_0.localizacion,cc1_0.longitud_por_vuelta,cc1_0.longitud_total,cc1_0.nombre_circuito,cc1_0.num_vueltas,p1_0.id_presupuesto,p1_0.gastos_fijos,p1_0.gastos_variables,p1_0.ingresos_fijos,p1_0.ingresos_variables,p1_0.presupuesto_inicial,cc1_0.texto_alternativo,cc1_0.tipo_asfaltado,lc1_0.durabilidad,lc1_0.esta_daniado,jc1_0.id_empleado,jc1_1.apellidos,ce1_0.id,ce1_0.descripcion,ce1_0.imagen_carrera,ce1_0.localizacion,ce1_0.longitud_por_vuelta,ce1_0.longitud_total,ce1_0.nombre_circuito,ce1_0.num_vueltas,p2_0.id_presupuesto,p2_0.gastos_fijos,p2_0.gastos_variables,p2_0.ingresos_fijos,p2_0.ingresos_variables,p2_0.presupuesto_inicial,ce1_0.texto_alternativo,ce1_0.tipo_asfaltado,jc1_1.dni,jc1_1.fecha_nacimiento,jc1_1.foto,jc1_1.incentivo,jc1_1.incentivo_calculado,jc1_1.is_admin,jc1_1.is_mecanico,jc1_1.is_piloto,jc1_1.nombre,jc1_1.password,jc1_1.salario,jc1_1.texto_alternativo,jc1_1.username,lc1_0.marca,lc1_0.precio,lc1_0.tipo_componente from componente lc1_0 left join carrera cc1_0 on cc1_0.id=lc1_0.carrera_componente_id left join presupuesto p1_0 on p1_0.id_presupuesto=cc1_0.presupuesto_id_presupuesto left join (jefe_equipo jc1_0 join empleado jc1_1 on jc1_0.id_empleado=jc1_1.id_empleado) on jc1_0.id_empleado=lc1_0.jefe_componente_id_empleado left join carrera ce1_0 on ce1_0.id=jc1_1.carrera_empleado_id left join presupuesto p2_0 on p2_0.id_presupuesto=ce1_0.presupuesto_id_presupuesto where lc1_0.coche_componente_id_coche=?
Hibernate: select e1_0.id_empleado,case when e1_1.id_empleado is not null then 1 when e1_2.id_empleado is not null then 2 when e1_3.id_empleado is not null then 3 when e1_0.id_empleado is not null then 0 end,e1_0.apellidos,e1_0.carrera_empleado_id,e1_0.dni,e1_0.fecha_nacimiento,e1_0.foto,e1_0.incentivo,e1_0.incentivo_calculado,e1_0.is_admin,e1_0.is_mecanico,e1_0.is_piloto,e1_0.nombre,e1_0.password,e1_0.salario,e1_0.texto_alternativo,e1_0.username,e1_2.coche_mecanico_id_coche,e1_3.coche_piloto_id_coche from empleado e1_0 left join jefe_equipo e1_1 on e1_0.id_empleado=e1_1.id_empleado left join mecanico e1_2 on e1_0.id_empleado=e1_2.id_empleado left join piloto e1_3 on e1_0.id_empleado=e1_3.id_empleado
Hibernate: select c1_0.id,c1_0.descripcion,c1_0.imagen_carrera,c1_0.localizacion,c1_0.longitud_por_vuelta,c1_0.longitud_total,c1_0.nombre_circuito,c1_0.num_vueltas,p1_0.id_presupuesto,p1_0.gastos_fijos,p1_0.gastos_variables,p1_0.ingresos_fijos,p1_0.ingresos_variables,p1_0.presupuesto_inicial,c1_0.texto_alternativo,c1_0.tipo_asfaltado,lc1_0.carrera_coche_id,lc1_0.id_coche,lc1_0.esta_daniado,lc1_0.foto_coche,lc1_0.nombre,p2_0.id_empleado,p2_1.apellidos,ce1_0.id,ce1_0.descripcion,ce1_0.imagen_carrera,ce1_0.localizacion,ce1_0.longitud_por_vuelta,ce1_0.longitud_total,ce1_0.nombre_circuito,ce1_0.num_vueltas,p3_0.id_presupuesto,p3_0.gastos_fijos,p3_0.gastos_variables,p3_0.ingresos_fijos,p3_0.ingresos_variables,p3_0.presupuesto_inicial,ce1_0.texto_alternativo,ce1_0.tipo_asfaltado,p2_1.dni,p2_1.fecha_nacimiento,p2_1.foto,p2_1.incentivo,p2_1.incentivo_calculado,p2_1.is_admin,p2_1.is_mecanico,p2_1.is_piloto,p2_1.nombre,p2_1.password,p2_1.salario,p2_1.texto_alternativo,p2_1.username,lc1_0.posicion_carrera,lc1_0.texto_alternativo from carrera c1_0 left join presupuesto p1_0 on p1_0.id_presupuesto=c1_0.presupuesto_id_presupuesto left join coche lc1_0 on c1_0.id=lc1_0.carrera_coche_id left join (piloto p2_0 join empleado p2_1 on p2_0.id_empleado=p2_1.id_empleado) on lc1_0.id_coche=p2_0.coche_piloto_id_coche left join carrera ce1_0 on ce1_0.id=p2_1.carrera_empleado_id left join presupuesto p3_0 on p3_0.id_presupuesto=ce1_0.presupuesto_id_presupuesto where c1_0.id=?
Hibernate: select lc1_0.jefe_componente_id_empleado,lc1_0.id_componente,cc1_0.id,cc1_0.descripcion,cc1_0.imagen_carrera,cc1_0.localizacion,cc1_0.longitud_por_vuelta,cc1_0.longitud_total,cc1_0.nombre_circuito,cc1_0.num_vueltas,p1_0.id_presupuesto,p1_0.gastos_fijos,p1_0.gastos_variables,p1_0.ingresos_fijos,p1_0.ingresos_variables,p1_0.presupuesto_inicial,cc1_0.texto_alternativo,cc1_0.tipo_asfaltado,cc2_0.id_coche,cc3_0.id,cc3_0.descripcion,cc3_0.imagen_carrera,cc3_0.localizacion,cc3_0.longitud_por_vuelta,cc3_0.longitud_total,cc3_0.nombre_circuito,cc3_0.num_vueltas,p2_0.id_presupuesto,p2_0.gastos_fijos,p2_0.gastos_variables,p2_0.ingresos_fijos,p2_0.ingresos_variables,p2_0.presupuesto_inicial,cc3_0.texto_alternativo,cc3_0.tipo_asfaltado,cc2_0.esta_daniado,cc2_0.foto_coche,cc2_0.nombre,p3_0.id_empleado,p3_1.apellidos,ce1_0.id,ce1_0.descripcion,ce1_0.imagen_carrera,ce1_0.localizacion,ce1_0.longitud_por_vuelta,ce1_0.longitud_total,ce1_0.nombre_circuito,ce1_0.num_vueltas,p4_0.id_presupuesto,p4_0.gastos_fijos,p4_0.gastos_variables,p4_0.ingresos_fijos,p4_0.ingresos_variables,p4_0.presupuesto_inicial,ce1_0.texto_alternativo,ce1_0.tipo_asfaltado,p3_1.dni,p3_1.fecha_nacimiento,p3_1.foto,p3_1.incentivo,p3_1.incentivo_calculado,p3_1.is_admin,p3_1.is_mecanico,p3_1.is_piloto,p3_1.nombre,p3_1.password,p3_1.salario,p3_1.texto_alternativo,p3_1.username,cc2_0.posicion_carrera,cc2_0.texto_alternativo,lc1_0.durabilidad,lc1_0.esta_daniado,lc1_0.marca,lc1_0.precio,lc1_0.tipo_componente from componente lc1_0 left join carrera cc1_0 on cc1_0.id=lc1_0.carrera_componente_id left join presupuesto p1_0 on p1_0.id_presupuesto=cc1_0.presupuesto_id_presupuesto left join coche cc2_0 on cc2_0.id_coche=lc1_0.coche_componente_id_coche left join carrera cc3_0 on cc3_0.id=cc2_0.carrera_coche_id left join presupuesto p2_0 on p2_0.id_presupuesto=cc3_0.presupuesto_id_presupuesto left join (piloto p3_0 join empleado p3_1 on p3_0.id_empleado=p3_1.id_empleado) on cc2_0.id_coche=p3_0.coche_piloto_id_coche left join carrera ce1_0 on ce1_0.id=p3_1.carrera_empleado_id left join presupuesto p4_0 on p4_0.id_presupuesto=ce1_0.presupuesto_id_presupuesto where lc1_0.jefe_componente_id_empleado=?
Hibernate: select lm1_0.coche_mecanico_id_coche,lm1_0.id_empleado,lm1_1.apellidos,ce1_0.id,ce1_0.descripcion,ce1_0.imagen_carrera,ce1_0.localizacion,ce1_0.longitud_por_vuelta,ce1_0.longitud_total,ce1_0.nombre_circuito,ce1_0.num_vueltas,p1_0.id_presupuesto,p1_0.gastos_fijos,p1_0.gastos_variables,p1_0.ingresos_fijos,p1_0.ingresos_variables,p1_0.presupuesto_inicial,ce1_0.texto_alternativo,ce1_0.tipo_asfaltado,lm1_1.dni,lm1_1.fecha_nacimiento,lm1_1.foto,lm1_1.incentivo,lm1_1.incentivo_calculado,lm1_1.is_admin,lm1_1.is_mecanico,lm1_1.is_piloto,lm1_1.nombre,lm1_1.password,lm1_1.salario,lm1_1.texto_alternativo,lm1_1.username from mecanico lm1_0 join empleado lm1_1 on lm1_0.id_empleado=lm1_1.id_empleado left join carrera ce1_0 on ce1_0.id=lm1_1.carrera_empleado_id left join presupuesto p1_0 on p1_0.id_presupuesto=ce1_0.presupuesto_id_presupuesto where lm1_0.coche_mecanico_id_coche=?
Hibernate: select lc1_0.coche_componente_id_coche,lc1_0.id_componente,cc1_0.id,cc1_0.descripcion,cc1_0.imagen_carrera,cc1_0.localizacion,cc1_0.longitud_por_vuelta,cc1_0.longitud_total,cc1_0.nombre_circuito,cc1_0.num_vueltas,p1_0.id_presupuesto,p1_0.gastos_fijos,p1_0.gastos_variables,p1_0.ingresos_fijos,p1_0.ingresos_variables,p1_0.presupuesto_inicial,cc1_0.texto_alternativo,cc1_0.tipo_asfaltado,lc1_0.durabilidad,lc1_0.esta_daniado,jc1_0.id_empleado,jc1_1.apellidos,ce1_0.id,ce1_0.descripcion,ce1_0.imagen_carrera,ce1_0.localizacion,ce1_0.longitud_por_vuelta,ce1_0.longitud_total,ce1_0.nombre_circuito,ce1_0.num_vueltas,p2_0.id_presupuesto,p2_0.gastos_fijos,p2_0.gastos_variables,p2_0.ingresos_fijos,p2_0.ingresos_variables,p2_0.presupuesto_inicial,ce1_0.texto_alternativo,ce1_0.tipo_asfaltado,jc1_1.dni,jc1_1.fecha_nacimiento,jc1_1.foto,jc1_1.incentivo,jc1_1.incentivo_calculado,jc1_1.is_admin,jc1_1.is_mecanico,jc1_1.is_piloto,jc1_1.nombre,jc1_1.password,jc1_1.salario,jc1_1.texto_alternativo,jc1_1.username,lc1_0.marca,lc1_0.precio,lc1_0.tipo_componente from componente lc1_0 left join carrera cc1_0 on cc1_0.id=lc1_0.carrera_componente_id left join presupuesto p1_0 on p1_0.id_presupuesto=cc1_0.presupuesto_id_presupuesto left join (jefe_equipo jc1_0 join empleado jc1_1 on jc1_0.id_empleado=jc1_1.id_empleado) on jc1_0.id_empleado=lc1_0.jefe_componente_id_empleado left join carrera ce1_0 on ce1_0.id=jc1_1.carrera_empleado_id left join presupuesto p2_0 on p2_0.id_presupuesto=ce1_0.presupuesto_id_presupuesto where lc1_0.coche_componente_id_coche=?
Hibernate: select lc1_0.presupuesto_id_presupuesto,lc1_0.id,lc1_0.descripcion,lc1_0.imagen_carrera,lc1_0.localizacion,lc1_0.longitud_por_vuelta,lc1_0.longitud_total,lc1_0.nombre_circuito,lc1_0.num_vueltas,lc1_0.texto_alternativo,lc1_0.tipo_asfaltado from carrera lc1_0 where lc1_0.presupuesto_id_presupuesto=?
Hibernate: select le1_0.carrera_empleado_id,le1_0.id_empleado,case when le1_1.id_empleado is not null then 1 when le1_2.id_empleado is not null then 2 when le1_3.id_empleado is not null then 3 when le1_0.id_empleado is not null then 0 end,le1_0.apellidos,le1_0.dni,le1_0.fecha_nacimiento,le1_0.foto,le1_0.incentivo,le1_0.incentivo_calculado,le1_0.is_admin,le1_0.is_mecanico,le1_0.is_piloto,le1_0.nombre,le1_0.password,le1_0.salario,le1_0.texto_alternativo,le1_0.username,cm1_0.id_coche,cc1_0.id,cc1_0.descripcion,cc1_0.imagen_carrera,cc1_0.localizacion,cc1_0.longitud_por_vuelta,cc1_0.longitud_total,cc1_0.nombre_circuito,cc1_0.num_vueltas,p1_0.id_presupuesto,p1_0.gastos_fijos,p1_0.gastos_variables,p1_0.ingresos_fijos,p1_0.ingresos_variables,p1_0.presupuesto_inicial,cc1_0.texto_alternativo,cc1_0.tipo_asfaltado,cm1_0.esta_daniado,cm1_0.foto_coche,cm1_0.nombre,p2_0.id_empleado,p2_1.apellidos,p2_1.carrera_empleado_id,p2_1.dni,p2_1.fecha_nacimiento,p2_1.foto,p2_1.incentivo,p2_1.incentivo_calculado,p2_1.is_admin,p2_1.is_mecanico,p2_1.is_piloto,p2_1.nombre,p2_1.password,p2_1.salario,p2_1.texto_alternativo,p2_1.username,cm1_0.posicion_carrera,cm1_0.texto_alternativo,cp1_0.id_coche,cc2_0.id,cc2_0.descripcion,cc2_0.imagen_carrera,cc2_0.localizacion,cc2_0.longitud_por_vuelta,cc2_0.longitud_total,cc2_0.nombre_circuito,cc2_0.num_vueltas,p3_0.id_presupuesto,p3_0.gastos_fijos,p3_0.gastos_variables,p3_0.ingresos_fijos,p3_0.ingresos_variables,p3_0.presupuesto_inicial,cc2_0.texto_alternativo,cc2_0.tipo_asfaltado,cp1_0.esta_daniado,cp1_0.foto_coche,cp1_0.nombre,cp1_0.posicion_carrera,cp1_0.texto_alternativo from empleado le1_0 left join jefe_equipo le1_1 on le1_0.id_empleado=le1_1.id_empleado left join mecanico le1_2 on le1_0.id_empleado=le1_2.id_empleado left join piloto le1_3 on le1_0.id_empleado=le1_3.id_empleado left join coche cm1_0 on cm1_0.id_coche=le1_2.coche_mecanico_id_coche left join carrera cc1_0 on cc1_0.id=cm1_0.carrera_coche_id left join presupuesto p1_0 on p1_0.id_presupuesto=cc1_0.presupuesto_id_presupuesto left join (piloto p2_0 join empleado p2_1 on p2_0.id_empleado=p2_1.id_empleado) on cm1_0.id_coche=p2_0.coche_piloto_id_coche left join coche cp1_0 on cp1_0.id_coche=le1_3.coche_piloto_id_coche left join carrera cc2_0 on cc2_0.id=cp1_0.carrera_coche_id left join presupuesto p3_0 on p3_0.id_presupuesto=cc2_0.presupuesto_id_presupuesto where le1_0.carrera_empleado_id=?
Hibernate: select lc1_0.carrera_componente_id,lc1_0.id_componente,cc2_0.id_coche,cc3_0.id,cc3_0.descripcion,cc3_0.imagen_carrera,cc3_0.localizacion,cc3_0.longitud_por_vuelta,cc3_0.longitud_total,cc3_0.nombre_circuito,cc3_0.num_vueltas,p1_0.id_presupuesto,p1_0.gastos_fijos,p1_0.gastos_variables,p1_0.ingresos_fijos,p1_0.ingresos_variables,p1_0.presupuesto_inicial,cc3_0.texto_alternativo,cc3_0.tipo_asfaltado,cc2_0.esta_daniado,cc2_0.foto_coche,cc2_0.nombre,p2_0.id_empleado,p2_1.apellidos,ce1_0.id,ce1_0.descripcion,ce1_0.imagen_carrera,ce1_0.localizacion,ce1_0.longitud_por_vuelta,ce1_0.longitud_total,ce1_0.nombre_circuito,ce1_0.num_vueltas,p3_0.id_presupuesto,p3_0.gastos_fijos,p3_0.gastos_variables,p3_0.ingresos_fijos,p3_0.ingresos_variables,p3_0.presupuesto_inicial,ce1_0.texto_alternativo,ce1_0.tipo_asfaltado,p2_1.dni,p2_1.fecha_nacimiento,p2_1.foto,p2_1.incentivo,p2_1.incentivo_calculado,p2_1.is_admin,p2_1.is_mecanico,p2_1.is_piloto,p2_1.nombre,p2_1.password,p2_1.salario,p2_1.texto_alternativo,p2_1.username,cc2_0.posicion_carrera,cc2_0.texto_alternativo,lc1_0.durabilidad,lc1_0.esta_daniado,jc1_0.id_empleado,jc1_1.apellidos,ce2_0.id,ce2_0.descripcion,ce2_0.imagen_carrera,ce2_0.localizacion,ce2_0.longitud_por_vuelta,ce2_0.longitud_total,ce2_0.nombre_circuito,ce2_0.num_vueltas,p4_0.id_presupuesto,p4_0.gastos_fijos,p4_0.gastos_variables,p4_0.ingresos_fijos,p4_0.ingresos_variables,p4_0.presupuesto_inicial,ce2_0.texto_alternativo,ce2_0.tipo_asfaltado,jc1_1.dni,jc1_1.fecha_nacimiento,jc1_1.foto,jc1_1.incentivo,jc1_1.incentivo_calculado,jc1_1.is_admin,jc1_1.is_mecanico,jc1_1.is_piloto,jc1_1.nombre,jc1_1.password,jc1_1.salario,jc1_1.texto_alternativo,jc1_1.username,lc1_0.marca,lc1_0.precio,lc1_0.tipo_componente from componente lc1_0 left join coche cc2_0 on cc2_0.id_coche=lc1_0.coche_componente_id_coche left join carrera cc3_0 on cc3_0.id=cc2_0.carrera_coche_id left join presupuesto p1_0 on p1_0.id_presupuesto=cc3_0.presupuesto_id_presupuesto left join (piloto p2_0 join empleado p2_1 on p2_0.id_empleado=p2_1.id_empleado) on cc2_0.id_coche=p2_0.coche_piloto_id_coche left join carrera ce1_0 on ce1_0.id=p2_1.carrera_empleado_id left join presupuesto p3_0 on p3_0.id_presupuesto=ce1_0.presupuesto_id_presupuesto left join (jefe_equipo jc1_0 join empleado jc1_1 on jc1_0.id_empleado=jc1_1.id_empleado) on jc1_0.id_empleado=lc1_0.jefe_componente_id_empleado left join carrera ce2_0 on ce2_0.id=jc1_1.carrera_empleado_id left join presupuesto p4_0 on p4_0.id_presupuesto=ce2_0.presupuesto_id_presupuesto where lc1_0.carrera_componente_id=?
Hibernate: select lm1_0.coche_mecanico_id_coche,lm1_0.id_empleado,lm1_1.apellidos,ce1_0.id,ce1_0.descripcion,ce1_0.imagen_carrera,ce1_0.localizacion,ce1_0.longitud_por_vuelta,ce1_0.longitud_total,ce1_0.nombre_circuito,ce1_0.num_vueltas,p1_0.id_presupuesto,p1_0.gastos_fijos,p1_0.gastos_variables,p1_0.ingresos_fijos,p1_0.ingresos_variables,p1_0.presupuesto_inicial,ce1_0.texto_alternativo,ce1_0.tipo_asfaltado,lm1_1.dni,lm1_1.fecha_nacimiento,lm1_1.foto,lm1_1.incentivo,lm1_1.incentivo_calculado,lm1_1.is_admin,lm1_1.is_mecanico,lm1_1.is_piloto,lm1_1.nombre,lm1_1.password,lm1_1.salario,lm1_1.texto_alternativo,lm1_1.username from mecanico lm1_0 join empleado lm1_1 on lm1_0.id_empleado=lm1_1.id_empleado left join carrera ce1_0 on ce1_0.id=lm1_1.carrera_empleado_id left join presupuesto p1_0 on p1_0.id_presupuesto=ce1_0.presupuesto_id_presupuesto where lm1_0.coche_mecanico_id_coche=?
Hibernate: select lc1_0.coche_componente_id_coche,lc1_0.id_componente,cc1_0.id,cc1_0.descripcion,cc1_0.imagen_carrera,cc1_0.localizacion,cc1_0.longitud_por_vuelta,cc1_0.longitud_total,cc1_0.nombre_circuito,cc1_0.num_vueltas,p1_0.id_presupuesto,p1_0.gastos_fijos,p1_0.gastos_variables,p1_0.ingresos_fijos,p1_0.ingresos_variables,p1_0.presupuesto_inicial,cc1_0.texto_alternativo,cc1_0.tipo_asfaltado,lc1_0.durabilidad,lc1_0.esta_daniado,jc1_0.id_empleado,jc1_1.apellidos,ce1_0.id,ce1_0.descripcion,ce1_0.imagen_carrera,ce1_0.localizacion,ce1_0.longitud_por_vuelta,ce1_0.longitud_total,ce1_0.nombre_circuito,ce1_0.num_vueltas,p2_0.id_presupuesto,p2_0.gastos_fijos,p2_0.gastos_variables,p2_0.ingresos_fijos,p2_0.ingresos_variables,p2_0.presupuesto_inicial,ce1_0.texto_alternativo,ce1_0.tipo_asfaltado,jc1_1.dni,jc1_1.fecha_nacimiento,jc1_1.foto,jc1_1.incentivo,jc1_1.incentivo_calculado,jc1_1.is_admin,jc1_1.is_mecanico,jc1_1.is_piloto,jc1_1.nombre,jc1_1.password,jc1_1.salario,jc1_1.texto_alternativo,jc1_1.username,lc1_0.marca,lc1_0.precio,lc1_0.tipo_componente from componente lc1_0 left join carrera cc1_0 on cc1_0.id=lc1_0.carrera_componente_id left join presupuesto p1_0 on p1_0.id_presupuesto=cc1_0.presupuesto_id_presupuesto left join (jefe_equipo jc1_0 join empleado jc1_1 on jc1_0.id_empleado=jc1_1.id_empleado) on jc1_0.id_empleado=lc1_0.jefe_componente_id_empleado left join carrera ce1_0 on ce1_0.id=jc1_1.carrera_empleado_id left join presupuesto p2_0 on p2_0.id_presupuesto=ce1_0.presupuesto_id_presupuesto where lc1_0.coche_componente_id_coche=?
Hibernate: select p1_0.id_presupuesto,p1_0.gastos_fijos,p1_0.gastos_variables,p1_0.ingresos_fijos,p1_0.ingresos_variables,p1_0.presupuesto_inicial,lc1_0.presupuesto_id_presupuesto,lc1_0.id,lc1_0.descripcion,lc1_0.imagen_carrera,lc1_0.localizacion,lc1_0.longitud_por_vuelta,lc1_0.longitud_total,lc1_0.nombre_circuito,lc1_0.num_vueltas,lc1_0.texto_alternativo,lc1_0.tipo_asfaltado from presupuesto p1_0 left join carrera lc1_0 on p1_0.id_presupuesto=lc1_0.presupuesto_id_presupuesto where p1_0.id_presupuesto=?
Hibernate: select le1_0.carrera_empleado_id,le1_0.id_empleado,case when le1_1.id_empleado is not null then 1 when le1_2.id_empleado is not null then 2 when le1_3.id_empleado is not null then 3 when le1_0.id_empleado is not null then 0 end,le1_0.apellidos,le1_0.dni,le1_0.fecha_nacimiento,le1_0.foto,le1_0.incentivo,le1_0.incentivo_calculado,le1_0.is_admin,le1_0.is_mecanico,le1_0.is_piloto,le1_0.nombre,le1_0.password,le1_0.salario,le1_0.texto_alternativo,le1_0.username,cm1_0.id_coche,cc1_0.id,cc1_0.descripcion,cc1_0.imagen_carrera,cc1_0.localizacion,cc1_0.longitud_por_vuelta,cc1_0.longitud_total,cc1_0.nombre_circuito,cc1_0.num_vueltas,p1_0.id_presupuesto,p1_0.gastos_fijos,p1_0.gastos_variables,p1_0.ingresos_fijos,p1_0.ingresos_variables,p1_0.presupuesto_inicial,cc1_0.texto_alternativo,cc1_0.tipo_asfaltado,cm1_0.esta_daniado,cm1_0.foto_coche,cm1_0.nombre,p2_0.id_empleado,p2_1.apellidos,p2_1.carrera_empleado_id,p2_1.dni,p2_1.fecha_nacimiento,p2_1.foto,p2_1.incentivo,p2_1.incentivo_calculado,p2_1.is_admin,p2_1.is_mecanico,p2_1.is_piloto,p2_1.nombre,p2_1.password,p2_1.salario,p2_1.texto_alternativo,p2_1.username,cm1_0.posicion_carrera,cm1_0.texto_alternativo,cp1_0.id_coche,cc2_0.id,cc2_0.descripcion,cc2_0.imagen_carrera,cc2_0.localizacion,cc2_0.longitud_por_vuelta,cc2_0.longitud_total,cc2_0.nombre_circuito,cc2_0.num_vueltas,p3_0.id_presupuesto,p3_0.gastos_fijos,p3_0.gastos_variables,p3_0.ingresos_fijos,p3_0.ingresos_variables,p3_0.presupuesto_inicial,cc2_0.texto_alternativo,cc2_0.tipo_asfaltado,cp1_0.esta_daniado,cp1_0.foto_coche,cp1_0.nombre,cp1_0.posicion_carrera,cp1_0.texto_alternativo from empleado le1_0 left join jefe_equipo le1_1 on le1_0.id_empleado=le1_1.id_empleado left join mecanico le1_2 on le1_0.id_empleado=le1_2.id_empleado left join piloto le1_3 on le1_0.id_empleado=le1_3.id_empleado left join coche cm1_0 on cm1_0.id_coche=le1_2.coche_mecanico_id_coche left join carrera cc1_0 on cc1_0.id=cm1_0.carrera_coche_id left join presupuesto p1_0 on p1_0.id_presupuesto=cc1_0.presupuesto_id_presupuesto left join (piloto p2_0 join empleado p2_1 on p2_0.id_empleado=p2_1.id_empleado) on cm1_0.id_coche=p2_0.coche_piloto_id_coche left join coche cp1_0 on cp1_0.id_coche=le1_3.coche_piloto_id_coche left join carrera cc2_0 on cc2_0.id=cp1_0.carrera_coche_id left join presupuesto p3_0 on p3_0.id_presupuesto=cc2_0.presupuesto_id_presupuesto where le1_0.carrera_empleado_id=?
Hibernate: select p1_0.id_empleado,p1_1.apellidos,ce1_0.id,ce1_0.descripcion,ce1_0.imagen_carrera,ce1_0.localizacion,ce1_0.longitud_por_vuelta,ce1_0.longitud_total,ce1_0.nombre_circuito,ce1_0.num_vueltas,p2_0.id_presupuesto,p2_0.gastos_fijos,p2_0.gastos_variables,p2_0.ingresos_fijos,p2_0.ingresos_variables,p2_0.presupuesto_inicial,ce1_0.texto_alternativo,ce1_0.tipo_asfaltado,lc1_0.carrera_coche_id,lc1_0.id_coche,lc1_0.esta_daniado,lc1_0.foto_coche,lc1_0.nombre,p3_0.id_empleado,p3_1.apellidos,p3_1.carrera_empleado_id,p3_1.dni,p3_1.fecha_nacimiento,p3_1.foto,p3_1.incentivo,p3_1.incentivo_calculado,p3_1.is_admin,p3_1.is_mecanico,p3_1.is_piloto,p3_1.nombre,p3_1.password,p3_1.salario,p3_1.texto_alternativo,p3_1.username,lc1_0.posicion_carrera,lc1_0.texto_alternativo,p1_1.dni,p1_1.fecha_nacimiento,p1_1.foto,p1_1.incentivo,p1_1.incentivo_calculado,p1_1.is_admin,p1_1.is_mecanico,p1_1.is_piloto,p1_1.nombre,p1_1.password,p1_1.salario,p1_1.texto_alternativo,p1_1.username,cp1_0.id_coche,cc2_0.id,cc2_0.descripcion,cc2_0.imagen_carrera,cc2_0.localizacion,cc2_0.longitud_por_vuelta,cc2_0.longitud_total,cc2_0.nombre_circuito,cc2_0.num_vueltas,p4_0.id_presupuesto,p4_0.gastos_fijos,p4_0.gastos_variables,p4_0.ingresos_fijos,p4_0.ingresos_variables,p4_0.presupuesto_inicial,cc2_0.texto_alternativo,cc2_0.tipo_asfaltado,cp1_0.esta_daniado,cp1_0.foto_coche,cp1_0.nombre,cp1_0.posicion_carrera,cp1_0.texto_alternativo from piloto p1_0 join empleado p1_1 on p1_0.id_empleado=p1_1.id_empleado left join carrera ce1_0 on ce1_0.id=p1_1.carrera_empleado_id left join presupuesto p2_0 on p2_0.id_presupuesto=ce1_0.presupuesto_id_presupuesto left join coche lc1_0 on ce1_0.id=lc1_0.carrera_coche_id left join (piloto p3_0 join empleado p3_1 on p3_0.id_empleado=p3_1.id_empleado) on lc1_0.id_coche=p3_0.coche_piloto_id_coche left join coche cp1_0 on cp1_0.id_coche=p1_0.coche_piloto_id_coche left join carrera cc2_0 on cc2_0.id=cp1_0.carrera_coche_id left join presupuesto p4_0 on p4_0.id_presupuesto=cc2_0.presupuesto_id_presupuesto where p1_0.coche_piloto_id_coche=?
Hibernate: select lm1_0.coche_mecanico_id_coche,lm1_0.id_empleado,lm1_1.apellidos,ce1_0.id,ce1_0.descripcion,ce1_0.imagen_carrera,ce1_0.localizacion,ce1_0.longitud_por_vuelta,ce1_0.longitud_total,ce1_0.nombre_circuito,ce1_0.num_vueltas,p1_0.id_presupuesto,p1_0.gastos_fijos,p1_0.gastos_variables,p1_0.ingresos_fijos,p1_0.ingresos_variables,p1_0.presupuesto_inicial,ce1_0.texto_alternativo,ce1_0.tipo_asfaltado,lm1_1.dni,lm1_1.fecha_nacimiento,lm1_1.foto,lm1_1.incentivo,lm1_1.incentivo_calculado,lm1_1.is_admin,lm1_1.is_mecanico,lm1_1.is_piloto,lm1_1.nombre,lm1_1.password,lm1_1.salario,lm1_1.texto_alternativo,lm1_1.username from mecanico lm1_0 join empleado lm1_1 on lm1_0.id_empleado=lm1_1.id_empleado left join carrera ce1_0 on ce1_0.id=lm1_1.carrera_empleado_id left join presupuesto p1_0 on p1_0.id_presupuesto=ce1_0.presupuesto_id_presupuesto where lm1_0.coche_mecanico_id_coche=?
Hibernate: select lc1_0.coche_componente_id_coche,lc1_0.id_componente,cc1_0.id,cc1_0.descripcion,cc1_0.imagen_carrera,cc1_0.localizacion,cc1_0.longitud_por_vuelta,cc1_0.longitud_total,cc1_0.nombre_circuito,cc1_0.num_vueltas,p1_0.id_presupuesto,p1_0.gastos_fijos,p1_0.gastos_variables,p1_0.ingresos_fijos,p1_0.ingresos_variables,p1_0.presupuesto_inicial,cc1_0.texto_alternativo,cc1_0.tipo_asfaltado,lc1_0.durabilidad,lc1_0.esta_daniado,jc1_0.id_empleado,jc1_1.apellidos,ce1_0.id,ce1_0.descripcion,ce1_0.imagen_carrera,ce1_0.localizacion,ce1_0.longitud_por_vuelta,ce1_0.longitud_total,ce1_0.nombre_circuito,ce1_0.num_vueltas,p2_0.id_presupuesto,p2_0.gastos_fijos,p2_0.gastos_variables,p2_0.ingresos_fijos,p2_0.ingresos_variables,p2_0.presupuesto_inicial,ce1_0.texto_alternativo,ce1_0.tipo_asfaltado,jc1_1.dni,jc1_1.fecha_nacimiento,jc1_1.foto,jc1_1.incentivo,jc1_1.incentivo_calculado,jc1_1.is_admin,jc1_1.is_mecanico,jc1_1.is_piloto,jc1_1.nombre,jc1_1.password,jc1_1.salario,jc1_1.texto_alternativo,jc1_1.username,lc1_0.marca,lc1_0.precio,lc1_0.tipo_componente from componente lc1_0 left join carrera cc1_0 on cc1_0.id=lc1_0.carrera_componente_id left join presupuesto p1_0 on p1_0.id_presupuesto=cc1_0.presupuesto_id_presupuesto left join (jefe_equipo jc1_0 join empleado jc1_1 on jc1_0.id_empleado=jc1_1.id_empleado) on jc1_0.id_empleado=lc1_0.jefe_componente_id_empleado left join carrera ce1_0 on ce1_0.id=jc1_1.carrera_empleado_id left join presupuesto p2_0 on p2_0.id_presupuesto=ce1_0.presupuesto_id_presupuesto where lc1_0.coche_componente_id_coche=?
Hibernate: select lc1_0.jefe_componente_id_empleado,lc1_0.id_componente,cc1_0.id,cc1_0.descripcion,cc1_0.imagen_carrera,cc1_0.localizacion,cc1_0.longitud_por_vuelta,cc1_0.longitud_total,cc1_0.nombre_circuito,cc1_0.num_vueltas,p1_0.id_presupuesto,p1_0.gastos_fijos,p1_0.gastos_variables,p1_0.ingresos_fijos,p1_0.ingresos_variables,p1_0.presupuesto_inicial,cc1_0.texto_alternativo,cc1_0.tipo_asfaltado,cc2_0.id_coche,cc3_0.id,cc3_0.descripcion,cc3_0.imagen_carrera,cc3_0.localizacion,cc3_0.longitud_por_vuelta,cc3_0.longitud_total,cc3_0.nombre_circuito,cc3_0.num_vueltas,p2_0.id_presupuesto,p2_0.gastos_fijos,p2_0.gastos_variables,p2_0.ingresos_fijos,p2_0.ingresos_variables,p2_0.presupuesto_inicial,cc3_0.texto_alternativo,cc3_0.tipo_asfaltado,cc2_0.esta_daniado,cc2_0.foto_coche,cc2_0.nombre,p3_0.id_empleado,p3_1.apellidos,ce1_0.id,ce1_0.descripcion,ce1_0.imagen_carrera,ce1_0.localizacion,ce1_0.longitud_por_vuelta,ce1_0.longitud_total,ce1_0.nombre_circuito,ce1_0.num_vueltas,p4_0.id_presupuesto,p4_0.gastos_fijos,p4_0.gastos_variables,p4_0.ingresos_fijos,p4_0.ingresos_variables,p4_0.presupuesto_inicial,ce1_0.texto_alternativo,ce1_0.tipo_asfaltado,p3_1.dni,p3_1.fecha_nacimiento,p3_1.foto,p3_1.incentivo,p3_1.incentivo_calculado,p3_1.is_admin,p3_1.is_mecanico,p3_1.is_piloto,p3_1.nombre,p3_1.password,p3_1.salario,p3_1.texto_alternativo,p3_1.username,cc2_0.posicion_carrera,cc2_0.texto_alternativo,lc1_0.durabilidad,lc1_0.esta_daniado,lc1_0.marca,lc1_0.precio,lc1_0.tipo_componente from componente lc1_0 left join carrera cc1_0 on cc1_0.id=lc1_0.carrera_componente_id left join presupuesto p1_0 on p1_0.id_presupuesto=cc1_0.presupuesto_id_presupuesto left join coche cc2_0 on cc2_0.id_coche=lc1_0.coche_componente_id_coche left join carrera cc3_0 on cc3_0.id=cc2_0.carrera_coche_id left join presupuesto p2_0 on p2_0.id_presupuesto=cc3_0.presupuesto_id_presupuesto left join (piloto p3_0 join empleado p3_1 on p3_0.id_empleado=p3_1.id_empleado) on cc2_0.id_coche=p3_0.coche_piloto_id_coche left join carrera ce1_0 on ce1_0.id=p3_1.carrera_empleado_id left join presupuesto p4_0 on p4_0.id_presupuesto=ce1_0.presupuesto_id_presupuesto where lc1_0.jefe_componente_id_empleado=?
Hibernate: select lm1_0.coche_mecanico_id_coche,lm1_0.id_empleado,lm1_1.apellidos,ce1_0.id,ce1_0.descripcion,ce1_0.imagen_carrera,ce1_0.localizacion,ce1_0.longitud_por_vuelta,ce1_0.longitud_total,ce1_0.nombre_circuito,ce1_0.num_vueltas,p1_0.id_presupuesto,p1_0.gastos_fijos,p1_0.gastos_variables,p1_0.ingresos_fijos,p1_0.ingresos_variables,p1_0.presupuesto_inicial,ce1_0.texto_alternativo,ce1_0.tipo_asfaltado,lm1_1.dni,lm1_1.fecha_nacimiento,lm1_1.foto,lm1_1.incentivo,lm1_1.incentivo_calculado,lm1_1.is_admin,lm1_1.is_mecanico,lm1_1.is_piloto,lm1_1.nombre,lm1_1.password,lm1_1.salario,lm1_1.texto_alternativo,lm1_1.username from mecanico lm1_0 join empleado lm1_1 on lm1_0.id_empleado=lm1_1.id_empleado left join carrera ce1_0 on ce1_0.id=lm1_1.carrera_empleado_id left join presupuesto p1_0 on p1_0.id_presupuesto=ce1_0.presupuesto_id_presupuesto where lm1_0.coche_mecanico_id_coche=?
Hibernate: select lc1_0.coche_componente_id_coche,lc1_0.id_componente,cc1_0.id,cc1_0.descripcion,cc1_0.imagen_carrera,cc1_0.localizacion,cc1_0.longitud_por_vuelta,cc1_0.longitud_total,cc1_0.nombre_circuito,cc1_0.num_vueltas,p1_0.id_presupuesto,p1_0.gastos_fijos,p1_0.gastos_variables,p1_0.ingresos_fijos,p1_0.ingresos_variables,p1_0.presupuesto_inicial,cc1_0.texto_alternativo,cc1_0.tipo_asfaltado,lc1_0.durabilidad,lc1_0.esta_daniado,jc1_0.id_empleado,jc1_1.apellidos,ce1_0.id,ce1_0.descripcion,ce1_0.imagen_carrera,ce1_0.localizacion,ce1_0.longitud_por_vuelta,ce1_0.longitud_total,ce1_0.nombre_circuito,ce1_0.num_vueltas,p2_0.id_presupuesto,p2_0.gastos_fijos,p2_0.gastos_variables,p2_0.ingresos_fijos,p2_0.ingresos_variables,p2_0.presupuesto_inicial,ce1_0.texto_alternativo,ce1_0.tipo_asfaltado,jc1_1.dni,jc1_1.fecha_nacimiento,jc1_1.foto,jc1_1.incentivo,jc1_1.incentivo_calculado,jc1_1.is_admin,jc1_1.is_mecanico,jc1_1.is_piloto,jc1_1.nombre,jc1_1.password,jc1_1.salario,jc1_1.texto_alternativo,jc1_1.username,lc1_0.marca,lc1_0.precio,lc1_0.tipo_componente from componente lc1_0 left join carrera cc1_0 on cc1_0.id=lc1_0.carrera_componente_id left join presupuesto p1_0 on p1_0.id_presupuesto=cc1_0.presupuesto_id_presupuesto left join (jefe_equipo jc1_0 join empleado jc1_1 on jc1_0.id_empleado=jc1_1.id_empleado) on jc1_0.id_empleado=lc1_0.jefe_componente_id_empleado left join carrera ce1_0 on ce1_0.id=jc1_1.carrera_empleado_id left join presupuesto p2_0 on p2_0.id_presupuesto=ce1_0.presupuesto_id_presupuesto where lc1_0.coche_componente_id_coche=?
Hibernate: select lc1_0.carrera_componente_id,lc1_0.id_componente,cc2_0.id_coche,cc3_0.id,cc3_0.descripcion,cc3_0.imagen_carrera,cc3_0.localizacion,cc3_0.longitud_por_vuelta,cc3_0.longitud_total,cc3_0.nombre_circuito,cc3_0.num_vueltas,p1_0.id_presupuesto,p1_0.gastos_fijos,p1_0.gastos_variables,p1_0.ingresos_fijos,p1_0.ingresos_variables,p1_0.presupuesto_inicial,cc3_0.texto_alternativo,cc3_0.tipo_asfaltado,cc2_0.esta_daniado,cc2_0.foto_coche,cc2_0.nombre,p2_0.id_empleado,p2_1.apellidos,ce1_0.id,ce1_0.descripcion,ce1_0.imagen_carrera,ce1_0.localizacion,ce1_0.longitud_por_vuelta,ce1_0.longitud_total,ce1_0.nombre_circuito,ce1_0.num_vueltas,p3_0.id_presupuesto,p3_0.gastos_fijos,p3_0.gastos_variables,p3_0.ingresos_fijos,p3_0.ingresos_variables,p3_0.presupuesto_inicial,ce1_0.texto_alternativo,ce1_0.tipo_asfaltado,p2_1.dni,p2_1.fecha_nacimiento,p2_1.foto,p2_1.incentivo,p2_1.incentivo_calculado,p2_1.is_admin,p2_1.is_mecanico,p2_1.is_piloto,p2_1.nombre,p2_1.password,p2_1.salario,p2_1.texto_alternativo,p2_1.username,cc2_0.posicion_carrera,cc2_0.texto_alternativo,lc1_0.durabilidad,lc1_0.esta_daniado,jc1_0.id_empleado,jc1_1.apellidos,ce2_0.id,ce2_0.descripcion,ce2_0.imagen_carrera,ce2_0.localizacion,ce2_0.longitud_por_vuelta,ce2_0.longitud_total,ce2_0.nombre_circuito,ce2_0.num_vueltas,p4_0.id_presupuesto,p4_0.gastos_fijos,p4_0.gastos_variables,p4_0.ingresos_fijos,p4_0.ingresos_variables,p4_0.presupuesto_inicial,ce2_0.texto_alternativo,ce2_0.tipo_asfaltado,jc1_1.dni,jc1_1.fecha_nacimiento,jc1_1.foto,jc1_1.incentivo,jc1_1.incentivo_calculado,jc1_1.is_admin,jc1_1.is_mecanico,jc1_1.is_piloto,jc1_1.nombre,jc1_1.password,jc1_1.salario,jc1_1.texto_alternativo,jc1_1.username,lc1_0.marca,lc1_0.precio,lc1_0.tipo_componente from componente lc1_0 left join coche cc2_0 on cc2_0.id_coche=lc1_0.coche_componente_id_coche left join carrera cc3_0 on cc3_0.id=cc2_0.carrera_coche_id left join presupuesto p1_0 on p1_0.id_presupuesto=cc3_0.presupuesto_id_presupuesto left join (piloto p2_0 join empleado p2_1 on p2_0.id_empleado=p2_1.id_empleado) on cc2_0.id_coche=p2_0.coche_piloto_id_coche left join carrera ce1_0 on ce1_0.id=p2_1.carrera_empleado_id left join presupuesto p3_0 on p3_0.id_presupuesto=ce1_0.presupuesto_id_presupuesto left join (jefe_equipo jc1_0 join empleado jc1_1 on jc1_0.id_empleado=jc1_1.id_empleado) on jc1_0.id_empleado=lc1_0.jefe_componente_id_empleado left join carrera ce2_0 on ce2_0.id=jc1_1.carrera_empleado_id left join presupuesto p4_0 on p4_0.id_presupuesto=ce2_0.presupuesto_id_presupuesto where lc1_0.carrera_componente_id=?
Hibernate: update presupuesto set gastos_fijos=?,gastos_variables=?,ingresos_fijos=?,ingresos_variables=?,presupuesto_inicial=? where id_presupuesto=?
Hibernate: select c1_0.id_coche,c1_0.carrera_coche_id,c1_0.esta_daniado,c1_0.foto_coche,c1_0.nombre,c1_0.posicion_carrera,c1_0.texto_alternativo from coche c1_0
Hibernate: select c1_0.id,c1_0.descripcion,c1_0.imagen_carrera,c1_0.localizacion,c1_0.longitud_por_vuelta,c1_0.longitud_total,c1_0.nombre_circuito,c1_0.num_vueltas,p1_0.id_presupuesto,p1_0.gastos_fijos,p1_0.gastos_variables,p1_0.ingresos_fijos,p1_0.ingresos_variables,p1_0.presupuesto_inicial,c1_0.texto_alternativo,c1_0.tipo_asfaltado,lc1_0.carrera_coche_id,lc1_0.id_coche,lc1_0.esta_daniado,lc1_0.foto_coche,lc1_0.nombre,p2_0.id_empleado,p2_1.apellidos,ce1_0.id,ce1_0.descripcion,ce1_0.imagen_carrera,ce1_0.localizacion,ce1_0.longitud_por_vuelta,ce1_0.longitud_total,ce1_0.nombre_circuito,ce1_0.num_vueltas,p3_0.id_presupuesto,p3_0.gastos_fijos,p3_0.gastos_variables,p3_0.ingresos_fijos,p3_0.ingresos_variables,p3_0.presupuesto_inicial,ce1_0.texto_alternativo,ce1_0.tipo_asfaltado,p2_1.dni,p2_1.fecha_nacimiento,p2_1.foto,p2_1.incentivo,p2_1.incentivo_calculado,p2_1.is_admin,p2_1.is_mecanico,p2_1.is_piloto,p2_1.nombre,p2_1.password,p2_1.salario,p2_1.texto_alternativo,p2_1.username,lc1_0.posicion_carrera,lc1_0.texto_alternativo from carrera c1_0 left join presupuesto p1_0 on p1_0.id_presupuesto=c1_0.presupuesto_id_presupuesto left join coche lc1_0 on c1_0.id=lc1_0.carrera_coche_id left join (piloto p2_0 join empleado p2_1 on p2_0.id_empleado=p2_1.id_empleado) on lc1_0.id_coche=p2_0.coche_piloto_id_coche left join carrera ce1_0 on ce1_0.id=p2_1.carrera_empleado_id left join presupuesto p3_0 on p3_0.id_presupuesto=ce1_0.presupuesto_id_presupuesto where c1_0.id=?
Hibernate: select p1_0.id_empleado,p1_1.apellidos,ce1_0.id,ce1_0.descripcion,ce1_0.imagen_carrera,ce1_0.localizacion,ce1_0.longitud_por_vuelta,ce1_0.longitud_total,ce1_0.nombre_circuito,ce1_0.num_vueltas,p2_0.id_presupuesto,p2_0.gastos_fijos,p2_0.gastos_variables,p2_0.ingresos_fijos,p2_0.ingresos_variables,p2_0.presupuesto_inicial,ce1_0.texto_alternativo,ce1_0.tipo_asfaltado,lc1_0.carrera_coche_id,lc1_0.id_coche,lc1_0.esta_daniado,lc1_0.foto_coche,lc1_0.nombre,p3_0.id_empleado,p3_1.apellidos,p3_1.carrera_empleado_id,p3_1.dni,p3_1.fecha_nacimiento,p3_1.foto,p3_1.incentivo,p3_1.incentivo_calculado,p3_1.is_admin,p3_1.is_mecanico,p3_1.is_piloto,p3_1.nombre,p3_1.password,p3_1.salario,p3_1.texto_alternativo,p3_1.username,lc1_0.posicion_carrera,lc1_0.texto_alternativo,p1_1.dni,p1_1.fecha_nacimiento,p1_1.foto,p1_1.incentivo,p1_1.incentivo_calculado,p1_1.is_admin,p1_1.is_mecanico,p1_1.is_piloto,p1_1.nombre,p1_1.password,p1_1.salario,p1_1.texto_alternativo,p1_1.username,cp1_0.id_coche,cc2_0.id,cc2_0.descripcion,cc2_0.imagen_carrera,cc2_0.localizacion,cc2_0.longitud_por_vuelta,cc2_0.longitud_total,cc2_0.nombre_circuito,cc2_0.num_vueltas,p4_0.id_presupuesto,p4_0.gastos_fijos,p4_0.gastos_variables,p4_0.ingresos_fijos,p4_0.ingresos_variables,p4_0.presupuesto_inicial,cc2_0.texto_alternativo,cc2_0.tipo_asfaltado,cp1_0.esta_daniado,cp1_0.foto_coche,cp1_0.nombre,cp1_0.posicion_carrera,cp1_0.texto_alternativo from piloto p1_0 join empleado p1_1 on p1_0.id_empleado=p1_1.id_empleado left join carrera ce1_0 on ce1_0.id=p1_1.carrera_empleado_id left join presupuesto p2_0 on p2_0.id_presupuesto=ce1_0.presupuesto_id_presupuesto left join coche lc1_0 on ce1_0.id=lc1_0.carrera_coche_id left join (piloto p3_0 join empleado p3_1 on p3_0.id_empleado=p3_1.id_empleado) on lc1_0.id_coche=p3_0.coche_piloto_id_coche left join coche cp1_0 on cp1_0.id_coche=p1_0.coche_piloto_id_coche left join carrera cc2_0 on cc2_0.id=cp1_0.carrera_coche_id left join presupuesto p4_0 on p4_0.id_presupuesto=cc2_0.presupuesto_id_presupuesto where p1_0.coche_piloto_id_coche=?
Hibernate: select lm1_0.coche_mecanico_id_coche,lm1_0.id_empleado,lm1_1.apellidos,ce1_0.id,ce1_0.descripcion,ce1_0.imagen_carrera,ce1_0.localizacion,ce1_0.longitud_por_vuelta,ce1_0.longitud_total,ce1_0.nombre_circuito,ce1_0.num_vueltas,p1_0.id_presupuesto,p1_0.gastos_fijos,p1_0.gastos_variables,p1_0.ingresos_fijos,p1_0.ingresos_variables,p1_0.presupuesto_inicial,ce1_0.texto_alternativo,ce1_0.tipo_asfaltado,lm1_1.dni,lm1_1.fecha_nacimiento,lm1_1.foto,lm1_1.incentivo,lm1_1.incentivo_calculado,lm1_1.is_admin,lm1_1.is_mecanico,lm1_1.is_piloto,lm1_1.nombre,lm1_1.password,lm1_1.salario,lm1_1.texto_alternativo,lm1_1.username from mecanico lm1_0 join empleado lm1_1 on lm1_0.id_empleado=lm1_1.id_empleado left join carrera ce1_0 on ce1_0.id=lm1_1.carrera_empleado_id left join presupuesto p1_0 on p1_0.id_presupuesto=ce1_0.presupuesto_id_presupuesto where lm1_0.coche_mecanico_id_coche=?
Hibernate: select lc1_0.coche_componente_id_coche,lc1_0.id_componente,cc1_0.id,cc1_0.descripcion,cc1_0.imagen_carrera,cc1_0.localizacion,cc1_0.longitud_por_vuelta,cc1_0.longitud_total,cc1_0.nombre_circuito,cc1_0.num_vueltas,p1_0.id_presupuesto,p1_0.gastos_fijos,p1_0.gastos_variables,p1_0.ingresos_fijos,p1_0.ingresos_variables,p1_0.presupuesto_inicial,cc1_0.texto_alternativo,cc1_0.tipo_asfaltado,lc1_0.durabilidad,lc1_0.esta_daniado,jc1_0.id_empleado,jc1_1.apellidos,ce1_0.id,ce1_0.descripcion,ce1_0.imagen_carrera,ce1_0.localizacion,ce1_0.longitud_por_vuelta,ce1_0.longitud_total,ce1_0.nombre_circuito,ce1_0.num_vueltas,p2_0.id_presupuesto,p2_0.gastos_fijos,p2_0.gastos_variables,p2_0.ingresos_fijos,p2_0.ingresos_variables,p2_0.presupuesto_inicial,ce1_0.texto_alternativo,ce1_0.tipo_asfaltado,jc1_1.dni,jc1_1.fecha_nacimiento,jc1_1.foto,jc1_1.incentivo,jc1_1.incentivo_calculado,jc1_1.is_admin,jc1_1.is_mecanico,jc1_1.is_piloto,jc1_1.nombre,jc1_1.password,jc1_1.salario,jc1_1.texto_alternativo,jc1_1.username,lc1_0.marca,lc1_0.precio,lc1_0.tipo_componente from componente lc1_0 left join carrera cc1_0 on cc1_0.id=lc1_0.carrera_componente_id left join presupuesto p1_0 on p1_0.id_presupuesto=cc1_0.presupuesto_id_presupuesto left join (jefe_equipo jc1_0 join empleado jc1_1 on jc1_0.id_empleado=jc1_1.id_empleado) on jc1_0.id_empleado=lc1_0.jefe_componente_id_empleado left join carrera ce1_0 on ce1_0.id=jc1_1.carrera_empleado_id left join presupuesto p2_0 on p2_0.id_presupuesto=ce1_0.presupuesto_id_presupuesto where lc1_0.coche_componente_id_coche=?
Hibernate: select lc1_0.jefe_componente_id_empleado,lc1_0.id_componente,cc1_0.id,cc1_0.descripcion,cc1_0.imagen_carrera,cc1_0.localizacion,cc1_0.longitud_por_vuelta,cc1_0.longitud_total,cc1_0.nombre_circuito,cc1_0.num_vueltas,p1_0.id_presupuesto,p1_0.gastos_fijos,p1_0.gastos_variables,p1_0.ingresos_fijos,p1_0.ingresos_variables,p1_0.presupuesto_inicial,cc1_0.texto_alternativo,cc1_0.tipo_asfaltado,cc2_0.id_coche,cc3_0.id,cc3_0.descripcion,cc3_0.imagen_carrera,cc3_0.localizacion,cc3_0.longitud_por_vuelta,cc3_0.longitud_total,cc3_0.nombre_circuito,cc3_0.num_vueltas,p2_0.id_presupuesto,p2_0.gastos_fijos,p2_0.gastos_variables,p2_0.ingresos_fijos,p2_0.ingresos_variables,p2_0.presupuesto_inicial,cc3_0.texto_alternativo,cc3_0.tipo_asfaltado,cc2_0.esta_daniado,cc2_0.foto_coche,cc2_0.nombre,p3_0.id_empleado,p3_1.apellidos,ce1_0.id,ce1_0.descripcion,ce1_0.imagen_carrera,ce1_0.localizacion,ce1_0.longitud_por_vuelta,ce1_0.longitud_total,ce1_0.nombre_circuito,ce1_0.num_vueltas,p4_0.id_presupuesto,p4_0.gastos_fijos,p4_0.gastos_variables,p4_0.ingresos_fijos,p4_0.ingresos_variables,p4_0.presupuesto_inicial,ce1_0.texto_alternativo,ce1_0.tipo_asfaltado,p3_1.dni,p3_1.fecha_nacimiento,p3_1.foto,p3_1.incentivo,p3_1.incentivo_calculado,p3_1.is_admin,p3_1.is_mecanico,p3_1.is_piloto,p3_1.nombre,p3_1.password,p3_1.salario,p3_1.texto_alternativo,p3_1.username,cc2_0.posicion_carrera,cc2_0.texto_alternativo,lc1_0.durabilidad,lc1_0.esta_daniado,lc1_0.marca,lc1_0.precio,lc1_0.tipo_componente from componente lc1_0 left join carrera cc1_0 on cc1_0.id=lc1_0.carrera_componente_id left join presupuesto p1_0 on p1_0.id_presupuesto=cc1_0.presupuesto_id_presupuesto left join coche cc2_0 on cc2_0.id_coche=lc1_0.coche_componente_id_coche left join carrera cc3_0 on cc3_0.id=cc2_0.carrera_coche_id left join presupuesto p2_0 on p2_0.id_presupuesto=cc3_0.presupuesto_id_presupuesto left join (piloto p3_0 join empleado p3_1 on p3_0.id_empleado=p3_1.id_empleado) on cc2_0.id_coche=p3_0.coche_piloto_id_coche left join carrera ce1_0 on ce1_0.id=p3_1.carrera_empleado_id left join presupuesto p4_0 on p4_0.id_presupuesto=ce1_0.presupuesto_id_presupuesto where lc1_0.jefe_componente_id_empleado=?
Hibernate: select lc1_0.presupuesto_id_presupuesto,lc1_0.id,lc1_0.descripcion,lc1_0.imagen_carrera,lc1_0.localizacion,lc1_0.longitud_por_vuelta,lc1_0.longitud_total,lc1_0.nombre_circuito,lc1_0.num_vueltas,lc1_0.texto_alternativo,lc1_0.tipo_asfaltado from carrera lc1_0 where lc1_0.presupuesto_id_presupuesto=?
Hibernate: select le1_0.carrera_empleado_id,le1_0.id_empleado,case when le1_1.id_empleado is not null then 1 when le1_2.id_empleado is not null then 2 when le1_3.id_empleado is not null then 3 when le1_0.id_empleado is not null then 0 end,le1_0.apellidos,le1_0.dni,le1_0.fecha_nacimiento,le1_0.foto,le1_0.incentivo,le1_0.incentivo_calculado,le1_0.is_admin,le1_0.is_mecanico,le1_0.is_piloto,le1_0.nombre,le1_0.password,le1_0.salario,le1_0.texto_alternativo,le1_0.username,cm1_0.id_coche,cc1_0.id,cc1_0.descripcion,cc1_0.imagen_carrera,cc1_0.localizacion,cc1_0.longitud_por_vuelta,cc1_0.longitud_total,cc1_0.nombre_circuito,cc1_0.num_vueltas,p1_0.id_presupuesto,p1_0.gastos_fijos,p1_0.gastos_variables,p1_0.ingresos_fijos,p1_0.ingresos_variables,p1_0.presupuesto_inicial,cc1_0.texto_alternativo,cc1_0.tipo_asfaltado,cm1_0.esta_daniado,cm1_0.foto_coche,cm1_0.nombre,p2_0.id_empleado,p2_1.apellidos,p2_1.carrera_empleado_id,p2_1.dni,p2_1.fecha_nacimiento,p2_1.foto,p2_1.incentivo,p2_1.incentivo_calculado,p2_1.is_admin,p2_1.is_mecanico,p2_1.is_piloto,p2_1.nombre,p2_1.password,p2_1.salario,p2_1.texto_alternativo,p2_1.username,cm1_0.posicion_carrera,cm1_0.texto_alternativo,cp1_0.id_coche,cc2_0.id,cc2_0.descripcion,cc2_0.imagen_carrera,cc2_0.localizacion,cc2_0.longitud_por_vuelta,cc2_0.longitud_total,cc2_0.nombre_circuito,cc2_0.num_vueltas,p3_0.id_presupuesto,p3_0.gastos_fijos,p3_0.gastos_variables,p3_0.ingresos_fijos,p3_0.ingresos_variables,p3_0.presupuesto_inicial,cc2_0.texto_alternativo,cc2_0.tipo_asfaltado,cp1_0.esta_daniado,cp1_0.foto_coche,cp1_0.nombre,cp1_0.posicion_carrera,cp1_0.texto_alternativo from empleado le1_0 left join jefe_equipo le1_1 on le1_0.id_empleado=le1_1.id_empleado left join mecanico le1_2 on le1_0.id_empleado=le1_2.id_empleado left join piloto le1_3 on le1_0.id_empleado=le1_3.id_empleado left join coche cm1_0 on cm1_0.id_coche=le1_2.coche_mecanico_id_coche left join carrera cc1_0 on cc1_0.id=cm1_0.carrera_coche_id left join presupuesto p1_0 on p1_0.id_presupuesto=cc1_0.presupuesto_id_presupuesto left join (piloto p2_0 join empleado p2_1 on p2_0.id_empleado=p2_1.id_empleado) on cm1_0.id_coche=p2_0.coche_piloto_id_coche left join coche cp1_0 on cp1_0.id_coche=le1_3.coche_piloto_id_coche left join carrera cc2_0 on cc2_0.id=cp1_0.carrera_coche_id left join presupuesto p3_0 on p3_0.id_presupuesto=cc2_0.presupuesto_id_presupuesto where le1_0.carrera_empleado_id=?
Hibernate: select lc1_0.carrera_componente_id,lc1_0.id_componente,cc2_0.id_coche,cc3_0.id,cc3_0.descripcion,cc3_0.imagen_carrera,cc3_0.localizacion,cc3_0.longitud_por_vuelta,cc3_0.longitud_total,cc3_0.nombre_circuito,cc3_0.num_vueltas,p1_0.id_presupuesto,p1_0.gastos_fijos,p1_0.gastos_variables,p1_0.ingresos_fijos,p1_0.ingresos_variables,p1_0.presupuesto_inicial,cc3_0.texto_alternativo,cc3_0.tipo_asfaltado,cc2_0.esta_daniado,cc2_0.foto_coche,cc2_0.nombre,p2_0.id_empleado,p2_1.apellidos,ce1_0.id,ce1_0.descripcion,ce1_0.imagen_carrera,ce1_0.localizacion,ce1_0.longitud_por_vuelta,ce1_0.longitud_total,ce1_0.nombre_circuito,ce1_0.num_vueltas,p3_0.id_presupuesto,p3_0.gastos_fijos,p3_0.gastos_variables,p3_0.ingresos_fijos,p3_0.ingresos_variables,p3_0.presupuesto_inicial,ce1_0.texto_alternativo,ce1_0.tipo_asfaltado,p2_1.dni,p2_1.fecha_nacimiento,p2_1.foto,p2_1.incentivo,p2_1.incentivo_calculado,p2_1.is_admin,p2_1.is_mecanico,p2_1.is_piloto,p2_1.nombre,p2_1.password,p2_1.salario,p2_1.texto_alternativo,p2_1.username,cc2_0.posicion_carrera,cc2_0.texto_alternativo,lc1_0.durabilidad,lc1_0.esta_daniado,jc1_0.id_empleado,jc1_1.apellidos,ce2_0.id,ce2_0.descripcion,ce2_0.imagen_carrera,ce2_0.localizacion,ce2_0.longitud_por_vuelta,ce2_0.longitud_total,ce2_0.nombre_circuito,ce2_0.num_vueltas,p4_0.id_presupuesto,p4_0.gastos_fijos,p4_0.gastos_variables,p4_0.ingresos_fijos,p4_0.ingresos_variables,p4_0.presupuesto_inicial,ce2_0.texto_alternativo,ce2_0.tipo_asfaltado,jc1_1.dni,jc1_1.fecha_nacimiento,jc1_1.foto,jc1_1.incentivo,jc1_1.incentivo_calculado,jc1_1.is_admin,jc1_1.is_mecanico,jc1_1.is_piloto,jc1_1.nombre,jc1_1.password,jc1_1.salario,jc1_1.texto_alternativo,jc1_1.username,lc1_0.marca,lc1_0.precio,lc1_0.tipo_componente from componente lc1_0 left join coche cc2_0 on cc2_0.id_coche=lc1_0.coche_componente_id_coche left join carrera cc3_0 on cc3_0.id=cc2_0.carrera_coche_id left join presupuesto p1_0 on p1_0.id_presupuesto=cc3_0.presupuesto_id_presupuesto left join (piloto p2_0 join empleado p2_1 on p2_0.id_empleado=p2_1.id_empleado) on cc2_0.id_coche=p2_0.coche_piloto_id_coche left join carrera ce1_0 on ce1_0.id=p2_1.carrera_empleado_id left join presupuesto p3_0 on p3_0.id_presupuesto=ce1_0.presupuesto_id_presupuesto left join (jefe_equipo jc1_0 join empleado jc1_1 on jc1_0.id_empleado=jc1_1.id_empleado) on jc1_0.id_empleado=lc1_0.jefe_componente_id_empleado left join carrera ce2_0 on ce2_0.id=jc1_1.carrera_empleado_id left join presupuesto p4_0 on p4_0.id_presupuesto=ce2_0.presupuesto_id_presupuesto where lc1_0.carrera_componente_id=?
Hibernate: select lm1_0.coche_mecanico_id_coche,lm1_0.id_empleado,lm1_1.apellidos,ce1_0.id,ce1_0.descripcion,ce1_0.imagen_carrera,ce1_0.localizacion,ce1_0.longitud_por_vuelta,ce1_0.longitud_total,ce1_0.nombre_circuito,ce1_0.num_vueltas,p1_0.id_presupuesto,p1_0.gastos_fijos,p1_0.gastos_variables,p1_0.ingresos_fijos,p1_0.ingresos_variables,p1_0.presupuesto_inicial,ce1_0.texto_alternativo,ce1_0.tipo_asfaltado,lm1_1.dni,lm1_1.fecha_nacimiento,lm1_1.foto,lm1_1.incentivo,lm1_1.incentivo_calculado,lm1_1.is_admin,lm1_1.is_mecanico,lm1_1.is_piloto,lm1_1.nombre,lm1_1.password,lm1_1.salario,lm1_1.texto_alternativo,lm1_1.username from mecanico lm1_0 join empleado lm1_1 on lm1_0.id_empleado=lm1_1.id_empleado left join carrera ce1_0 on ce1_0.id=lm1_1.carrera_empleado_id left join presupuesto p1_0 on p1_0.id_presupuesto=ce1_0.presupuesto_id_presupuesto where lm1_0.coche_mecanico_id_coche=?
Hibernate: select lc1_0.coche_componente_id_coche,lc1_0.id_componente,cc1_0.id,cc1_0.descripcion,cc1_0.imagen_carrera,cc1_0.localizacion,cc1_0.longitud_por_vuelta,cc1_0.longitud_total,cc1_0.nombre_circuito,cc1_0.num_vueltas,p1_0.id_presupuesto,p1_0.gastos_fijos,p1_0.gastos_variables,p1_0.ingresos_fijos,p1_0.ingresos_variables,p1_0.presupuesto_inicial,cc1_0.texto_alternativo,cc1_0.tipo_asfaltado,lc1_0.durabilidad,lc1_0.esta_daniado,jc1_0.id_empleado,jc1_1.apellidos,ce1_0.id,ce1_0.descripcion,ce1_0.imagen_carrera,ce1_0.localizacion,ce1_0.longitud_por_vuelta,ce1_0.longitud_total,ce1_0.nombre_circuito,ce1_0.num_vueltas,p2_0.id_presupuesto,p2_0.gastos_fijos,p2_0.gastos_variables,p2_0.ingresos_fijos,p2_0.ingresos_variables,p2_0.presupuesto_inicial,ce1_0.texto_alternativo,ce1_0.tipo_asfaltado,jc1_1.dni,jc1_1.fecha_nacimiento,jc1_1.foto,jc1_1.incentivo,jc1_1.incentivo_calculado,jc1_1.is_admin,jc1_1.is_mecanico,jc1_1.is_piloto,jc1_1.nombre,jc1_1.password,jc1_1.salario,jc1_1.texto_alternativo,jc1_1.username,lc1_0.marca,lc1_0.precio,lc1_0.tipo_componente from componente lc1_0 left join carrera cc1_0 on cc1_0.id=lc1_0.carrera_componente_id left join presupuesto p1_0 on p1_0.id_presupuesto=cc1_0.presupuesto_id_presupuesto left join (jefe_equipo jc1_0 join empleado jc1_1 on jc1_0.id_empleado=jc1_1.id_empleado) on jc1_0.id_empleado=lc1_0.jefe_componente_id_empleado left join carrera ce1_0 on ce1_0.id=jc1_1.carrera_empleado_id left join presupuesto p2_0 on p2_0.id_presupuesto=ce1_0.presupuesto_id_presupuesto where lc1_0.coche_componente_id_coche=?
Hibernate: select p1_0.id_presupuesto,p1_0.gastos_fijos,p1_0.gastos_variables,p1_0.ingresos_fijos,p1_0.ingresos_variables,p1_0.presupuesto_inicial,lc1_0.presupuesto_id_presupuesto,lc1_0.id,lc1_0.descripcion,lc1_0.imagen_carrera,lc1_0.localizacion,lc1_0.longitud_por_vuelta,lc1_0.longitud_total,lc1_0.nombre_circuito,lc1_0.num_vueltas,lc1_0.texto_alternativo,lc1_0.tipo_asfaltado from presupuesto p1_0 left join carrera lc1_0 on p1_0.id_presupuesto=lc1_0.presupuesto_id_presupuesto where p1_0.id_presupuesto=?
Hibernate: select le1_0.carrera_empleado_id,le1_0.id_empleado,case when le1_1.id_empleado is not null then 1 when le1_2.id_empleado is not null then 2 when le1_3.id_empleado is not null then 3 when le1_0.id_empleado is not null then 0 end,le1_0.apellidos,le1_0.dni,le1_0.fecha_nacimiento,le1_0.foto,le1_0.incentivo,le1_0.incentivo_calculado,le1_0.is_admin,le1_0.is_mecanico,le1_0.is_piloto,le1_0.nombre,le1_0.password,le1_0.salario,le1_0.texto_alternativo,le1_0.username,cm1_0.id_coche,cc1_0.id,cc1_0.descripcion,cc1_0.imagen_carrera,cc1_0.localizacion,cc1_0.longitud_por_vuelta,cc1_0.longitud_total,cc1_0.nombre_circuito,cc1_0.num_vueltas,p1_0.id_presupuesto,p1_0.gastos_fijos,p1_0.gastos_variables,p1_0.ingresos_fijos,p1_0.ingresos_variables,p1_0.presupuesto_inicial,cc1_0.texto_alternativo,cc1_0.tipo_asfaltado,cm1_0.esta_daniado,cm1_0.foto_coche,cm1_0.nombre,p2_0.id_empleado,p2_1.apellidos,p2_1.carrera_empleado_id,p2_1.dni,p2_1.fecha_nacimiento,p2_1.foto,p2_1.incentivo,p2_1.incentivo_calculado,p2_1.is_admin,p2_1.is_mecanico,p2_1.is_piloto,p2_1.nombre,p2_1.password,p2_1.salario,p2_1.texto_alternativo,p2_1.username,cm1_0.posicion_carrera,cm1_0.texto_alternativo,cp1_0.id_coche,cc2_0.id,cc2_0.descripcion,cc2_0.imagen_carrera,cc2_0.localizacion,cc2_0.longitud_por_vuelta,cc2_0.longitud_total,cc2_0.nombre_circuito,cc2_0.num_vueltas,p3_0.id_presupuesto,p3_0.gastos_fijos,p3_0.gastos_variables,p3_0.ingresos_fijos,p3_0.ingresos_variables,p3_0.presupuesto_inicial,cc2_0.texto_alternativo,cc2_0.tipo_asfaltado,cp1_0.esta_daniado,cp1_0.foto_coche,cp1_0.nombre,cp1_0.posicion_carrera,cp1_0.texto_alternativo from empleado le1_0 left join jefe_equipo le1_1 on le1_0.id_empleado=le1_1.id_empleado left join mecanico le1_2 on le1_0.id_empleado=le1_2.id_empleado left join piloto le1_3 on le1_0.id_empleado=le1_3.id_empleado left join coche cm1_0 on cm1_0.id_coche=le1_2.coche_mecanico_id_coche left join carrera cc1_0 on cc1_0.id=cm1_0.carrera_coche_id left join presupuesto p1_0 on p1_0.id_presupuesto=cc1_0.presupuesto_id_presupuesto left join (piloto p2_0 join empleado p2_1 on p2_0.id_empleado=p2_1.id_empleado) on cm1_0.id_coche=p2_0.coche_piloto_id_coche left join coche cp1_0 on cp1_0.id_coche=le1_3.coche_piloto_id_coche left join carrera cc2_0 on cc2_0.id=cp1_0.carrera_coche_id left join presupuesto p3_0 on p3_0.id_presupuesto=cc2_0.presupuesto_id_presupuesto where le1_0.carrera_empleado_id=?
Hibernate: select p1_0.id_empleado,p1_1.apellidos,ce1_0.id,ce1_0.descripcion,ce1_0.imagen_carrera,ce1_0.localizacion,ce1_0.longitud_por_vuelta,ce1_0.longitud_total,ce1_0.nombre_circuito,ce1_0.num_vueltas,p2_0.id_presupuesto,p2_0.gastos_fijos,p2_0.gastos_variables,p2_0.ingresos_fijos,p2_0.ingresos_variables,p2_0.presupuesto_inicial,ce1_0.texto_alternativo,ce1_0.tipo_asfaltado,lc1_0.carrera_coche_id,lc1_0.id_coche,lc1_0.esta_daniado,lc1_0.foto_coche,lc1_0.nombre,p3_0.id_empleado,p3_1.apellidos,p3_1.carrera_empleado_id,p3_1.dni,p3_1.fecha_nacimiento,p3_1.foto,p3_1.incentivo,p3_1.incentivo_calculado,p3_1.is_admin,p3_1.is_mecanico,p3_1.is_piloto,p3_1.nombre,p3_1.password,p3_1.salario,p3_1.texto_alternativo,p3_1.username,lc1_0.posicion_carrera,lc1_0.texto_alternativo,p1_1.dni,p1_1.fecha_nacimiento,p1_1.foto,p1_1.incentivo,p1_1.incentivo_calculado,p1_1.is_admin,p1_1.is_mecanico,p1_1.is_piloto,p1_1.nombre,p1_1.password,p1_1.salario,p1_1.texto_alternativo,p1_1.username,cp1_0.id_coche,cc2_0.id,cc2_0.descripcion,cc2_0.imagen_carrera,cc2_0.localizacion,cc2_0.longitud_por_vuelta,cc2_0.longitud_total,cc2_0.nombre_circuito,cc2_0.num_vueltas,p4_0.id_presupuesto,p4_0.gastos_fijos,p4_0.gastos_variables,p4_0.ingresos_fijos,p4_0.ingresos_variables,p4_0.presupuesto_inicial,cc2_0.texto_alternativo,cc2_0.tipo_asfaltado,cp1_0.esta_daniado,cp1_0.foto_coche,cp1_0.nombre,cp1_0.posicion_carrera,cp1_0.texto_alternativo from piloto p1_0 join empleado p1_1 on p1_0.id_empleado=p1_1.id_empleado left join carrera ce1_0 on ce1_0.id=p1_1.carrera_empleado_id left join presupuesto p2_0 on p2_0.id_presupuesto=ce1_0.presupuesto_id_presupuesto left join coche lc1_0 on ce1_0.id=lc1_0.carrera_coche_id left join (piloto p3_0 join empleado p3_1 on p3_0.id_empleado=p3_1.id_empleado) on lc1_0.id_coche=p3_0.coche_piloto_id_coche left join coche cp1_0 on cp1_0.id_coche=p1_0.coche_piloto_id_coche left join carrera cc2_0 on cc2_0.id=cp1_0.carrera_coche_id left join presupuesto p4_0 on p4_0.id_presupuesto=cc2_0.presupuesto_id_presupuesto where p1_0.coche_piloto_id_coche=?
Hibernate: select lm1_0.coche_mecanico_id_coche,lm1_0.id_empleado,lm1_1.apellidos,ce1_0.id,ce1_0.descripcion,ce1_0.imagen_carrera,ce1_0.localizacion,ce1_0.longitud_por_vuelta,ce1_0.longitud_total,ce1_0.nombre_circuito,ce1_0.num_vueltas,p1_0.id_presupuesto,p1_0.gastos_fijos,p1_0.gastos_variables,p1_0.ingresos_fijos,p1_0.ingresos_variables,p1_0.presupuesto_inicial,ce1_0.texto_alternativo,ce1_0.tipo_asfaltado,lm1_1.dni,lm1_1.fecha_nacimiento,lm1_1.foto,lm1_1.incentivo,lm1_1.incentivo_calculado,lm1_1.is_admin,lm1_1.is_mecanico,lm1_1.is_piloto,lm1_1.nombre,lm1_1.password,lm1_1.salario,lm1_1.texto_alternativo,lm1_1.username from mecanico lm1_0 join empleado lm1_1 on lm1_0.id_empleado=lm1_1.id_empleado left join carrera ce1_0 on ce1_0.id=lm1_1.carrera_empleado_id left join presupuesto p1_0 on p1_0.id_presupuesto=ce1_0.presupuesto_id_presupuesto where lm1_0.coche_mecanico_id_coche=?
Hibernate: select lc1_0.coche_componente_id_coche,lc1_0.id_componente,cc1_0.id,cc1_0.descripcion,cc1_0.imagen_carrera,cc1_0.localizacion,cc1_0.longitud_por_vuelta,cc1_0.longitud_total,cc1_0.nombre_circuito,cc1_0.num_vueltas,p1_0.id_presupuesto,p1_0.gastos_fijos,p1_0.gastos_variables,p1_0.ingresos_fijos,p1_0.ingresos_variables,p1_0.presupuesto_inicial,cc1_0.texto_alternativo,cc1_0.tipo_asfaltado,lc1_0.durabilidad,lc1_0.esta_daniado,jc1_0.id_empleado,jc1_1.apellidos,ce1_0.id,ce1_0.descripcion,ce1_0.imagen_carrera,ce1_0.localizacion,ce1_0.longitud_por_vuelta,ce1_0.longitud_total,ce1_0.nombre_circuito,ce1_0.num_vueltas,p2_0.id_presupuesto,p2_0.gastos_fijos,p2_0.gastos_variables,p2_0.ingresos_fijos,p2_0.ingresos_variables,p2_0.presupuesto_inicial,ce1_0.texto_alternativo,ce1_0.tipo_asfaltado,jc1_1.dni,jc1_1.fecha_nacimiento,jc1_1.foto,jc1_1.incentivo,jc1_1.incentivo_calculado,jc1_1.is_admin,jc1_1.is_mecanico,jc1_1.is_piloto,jc1_1.nombre,jc1_1.password,jc1_1.salario,jc1_1.texto_alternativo,jc1_1.username,lc1_0.marca,lc1_0.precio,lc1_0.tipo_componente from componente lc1_0 left join carrera cc1_0 on cc1_0.id=lc1_0.carrera_componente_id left join presupuesto p1_0 on p1_0.id_presupuesto=cc1_0.presupuesto_id_presupuesto left join (jefe_equipo jc1_0 join empleado jc1_1 on jc1_0.id_empleado=jc1_1.id_empleado) on jc1_0.id_empleado=lc1_0.jefe_componente_id_empleado left join carrera ce1_0 on ce1_0.id=jc1_1.carrera_empleado_id left join presupuesto p2_0 on p2_0.id_presupuesto=ce1_0.presupuesto_id_presupuesto where lc1_0.coche_componente_id_coche=?
Hibernate: select lc1_0.jefe_componente_id_empleado,lc1_0.id_componente,cc1_0.id,cc1_0.descripcion,cc1_0.imagen_carrera,cc1_0.localizacion,cc1_0.longitud_por_vuelta,cc1_0.longitud_total,cc1_0.nombre_circuito,cc1_0.num_vueltas,p1_0.id_presupuesto,p1_0.gastos_fijos,p1_0.gastos_variables,p1_0.ingresos_fijos,p1_0.ingresos_variables,p1_0.presupuesto_inicial,cc1_0.texto_alternativo,cc1_0.tipo_asfaltado,cc2_0.id_coche,cc3_0.id,cc3_0.descripcion,cc3_0.imagen_carrera,cc3_0.localizacion,cc3_0.longitud_por_vuelta,cc3_0.longitud_total,cc3_0.nombre_circuito,cc3_0.num_vueltas,p2_0.id_presupuesto,p2_0.gastos_fijos,p2_0.gastos_variables,p2_0.ingresos_fijos,p2_0.ingresos_variables,p2_0.presupuesto_inicial,cc3_0.texto_alternativo,cc3_0.tipo_asfaltado,cc2_0.esta_daniado,cc2_0.foto_coche,cc2_0.nombre,p3_0.id_empleado,p3_1.apellidos,ce1_0.id,ce1_0.descripcion,ce1_0.imagen_carrera,ce1_0.localizacion,ce1_0.longitud_por_vuelta,ce1_0.longitud_total,ce1_0.nombre_circuito,ce1_0.num_vueltas,p4_0.id_presupuesto,p4_0.gastos_fijos,p4_0.gastos_variables,p4_0.ingresos_fijos,p4_0.ingresos_variables,p4_0.presupuesto_inicial,ce1_0.texto_alternativo,ce1_0.tipo_asfaltado,p3_1.dni,p3_1.fecha_nacimiento,p3_1.foto,p3_1.incentivo,p3_1.incentivo_calculado,p3_1.is_admin,p3_1.is_mecanico,p3_1.is_piloto,p3_1.nombre,p3_1.password,p3_1.salario,p3_1.texto_alternativo,p3_1.username,cc2_0.posicion_carrera,cc2_0.texto_alternativo,lc1_0.durabilidad,lc1_0.esta_daniado,lc1_0.marca,lc1_0.precio,lc1_0.tipo_componente from componente lc1_0 left join carrera cc1_0 on cc1_0.id=lc1_0.carrera_componente_id left join presupuesto p1_0 on p1_0.id_presupuesto=cc1_0.presupuesto_id_presupuesto left join coche cc2_0 on cc2_0.id_coche=lc1_0.coche_componente_id_coche left join carrera cc3_0 on cc3_0.id=cc2_0.carrera_coche_id left join presupuesto p2_0 on p2_0.id_presupuesto=cc3_0.presupuesto_id_presupuesto left join (piloto p3_0 join empleado p3_1 on p3_0.id_empleado=p3_1.id_empleado) on cc2_0.id_coche=p3_0.coche_piloto_id_coche left join carrera ce1_0 on ce1_0.id=p3_1.carrera_empleado_id left join presupuesto p4_0 on p4_0.id_presupuesto=ce1_0.presupuesto_id_presupuesto where lc1_0.jefe_componente_id_empleado=?
Hibernate: select lm1_0.coche_mecanico_id_coche,lm1_0.id_empleado,lm1_1.apellidos,ce1_0.id,ce1_0.descripcion,ce1_0.imagen_carrera,ce1_0.localizacion,ce1_0.longitud_por_vuelta,ce1_0.longitud_total,ce1_0.nombre_circuito,ce1_0.num_vueltas,p1_0.id_presupuesto,p1_0.gastos_fijos,p1_0.gastos_variables,p1_0.ingresos_fijos,p1_0.ingresos_variables,p1_0.presupuesto_inicial,ce1_0.texto_alternativo,ce1_0.tipo_asfaltado,lm1_1.dni,lm1_1.fecha_nacimiento,lm1_1.foto,lm1_1.incentivo,lm1_1.incentivo_calculado,lm1_1.is_admin,lm1_1.is_mecanico,lm1_1.is_piloto,lm1_1.nombre,lm1_1.password,lm1_1.salario,lm1_1.texto_alternativo,lm1_1.username from mecanico lm1_0 join empleado lm1_1 on lm1_0.id_empleado=lm1_1.id_empleado left join carrera ce1_0 on ce1_0.id=lm1_1.carrera_empleado_id left join presupuesto p1_0 on p1_0.id_presupuesto=ce1_0.presupuesto_id_presupuesto where lm1_0.coche_mecanico_id_coche=?
Hibernate: select lc1_0.coche_componente_id_coche,lc1_0.id_componente,cc1_0.id,cc1_0.descripcion,cc1_0.imagen_carrera,cc1_0.localizacion,cc1_0.longitud_por_vuelta,cc1_0.longitud_total,cc1_0.nombre_circuito,cc1_0.num_vueltas,p1_0.id_presupuesto,p1_0.gastos_fijos,p1_0.gastos_variables,p1_0.ingresos_fijos,p1_0.ingresos_variables,p1_0.presupuesto_inicial,cc1_0.texto_alternativo,cc1_0.tipo_asfaltado,lc1_0.durabilidad,lc1_0.esta_daniado,jc1_0.id_empleado,jc1_1.apellidos,ce1_0.id,ce1_0.descripcion,ce1_0.imagen_carrera,ce1_0.localizacion,ce1_0.longitud_por_vuelta,ce1_0.longitud_total,ce1_0.nombre_circuito,ce1_0.num_vueltas,p2_0.id_presupuesto,p2_0.gastos_fijos,p2_0.gastos_variables,p2_0.ingresos_fijos,p2_0.ingresos_variables,p2_0.presupuesto_inicial,ce1_0.texto_alternativo,ce1_0.tipo_asfaltado,jc1_1.dni,jc1_1.fecha_nacimiento,jc1_1.foto,jc1_1.incentivo,jc1_1.incentivo_calculado,jc1_1.is_admin,jc1_1.is_mecanico,jc1_1.is_piloto,jc1_1.nombre,jc1_1.password,jc1_1.salario,jc1_1.texto_alternativo,jc1_1.username,lc1_0.marca,lc1_0.precio,lc1_0.tipo_componente from componente lc1_0 left join carrera cc1_0 on cc1_0.id=lc1_0.carrera_componente_id left join presupuesto p1_0 on p1_0.id_presupuesto=cc1_0.presupuesto_id_presupuesto left join (jefe_equipo jc1_0 join empleado jc1_1 on jc1_0.id_empleado=jc1_1.id_empleado) on jc1_0.id_empleado=lc1_0.jefe_componente_id_empleado left join carrera ce1_0 on ce1_0.id=jc1_1.carrera_empleado_id left join presupuesto p2_0 on p2_0.id_presupuesto=ce1_0.presupuesto_id_presupuesto where lc1_0.coche_componente_id_coche=?
Hibernate: select lc1_0.carrera_componente_id,lc1_0.id_componente,cc2_0.id_coche,cc3_0.id,cc3_0.descripcion,cc3_0.imagen_carrera,cc3_0.localizacion,cc3_0.longitud_por_vuelta,cc3_0.longitud_total,cc3_0.nombre_circuito,cc3_0.num_vueltas,p1_0.id_presupuesto,p1_0.gastos_fijos,p1_0.gastos_variables,p1_0.ingresos_fijos,p1_0.ingresos_variables,p1_0.presupuesto_inicial,cc3_0.texto_alternativo,cc3_0.tipo_asfaltado,cc2_0.esta_daniado,cc2_0.foto_coche,cc2_0.nombre,p2_0.id_empleado,p2_1.apellidos,ce1_0.id,ce1_0.descripcion,ce1_0.imagen_carrera,ce1_0.localizacion,ce1_0.longitud_por_vuelta,ce1_0.longitud_total,ce1_0.nombre_circuito,ce1_0.num_vueltas,p3_0.id_presupuesto,p3_0.gastos_fijos,p3_0.gastos_variables,p3_0.ingresos_fijos,p3_0.ingresos_variables,p3_0.presupuesto_inicial,ce1_0.texto_alternativo,ce1_0.tipo_asfaltado,p2_1.dni,p2_1.fecha_nacimiento,p2_1.foto,p2_1.incentivo,p2_1.incentivo_calculado,p2_1.is_admin,p2_1.is_mecanico,p2_1.is_piloto,p2_1.nombre,p2_1.password,p2_1.salario,p2_1.texto_alternativo,p2_1.username,cc2_0.posicion_carrera,cc2_0.texto_alternativo,lc1_0.durabilidad,lc1_0.esta_daniado,jc1_0.id_empleado,jc1_1.apellidos,ce2_0.id,ce2_0.descripcion,ce2_0.imagen_carrera,ce2_0.localizacion,ce2_0.longitud_por_vuelta,ce2_0.longitud_total,ce2_0.nombre_circuito,ce2_0.num_vueltas,p4_0.id_presupuesto,p4_0.gastos_fijos,p4_0.gastos_variables,p4_0.ingresos_fijos,p4_0.ingresos_variables,p4_0.presupuesto_inicial,ce2_0.texto_alternativo,ce2_0.tipo_asfaltado,jc1_1.dni,jc1_1.fecha_nacimiento,jc1_1.foto,jc1_1.incentivo,jc1_1.incentivo_calculado,jc1_1.is_admin,jc1_1.is_mecanico,jc1_1.is_piloto,jc1_1.nombre,jc1_1.password,jc1_1.salario,jc1_1.texto_alternativo,jc1_1.username,lc1_0.marca,lc1_0.precio,lc1_0.tipo_componente from componente lc1_0 left join coche cc2_0 on cc2_0.id_coche=lc1_0.coche_componente_id_coche left join carrera cc3_0 on cc3_0.id=cc2_0.carrera_coche_id left join presupuesto p1_0 on p1_0.id_presupuesto=cc3_0.presupuesto_id_presupuesto left join (piloto p2_0 join empleado p2_1 on p2_0.id_empleado=p2_1.id_empleado) on cc2_0.id_coche=p2_0.coche_piloto_id_coche left join carrera ce1_0 on ce1_0.id=p2_1.carrera_empleado_id left join presupuesto p3_0 on p3_0.id_presupuesto=ce1_0.presupuesto_id_presupuesto left join (jefe_equipo jc1_0 join empleado jc1_1 on jc1_0.id_empleado=jc1_1.id_empleado) on jc1_0.id_empleado=lc1_0.jefe_componente_id_empleado left join carrera ce2_0 on ce2_0.id=jc1_1.carrera_empleado_id left join presupuesto p4_0 on p4_0.id_presupuesto=ce2_0.presupuesto_id_presupuesto where lc1_0.carrera_componente_id=?
Hibernate: select p1_0.id_presupuesto,p1_0.gastos_fijos,p1_0.gastos_variables,p1_0.ingresos_fijos,p1_0.ingresos_variables,p1_0.presupuesto_inicial,lc1_0.presupuesto_id_presupuesto,lc1_0.id,lc1_0.descripcion,lc1_0.imagen_carrera,lc1_0.localizacion,lc1_0.longitud_por_vuelta,lc1_0.longitud_total,lc1_0.nombre_circuito,lc1_0.num_vueltas,lc1_0.texto_alternativo,lc1_0.tipo_asfaltado from presupuesto p1_0 left join carrera lc1_0 on p1_0.id_presupuesto=lc1_0.presupuesto_id_presupuesto where p1_0.id_presupuesto=?
Hibernate: select le1_0.carrera_empleado_id,le1_0.id_empleado,case when le1_1.id_empleado is not null then 1 when le1_2.id_empleado is not null then 2 when le1_3.id_empleado is not null then 3 when le1_0.id_empleado is not null then 0 end,le1_0.apellidos,le1_0.dni,le1_0.fecha_nacimiento,le1_0.foto,le1_0.incentivo,le1_0.incentivo_calculado,le1_0.is_admin,le1_0.is_mecanico,le1_0.is_piloto,le1_0.nombre,le1_0.password,le1_0.salario,le1_0.texto_alternativo,le1_0.username,cm1_0.id_coche,cc1_0.id,cc1_0.descripcion,cc1_0.imagen_carrera,cc1_0.localizacion,cc1_0.longitud_por_vuelta,cc1_0.longitud_total,cc1_0.nombre_circuito,cc1_0.num_vueltas,p1_0.id_presupuesto,p1_0.gastos_fijos,p1_0.gastos_variables,p1_0.ingresos_fijos,p1_0.ingresos_variables,p1_0.presupuesto_inicial,cc1_0.texto_alternativo,cc1_0.tipo_asfaltado,cm1_0.esta_daniado,cm1_0.foto_coche,cm1_0.nombre,p2_0.id_empleado,p2_1.apellidos,p2_1.carrera_empleado_id,p2_1.dni,p2_1.fecha_nacimiento,p2_1.foto,p2_1.incentivo,p2_1.incentivo_calculado,p2_1.is_admin,p2_1.is_mecanico,p2_1.is_piloto,p2_1.nombre,p2_1.password,p2_1.salario,p2_1.texto_alternativo,p2_1.username,cm1_0.posicion_carrera,cm1_0.texto_alternativo,cp1_0.id_coche,cc2_0.id,cc2_0.descripcion,cc2_0.imagen_carrera,cc2_0.localizacion,cc2_0.longitud_por_vuelta,cc2_0.longitud_total,cc2_0.nombre_circuito,cc2_0.num_vueltas,p3_0.id_presupuesto,p3_0.gastos_fijos,p3_0.gastos_variables,p3_0.ingresos_fijos,p3_0.ingresos_variables,p3_0.presupuesto_inicial,cc2_0.texto_alternativo,cc2_0.tipo_asfaltado,cp1_0.esta_daniado,cp1_0.foto_coche,cp1_0.nombre,cp1_0.posicion_carrera,cp1_0.texto_alternativo from empleado le1_0 left join jefe_equipo le1_1 on le1_0.id_empleado=le1_1.id_empleado left join mecanico le1_2 on le1_0.id_empleado=le1_2.id_empleado left join piloto le1_3 on le1_0.id_empleado=le1_3.id_empleado left join coche cm1_0 on cm1_0.id_coche=le1_2.coche_mecanico_id_coche left join carrera cc1_0 on cc1_0.id=cm1_0.carrera_coche_id left join presupuesto p1_0 on p1_0.id_presupuesto=cc1_0.presupuesto_id_presupuesto left join (piloto p2_0 join empleado p2_1 on p2_0.id_empleado=p2_1.id_empleado) on cm1_0.id_coche=p2_0.coche_piloto_id_coche left join coche cp1_0 on cp1_0.id_coche=le1_3.coche_piloto_id_coche left join carrera cc2_0 on cc2_0.id=cp1_0.carrera_coche_id left join presupuesto p3_0 on p3_0.id_presupuesto=cc2_0.presupuesto_id_presupuesto where le1_0.carrera_empleado_id=?
Hibernate: select p1_0.id_empleado,p1_1.apellidos,ce1_0.id,ce1_0.descripcion,ce1_0.imagen_carrera,ce1_0.localizacion,ce1_0.longitud_por_vuelta,ce1_0.longitud_total,ce1_0.nombre_circuito,ce1_0.num_vueltas,p2_0.id_presupuesto,p2_0.gastos_fijos,p2_0.gastos_variables,p2_0.ingresos_fijos,p2_0.ingresos_variables,p2_0.presupuesto_inicial,ce1_0.texto_alternativo,ce1_0.tipo_asfaltado,lc1_0.carrera_coche_id,lc1_0.id_coche,lc1_0.esta_daniado,lc1_0.foto_coche,lc1_0.nombre,p3_0.id_empleado,p3_1.apellidos,p3_1.carrera_empleado_id,p3_1.dni,p3_1.fecha_nacimiento,p3_1.foto,p3_1.incentivo,p3_1.incentivo_calculado,p3_1.is_admin,p3_1.is_mecanico,p3_1.is_piloto,p3_1.nombre,p3_1.password,p3_1.salario,p3_1.texto_alternativo,p3_1.username,lc1_0.posicion_carrera,lc1_0.texto_alternativo,p1_1.dni,p1_1.fecha_nacimiento,p1_1.foto,p1_1.incentivo,p1_1.incentivo_calculado,p1_1.is_admin,p1_1.is_mecanico,p1_1.is_piloto,p1_1.nombre,p1_1.password,p1_1.salario,p1_1.texto_alternativo,p1_1.username,cp1_0.id_coche,cc2_0.id,cc2_0.descripcion,cc2_0.imagen_carrera,cc2_0.localizacion,cc2_0.longitud_por_vuelta,cc2_0.longitud_total,cc2_0.nombre_circuito,cc2_0.num_vueltas,p4_0.id_presupuesto,p4_0.gastos_fijos,p4_0.gastos_variables,p4_0.ingresos_fijos,p4_0.ingresos_variables,p4_0.presupuesto_inicial,cc2_0.texto_alternativo,cc2_0.tipo_asfaltado,cp1_0.esta_daniado,cp1_0.foto_coche,cp1_0.nombre,cp1_0.posicion_carrera,cp1_0.texto_alternativo from piloto p1_0 join empleado p1_1 on p1_0.id_empleado=p1_1.id_empleado left join carrera ce1_0 on ce1_0.id=p1_1.carrera_empleado_id left join presupuesto p2_0 on p2_0.id_presupuesto=ce1_0.presupuesto_id_presupuesto left join coche lc1_0 on ce1_0.id=lc1_0.carrera_coche_id left join (piloto p3_0 join empleado p3_1 on p3_0.id_empleado=p3_1.id_empleado) on lc1_0.id_coche=p3_0.coche_piloto_id_coche left join coche cp1_0 on cp1_0.id_coche=p1_0.coche_piloto_id_coche left join carrera cc2_0 on cc2_0.id=cp1_0.carrera_coche_id left join presupuesto p4_0 on p4_0.id_presupuesto=cc2_0.presupuesto_id_presupuesto where p1_0.coche_piloto_id_coche=?
Hibernate: select lm1_0.coche_mecanico_id_coche,lm1_0.id_empleado,lm1_1.apellidos,ce1_0.id,ce1_0.descripcion,ce1_0.imagen_carrera,ce1_0.localizacion,ce1_0.longitud_por_vuelta,ce1_0.longitud_total,ce1_0.nombre_circuito,ce1_0.num_vueltas,p1_0.id_presupuesto,p1_0.gastos_fijos,p1_0.gastos_variables,p1_0.ingresos_fijos,p1_0.ingresos_variables,p1_0.presupuesto_inicial,ce1_0.texto_alternativo,ce1_0.tipo_asfaltado,lm1_1.dni,lm1_1.fecha_nacimiento,lm1_1.foto,lm1_1.incentivo,lm1_1.incentivo_calculado,lm1_1.is_admin,lm1_1.is_mecanico,lm1_1.is_piloto,lm1_1.nombre,lm1_1.password,lm1_1.salario,lm1_1.texto_alternativo,lm1_1.username from mecanico lm1_0 join empleado lm1_1 on lm1_0.id_empleado=lm1_1.id_empleado left join carrera ce1_0 on ce1_0.id=lm1_1.carrera_empleado_id left join presupuesto p1_0 on p1_0.id_presupuesto=ce1_0.presupuesto_id_presupuesto where lm1_0.coche_mecanico_id_coche=?
Hibernate: select lc1_0.coche_componente_id_coche,lc1_0.id_componente,cc1_0.id,cc1_0.descripcion,cc1_0.imagen_carrera,cc1_0.localizacion,cc1_0.longitud_por_vuelta,cc1_0.longitud_total,cc1_0.nombre_circuito,cc1_0.num_vueltas,p1_0.id_presupuesto,p1_0.gastos_fijos,p1_0.gastos_variables,p1_0.ingresos_fijos,p1_0.ingresos_variables,p1_0.presupuesto_inicial,cc1_0.texto_alternativo,cc1_0.tipo_asfaltado,lc1_0.durabilidad,lc1_0.esta_daniado,jc1_0.id_empleado,jc1_1.apellidos,ce1_0.id,ce1_0.descripcion,ce1_0.imagen_carrera,ce1_0.localizacion,ce1_0.longitud_por_vuelta,ce1_0.longitud_total,ce1_0.nombre_circuito,ce1_0.num_vueltas,p2_0.id_presupuesto,p2_0.gastos_fijos,p2_0.gastos_variables,p2_0.ingresos_fijos,p2_0.ingresos_variables,p2_0.presupuesto_inicial,ce1_0.texto_alternativo,ce1_0.tipo_asfaltado,jc1_1.dni,jc1_1.fecha_nacimiento,jc1_1.foto,jc1_1.incentivo,jc1_1.incentivo_calculado,jc1_1.is_admin,jc1_1.is_mecanico,jc1_1.is_piloto,jc1_1.nombre,jc1_1.password,jc1_1.salario,jc1_1.texto_alternativo,jc1_1.username,lc1_0.marca,lc1_0.precio,lc1_0.tipo_componente from componente lc1_0 left join carrera cc1_0 on cc1_0.id=lc1_0.carrera_componente_id left join presupuesto p1_0 on p1_0.id_presupuesto=cc1_0.presupuesto_id_presupuesto left join (jefe_equipo jc1_0 join empleado jc1_1 on jc1_0.id_empleado=jc1_1.id_empleado) on jc1_0.id_empleado=lc1_0.jefe_componente_id_empleado left join carrera ce1_0 on ce1_0.id=jc1_1.carrera_empleado_id left join presupuesto p2_0 on p2_0.id_presupuesto=ce1_0.presupuesto_id_presupuesto where lc1_0.coche_componente_id_coche=?
Hibernate: select lc1_0.jefe_componente_id_empleado,lc1_0.id_componente,cc1_0.id,cc1_0.descripcion,cc1_0.imagen_carrera,cc1_0.localizacion,cc1_0.longitud_por_vuelta,cc1_0.longitud_total,cc1_0.nombre_circuito,cc1_0.num_vueltas,p1_0.id_presupuesto,p1_0.gastos_fijos,p1_0.gastos_variables,p1_0.ingresos_fijos,p1_0.ingresos_variables,p1_0.presupuesto_inicial,cc1_0.texto_alternativo,cc1_0.tipo_asfaltado,cc2_0.id_coche,cc3_0.id,cc3_0.descripcion,cc3_0.imagen_carrera,cc3_0.localizacion,cc3_0.longitud_por_vuelta,cc3_0.longitud_total,cc3_0.nombre_circuito,cc3_0.num_vueltas,p2_0.id_presupuesto,p2_0.gastos_fijos,p2_0.gastos_variables,p2_0.ingresos_fijos,p2_0.ingresos_variables,p2_0.presupuesto_inicial,cc3_0.texto_alternativo,cc3_0.tipo_asfaltado,cc2_0.esta_daniado,cc2_0.foto_coche,cc2_0.nombre,p3_0.id_empleado,p3_1.apellidos,ce1_0.id,ce1_0.descripcion,ce1_0.imagen_carrera,ce1_0.localizacion,ce1_0.longitud_por_vuelta,ce1_0.longitud_total,ce1_0.nombre_circuito,ce1_0.num_vueltas,p4_0.id_presupuesto,p4_0.gastos_fijos,p4_0.gastos_variables,p4_0.ingresos_fijos,p4_0.ingresos_variables,p4_0.presupuesto_inicial,ce1_0.texto_alternativo,ce1_0.tipo_asfaltado,p3_1.dni,p3_1.fecha_nacimiento,p3_1.foto,p3_1.incentivo,p3_1.incentivo_calculado,p3_1.is_admin,p3_1.is_mecanico,p3_1.is_piloto,p3_1.nombre,p3_1.password,p3_1.salario,p3_1.texto_alternativo,p3_1.username,cc2_0.posicion_carrera,cc2_0.texto_alternativo,lc1_0.durabilidad,lc1_0.esta_daniado,lc1_0.marca,lc1_0.precio,lc1_0.tipo_componente from componente lc1_0 left join carrera cc1_0 on cc1_0.id=lc1_0.carrera_componente_id left join presupuesto p1_0 on p1_0.id_presupuesto=cc1_0.presupuesto_id_presupuesto left join coche cc2_0 on cc2_0.id_coche=lc1_0.coche_componente_id_coche left join carrera cc3_0 on cc3_0.id=cc2_0.carrera_coche_id left join presupuesto p2_0 on p2_0.id_presupuesto=cc3_0.presupuesto_id_presupuesto left join (piloto p3_0 join empleado p3_1 on p3_0.id_empleado=p3_1.id_empleado) on cc2_0.id_coche=p3_0.coche_piloto_id_coche left join carrera ce1_0 on ce1_0.id=p3_1.carrera_empleado_id left join presupuesto p4_0 on p4_0.id_presupuesto=ce1_0.presupuesto_id_presupuesto where lc1_0.jefe_componente_id_empleado=?
Hibernate: select lm1_0.coche_mecanico_id_coche,lm1_0.id_empleado,lm1_1.apellidos,ce1_0.id,ce1_0.descripcion,ce1_0.imagen_carrera,ce1_0.localizacion,ce1_0.longitud_por_vuelta,ce1_0.longitud_total,ce1_0.nombre_circuito,ce1_0.num_vueltas,p1_0.id_presupuesto,p1_0.gastos_fijos,p1_0.gastos_variables,p1_0.ingresos_fijos,p1_0.ingresos_variables,p1_0.presupuesto_inicial,ce1_0.texto_alternativo,ce1_0.tipo_asfaltado,lm1_1.dni,lm1_1.fecha_nacimiento,lm1_1.foto,lm1_1.incentivo,lm1_1.incentivo_calculado,lm1_1.is_admin,lm1_1.is_mecanico,lm1_1.is_piloto,lm1_1.nombre,lm1_1.password,lm1_1.salario,lm1_1.texto_alternativo,lm1_1.username from mecanico lm1_0 join empleado lm1_1 on lm1_0.id_empleado=lm1_1.id_empleado left join carrera ce1_0 on ce1_0.id=lm1_1.carrera_empleado_id left join presupuesto p1_0 on p1_0.id_presupuesto=ce1_0.presupuesto_id_presupuesto where lm1_0.coche_mecanico_id_coche=?
Hibernate: select lc1_0.coche_componente_id_coche,lc1_0.id_componente,cc1_0.id,cc1_0.descripcion,cc1_0.imagen_carrera,cc1_0.localizacion,cc1_0.longitud_por_vuelta,cc1_0.longitud_total,cc1_0.nombre_circuito,cc1_0.num_vueltas,p1_0.id_presupuesto,p1_0.gastos_fijos,p1_0.gastos_variables,p1_0.ingresos_fijos,p1_0.ingresos_variables,p1_0.presupuesto_inicial,cc1_0.texto_alternativo,cc1_0.tipo_asfaltado,lc1_0.durabilidad,lc1_0.esta_daniado,jc1_0.id_empleado,jc1_1.apellidos,ce1_0.id,ce1_0.descripcion,ce1_0.imagen_carrera,ce1_0.localizacion,ce1_0.longitud_por_vuelta,ce1_0.longitud_total,ce1_0.nombre_circuito,ce1_0.num_vueltas,p2_0.id_presupuesto,p2_0.gastos_fijos,p2_0.gastos_variables,p2_0.ingresos_fijos,p2_0.ingresos_variables,p2_0.presupuesto_inicial,ce1_0.texto_alternativo,ce1_0.tipo_asfaltado,jc1_1.dni,jc1_1.fecha_nacimiento,jc1_1.foto,jc1_1.incentivo,jc1_1.incentivo_calculado,jc1_1.is_admin,jc1_1.is_mecanico,jc1_1.is_piloto,jc1_1.nombre,jc1_1.password,jc1_1.salario,jc1_1.texto_alternativo,jc1_1.username,lc1_0.marca,lc1_0.precio,lc1_0.tipo_componente from componente lc1_0 left join carrera cc1_0 on cc1_0.id=lc1_0.carrera_componente_id left join presupuesto p1_0 on p1_0.id_presupuesto=cc1_0.presupuesto_id_presupuesto left join (jefe_equipo jc1_0 join empleado jc1_1 on jc1_0.id_empleado=jc1_1.id_empleado) on jc1_0.id_empleado=lc1_0.jefe_componente_id_empleado left join carrera ce1_0 on ce1_0.id=jc1_1.carrera_empleado_id left join presupuesto p2_0 on p2_0.id_presupuesto=ce1_0.presupuesto_id_presupuesto where lc1_0.coche_componente_id_coche=?
Hibernate: select lc1_0.carrera_componente_id,lc1_0.id_componente,cc2_0.id_coche,cc3_0.id,cc3_0.descripcion,cc3_0.imagen_carrera,cc3_0.localizacion,cc3_0.longitud_por_vuelta,cc3_0.longitud_total,cc3_0.nombre_circuito,cc3_0.num_vueltas,p1_0.id_presupuesto,p1_0.gastos_fijos,p1_0.gastos_variables,p1_0.ingresos_fijos,p1_0.ingresos_variables,p1_0.presupuesto_inicial,cc3_0.texto_alternativo,cc3_0.tipo_asfaltado,cc2_0.esta_daniado,cc2_0.foto_coche,cc2_0.nombre,p2_0.id_empleado,p2_1.apellidos,ce1_0.id,ce1_0.descripcion,ce1_0.imagen_carrera,ce1_0.localizacion,ce1_0.longitud_por_vuelta,ce1_0.longitud_total,ce1_0.nombre_circuito,ce1_0.num_vueltas,p3_0.id_presupuesto,p3_0.gastos_fijos,p3_0.gastos_variables,p3_0.ingresos_fijos,p3_0.ingresos_variables,p3_0.presupuesto_inicial,ce1_0.texto_alternativo,ce1_0.tipo_asfaltado,p2_1.dni,p2_1.fecha_nacimiento,p2_1.foto,p2_1.incentivo,p2_1.incentivo_calculado,p2_1.is_admin,p2_1.is_mecanico,p2_1.is_piloto,p2_1.nombre,p2_1.password,p2_1.salario,p2_1.texto_alternativo,p2_1.username,cc2_0.posicion_carrera,cc2_0.texto_alternativo,lc1_0.durabilidad,lc1_0.esta_daniado,jc1_0.id_empleado,jc1_1.apellidos,ce2_0.id,ce2_0.descripcion,ce2_0.imagen_carrera,ce2_0.localizacion,ce2_0.longitud_por_vuelta,ce2_0.longitud_total,ce2_0.nombre_circuito,ce2_0.num_vueltas,p4_0.id_presupuesto,p4_0.gastos_fijos,p4_0.gastos_variables,p4_0.ingresos_fijos,p4_0.ingresos_variables,p4_0.presupuesto_inicial,ce2_0.texto_alternativo,ce2_0.tipo_asfaltado,jc1_1.dni,jc1_1.fecha_nacimiento,jc1_1.foto,jc1_1.incentivo,jc1_1.incentivo_calculado,jc1_1.is_admin,jc1_1.is_mecanico,jc1_1.is_piloto,jc1_1.nombre,jc1_1.password,jc1_1.salario,jc1_1.texto_alternativo,jc1_1.username,lc1_0.marca,lc1_0.precio,lc1_0.tipo_componente from componente lc1_0 left join coche cc2_0 on cc2_0.id_coche=lc1_0.coche_componente_id_coche left join carrera cc3_0 on cc3_0.id=cc2_0.carrera_coche_id left join presupuesto p1_0 on p1_0.id_presupuesto=cc3_0.presupuesto_id_presupuesto left join (piloto p2_0 join empleado p2_1 on p2_0.id_empleado=p2_1.id_empleado) on cc2_0.id_coche=p2_0.coche_piloto_id_coche left join carrera ce1_0 on ce1_0.id=p2_1.carrera_empleado_id left join presupuesto p3_0 on p3_0.id_presupuesto=ce1_0.presupuesto_id_presupuesto left join (jefe_equipo jc1_0 join empleado jc1_1 on jc1_0.id_empleado=jc1_1.id_empleado) on jc1_0.id_empleado=lc1_0.jefe_componente_id_empleado left join carrera ce2_0 on ce2_0.id=jc1_1.carrera_empleado_id left join presupuesto p4_0 on p4_0.id_presupuesto=ce2_0.presupuesto_id_presupuesto where lc1_0.carrera_componente_id=?
Hibernate: select p1_0.id_presupuesto,p1_0.gastos_fijos,p1_0.gastos_variables,p1_0.ingresos_fijos,p1_0.ingresos_variables,p1_0.presupuesto_inicial,lc1_0.presupuesto_id_presupuesto,lc1_0.id,lc1_0.descripcion,lc1_0.imagen_carrera,lc1_0.localizacion,lc1_0.longitud_por_vuelta,lc1_0.longitud_total,lc1_0.nombre_circuito,lc1_0.num_vueltas,lc1_0.texto_alternativo,lc1_0.tipo_asfaltado from presupuesto p1_0 left join carrera lc1_0 on p1_0.id_presupuesto=lc1_0.presupuesto_id_presupuesto where p1_0.id_presupuesto=?
Hibernate: select le1_0.carrera_empleado_id,le1_0.id_empleado,case when le1_1.id_empleado is not null then 1 when le1_2.id_empleado is not null then 2 when le1_3.id_empleado is not null then 3 when le1_0.id_empleado is not null then 0 end,le1_0.apellidos,le1_0.dni,le1_0.fecha_nacimiento,le1_0.foto,le1_0.incentivo,le1_0.incentivo_calculado,le1_0.is_admin,le1_0.is_mecanico,le1_0.is_piloto,le1_0.nombre,le1_0.password,le1_0.salario,le1_0.texto_alternativo,le1_0.username,cm1_0.id_coche,cc1_0.id,cc1_0.descripcion,cc1_0.imagen_carrera,cc1_0.localizacion,cc1_0.longitud_por_vuelta,cc1_0.longitud_total,cc1_0.nombre_circuito,cc1_0.num_vueltas,p1_0.id_presupuesto,p1_0.gastos_fijos,p1_0.gastos_variables,p1_0.ingresos_fijos,p1_0.ingresos_variables,p1_0.presupuesto_inicial,cc1_0.texto_alternativo,cc1_0.tipo_asfaltado,cm1_0.esta_daniado,cm1_0.foto_coche,cm1_0.nombre,p2_0.id_empleado,p2_1.apellidos,p2_1.carrera_empleado_id,p2_1.dni,p2_1.fecha_nacimiento,p2_1.foto,p2_1.incentivo,p2_1.incentivo_calculado,p2_1.is_admin,p2_1.is_mecanico,p2_1.is_piloto,p2_1.nombre,p2_1.password,p2_1.salario,p2_1.texto_alternativo,p2_1.username,cm1_0.posicion_carrera,cm1_0.texto_alternativo,cp1_0.id_coche,cc2_0.id,cc2_0.descripcion,cc2_0.imagen_carrera,cc2_0.localizacion,cc2_0.longitud_por_vuelta,cc2_0.longitud_total,cc2_0.nombre_circuito,cc2_0.num_vueltas,p3_0.id_presupuesto,p3_0.gastos_fijos,p3_0.gastos_variables,p3_0.ingresos_fijos,p3_0.ingresos_variables,p3_0.presupuesto_inicial,cc2_0.texto_alternativo,cc2_0.tipo_asfaltado,cp1_0.esta_daniado,cp1_0.foto_coche,cp1_0.nombre,cp1_0.posicion_carrera,cp1_0.texto_alternativo from empleado le1_0 left join jefe_equipo le1_1 on le1_0.id_empleado=le1_1.id_empleado left join mecanico le1_2 on le1_0.id_empleado=le1_2.id_empleado left join piloto le1_3 on le1_0.id_empleado=le1_3.id_empleado left join coche cm1_0 on cm1_0.id_coche=le1_2.coche_mecanico_id_coche left join carrera cc1_0 on cc1_0.id=cm1_0.carrera_coche_id left join presupuesto p1_0 on p1_0.id_presupuesto=cc1_0.presupuesto_id_presupuesto left join (piloto p2_0 join empleado p2_1 on p2_0.id_empleado=p2_1.id_empleado) on cm1_0.id_coche=p2_0.coche_piloto_id_coche left join coche cp1_0 on cp1_0.id_coche=le1_3.coche_piloto_id_coche left join carrera cc2_0 on cc2_0.id=cp1_0.carrera_coche_id left join presupuesto p3_0 on p3_0.id_presupuesto=cc2_0.presupuesto_id_presupuesto where le1_0.carrera_empleado_id=?
Hibernate: select p1_0.id_empleado,p1_1.apellidos,ce1_0.id,ce1_0.descripcion,ce1_0.imagen_carrera,ce1_0.localizacion,ce1_0.longitud_por_vuelta,ce1_0.longitud_total,ce1_0.nombre_circuito,ce1_0.num_vueltas,p2_0.id_presupuesto,p2_0.gastos_fijos,p2_0.gastos_variables,p2_0.ingresos_fijos,p2_0.ingresos_variables,p2_0.presupuesto_inicial,ce1_0.texto_alternativo,ce1_0.tipo_asfaltado,lc1_0.carrera_coche_id,lc1_0.id_coche,lc1_0.esta_daniado,lc1_0.foto_coche,lc1_0.nombre,p3_0.id_empleado,p3_1.apellidos,p3_1.carrera_empleado_id,p3_1.dni,p3_1.fecha_nacimiento,p3_1.foto,p3_1.incentivo,p3_1.incentivo_calculado,p3_1.is_admin,p3_1.is_mecanico,p3_1.is_piloto,p3_1.nombre,p3_1.password,p3_1.salario,p3_1.texto_alternativo,p3_1.username,lc1_0.posicion_carrera,lc1_0.texto_alternativo,p1_1.dni,p1_1.fecha_nacimiento,p1_1.foto,p1_1.incentivo,p1_1.incentivo_calculado,p1_1.is_admin,p1_1.is_mecanico,p1_1.is_piloto,p1_1.nombre,p1_1.password,p1_1.salario,p1_1.texto_alternativo,p1_1.username,cp1_0.id_coche,cc2_0.id,cc2_0.descripcion,cc2_0.imagen_carrera,cc2_0.localizacion,cc2_0.longitud_por_vuelta,cc2_0.longitud_total,cc2_0.nombre_circuito,cc2_0.num_vueltas,p4_0.id_presupuesto,p4_0.gastos_fijos,p4_0.gastos_variables,p4_0.ingresos_fijos,p4_0.ingresos_variables,p4_0.presupuesto_inicial,cc2_0.texto_alternativo,cc2_0.tipo_asfaltado,cp1_0.esta_daniado,cp1_0.foto_coche,cp1_0.nombre,cp1_0.posicion_carrera,cp1_0.texto_alternativo from piloto p1_0 join empleado p1_1 on p1_0.id_empleado=p1_1.id_empleado left join carrera ce1_0 on ce1_0.id=p1_1.carrera_empleado_id left join presupuesto p2_0 on p2_0.id_presupuesto=ce1_0.presupuesto_id_presupuesto left join coche lc1_0 on ce1_0.id=lc1_0.carrera_coche_id left join (piloto p3_0 join empleado p3_1 on p3_0.id_empleado=p3_1.id_empleado) on lc1_0.id_coche=p3_0.coche_piloto_id_coche left join coche cp1_0 on cp1_0.id_coche=p1_0.coche_piloto_id_coche left join carrera cc2_0 on cc2_0.id=cp1_0.carrera_coche_id left join presupuesto p4_0 on p4_0.id_presupuesto=cc2_0.presupuesto_id_presupuesto where p1_0.coche_piloto_id_coche=?
Hibernate: select lm1_0.coche_mecanico_id_coche,lm1_0.id_empleado,lm1_1.apellidos,ce1_0.id,ce1_0.descripcion,ce1_0.imagen_carrera,ce1_0.localizacion,ce1_0.longitud_por_vuelta,ce1_0.longitud_total,ce1_0.nombre_circuito,ce1_0.num_vueltas,p1_0.id_presupuesto,p1_0.gastos_fijos,p1_0.gastos_variables,p1_0.ingresos_fijos,p1_0.ingresos_variables,p1_0.presupuesto_inicial,ce1_0.texto_alternativo,ce1_0.tipo_asfaltado,lm1_1.dni,lm1_1.fecha_nacimiento,lm1_1.foto,lm1_1.incentivo,lm1_1.incentivo_calculado,lm1_1.is_admin,lm1_1.is_mecanico,lm1_1.is_piloto,lm1_1.nombre,lm1_1.password,lm1_1.salario,lm1_1.texto_alternativo,lm1_1.username from mecanico lm1_0 join empleado lm1_1 on lm1_0.id_empleado=lm1_1.id_empleado left join carrera ce1_0 on ce1_0.id=lm1_1.carrera_empleado_id left join presupuesto p1_0 on p1_0.id_presupuesto=ce1_0.presupuesto_id_presupuesto where lm1_0.coche_mecanico_id_coche=?
Hibernate: select lc1_0.coche_componente_id_coche,lc1_0.id_componente,cc1_0.id,cc1_0.descripcion,cc1_0.imagen_carrera,cc1_0.localizacion,cc1_0.longitud_por_vuelta,cc1_0.longitud_total,cc1_0.nombre_circuito,cc1_0.num_vueltas,p1_0.id_presupuesto,p1_0.gastos_fijos,p1_0.gastos_variables,p1_0.ingresos_fijos,p1_0.ingresos_variables,p1_0.presupuesto_inicial,cc1_0.texto_alternativo,cc1_0.tipo_asfaltado,lc1_0.durabilidad,lc1_0.esta_daniado,jc1_0.id_empleado,jc1_1.apellidos,ce1_0.id,ce1_0.descripcion,ce1_0.imagen_carrera,ce1_0.localizacion,ce1_0.longitud_por_vuelta,ce1_0.longitud_total,ce1_0.nombre_circuito,ce1_0.num_vueltas,p2_0.id_presupuesto,p2_0.gastos_fijos,p2_0.gastos_variables,p2_0.ingresos_fijos,p2_0.ingresos_variables,p2_0.presupuesto_inicial,ce1_0.texto_alternativo,ce1_0.tipo_asfaltado,jc1_1.dni,jc1_1.fecha_nacimiento,jc1_1.foto,jc1_1.incentivo,jc1_1.incentivo_calculado,jc1_1.is_admin,jc1_1.is_mecanico,jc1_1.is_piloto,jc1_1.nombre,jc1_1.password,jc1_1.salario,jc1_1.texto_alternativo,jc1_1.username,lc1_0.marca,lc1_0.precio,lc1_0.tipo_componente from componente lc1_0 left join carrera cc1_0 on cc1_0.id=lc1_0.carrera_componente_id left join presupuesto p1_0 on p1_0.id_presupuesto=cc1_0.presupuesto_id_presupuesto left join (jefe_equipo jc1_0 join empleado jc1_1 on jc1_0.id_empleado=jc1_1.id_empleado) on jc1_0.id_empleado=lc1_0.jefe_componente_id_empleado left join carrera ce1_0 on ce1_0.id=jc1_1.carrera_empleado_id left join presupuesto p2_0 on p2_0.id_presupuesto=ce1_0.presupuesto_id_presupuesto where lc1_0.coche_componente_id_coche=?
Hibernate: select lc1_0.jefe_componente_id_empleado,lc1_0.id_componente,cc1_0.id,cc1_0.descripcion,cc1_0.imagen_carrera,cc1_0.localizacion,cc1_0.longitud_por_vuelta,cc1_0.longitud_total,cc1_0.nombre_circuito,cc1_0.num_vueltas,p1_0.id_presupuesto,p1_0.gastos_fijos,p1_0.gastos_variables,p1_0.ingresos_fijos,p1_0.ingresos_variables,p1_0.presupuesto_inicial,cc1_0.texto_alternativo,cc1_0.tipo_asfaltado,cc2_0.id_coche,cc3_0.id,cc3_0.descripcion,cc3_0.imagen_carrera,cc3_0.localizacion,cc3_0.longitud_por_vuelta,cc3_0.longitud_total,cc3_0.nombre_circuito,cc3_0.num_vueltas,p2_0.id_presupuesto,p2_0.gastos_fijos,p2_0.gastos_variables,p2_0.ingresos_fijos,p2_0.ingresos_variables,p2_0.presupuesto_inicial,cc3_0.texto_alternativo,cc3_0.tipo_asfaltado,cc2_0.esta_daniado,cc2_0.foto_coche,cc2_0.nombre,p3_0.id_empleado,p3_1.apellidos,ce1_0.id,ce1_0.descripcion,ce1_0.imagen_carrera,ce1_0.localizacion,ce1_0.longitud_por_vuelta,ce1_0.longitud_total,ce1_0.nombre_circuito,ce1_0.num_vueltas,p4_0.id_presupuesto,p4_0.gastos_fijos,p4_0.gastos_variables,p4_0.ingresos_fijos,p4_0.ingresos_variables,p4_0.presupuesto_inicial,ce1_0.texto_alternativo,ce1_0.tipo_asfaltado,p3_1.dni,p3_1.fecha_nacimiento,p3_1.foto,p3_1.incentivo,p3_1.incentivo_calculado,p3_1.is_admin,p3_1.is_mecanico,p3_1.is_piloto,p3_1.nombre,p3_1.password,p3_1.salario,p3_1.texto_alternativo,p3_1.username,cc2_0.posicion_carrera,cc2_0.texto_alternativo,lc1_0.durabilidad,lc1_0.esta_daniado,lc1_0.marca,lc1_0.precio,lc1_0.tipo_componente from componente lc1_0 left join carrera cc1_0 on cc1_0.id=lc1_0.carrera_componente_id left join presupuesto p1_0 on p1_0.id_presupuesto=cc1_0.presupuesto_id_presupuesto left join coche cc2_0 on cc2_0.id_coche=lc1_0.coche_componente_id_coche left join carrera cc3_0 on cc3_0.id=cc2_0.carrera_coche_id left join presupuesto p2_0 on p2_0.id_presupuesto=cc3_0.presupuesto_id_presupuesto left join (piloto p3_0 join empleado p3_1 on p3_0.id_empleado=p3_1.id_empleado) on cc2_0.id_coche=p3_0.coche_piloto_id_coche left join carrera ce1_0 on ce1_0.id=p3_1.carrera_empleado_id left join presupuesto p4_0 on p4_0.id_presupuesto=ce1_0.presupuesto_id_presupuesto where lc1_0.jefe_componente_id_empleado=?
Hibernate: select lm1_0.coche_mecanico_id_coche,lm1_0.id_empleado,lm1_1.apellidos,ce1_0.id,ce1_0.descripcion,ce1_0.imagen_carrera,ce1_0.localizacion,ce1_0.longitud_por_vuelta,ce1_0.longitud_total,ce1_0.nombre_circuito,ce1_0.num_vueltas,p1_0.id_presupuesto,p1_0.gastos_fijos,p1_0.gastos_variables,p1_0.ingresos_fijos,p1_0.ingresos_variables,p1_0.presupuesto_inicial,ce1_0.texto_alternativo,ce1_0.tipo_asfaltado,lm1_1.dni,lm1_1.fecha_nacimiento,lm1_1.foto,lm1_1.incentivo,lm1_1.incentivo_calculado,lm1_1.is_admin,lm1_1.is_mecanico,lm1_1.is_piloto,lm1_1.nombre,lm1_1.password,lm1_1.salario,lm1_1.texto_alternativo,lm1_1.username from mecanico lm1_0 join empleado lm1_1 on lm1_0.id_empleado=lm1_1.id_empleado left join carrera ce1_0 on ce1_0.id=lm1_1.carrera_empleado_id left join presupuesto p1_0 on p1_0.id_presupuesto=ce1_0.presupuesto_id_presupuesto where lm1_0.coche_mecanico_id_coche=?
Hibernate: select lc1_0.coche_componente_id_coche,lc1_0.id_componente,cc1_0.id,cc1_0.descripcion,cc1_0.imagen_carrera,cc1_0.localizacion,cc1_0.longitud_por_vuelta,cc1_0.longitud_total,cc1_0.nombre_circuito,cc1_0.num_vueltas,p1_0.id_presupuesto,p1_0.gastos_fijos,p1_0.gastos_variables,p1_0.ingresos_fijos,p1_0.ingresos_variables,p1_0.presupuesto_inicial,cc1_0.texto_alternativo,cc1_0.tipo_asfaltado,lc1_0.durabilidad,lc1_0.esta_daniado,jc1_0.id_empleado,jc1_1.apellidos,ce1_0.id,ce1_0.descripcion,ce1_0.imagen_carrera,ce1_0.localizacion,ce1_0.longitud_por_vuelta,ce1_0.longitud_total,ce1_0.nombre_circuito,ce1_0.num_vueltas,p2_0.id_presupuesto,p2_0.gastos_fijos,p2_0.gastos_variables,p2_0.ingresos_fijos,p2_0.ingresos_variables,p2_0.presupuesto_inicial,ce1_0.texto_alternativo,ce1_0.tipo_asfaltado,jc1_1.dni,jc1_1.fecha_nacimiento,jc1_1.foto,jc1_1.incentivo,jc1_1.incentivo_calculado,jc1_1.is_admin,jc1_1.is_mecanico,jc1_1.is_piloto,jc1_1.nombre,jc1_1.password,jc1_1.salario,jc1_1.texto_alternativo,jc1_1.username,lc1_0.marca,lc1_0.precio,lc1_0.tipo_componente from componente lc1_0 left join carrera cc1_0 on cc1_0.id=lc1_0.carrera_componente_id left join presupuesto p1_0 on p1_0.id_presupuesto=cc1_0.presupuesto_id_presupuesto left join (jefe_equipo jc1_0 join empleado jc1_1 on jc1_0.id_empleado=jc1_1.id_empleado) on jc1_0.id_empleado=lc1_0.jefe_componente_id_empleado left join carrera ce1_0 on ce1_0.id=jc1_1.carrera_empleado_id left join presupuesto p2_0 on p2_0.id_presupuesto=ce1_0.presupuesto_id_presupuesto where lc1_0.coche_componente_id_coche=?
Hibernate: select lc1_0.carrera_componente_id,lc1_0.id_componente,cc2_0.id_coche,cc3_0.id,cc3_0.descripcion,cc3_0.imagen_carrera,cc3_0.localizacion,cc3_0.longitud_por_vuelta,cc3_0.longitud_total,cc3_0.nombre_circuito,cc3_0.num_vueltas,p1_0.id_presupuesto,p1_0.gastos_fijos,p1_0.gastos_variables,p1_0.ingresos_fijos,p1_0.ingresos_variables,p1_0.presupuesto_inicial,cc3_0.texto_alternativo,cc3_0.tipo_asfaltado,cc2_0.esta_daniado,cc2_0.foto_coche,cc2_0.nombre,p2_0.id_empleado,p2_1.apellidos,ce1_0.id,ce1_0.descripcion,ce1_0.imagen_carrera,ce1_0.localizacion,ce1_0.longitud_por_vuelta,ce1_0.longitud_total,ce1_0.nombre_circuito,ce1_0.num_vueltas,p3_0.id_presupuesto,p3_0.gastos_fijos,p3_0.gastos_variables,p3_0.ingresos_fijos,p3_0.ingresos_variables,p3_0.presupuesto_inicial,ce1_0.texto_alternativo,ce1_0.tipo_asfaltado,p2_1.dni,p2_1.fecha_nacimiento,p2_1.foto,p2_1.incentivo,p2_1.incentivo_calculado,p2_1.is_admin,p2_1.is_mecanico,p2_1.is_piloto,p2_1.nombre,p2_1.password,p2_1.salario,p2_1.texto_alternativo,p2_1.username,cc2_0.posicion_carrera,cc2_0.texto_alternativo,lc1_0.durabilidad,lc1_0.esta_daniado,jc1_0.id_empleado,jc1_1.apellidos,ce2_0.id,ce2_0.descripcion,ce2_0.imagen_carrera,ce2_0.localizacion,ce2_0.longitud_por_vuelta,ce2_0.longitud_total,ce2_0.nombre_circuito,ce2_0.num_vueltas,p4_0.id_presupuesto,p4_0.gastos_fijos,p4_0.gastos_variables,p4_0.ingresos_fijos,p4_0.ingresos_variables,p4_0.presupuesto_inicial,ce2_0.texto_alternativo,ce2_0.tipo_asfaltado,jc1_1.dni,jc1_1.fecha_nacimiento,jc1_1.foto,jc1_1.incentivo,jc1_1.incentivo_calculado,jc1_1.is_admin,jc1_1.is_mecanico,jc1_1.is_piloto,jc1_1.nombre,jc1_1.password,jc1_1.salario,jc1_1.texto_alternativo,jc1_1.username,lc1_0.marca,lc1_0.precio,lc1_0.tipo_componente from componente lc1_0 left join coche cc2_0 on cc2_0.id_coche=lc1_0.coche_componente_id_coche left join carrera cc3_0 on cc3_0.id=cc2_0.carrera_coche_id left join presupuesto p1_0 on p1_0.id_presupuesto=cc3_0.presupuesto_id_presupuesto left join (piloto p2_0 join empleado p2_1 on p2_0.id_empleado=p2_1.id_empleado) on cc2_0.id_coche=p2_0.coche_piloto_id_coche left join carrera ce1_0 on ce1_0.id=p2_1.carrera_empleado_id left join presupuesto p3_0 on p3_0.id_presupuesto=ce1_0.presupuesto_id_presupuesto left join (jefe_equipo jc1_0 join empleado jc1_1 on jc1_0.id_empleado=jc1_1.id_empleado) on jc1_0.id_empleado=lc1_0.jefe_componente_id_empleado left join carrera ce2_0 on ce2_0.id=jc1_1.carrera_empleado_id left join presupuesto p4_0 on p4_0.id_presupuesto=ce2_0.presupuesto_id_presupuesto where lc1_0.carrera_componente_id=?
Hibernate: select c1_0.id_componente,c1_0.carrera_componente_id,c1_0.coche_componente_id_coche,c1_0.durabilidad,c1_0.esta_daniado,c1_0.jefe_componente_id_empleado,c1_0.marca,c1_0.precio,c1_0.tipo_componente from componente c1_0 where c1_0.coche_componente_id_coche is not null
Hibernate: select c1_0.id,c1_0.descripcion,c1_0.imagen_carrera,c1_0.localizacion,c1_0.longitud_por_vuelta,c1_0.longitud_total,c1_0.nombre_circuito,c1_0.num_vueltas,p1_0.id_presupuesto,p1_0.gastos_fijos,p1_0.gastos_variables,p1_0.ingresos_fijos,p1_0.ingresos_variables,p1_0.presupuesto_inicial,c1_0.texto_alternativo,c1_0.tipo_asfaltado,lc1_0.carrera_coche_id,lc1_0.id_coche,lc1_0.esta_daniado,lc1_0.foto_coche,lc1_0.nombre,p2_0.id_empleado,p2_1.apellidos,ce1_0.id,ce1_0.descripcion,ce1_0.imagen_carrera,ce1_0.localizacion,ce1_0.longitud_por_vuelta,ce1_0.longitud_total,ce1_0.nombre_circuito,ce1_0.num_vueltas,p3_0.id_presupuesto,p3_0.gastos_fijos,p3_0.gastos_variables,p3_0.ingresos_fijos,p3_0.ingresos_variables,p3_0.presupuesto_inicial,ce1_0.texto_alternativo,ce1_0.tipo_asfaltado,p2_1.dni,p2_1.fecha_nacimiento,p2_1.foto,p2_1.incentivo,p2_1.incentivo_calculado,p2_1.is_admin,p2_1.is_mecanico,p2_1.is_piloto,p2_1.nombre,p2_1.password,p2_1.salario,p2_1.texto_alternativo,p2_1.username,lc1_0.posicion_carrera,lc1_0.texto_alternativo from carrera c1_0 left join presupuesto p1_0 on p1_0.id_presupuesto=c1_0.presupuesto_id_presupuesto left join coche lc1_0 on c1_0.id=lc1_0.carrera_coche_id left join (piloto p2_0 join empleado p2_1 on p2_0.id_empleado=p2_1.id_empleado) on lc1_0.id_coche=p2_0.coche_piloto_id_coche left join carrera ce1_0 on ce1_0.id=p2_1.carrera_empleado_id left join presupuesto p3_0 on p3_0.id_presupuesto=ce1_0.presupuesto_id_presupuesto where c1_0.id=?
Hibernate: select je1_0.id_empleado,je1_1.apellidos,ce1_0.id,ce1_0.descripcion,ce1_0.imagen_carrera,ce1_0.localizacion,ce1_0.longitud_por_vuelta,ce1_0.longitud_total,ce1_0.nombre_circuito,ce1_0.num_vueltas,p1_0.id_presupuesto,p1_0.gastos_fijos,p1_0.gastos_variables,p1_0.ingresos_fijos,p1_0.ingresos_variables,p1_0.presupuesto_inicial,ce1_0.texto_alternativo,ce1_0.tipo_asfaltado,lc1_0.carrera_coche_id,lc1_0.id_coche,lc1_0.esta_daniado,lc1_0.foto_coche,lc1_0.nombre,p2_0.id_empleado,p2_1.apellidos,p2_1.carrera_empleado_id,p2_1.dni,p2_1.fecha_nacimiento,p2_1.foto,p2_1.incentivo,p2_1.incentivo_calculado,p2_1.is_admin,p2_1.is_mecanico,p2_1.is_piloto,p2_1.nombre,p2_1.password,p2_1.salario,p2_1.texto_alternativo,p2_1.username,lc1_0.posicion_carrera,lc1_0.texto_alternativo,je1_1.dni,je1_1.fecha_nacimiento,je1_1.foto,je1_1.incentivo,je1_1.incentivo_calculado,je1_1.is_admin,je1_1.is_mecanico,je1_1.is_piloto,je1_1.nombre,je1_1.password,je1_1.salario,je1_1.texto_alternativo,je1_1.username from jefe_equipo je1_0 join empleado je1_1 on je1_0.id_empleado=je1_1.id_empleado left join carrera ce1_0 on ce1_0.id=je1_1.carrera_empleado_id left join presupuesto p1_0 on p1_0.id_presupuesto=ce1_0.presupuesto_id_presupuesto left join coche lc1_0 on ce1_0.id=lc1_0.carrera_coche_id left join (piloto p2_0 join empleado p2_1 on p2_0.id_empleado=p2_1.id_empleado) on lc1_0.id_coche=p2_0.coche_piloto_id_coche where je1_0.id_empleado=?
Hibernate: select lc1_0.jefe_componente_id_empleado,lc1_0.id_componente,cc1_0.id,cc1_0.descripcion,cc1_0.imagen_carrera,cc1_0.localizacion,cc1_0.longitud_por_vuelta,cc1_0.longitud_total,cc1_0.nombre_circuito,cc1_0.num_vueltas,p1_0.id_presupuesto,p1_0.gastos_fijos,p1_0.gastos_variables,p1_0.ingresos_fijos,p1_0.ingresos_variables,p1_0.presupuesto_inicial,cc1_0.texto_alternativo,cc1_0.tipo_asfaltado,cc2_0.id_coche,cc3_0.id,cc3_0.descripcion,cc3_0.imagen_carrera,cc3_0.localizacion,cc3_0.longitud_por_vuelta,cc3_0.longitud_total,cc3_0.nombre_circuito,cc3_0.num_vueltas,p2_0.id_presupuesto,p2_0.gastos_fijos,p2_0.gastos_variables,p2_0.ingresos_fijos,p2_0.ingresos_variables,p2_0.presupuesto_inicial,cc3_0.texto_alternativo,cc3_0.tipo_asfaltado,cc2_0.esta_daniado,cc2_0.foto_coche,cc2_0.nombre,p3_0.id_empleado,p3_1.apellidos,ce1_0.id,ce1_0.descripcion,ce1_0.imagen_carrera,ce1_0.localizacion,ce1_0.longitud_por_vuelta,ce1_0.longitud_total,ce1_0.nombre_circuito,ce1_0.num_vueltas,p4_0.id_presupuesto,p4_0.gastos_fijos,p4_0.gastos_variables,p4_0.ingresos_fijos,p4_0.ingresos_variables,p4_0.presupuesto_inicial,ce1_0.texto_alternativo,ce1_0.tipo_asfaltado,p3_1.dni,p3_1.fecha_nacimiento,p3_1.foto,p3_1.incentivo,p3_1.incentivo_calculado,p3_1.is_admin,p3_1.is_mecanico,p3_1.is_piloto,p3_1.nombre,p3_1.password,p3_1.salario,p3_1.texto_alternativo,p3_1.username,cc2_0.posicion_carrera,cc2_0.texto_alternativo,lc1_0.durabilidad,lc1_0.esta_daniado,lc1_0.marca,lc1_0.precio,lc1_0.tipo_componente from componente lc1_0 left join carrera cc1_0 on cc1_0.id=lc1_0.carrera_componente_id left join presupuesto p1_0 on p1_0.id_presupuesto=cc1_0.presupuesto_id_presupuesto left join coche cc2_0 on cc2_0.id_coche=lc1_0.coche_componente_id_coche left join carrera cc3_0 on cc3_0.id=cc2_0.carrera_coche_id left join presupuesto p2_0 on p2_0.id_presupuesto=cc3_0.presupuesto_id_presupuesto left join (piloto p3_0 join empleado p3_1 on p3_0.id_empleado=p3_1.id_empleado) on cc2_0.id_coche=p3_0.coche_piloto_id_coche left join carrera ce1_0 on ce1_0.id=p3_1.carrera_empleado_id left join presupuesto p4_0 on p4_0.id_presupuesto=ce1_0.presupuesto_id_presupuesto where lc1_0.jefe_componente_id_empleado=?
Hibernate: select lm1_0.coche_mecanico_id_coche,lm1_0.id_empleado,lm1_1.apellidos,ce1_0.id,ce1_0.descripcion,ce1_0.imagen_carrera,ce1_0.localizacion,ce1_0.longitud_por_vuelta,ce1_0.longitud_total,ce1_0.nombre_circuito,ce1_0.num_vueltas,p1_0.id_presupuesto,p1_0.gastos_fijos,p1_0.gastos_variables,p1_0.ingresos_fijos,p1_0.ingresos_variables,p1_0.presupuesto_inicial,ce1_0.texto_alternativo,ce1_0.tipo_asfaltado,lm1_1.dni,lm1_1.fecha_nacimiento,lm1_1.foto,lm1_1.incentivo,lm1_1.incentivo_calculado,lm1_1.is_admin,lm1_1.is_mecanico,lm1_1.is_piloto,lm1_1.nombre,lm1_1.password,lm1_1.salario,lm1_1.texto_alternativo,lm1_1.username from mecanico lm1_0 join empleado lm1_1 on lm1_0.id_empleado=lm1_1.id_empleado left join carrera ce1_0 on ce1_0.id=lm1_1.carrera_empleado_id left join presupuesto p1_0 on p1_0.id_presupuesto=ce1_0.presupuesto_id_presupuesto where lm1_0.coche_mecanico_id_coche=?
Hibernate: select lc1_0.coche_componente_id_coche,lc1_0.id_componente,cc1_0.id,cc1_0.descripcion,cc1_0.imagen_carrera,cc1_0.localizacion,cc1_0.longitud_por_vuelta,cc1_0.longitud_total,cc1_0.nombre_circuito,cc1_0.num_vueltas,p1_0.id_presupuesto,p1_0.gastos_fijos,p1_0.gastos_variables,p1_0.ingresos_fijos,p1_0.ingresos_variables,p1_0.presupuesto_inicial,cc1_0.texto_alternativo,cc1_0.tipo_asfaltado,lc1_0.durabilidad,lc1_0.esta_daniado,jc1_0.id_empleado,jc1_1.apellidos,ce1_0.id,ce1_0.descripcion,ce1_0.imagen_carrera,ce1_0.localizacion,ce1_0.longitud_por_vuelta,ce1_0.longitud_total,ce1_0.nombre_circuito,ce1_0.num_vueltas,p2_0.id_presupuesto,p2_0.gastos_fijos,p2_0.gastos_variables,p2_0.ingresos_fijos,p2_0.ingresos_variables,p2_0.presupuesto_inicial,ce1_0.texto_alternativo,ce1_0.tipo_asfaltado,jc1_1.dni,jc1_1.fecha_nacimiento,jc1_1.foto,jc1_1.incentivo,jc1_1.incentivo_calculado,jc1_1.is_admin,jc1_1.is_mecanico,jc1_1.is_piloto,jc1_1.nombre,jc1_1.password,jc1_1.salario,jc1_1.texto_alternativo,jc1_1.username,lc1_0.marca,lc1_0.precio,lc1_0.tipo_componente from componente lc1_0 left join carrera cc1_0 on cc1_0.id=lc1_0.carrera_componente_id left join presupuesto p1_0 on p1_0.id_presupuesto=cc1_0.presupuesto_id_presupuesto left join (jefe_equipo jc1_0 join empleado jc1_1 on jc1_0.id_empleado=jc1_1.id_empleado) on jc1_0.id_empleado=lc1_0.jefe_componente_id_empleado left join carrera ce1_0 on ce1_0.id=jc1_1.carrera_empleado_id left join presupuesto p2_0 on p2_0.id_presupuesto=ce1_0.presupuesto_id_presupuesto where lc1_0.coche_componente_id_coche=?
Hibernate: select lc1_0.presupuesto_id_presupuesto,lc1_0.id,lc1_0.descripcion,lc1_0.imagen_carrera,lc1_0.localizacion,lc1_0.longitud_por_vuelta,lc1_0.longitud_total,lc1_0.nombre_circuito,lc1_0.num_vueltas,lc1_0.texto_alternativo,lc1_0.tipo_asfaltado from carrera lc1_0 where lc1_0.presupuesto_id_presupuesto=?
Hibernate: select le1_0.carrera_empleado_id,le1_0.id_empleado,case when le1_1.id_empleado is not null then 1 when le1_2.id_empleado is not null then 2 when le1_3.id_empleado is not null then 3 when le1_0.id_empleado is not null then 0 end,le1_0.apellidos,le1_0.dni,le1_0.fecha_nacimiento,le1_0.foto,le1_0.incentivo,le1_0.incentivo_calculado,le1_0.is_admin,le1_0.is_mecanico,le1_0.is_piloto,le1_0.nombre,le1_0.password,le1_0.salario,le1_0.texto_alternativo,le1_0.username,cm1_0.id_coche,cc1_0.id,cc1_0.descripcion,cc1_0.imagen_carrera,cc1_0.localizacion,cc1_0.longitud_por_vuelta,cc1_0.longitud_total,cc1_0.nombre_circuito,cc1_0.num_vueltas,p1_0.id_presupuesto,p1_0.gastos_fijos,p1_0.gastos_variables,p1_0.ingresos_fijos,p1_0.ingresos_variables,p1_0.presupuesto_inicial,cc1_0.texto_alternativo,cc1_0.tipo_asfaltado,cm1_0.esta_daniado,cm1_0.foto_coche,cm1_0.nombre,p2_0.id_empleado,p2_1.apellidos,p2_1.carrera_empleado_id,p2_1.dni,p2_1.fecha_nacimiento,p2_1.foto,p2_1.incentivo,p2_1.incentivo_calculado,p2_1.is_admin,p2_1.is_mecanico,p2_1.is_piloto,p2_1.nombre,p2_1.password,p2_1.salario,p2_1.texto_alternativo,p2_1.username,cm1_0.posicion_carrera,cm1_0.texto_alternativo,cp1_0.id_coche,cc2_0.id,cc2_0.descripcion,cc2_0.imagen_carrera,cc2_0.localizacion,cc2_0.longitud_por_vuelta,cc2_0.longitud_total,cc2_0.nombre_circuito,cc2_0.num_vueltas,p3_0.id_presupuesto,p3_0.gastos_fijos,p3_0.gastos_variables,p3_0.ingresos_fijos,p3_0.ingresos_variables,p3_0.presupuesto_inicial,cc2_0.texto_alternativo,cc2_0.tipo_asfaltado,cp1_0.esta_daniado,cp1_0.foto_coche,cp1_0.nombre,cp1_0.posicion_carrera,cp1_0.texto_alternativo from empleado le1_0 left join jefe_equipo le1_1 on le1_0.id_empleado=le1_1.id_empleado left join mecanico le1_2 on le1_0.id_empleado=le1_2.id_empleado left join piloto le1_3 on le1_0.id_empleado=le1_3.id_empleado left join coche cm1_0 on cm1_0.id_coche=le1_2.coche_mecanico_id_coche left join carrera cc1_0 on cc1_0.id=cm1_0.carrera_coche_id left join presupuesto p1_0 on p1_0.id_presupuesto=cc1_0.presupuesto_id_presupuesto left join (piloto p2_0 join empleado p2_1 on p2_0.id_empleado=p2_1.id_empleado) on cm1_0.id_coche=p2_0.coche_piloto_id_coche left join coche cp1_0 on cp1_0.id_coche=le1_3.coche_piloto_id_coche left join carrera cc2_0 on cc2_0.id=cp1_0.carrera_coche_id left join presupuesto p3_0 on p3_0.id_presupuesto=cc2_0.presupuesto_id_presupuesto where le1_0.carrera_empleado_id=?
Hibernate: select lc1_0.carrera_componente_id,lc1_0.id_componente,cc2_0.id_coche,cc3_0.id,cc3_0.descripcion,cc3_0.imagen_carrera,cc3_0.localizacion,cc3_0.longitud_por_vuelta,cc3_0.longitud_total,cc3_0.nombre_circuito,cc3_0.num_vueltas,p1_0.id_presupuesto,p1_0.gastos_fijos,p1_0.gastos_variables,p1_0.ingresos_fijos,p1_0.ingresos_variables,p1_0.presupuesto_inicial,cc3_0.texto_alternativo,cc3_0.tipo_asfaltado,cc2_0.esta_daniado,cc2_0.foto_coche,cc2_0.nombre,p2_0.id_empleado,p2_1.apellidos,ce1_0.id,ce1_0.descripcion,ce1_0.imagen_carrera,ce1_0.localizacion,ce1_0.longitud_por_vuelta,ce1_0.longitud_total,ce1_0.nombre_circuito,ce1_0.num_vueltas,p3_0.id_presupuesto,p3_0.gastos_fijos,p3_0.gastos_variables,p3_0.ingresos_fijos,p3_0.ingresos_variables,p3_0.presupuesto_inicial,ce1_0.texto_alternativo,ce1_0.tipo_asfaltado,p2_1.dni,p2_1.fecha_nacimiento,p2_1.foto,p2_1.incentivo,p2_1.incentivo_calculado,p2_1.is_admin,p2_1.is_mecanico,p2_1.is_piloto,p2_1.nombre,p2_1.password,p2_1.salario,p2_1.texto_alternativo,p2_1.username,cc2_0.posicion_carrera,cc2_0.texto_alternativo,lc1_0.durabilidad,lc1_0.esta_daniado,jc1_0.id_empleado,jc1_1.apellidos,ce2_0.id,ce2_0.descripcion,ce2_0.imagen_carrera,ce2_0.localizacion,ce2_0.longitud_por_vuelta,ce2_0.longitud_total,ce2_0.nombre_circuito,ce2_0.num_vueltas,p4_0.id_presupuesto,p4_0.gastos_fijos,p4_0.gastos_variables,p4_0.ingresos_fijos,p4_0.ingresos_variables,p4_0.presupuesto_inicial,ce2_0.texto_alternativo,ce2_0.tipo_asfaltado,jc1_1.dni,jc1_1.fecha_nacimiento,jc1_1.foto,jc1_1.incentivo,jc1_1.incentivo_calculado,jc1_1.is_admin,jc1_1.is_mecanico,jc1_1.is_piloto,jc1_1.nombre,jc1_1.password,jc1_1.salario,jc1_1.texto_alternativo,jc1_1.username,lc1_0.marca,lc1_0.precio,lc1_0.tipo_componente from componente lc1_0 left join coche cc2_0 on cc2_0.id_coche=lc1_0.coche_componente_id_coche left join carrera cc3_0 on cc3_0.id=cc2_0.carrera_coche_id left join presupuesto p1_0 on p1_0.id_presupuesto=cc3_0.presupuesto_id_presupuesto left join (piloto p2_0 join empleado p2_1 on p2_0.id_empleado=p2_1.id_empleado) on cc2_0.id_coche=p2_0.coche_piloto_id_coche left join carrera ce1_0 on ce1_0.id=p2_1.carrera_empleado_id left join presupuesto p3_0 on p3_0.id_presupuesto=ce1_0.presupuesto_id_presupuesto left join (jefe_equipo jc1_0 join empleado jc1_1 on jc1_0.id_empleado=jc1_1.id_empleado) on jc1_0.id_empleado=lc1_0.jefe_componente_id_empleado left join carrera ce2_0 on ce2_0.id=jc1_1.carrera_empleado_id left join presupuesto p4_0 on p4_0.id_presupuesto=ce2_0.presupuesto_id_presupuesto where lc1_0.carrera_componente_id=?
Hibernate: select lm1_0.coche_mecanico_id_coche,lm1_0.id_empleado,lm1_1.apellidos,ce1_0.id,ce1_0.descripcion,ce1_0.imagen_carrera,ce1_0.localizacion,ce1_0.longitud_por_vuelta,ce1_0.longitud_total,ce1_0.nombre_circuito,ce1_0.num_vueltas,p1_0.id_presupuesto,p1_0.gastos_fijos,p1_0.gastos_variables,p1_0.ingresos_fijos,p1_0.ingresos_variables,p1_0.presupuesto_inicial,ce1_0.texto_alternativo,ce1_0.tipo_asfaltado,lm1_1.dni,lm1_1.fecha_nacimiento,lm1_1.foto,lm1_1.incentivo,lm1_1.incentivo_calculado,lm1_1.is_admin,lm1_1.is_mecanico,lm1_1.is_piloto,lm1_1.nombre,lm1_1.password,lm1_1.salario,lm1_1.texto_alternativo,lm1_1.username from mecanico lm1_0 join empleado lm1_1 on lm1_0.id_empleado=lm1_1.id_empleado left join carrera ce1_0 on ce1_0.id=lm1_1.carrera_empleado_id left join presupuesto p1_0 on p1_0.id_presupuesto=ce1_0.presupuesto_id_presupuesto where lm1_0.coche_mecanico_id_coche=?
Hibernate: select lc1_0.coche_componente_id_coche,lc1_0.id_componente,cc1_0.id,cc1_0.descripcion,cc1_0.imagen_carrera,cc1_0.localizacion,cc1_0.longitud_por_vuelta,cc1_0.longitud_total,cc1_0.nombre_circuito,cc1_0.num_vueltas,p1_0.id_presupuesto,p1_0.gastos_fijos,p1_0.gastos_variables,p1_0.ingresos_fijos,p1_0.ingresos_variables,p1_0.presupuesto_inicial,cc1_0.texto_alternativo,cc1_0.tipo_asfaltado,lc1_0.durabilidad,lc1_0.esta_daniado,jc1_0.id_empleado,jc1_1.apellidos,ce1_0.id,ce1_0.descripcion,ce1_0.imagen_carrera,ce1_0.localizacion,ce1_0.longitud_por_vuelta,ce1_0.longitud_total,ce1_0.nombre_circuito,ce1_0.num_vueltas,p2_0.id_presupuesto,p2_0.gastos_fijos,p2_0.gastos_variables,p2_0.ingresos_fijos,p2_0.ingresos_variables,p2_0.presupuesto_inicial,ce1_0.texto_alternativo,ce1_0.tipo_asfaltado,jc1_1.dni,jc1_1.fecha_nacimiento,jc1_1.foto,jc1_1.incentivo,jc1_1.incentivo_calculado,jc1_1.is_admin,jc1_1.is_mecanico,jc1_1.is_piloto,jc1_1.nombre,jc1_1.password,jc1_1.salario,jc1_1.texto_alternativo,jc1_1.username,lc1_0.marca,lc1_0.precio,lc1_0.tipo_componente from componente lc1_0 left join carrera cc1_0 on cc1_0.id=lc1_0.carrera_componente_id left join presupuesto p1_0 on p1_0.id_presupuesto=cc1_0.presupuesto_id_presupuesto left join (jefe_equipo jc1_0 join empleado jc1_1 on jc1_0.id_empleado=jc1_1.id_empleado) on jc1_0.id_empleado=lc1_0.jefe_componente_id_empleado left join carrera ce1_0 on ce1_0.id=jc1_1.carrera_empleado_id left join presupuesto p2_0 on p2_0.id_presupuesto=ce1_0.presupuesto_id_presupuesto where lc1_0.coche_componente_id_coche=?
Hibernate: select c1_0.id_componente,cc1_0.id,cc1_0.descripcion,cc1_0.imagen_carrera,cc1_0.localizacion,cc1_0.longitud_por_vuelta,cc1_0.longitud_total,cc1_0.nombre_circuito,cc1_0.num_vueltas,p1_0.id_presupuesto,p1_0.gastos_fijos,p1_0.gastos_variables,p1_0.ingresos_fijos,p1_0.ingresos_variables,p1_0.presupuesto_inicial,cc1_0.texto_alternativo,cc1_0.tipo_asfaltado,lc1_0.carrera_coche_id,lc1_0.id_coche,lc1_0.esta_daniado,lc1_0.foto_coche,lc1_0.nombre,p2_0.id_empleado,p2_1.apellidos,ce1_0.id,ce1_0.descripcion,ce1_0.imagen_carrera,ce1_0.localizacion,ce1_0.longitud_por_vuelta,ce1_0.longitud_total,ce1_0.nombre_circuito,ce1_0.num_vueltas,p3_0.id_presupuesto,p3_0.gastos_fijos,p3_0.gastos_variables,p3_0.ingresos_fijos,p3_0.ingresos_variables,p3_0.presupuesto_inicial,ce1_0.texto_alternativo,ce1_0.tipo_asfaltado,p2_1.dni,p2_1.fecha_nacimiento,p2_1.foto,p2_1.incentivo,p2_1.incentivo_calculado,p2_1.is_admin,p2_1.is_mecanico,p2_1.is_piloto,p2_1.nombre,p2_1.password,p2_1.salario,p2_1.texto_alternativo,p2_1.username,lc1_0.posicion_carrera,lc1_0.texto_alternativo,cc3_0.id_coche,cc4_0.id,cc4_0.descripcion,cc4_0.imagen_carrera,cc4_0.localizacion,cc4_0.longitud_por_vuelta,cc4_0.longitud_total,cc4_0.nombre_circuito,cc4_0.num_vueltas,p4_0.id_presupuesto,p4_0.gastos_fijos,p4_0.gastos_variables,p4_0.ingresos_fijos,p4_0.ingresos_variables,p4_0.presupuesto_inicial,cc4_0.texto_alternativo,cc4_0.tipo_asfaltado,cc3_0.esta_daniado,cc3_0.foto_coche,cc3_0.nombre,p5_0.id_empleado,p5_1.apellidos,ce2_0.id,ce2_0.descripcion,ce2_0.imagen_carrera,ce2_0.localizacion,ce2_0.longitud_por_vuelta,ce2_0.longitud_total,ce2_0.nombre_circuito,ce2_0.num_vueltas,p6_0.id_presupuesto,p6_0.gastos_fijos,p6_0.gastos_variables,p6_0.ingresos_fijos,p6_0.ingresos_variables,p6_0.presupuesto_inicial,ce2_0.texto_alternativo,ce2_0.tipo_asfaltado,p5_1.dni,p5_1.fecha_nacimiento,p5_1.foto,p5_1.incentivo,p5_1.incentivo_calculado,p5_1.is_admin,p5_1.is_mecanico,p5_1.is_piloto,p5_1.nombre,p5_1.password,p5_1.salario,p5_1.texto_alternativo,p5_1.username,cc3_0.posicion_carrera,cc3_0.texto_alternativo,c1_0.durabilidad,c1_0.esta_daniado,jc1_0.id_empleado,jc1_1.apellidos,ce3_0.id,ce3_0.descripcion,ce3_0.imagen_carrera,ce3_0.localizacion,ce3_0.longitud_por_vuelta,ce3_0.longitud_total,ce3_0.nombre_circuito,ce3_0.num_vueltas,p7_0.id_presupuesto,p7_0.gastos_fijos,p7_0.gastos_variables,p7_0.ingresos_fijos,p7_0.ingresos_variables,p7_0.presupuesto_inicial,ce3_0.texto_alternativo,ce3_0.tipo_asfaltado,jc1_1.dni,jc1_1.fecha_nacimiento,jc1_1.foto,jc1_1.incentivo,jc1_1.incentivo_calculado,jc1_1.is_admin,jc1_1.is_mecanico,jc1_1.is_piloto,jc1_1.nombre,jc1_1.password,jc1_1.salario,jc1_1.texto_alternativo,jc1_1.username,c1_0.marca,c1_0.precio,c1_0.tipo_componente from componente c1_0 left join carrera cc1_0 on cc1_0.id=c1_0.carrera_componente_id left join presupuesto p1_0 on p1_0.id_presupuesto=cc1_0.presupuesto_id_presupuesto left join coche lc1_0 on cc1_0.id=lc1_0.carrera_coche_id left join (piloto p2_0 join empleado p2_1 on p2_0.id_empleado=p2_1.id_empleado) on lc1_0.id_coche=p2_0.coche_piloto_id_coche left join carrera ce1_0 on ce1_0.id=p2_1.carrera_empleado_id left join presupuesto p3_0 on p3_0.id_presupuesto=ce1_0.presupuesto_id_presupuesto left join coche cc3_0 on cc3_0.id_coche=c1_0.coche_componente_id_coche left join carrera cc4_0 on cc4_0.id=cc3_0.carrera_coche_id left join presupuesto p4_0 on p4_0.id_presupuesto=cc4_0.presupuesto_id_presupuesto left join (piloto p5_0 join empleado p5_1 on p5_0.id_empleado=p5_1.id_empleado) on cc3_0.id_coche=p5_0.coche_piloto_id_coche left join carrera ce2_0 on ce2_0.id=p5_1.carrera_empleado_id left join presupuesto p6_0 on p6_0.id_presupuesto=ce2_0.presupuesto_id_presupuesto left join (jefe_equipo jc1_0 join empleado jc1_1 on jc1_0.id_empleado=jc1_1.id_empleado) on jc1_0.id_empleado=c1_0.jefe_componente_id_empleado left join carrera ce3_0 on ce3_0.id=jc1_1.carrera_empleado_id left join presupuesto p7_0 on p7_0.id_presupuesto=ce3_0.presupuesto_id_presupuesto where c1_0.id_componente=?
Hibernate: select lm1_0.coche_mecanico_id_coche,lm1_0.id_empleado,lm1_1.apellidos,ce1_0.id,ce1_0.descripcion,ce1_0.imagen_carrera,ce1_0.localizacion,ce1_0.longitud_por_vuelta,ce1_0.longitud_total,ce1_0.nombre_circuito,ce1_0.num_vueltas,p1_0.id_presupuesto,p1_0.gastos_fijos,p1_0.gastos_variables,p1_0.ingresos_fijos,p1_0.ingresos_variables,p1_0.presupuesto_inicial,ce1_0.texto_alternativo,ce1_0.tipo_asfaltado,lm1_1.dni,lm1_1.fecha_nacimiento,lm1_1.foto,lm1_1.incentivo,lm1_1.incentivo_calculado,lm1_1.is_admin,lm1_1.is_mecanico,lm1_1.is_piloto,lm1_1.nombre,lm1_1.password,lm1_1.salario,lm1_1.texto_alternativo,lm1_1.username from mecanico lm1_0 join empleado lm1_1 on lm1_0.id_empleado=lm1_1.id_empleado left join carrera ce1_0 on ce1_0.id=lm1_1.carrera_empleado_id left join presupuesto p1_0 on p1_0.id_presupuesto=ce1_0.presupuesto_id_presupuesto where lm1_0.coche_mecanico_id_coche=?
Hibernate: select lc1_0.coche_componente_id_coche,lc1_0.id_componente,cc1_0.id,cc1_0.descripcion,cc1_0.imagen_carrera,cc1_0.localizacion,cc1_0.longitud_por_vuelta,cc1_0.longitud_total,cc1_0.nombre_circuito,cc1_0.num_vueltas,p1_0.id_presupuesto,p1_0.gastos_fijos,p1_0.gastos_variables,p1_0.ingresos_fijos,p1_0.ingresos_variables,p1_0.presupuesto_inicial,cc1_0.texto_alternativo,cc1_0.tipo_asfaltado,lc1_0.durabilidad,lc1_0.esta_daniado,jc1_0.id_empleado,jc1_1.apellidos,ce1_0.id,ce1_0.descripcion,ce1_0.imagen_carrera,ce1_0.localizacion,ce1_0.longitud_por_vuelta,ce1_0.longitud_total,ce1_0.nombre_circuito,ce1_0.num_vueltas,p2_0.id_presupuesto,p2_0.gastos_fijos,p2_0.gastos_variables,p2_0.ingresos_fijos,p2_0.ingresos_variables,p2_0.presupuesto_inicial,ce1_0.texto_alternativo,ce1_0.tipo_asfaltado,jc1_1.dni,jc1_1.fecha_nacimiento,jc1_1.foto,jc1_1.incentivo,jc1_1.incentivo_calculado,jc1_1.is_admin,jc1_1.is_mecanico,jc1_1.is_piloto,jc1_1.nombre,jc1_1.password,jc1_1.salario,jc1_1.texto_alternativo,jc1_1.username,lc1_0.marca,lc1_0.precio,lc1_0.tipo_componente from componente lc1_0 left join carrera cc1_0 on cc1_0.id=lc1_0.carrera_componente_id left join presupuesto p1_0 on p1_0.id_presupuesto=cc1_0.presupuesto_id_presupuesto left join (jefe_equipo jc1_0 join empleado jc1_1 on jc1_0.id_empleado=jc1_1.id_empleado) on jc1_0.id_empleado=lc1_0.jefe_componente_id_empleado left join carrera ce1_0 on ce1_0.id=jc1_1.carrera_empleado_id left join presupuesto p2_0 on p2_0.id_presupuesto=ce1_0.presupuesto_id_presupuesto where lc1_0.coche_componente_id_coche=?
Hibernate: select lc1_0.jefe_componente_id_empleado,lc1_0.id_componente,cc1_0.id,cc1_0.descripcion,cc1_0.imagen_carrera,cc1_0.localizacion,cc1_0.longitud_por_vuelta,cc1_0.longitud_total,cc1_0.nombre_circuito,cc1_0.num_vueltas,p1_0.id_presupuesto,p1_0.gastos_fijos,p1_0.gastos_variables,p1_0.ingresos_fijos,p1_0.ingresos_variables,p1_0.presupuesto_inicial,cc1_0.texto_alternativo,cc1_0.tipo_asfaltado,cc2_0.id_coche,cc3_0.id,cc3_0.descripcion,cc3_0.imagen_carrera,cc3_0.localizacion,cc3_0.longitud_por_vuelta,cc3_0.longitud_total,cc3_0.nombre_circuito,cc3_0.num_vueltas,p2_0.id_presupuesto,p2_0.gastos_fijos,p2_0.gastos_variables,p2_0.ingresos_fijos,p2_0.ingresos_variables,p2_0.presupuesto_inicial,cc3_0.texto_alternativo,cc3_0.tipo_asfaltado,cc2_0.esta_daniado,cc2_0.foto_coche,cc2_0.nombre,p3_0.id_empleado,p3_1.apellidos,ce1_0.id,ce1_0.descripcion,ce1_0.imagen_carrera,ce1_0.localizacion,ce1_0.longitud_por_vuelta,ce1_0.longitud_total,ce1_0.nombre_circuito,ce1_0.num_vueltas,p4_0.id_presupuesto,p4_0.gastos_fijos,p4_0.gastos_variables,p4_0.ingresos_fijos,p4_0.ingresos_variables,p4_0.presupuesto_inicial,ce1_0.texto_alternativo,ce1_0.tipo_asfaltado,p3_1.dni,p3_1.fecha_nacimiento,p3_1.foto,p3_1.incentivo,p3_1.incentivo_calculado,p3_1.is_admin,p3_1.is_mecanico,p3_1.is_piloto,p3_1.nombre,p3_1.password,p3_1.salario,p3_1.texto_alternativo,p3_1.username,cc2_0.posicion_carrera,cc2_0.texto_alternativo,lc1_0.durabilidad,lc1_0.esta_daniado,lc1_0.marca,lc1_0.precio,lc1_0.tipo_componente from componente lc1_0 left join carrera cc1_0 on cc1_0.id=lc1_0.carrera_componente_id left join presupuesto p1_0 on p1_0.id_presupuesto=cc1_0.presupuesto_id_presupuesto left join coche cc2_0 on cc2_0.id_coche=lc1_0.coche_componente_id_coche left join carrera cc3_0 on cc3_0.id=cc2_0.carrera_coche_id left join presupuesto p2_0 on p2_0.id_presupuesto=cc3_0.presupuesto_id_presupuesto left join (piloto p3_0 join empleado p3_1 on p3_0.id_empleado=p3_1.id_empleado) on cc2_0.id_coche=p3_0.coche_piloto_id_coche left join carrera ce1_0 on ce1_0.id=p3_1.carrera_empleado_id left join presupuesto p4_0 on p4_0.id_presupuesto=ce1_0.presupuesto_id_presupuesto where lc1_0.jefe_componente_id_empleado=?
Hibernate: select lc1_0.presupuesto_id_presupuesto,lc1_0.id,lc1_0.descripcion,lc1_0.imagen_carrera,lc1_0.localizacion,lc1_0.longitud_por_vuelta,lc1_0.longitud_total,lc1_0.nombre_circuito,lc1_0.num_vueltas,lc1_0.texto_alternativo,lc1_0.tipo_asfaltado from carrera lc1_0 where lc1_0.presupuesto_id_presupuesto=?
Hibernate: select le1_0.carrera_empleado_id,le1_0.id_empleado,case when le1_1.id_empleado is not null then 1 when le1_2.id_empleado is not null then 2 when le1_3.id_empleado is not null then 3 when le1_0.id_empleado is not null then 0 end,le1_0.apellidos,le1_0.dni,le1_0.fecha_nacimiento,le1_0.foto,le1_0.incentivo,le1_0.incentivo_calculado,le1_0.is_admin,le1_0.is_mecanico,le1_0.is_piloto,le1_0.nombre,le1_0.password,le1_0.salario,le1_0.texto_alternativo,le1_0.username,cm1_0.id_coche,cc1_0.id,cc1_0.descripcion,cc1_0.imagen_carrera,cc1_0.localizacion,cc1_0.longitud_por_vuelta,cc1_0.longitud_total,cc1_0.nombre_circuito,cc1_0.num_vueltas,p1_0.id_presupuesto,p1_0.gastos_fijos,p1_0.gastos_variables,p1_0.ingresos_fijos,p1_0.ingresos_variables,p1_0.presupuesto_inicial,cc1_0.texto_alternativo,cc1_0.tipo_asfaltado,cm1_0.esta_daniado,cm1_0.foto_coche,cm1_0.nombre,p2_0.id_empleado,p2_1.apellidos,p2_1.carrera_empleado_id,p2_1.dni,p2_1.fecha_nacimiento,p2_1.foto,p2_1.incentivo,p2_1.incentivo_calculado,p2_1.is_admin,p2_1.is_mecanico,p2_1.is_piloto,p2_1.nombre,p2_1.password,p2_1.salario,p2_1.texto_alternativo,p2_1.username,cm1_0.posicion_carrera,cm1_0.texto_alternativo,cp1_0.id_coche,cc2_0.id,cc2_0.descripcion,cc2_0.imagen_carrera,cc2_0.localizacion,cc2_0.longitud_por_vuelta,cc2_0.longitud_total,cc2_0.nombre_circuito,cc2_0.num_vueltas,p3_0.id_presupuesto,p3_0.gastos_fijos,p3_0.gastos_variables,p3_0.ingresos_fijos,p3_0.ingresos_variables,p3_0.presupuesto_inicial,cc2_0.texto_alternativo,cc2_0.tipo_asfaltado,cp1_0.esta_daniado,cp1_0.foto_coche,cp1_0.nombre,cp1_0.posicion_carrera,cp1_0.texto_alternativo from empleado le1_0 left join jefe_equipo le1_1 on le1_0.id_empleado=le1_1.id_empleado left join mecanico le1_2 on le1_0.id_empleado=le1_2.id_empleado left join piloto le1_3 on le1_0.id_empleado=le1_3.id_empleado left join coche cm1_0 on cm1_0.id_coche=le1_2.coche_mecanico_id_coche left join carrera cc1_0 on cc1_0.id=cm1_0.carrera_coche_id left join presupuesto p1_0 on p1_0.id_presupuesto=cc1_0.presupuesto_id_presupuesto left join (piloto p2_0 join empleado p2_1 on p2_0.id_empleado=p2_1.id_empleado) on cm1_0.id_coche=p2_0.coche_piloto_id_coche left join coche cp1_0 on cp1_0.id_coche=le1_3.coche_piloto_id_coche left join carrera cc2_0 on cc2_0.id=cp1_0.carrera_coche_id left join presupuesto p3_0 on p3_0.id_presupuesto=cc2_0.presupuesto_id_presupuesto where le1_0.carrera_empleado_id=?
Hibernate: select lc1_0.carrera_componente_id,lc1_0.id_componente,cc2_0.id_coche,cc3_0.id,cc3_0.descripcion,cc3_0.imagen_carrera,cc3_0.localizacion,cc3_0.longitud_por_vuelta,cc3_0.longitud_total,cc3_0.nombre_circuito,cc3_0.num_vueltas,p1_0.id_presupuesto,p1_0.gastos_fijos,p1_0.gastos_variables,p1_0.ingresos_fijos,p1_0.ingresos_variables,p1_0.presupuesto_inicial,cc3_0.texto_alternativo,cc3_0.tipo_asfaltado,cc2_0.esta_daniado,cc2_0.foto_coche,cc2_0.nombre,p2_0.id_empleado,p2_1.apellidos,ce1_0.id,ce1_0.descripcion,ce1_0.imagen_carrera,ce1_0.localizacion,ce1_0.longitud_por_vuelta,ce1_0.longitud_total,ce1_0.nombre_circuito,ce1_0.num_vueltas,p3_0.id_presupuesto,p3_0.gastos_fijos,p3_0.gastos_variables,p3_0.ingresos_fijos,p3_0.ingresos_variables,p3_0.presupuesto_inicial,ce1_0.texto_alternativo,ce1_0.tipo_asfaltado,p2_1.dni,p2_1.fecha_nacimiento,p2_1.foto,p2_1.incentivo,p2_1.incentivo_calculado,p2_1.is_admin,p2_1.is_mecanico,p2_1.is_piloto,p2_1.nombre,p2_1.password,p2_1.salario,p2_1.texto_alternativo,p2_1.username,cc2_0.posicion_carrera,cc2_0.texto_alternativo,lc1_0.durabilidad,lc1_0.esta_daniado,jc1_0.id_empleado,jc1_1.apellidos,ce2_0.id,ce2_0.descripcion,ce2_0.imagen_carrera,ce2_0.localizacion,ce2_0.longitud_por_vuelta,ce2_0.longitud_total,ce2_0.nombre_circuito,ce2_0.num_vueltas,p4_0.id_presupuesto,p4_0.gastos_fijos,p4_0.gastos_variables,p4_0.ingresos_fijos,p4_0.ingresos_variables,p4_0.presupuesto_inicial,ce2_0.texto_alternativo,ce2_0.tipo_asfaltado,jc1_1.dni,jc1_1.fecha_nacimiento,jc1_1.foto,jc1_1.incentivo,jc1_1.incentivo_calculado,jc1_1.is_admin,jc1_1.is_mecanico,jc1_1.is_piloto,jc1_1.nombre,jc1_1.password,jc1_1.salario,jc1_1.texto_alternativo,jc1_1.username,lc1_0.marca,lc1_0.precio,lc1_0.tipo_componente from componente lc1_0 left join coche cc2_0 on cc2_0.id_coche=lc1_0.coche_componente_id_coche left join carrera cc3_0 on cc3_0.id=cc2_0.carrera_coche_id left join presupuesto p1_0 on p1_0.id_presupuesto=cc3_0.presupuesto_id_presupuesto left join (piloto p2_0 join empleado p2_1 on p2_0.id_empleado=p2_1.id_empleado) on cc2_0.id_coche=p2_0.coche_piloto_id_coche left join carrera ce1_0 on ce1_0.id=p2_1.carrera_empleado_id left join presupuesto p3_0 on p3_0.id_presupuesto=ce1_0.presupuesto_id_presupuesto left join (jefe_equipo jc1_0 join empleado jc1_1 on jc1_0.id_empleado=jc1_1.id_empleado) on jc1_0.id_empleado=lc1_0.jefe_componente_id_empleado left join carrera ce2_0 on ce2_0.id=jc1_1.carrera_empleado_id left join presupuesto p4_0 on p4_0.id_presupuesto=ce2_0.presupuesto_id_presupuesto where lc1_0.carrera_componente_id=?
Hibernate: select lm1_0.coche_mecanico_id_coche,lm1_0.id_empleado,lm1_1.apellidos,ce1_0.id,ce1_0.descripcion,ce1_0.imagen_carrera,ce1_0.localizacion,ce1_0.longitud_por_vuelta,ce1_0.longitud_total,ce1_0.nombre_circuito,ce1_0.num_vueltas,p1_0.id_presupuesto,p1_0.gastos_fijos,p1_0.gastos_variables,p1_0.ingresos_fijos,p1_0.ingresos_variables,p1_0.presupuesto_inicial,ce1_0.texto_alternativo,ce1_0.tipo_asfaltado,lm1_1.dni,lm1_1.fecha_nacimiento,lm1_1.foto,lm1_1.incentivo,lm1_1.incentivo_calculado,lm1_1.is_admin,lm1_1.is_mecanico,lm1_1.is_piloto,lm1_1.nombre,lm1_1.password,lm1_1.salario,lm1_1.texto_alternativo,lm1_1.username from mecanico lm1_0 join empleado lm1_1 on lm1_0.id_empleado=lm1_1.id_empleado left join carrera ce1_0 on ce1_0.id=lm1_1.carrera_empleado_id left join presupuesto p1_0 on p1_0.id_presupuesto=ce1_0.presupuesto_id_presupuesto where lm1_0.coche_mecanico_id_coche=?
Hibernate: select lc1_0.coche_componente_id_coche,lc1_0.id_componente,cc1_0.id,cc1_0.descripcion,cc1_0.imagen_carrera,cc1_0.localizacion,cc1_0.longitud_por_vuelta,cc1_0.longitud_total,cc1_0.nombre_circuito,cc1_0.num_vueltas,p1_0.id_presupuesto,p1_0.gastos_fijos,p1_0.gastos_variables,p1_0.ingresos_fijos,p1_0.ingresos_variables,p1_0.presupuesto_inicial,cc1_0.texto_alternativo,cc1_0.tipo_asfaltado,lc1_0.durabilidad,lc1_0.esta_daniado,jc1_0.id_empleado,jc1_1.apellidos,ce1_0.id,ce1_0.descripcion,ce1_0.imagen_carrera,ce1_0.localizacion,ce1_0.longitud_por_vuelta,ce1_0.longitud_total,ce1_0.nombre_circuito,ce1_0.num_vueltas,p2_0.id_presupuesto,p2_0.gastos_fijos,p2_0.gastos_variables,p2_0.ingresos_fijos,p2_0.ingresos_variables,p2_0.presupuesto_inicial,ce1_0.texto_alternativo,ce1_0.tipo_asfaltado,jc1_1.dni,jc1_1.fecha_nacimiento,jc1_1.foto,jc1_1.incentivo,jc1_1.incentivo_calculado,jc1_1.is_admin,jc1_1.is_mecanico,jc1_1.is_piloto,jc1_1.nombre,jc1_1.password,jc1_1.salario,jc1_1.texto_alternativo,jc1_1.username,lc1_0.marca,lc1_0.precio,lc1_0.tipo_componente from componente lc1_0 left join carrera cc1_0 on cc1_0.id=lc1_0.carrera_componente_id left join presupuesto p1_0 on p1_0.id_presupuesto=cc1_0.presupuesto_id_presupuesto left join (jefe_equipo jc1_0 join empleado jc1_1 on jc1_0.id_empleado=jc1_1.id_empleado) on jc1_0.id_empleado=lc1_0.jefe_componente_id_empleado left join carrera ce1_0 on ce1_0.id=jc1_1.carrera_empleado_id left join presupuesto p2_0 on p2_0.id_presupuesto=ce1_0.presupuesto_id_presupuesto where lc1_0.coche_componente_id_coche=?
Hibernate: update componente set carrera_componente_id=?,coche_componente_id_coche=?,durabilidad=?,esta_daniado=?,jefe_componente_id_empleado=?,marca=?,precio=?,tipo_componente=? where id_componente=?
Hibernate: update componente set carrera_componente_id=?,coche_componente_id_coche=?,durabilidad=?,esta_daniado=?,jefe_componente_id_empleado=?,marca=?,precio=?,tipo_componente=? where id_componente=?
Hibernate: update componente set carrera_componente_id=?,coche_componente_id_coche=?,durabilidad=?,esta_daniado=?,jefe_componente_id_empleado=?,marca=?,precio=?,tipo_componente=? where id_componente=?
Hibernate: update componente set carrera_componente_id=?,coche_componente_id_coche=?,durabilidad=?,esta_daniado=?,jefe_componente_id_empleado=?,marca=?,precio=?,tipo_componente=? where id_componente=?
Hibernate: update componente set carrera_componente_id=?,coche_componente_id_coche=?,durabilidad=?,esta_daniado=?,jefe_componente_id_empleado=?,marca=?,precio=?,tipo_componente=? where id_componente=?
Hibernate: update componente set carrera_componente_id=?,coche_componente_id_coche=?,durabilidad=?,esta_daniado=?,jefe_componente_id_empleado=?,marca=?,precio=?,tipo_componente=? where id_componente=?
Hibernate: update componente set carrera_componente_id=?,coche_componente_id_coche=?,durabilidad=?,esta_daniado=?,jefe_componente_id_empleado=?,marca=?,precio=?,tipo_componente=? where id_componente=?
Hibernate: update componente set carrera_componente_id=?,coche_componente_id_coche=?,durabilidad=?,esta_daniado=?,jefe_componente_id_empleado=?,marca=?,precio=?,tipo_componente=? where id_componente=?
Hibernate: update componente set carrera_componente_id=?,coche_componente_id_coche=?,durabilidad=?,esta_daniado=?,jefe_componente_id_empleado=?,marca=?,precio=?,tipo_componente=? where id_componente=?
Hibernate: select c1_0.id_coche,c1_0.carrera_coche_id,c1_0.esta_daniado,c1_0.foto_coche,c1_0.nombre,c1_0.posicion_carrera,c1_0.texto_alternativo from coche c1_0
Hibernate: select c1_0.id,c1_0.descripcion,c1_0.imagen_carrera,c1_0.localizacion,c1_0.longitud_por_vuelta,c1_0.longitud_total,c1_0.nombre_circuito,c1_0.num_vueltas,p1_0.id_presupuesto,p1_0.gastos_fijos,p1_0.gastos_variables,p1_0.ingresos_fijos,p1_0.ingresos_variables,p1_0.presupuesto_inicial,c1_0.texto_alternativo,c1_0.tipo_asfaltado,lc1_0.carrera_coche_id,lc1_0.id_coche,lc1_0.esta_daniado,lc1_0.foto_coche,lc1_0.nombre,p2_0.id_empleado,p2_1.apellidos,ce1_0.id,ce1_0.descripcion,ce1_0.imagen_carrera,ce1_0.localizacion,ce1_0.longitud_por_vuelta,ce1_0.longitud_total,ce1_0.nombre_circuito,ce1_0.num_vueltas,p3_0.id_presupuesto,p3_0.gastos_fijos,p3_0.gastos_variables,p3_0.ingresos_fijos,p3_0.ingresos_variables,p3_0.presupuesto_inicial,ce1_0.texto_alternativo,ce1_0.tipo_asfaltado,p2_1.dni,p2_1.fecha_nacimiento,p2_1.foto,p2_1.incentivo,p2_1.incentivo_calculado,p2_1.is_admin,p2_1.is_mecanico,p2_1.is_piloto,p2_1.nombre,p2_1.password,p2_1.salario,p2_1.texto_alternativo,p2_1.username,lc1_0.posicion_carrera,lc1_0.texto_alternativo from carrera c1_0 left join presupuesto p1_0 on p1_0.id_presupuesto=c1_0.presupuesto_id_presupuesto left join coche lc1_0 on c1_0.id=lc1_0.carrera_coche_id left join (piloto p2_0 join empleado p2_1 on p2_0.id_empleado=p2_1.id_empleado) on lc1_0.id_coche=p2_0.coche_piloto_id_coche left join carrera ce1_0 on ce1_0.id=p2_1.carrera_empleado_id left join presupuesto p3_0 on p3_0.id_presupuesto=ce1_0.presupuesto_id_presupuesto where c1_0.id=?
Hibernate: select p1_0.id_empleado,p1_1.apellidos,ce1_0.id,ce1_0.descripcion,ce1_0.imagen_carrera,ce1_0.localizacion,ce1_0.longitud_por_vuelta,ce1_0.longitud_total,ce1_0.nombre_circuito,ce1_0.num_vueltas,p2_0.id_presupuesto,p2_0.gastos_fijos,p2_0.gastos_variables,p2_0.ingresos_fijos,p2_0.ingresos_variables,p2_0.presupuesto_inicial,ce1_0.texto_alternativo,ce1_0.tipo_asfaltado,lc1_0.carrera_coche_id,lc1_0.id_coche,lc1_0.esta_daniado,lc1_0.foto_coche,lc1_0.nombre,p3_0.id_empleado,p3_1.apellidos,p3_1.carrera_empleado_id,p3_1.dni,p3_1.fecha_nacimiento,p3_1.foto,p3_1.incentivo,p3_1.incentivo_calculado,p3_1.is_admin,p3_1.is_mecanico,p3_1.is_piloto,p3_1.nombre,p3_1.password,p3_1.salario,p3_1.texto_alternativo,p3_1.username,lc1_0.posicion_carrera,lc1_0.texto_alternativo,p1_1.dni,p1_1.fecha_nacimiento,p1_1.foto,p1_1.incentivo,p1_1.incentivo_calculado,p1_1.is_admin,p1_1.is_mecanico,p1_1.is_piloto,p1_1.nombre,p1_1.password,p1_1.salario,p1_1.texto_alternativo,p1_1.username,cp1_0.id_coche,cc2_0.id,cc2_0.descripcion,cc2_0.imagen_carrera,cc2_0.localizacion,cc2_0.longitud_por_vuelta,cc2_0.longitud_total,cc2_0.nombre_circuito,cc2_0.num_vueltas,p4_0.id_presupuesto,p4_0.gastos_fijos,p4_0.gastos_variables,p4_0.ingresos_fijos,p4_0.ingresos_variables,p4_0.presupuesto_inicial,cc2_0.texto_alternativo,cc2_0.tipo_asfaltado,cp1_0.esta_daniado,cp1_0.foto_coche,cp1_0.nombre,cp1_0.posicion_carrera,cp1_0.texto_alternativo from piloto p1_0 join empleado p1_1 on p1_0.id_empleado=p1_1.id_empleado left join carrera ce1_0 on ce1_0.id=p1_1.carrera_empleado_id left join presupuesto p2_0 on p2_0.id_presupuesto=ce1_0.presupuesto_id_presupuesto left join coche lc1_0 on ce1_0.id=lc1_0.carrera_coche_id left join (piloto p3_0 join empleado p3_1 on p3_0.id_empleado=p3_1.id_empleado) on lc1_0.id_coche=p3_0.coche_piloto_id_coche left join coche cp1_0 on cp1_0.id_coche=p1_0.coche_piloto_id_coche left join carrera cc2_0 on cc2_0.id=cp1_0.carrera_coche_id left join presupuesto p4_0 on p4_0.id_presupuesto=cc2_0.presupuesto_id_presupuesto where p1_0.coche_piloto_id_coche=?
Hibernate: select lm1_0.coche_mecanico_id_coche,lm1_0.id_empleado,lm1_1.apellidos,ce1_0.id,ce1_0.descripcion,ce1_0.imagen_carrera,ce1_0.localizacion,ce1_0.longitud_por_vuelta,ce1_0.longitud_total,ce1_0.nombre_circuito,ce1_0.num_vueltas,p1_0.id_presupuesto,p1_0.gastos_fijos,p1_0.gastos_variables,p1_0.ingresos_fijos,p1_0.ingresos_variables,p1_0.presupuesto_inicial,ce1_0.texto_alternativo,ce1_0.tipo_asfaltado,lm1_1.dni,lm1_1.fecha_nacimiento,lm1_1.foto,lm1_1.incentivo,lm1_1.incentivo_calculado,lm1_1.is_admin,lm1_1.is_mecanico,lm1_1.is_piloto,lm1_1.nombre,lm1_1.password,lm1_1.salario,lm1_1.texto_alternativo,lm1_1.username from mecanico lm1_0 join empleado lm1_1 on lm1_0.id_empleado=lm1_1.id_empleado left join carrera ce1_0 on ce1_0.id=lm1_1.carrera_empleado_id left join presupuesto p1_0 on p1_0.id_presupuesto=ce1_0.presupuesto_id_presupuesto where lm1_0.coche_mecanico_id_coche=?
Hibernate: select lc1_0.coche_componente_id_coche,lc1_0.id_componente,cc1_0.id,cc1_0.descripcion,cc1_0.imagen_carrera,cc1_0.localizacion,cc1_0.longitud_por_vuelta,cc1_0.longitud_total,cc1_0.nombre_circuito,cc1_0.num_vueltas,p1_0.id_presupuesto,p1_0.gastos_fijos,p1_0.gastos_variables,p1_0.ingresos_fijos,p1_0.ingresos_variables,p1_0.presupuesto_inicial,cc1_0.texto_alternativo,cc1_0.tipo_asfaltado,lc1_0.durabilidad,lc1_0.esta_daniado,jc1_0.id_empleado,jc1_1.apellidos,ce1_0.id,ce1_0.descripcion,ce1_0.imagen_carrera,ce1_0.localizacion,ce1_0.longitud_por_vuelta,ce1_0.longitud_total,ce1_0.nombre_circuito,ce1_0.num_vueltas,p2_0.id_presupuesto,p2_0.gastos_fijos,p2_0.gastos_variables,p2_0.ingresos_fijos,p2_0.ingresos_variables,p2_0.presupuesto_inicial,ce1_0.texto_alternativo,ce1_0.tipo_asfaltado,jc1_1.dni,jc1_1.fecha_nacimiento,jc1_1.foto,jc1_1.incentivo,jc1_1.incentivo_calculado,jc1_1.is_admin,jc1_1.is_mecanico,jc1_1.is_piloto,jc1_1.nombre,jc1_1.password,jc1_1.salario,jc1_1.texto_alternativo,jc1_1.username,lc1_0.marca,lc1_0.precio,lc1_0.tipo_componente from componente lc1_0 left join carrera cc1_0 on cc1_0.id=lc1_0.carrera_componente_id left join presupuesto p1_0 on p1_0.id_presupuesto=cc1_0.presupuesto_id_presupuesto left join (jefe_equipo jc1_0 join empleado jc1_1 on jc1_0.id_empleado=jc1_1.id_empleado) on jc1_0.id_empleado=lc1_0.jefe_componente_id_empleado left join carrera ce1_0 on ce1_0.id=jc1_1.carrera_empleado_id left join presupuesto p2_0 on p2_0.id_presupuesto=ce1_0.presupuesto_id_presupuesto where lc1_0.coche_componente_id_coche=?
Hibernate: select lc1_0.jefe_componente_id_empleado,lc1_0.id_componente,cc1_0.id,cc1_0.descripcion,cc1_0.imagen_carrera,cc1_0.localizacion,cc1_0.longitud_por_vuelta,cc1_0.longitud_total,cc1_0.nombre_circuito,cc1_0.num_vueltas,p1_0.id_presupuesto,p1_0.gastos_fijos,p1_0.gastos_variables,p1_0.ingresos_fijos,p1_0.ingresos_variables,p1_0.presupuesto_inicial,cc1_0.texto_alternativo,cc1_0.tipo_asfaltado,cc2_0.id_coche,cc3_0.id,cc3_0.descripcion,cc3_0.imagen_carrera,cc3_0.localizacion,cc3_0.longitud_por_vuelta,cc3_0.longitud_total,cc3_0.nombre_circuito,cc3_0.num_vueltas,p2_0.id_presupuesto,p2_0.gastos_fijos,p2_0.gastos_variables,p2_0.ingresos_fijos,p2_0.ingresos_variables,p2_0.presupuesto_inicial,cc3_0.texto_alternativo,cc3_0.tipo_asfaltado,cc2_0.esta_daniado,cc2_0.foto_coche,cc2_0.nombre,p3_0.id_empleado,p3_1.apellidos,ce1_0.id,ce1_0.descripcion,ce1_0.imagen_carrera,ce1_0.localizacion,ce1_0.longitud_por_vuelta,ce1_0.longitud_total,ce1_0.nombre_circuito,ce1_0.num_vueltas,p4_0.id_presupuesto,p4_0.gastos_fijos,p4_0.gastos_variables,p4_0.ingresos_fijos,p4_0.ingresos_variables,p4_0.presupuesto_inicial,ce1_0.texto_alternativo,ce1_0.tipo_asfaltado,p3_1.dni,p3_1.fecha_nacimiento,p3_1.foto,p3_1.incentivo,p3_1.incentivo_calculado,p3_1.is_admin,p3_1.is_mecanico,p3_1.is_piloto,p3_1.nombre,p3_1.password,p3_1.salario,p3_1.texto_alternativo,p3_1.username,cc2_0.posicion_carrera,cc2_0.texto_alternativo,lc1_0.durabilidad,lc1_0.esta_daniado,lc1_0.marca,lc1_0.precio,lc1_0.tipo_componente from componente lc1_0 left join carrera cc1_0 on cc1_0.id=lc1_0.carrera_componente_id left join presupuesto p1_0 on p1_0.id_presupuesto=cc1_0.presupuesto_id_presupuesto left join coche cc2_0 on cc2_0.id_coche=lc1_0.coche_componente_id_coche left join carrera cc3_0 on cc3_0.id=cc2_0.carrera_coche_id left join presupuesto p2_0 on p2_0.id_presupuesto=cc3_0.presupuesto_id_presupuesto left join (piloto p3_0 join empleado p3_1 on p3_0.id_empleado=p3_1.id_empleado) on cc2_0.id_coche=p3_0.coche_piloto_id_coche left join carrera ce1_0 on ce1_0.id=p3_1.carrera_empleado_id left join presupuesto p4_0 on p4_0.id_presupuesto=ce1_0.presupuesto_id_presupuesto where lc1_0.jefe_componente_id_empleado=?
Hibernate: select lc1_0.presupuesto_id_presupuesto,lc1_0.id,lc1_0.descripcion,lc1_0.imagen_carrera,lc1_0.localizacion,lc1_0.longitud_por_vuelta,lc1_0.longitud_total,lc1_0.nombre_circuito,lc1_0.num_vueltas,lc1_0.texto_alternativo,lc1_0.tipo_asfaltado from carrera lc1_0 where lc1_0.presupuesto_id_presupuesto=?
Hibernate: select le1_0.carrera_empleado_id,le1_0.id_empleado,case when le1_1.id_empleado is not null then 1 when le1_2.id_empleado is not null then 2 when le1_3.id_empleado is not null then 3 when le1_0.id_empleado is not null then 0 end,le1_0.apellidos,le1_0.dni,le1_0.fecha_nacimiento,le1_0.foto,le1_0.incentivo,le1_0.incentivo_calculado,le1_0.is_admin,le1_0.is_mecanico,le1_0.is_piloto,le1_0.nombre,le1_0.password,le1_0.salario,le1_0.texto_alternativo,le1_0.username,cm1_0.id_coche,cc1_0.id,cc1_0.descripcion,cc1_0.imagen_carrera,cc1_0.localizacion,cc1_0.longitud_por_vuelta,cc1_0.longitud_total,cc1_0.nombre_circuito,cc1_0.num_vueltas,p1_0.id_presupuesto,p1_0.gastos_fijos,p1_0.gastos_variables,p1_0.ingresos_fijos,p1_0.ingresos_variables,p1_0.presupuesto_inicial,cc1_0.texto_alternativo,cc1_0.tipo_asfaltado,cm1_0.esta_daniado,cm1_0.foto_coche,cm1_0.nombre,p2_0.id_empleado,p2_1.apellidos,p2_1.carrera_empleado_id,p2_1.dni,p2_1.fecha_nacimiento,p2_1.foto,p2_1.incentivo,p2_1.incentivo_calculado,p2_1.is_admin,p2_1.is_mecanico,p2_1.is_piloto,p2_1.nombre,p2_1.password,p2_1.salario,p2_1.texto_alternativo,p2_1.username,cm1_0.posicion_carrera,cm1_0.texto_alternativo,cp1_0.id_coche,cc2_0.id,cc2_0.descripcion,cc2_0.imagen_carrera,cc2_0.localizacion,cc2_0.longitud_por_vuelta,cc2_0.longitud_total,cc2_0.nombre_circuito,cc2_0.num_vueltas,p3_0.id_presupuesto,p3_0.gastos_fijos,p3_0.gastos_variables,p3_0.ingresos_fijos,p3_0.ingresos_variables,p3_0.presupuesto_inicial,cc2_0.texto_alternativo,cc2_0.tipo_asfaltado,cp1_0.esta_daniado,cp1_0.foto_coche,cp1_0.nombre,cp1_0.posicion_carrera,cp1_0.texto_alternativo from empleado le1_0 left join jefe_equipo le1_1 on le1_0.id_empleado=le1_1.id_empleado left join mecanico le1_2 on le1_0.id_empleado=le1_2.id_empleado left join piloto le1_3 on le1_0.id_empleado=le1_3.id_empleado left join coche cm1_0 on cm1_0.id_coche=le1_2.coche_mecanico_id_coche left join carrera cc1_0 on cc1_0.id=cm1_0.carrera_coche_id left join presupuesto p1_0 on p1_0.id_presupuesto=cc1_0.presupuesto_id_presupuesto left join (piloto p2_0 join empleado p2_1 on p2_0.id_empleado=p2_1.id_empleado) on cm1_0.id_coche=p2_0.coche_piloto_id_coche left join coche cp1_0 on cp1_0.id_coche=le1_3.coche_piloto_id_coche left join carrera cc2_0 on cc2_0.id=cp1_0.carrera_coche_id left join presupuesto p3_0 on p3_0.id_presupuesto=cc2_0.presupuesto_id_presupuesto where le1_0.carrera_empleado_id=?
Hibernate: select lc1_0.carrera_componente_id,lc1_0.id_componente,cc2_0.id_coche,cc3_0.id,cc3_0.descripcion,cc3_0.imagen_carrera,cc3_0.localizacion,cc3_0.longitud_por_vuelta,cc3_0.longitud_total,cc3_0.nombre_circuito,cc3_0.num_vueltas,p1_0.id_presupuesto,p1_0.gastos_fijos,p1_0.gastos_variables,p1_0.ingresos_fijos,p1_0.ingresos_variables,p1_0.presupuesto_inicial,cc3_0.texto_alternativo,cc3_0.tipo_asfaltado,cc2_0.esta_daniado,cc2_0.foto_coche,cc2_0.nombre,p2_0.id_empleado,p2_1.apellidos,ce1_0.id,ce1_0.descripcion,ce1_0.imagen_carrera,ce1_0.localizacion,ce1_0.longitud_por_vuelta,ce1_0.longitud_total,ce1_0.nombre_circuito,ce1_0.num_vueltas,p3_0.id_presupuesto,p3_0.gastos_fijos,p3_0.gastos_variables,p3_0.ingresos_fijos,p3_0.ingresos_variables,p3_0.presupuesto_inicial,ce1_0.texto_alternativo,ce1_0.tipo_asfaltado,p2_1.dni,p2_1.fecha_nacimiento,p2_1.foto,p2_1.incentivo,p2_1.incentivo_calculado,p2_1.is_admin,p2_1.is_mecanico,p2_1.is_piloto,p2_1.nombre,p2_1.password,p2_1.salario,p2_1.texto_alternativo,p2_1.username,cc2_0.posicion_carrera,cc2_0.texto_alternativo,lc1_0.durabilidad,lc1_0.esta_daniado,jc1_0.id_empleado,jc1_1.apellidos,ce2_0.id,ce2_0.descripcion,ce2_0.imagen_carrera,ce2_0.localizacion,ce2_0.longitud_por_vuelta,ce2_0.longitud_total,ce2_0.nombre_circuito,ce2_0.num_vueltas,p4_0.id_presupuesto,p4_0.gastos_fijos,p4_0.gastos_variables,p4_0.ingresos_fijos,p4_0.ingresos_variables,p4_0.presupuesto_inicial,ce2_0.texto_alternativo,ce2_0.tipo_asfaltado,jc1_1.dni,jc1_1.fecha_nacimiento,jc1_1.foto,jc1_1.incentivo,jc1_1.incentivo_calculado,jc1_1.is_admin,jc1_1.is_mecanico,jc1_1.is_piloto,jc1_1.nombre,jc1_1.password,jc1_1.salario,jc1_1.texto_alternativo,jc1_1.username,lc1_0.marca,lc1_0.precio,lc1_0.tipo_componente from componente lc1_0 left join coche cc2_0 on cc2_0.id_coche=lc1_0.coche_componente_id_coche left join carrera cc3_0 on cc3_0.id=cc2_0.carrera_coche_id left join presupuesto p1_0 on p1_0.id_presupuesto=cc3_0.presupuesto_id_presupuesto left join (piloto p2_0 join empleado p2_1 on p2_0.id_empleado=p2_1.id_empleado) on cc2_0.id_coche=p2_0.coche_piloto_id_coche left join carrera ce1_0 on ce1_0.id=p2_1.carrera_empleado_id left join presupuesto p3_0 on p3_0.id_presupuesto=ce1_0.presupuesto_id_presupuesto left join (jefe_equipo jc1_0 join empleado jc1_1 on jc1_0.id_empleado=jc1_1.id_empleado) on jc1_0.id_empleado=lc1_0.jefe_componente_id_empleado left join carrera ce2_0 on ce2_0.id=jc1_1.carrera_empleado_id left join presupuesto p4_0 on p4_0.id_presupuesto=ce2_0.presupuesto_id_presupuesto where lc1_0.carrera_componente_id=?
Hibernate: select lm1_0.coche_mecanico_id_coche,lm1_0.id_empleado,lm1_1.apellidos,ce1_0.id,ce1_0.descripcion,ce1_0.imagen_carrera,ce1_0.localizacion,ce1_0.longitud_por_vuelta,ce1_0.longitud_total,ce1_0.nombre_circuito,ce1_0.num_vueltas,p1_0.id_presupuesto,p1_0.gastos_fijos,p1_0.gastos_variables,p1_0.ingresos_fijos,p1_0.ingresos_variables,p1_0.presupuesto_inicial,ce1_0.texto_alternativo,ce1_0.tipo_asfaltado,lm1_1.dni,lm1_1.fecha_nacimiento,lm1_1.foto,lm1_1.incentivo,lm1_1.incentivo_calculado,lm1_1.is_admin,lm1_1.is_mecanico,lm1_1.is_piloto,lm1_1.nombre,lm1_1.password,lm1_1.salario,lm1_1.texto_alternativo,lm1_1.username from mecanico lm1_0 join empleado lm1_1 on lm1_0.id_empleado=lm1_1.id_empleado left join carrera ce1_0 on ce1_0.id=lm1_1.carrera_empleado_id left join presupuesto p1_0 on p1_0.id_presupuesto=ce1_0.presupuesto_id_presupuesto where lm1_0.coche_mecanico_id_coche=?
Hibernate: select lc1_0.coche_componente_id_coche,lc1_0.id_componente,cc1_0.id,cc1_0.descripcion,cc1_0.imagen_carrera,cc1_0.localizacion,cc1_0.longitud_por_vuelta,cc1_0.longitud_total,cc1_0.nombre_circuito,cc1_0.num_vueltas,p1_0.id_presupuesto,p1_0.gastos_fijos,p1_0.gastos_variables,p1_0.ingresos_fijos,p1_0.ingresos_variables,p1_0.presupuesto_inicial,cc1_0.texto_alternativo,cc1_0.tipo_asfaltado,lc1_0.durabilidad,lc1_0.esta_daniado,jc1_0.id_empleado,jc1_1.apellidos,ce1_0.id,ce1_0.descripcion,ce1_0.imagen_carrera,ce1_0.localizacion,ce1_0.longitud_por_vuelta,ce1_0.longitud_total,ce1_0.nombre_circuito,ce1_0.num_vueltas,p2_0.id_presupuesto,p2_0.gastos_fijos,p2_0.gastos_variables,p2_0.ingresos_fijos,p2_0.ingresos_variables,p2_0.presupuesto_inicial,ce1_0.texto_alternativo,ce1_0.tipo_asfaltado,jc1_1.dni,jc1_1.fecha_nacimiento,jc1_1.foto,jc1_1.incentivo,jc1_1.incentivo_calculado,jc1_1.is_admin,jc1_1.is_mecanico,jc1_1.is_piloto,jc1_1.nombre,jc1_1.password,jc1_1.salario,jc1_1.texto_alternativo,jc1_1.username,lc1_0.marca,lc1_0.precio,lc1_0.tipo_componente from componente lc1_0 left join carrera cc1_0 on cc1_0.id=lc1_0.carrera_componente_id left join presupuesto p1_0 on p1_0.id_presupuesto=cc1_0.presupuesto_id_presupuesto left join (jefe_equipo jc1_0 join empleado jc1_1 on jc1_0.id_empleado=jc1_1.id_empleado) on jc1_0.id_empleado=lc1_0.jefe_componente_id_empleado left join carrera ce1_0 on ce1_0.id=jc1_1.carrera_empleado_id left join presupuesto p2_0 on p2_0.id_presupuesto=ce1_0.presupuesto_id_presupuesto where lc1_0.coche_componente_id_coche=?
Hibernate: select c1_0.id_coche,cc1_0.id,cc1_0.descripcion,cc1_0.imagen_carrera,cc1_0.localizacion,cc1_0.longitud_por_vuelta,cc1_0.longitud_total,cc1_0.nombre_circuito,cc1_0.num_vueltas,p1_0.id_presupuesto,p1_0.gastos_fijos,p1_0.gastos_variables,p1_0.ingresos_fijos,p1_0.ingresos_variables,p1_0.presupuesto_inicial,cc1_0.texto_alternativo,cc1_0.tipo_asfaltado,lc1_0.carrera_componente_id,lc1_0.id_componente,cc3_0.id_coche,cc3_0.carrera_coche_id,cc3_0.esta_daniado,cc3_0.foto_coche,cc3_0.nombre,p2_0.id_empleado,p2_1.apellidos,ce1_0.id,ce1_0.descripcion,ce1_0.imagen_carrera,ce1_0.localizacion,ce1_0.longitud_por_vuelta,ce1_0.longitud_total,ce1_0.nombre_circuito,ce1_0.num_vueltas,p3_0.id_presupuesto,p3_0.gastos_fijos,p3_0.gastos_variables,p3_0.ingresos_fijos,p3_0.ingresos_variables,p3_0.presupuesto_inicial,ce1_0.texto_alternativo,ce1_0.tipo_asfaltado,p2_1.dni,p2_1.fecha_nacimiento,p2_1.foto,p2_1.incentivo,p2_1.incentivo_calculado,p2_1.is_admin,p2_1.is_mecanico,p2_1.is_piloto,p2_1.nombre,p2_1.password,p2_1.salario,p2_1.texto_alternativo,p2_1.username,cc3_0.posicion_carrera,cc3_0.texto_alternativo,lc1_0.durabilidad,lc1_0.esta_daniado,jc1_0.id_empleado,jc1_1.apellidos,ce2_0.id,ce2_0.descripcion,ce2_0.imagen_carrera,ce2_0.localizacion,ce2_0.longitud_por_vuelta,ce2_0.longitud_total,ce2_0.nombre_circuito,ce2_0.num_vueltas,p4_0.id_presupuesto,p4_0.gastos_fijos,p4_0.gastos_variables,p4_0.ingresos_fijos,p4_0.ingresos_variables,p4_0.presupuesto_inicial,ce2_0.texto_alternativo,ce2_0.tipo_asfaltado,jc1_1.dni,jc1_1.fecha_nacimiento,jc1_1.foto,jc1_1.incentivo,jc1_1.incentivo_calculado,jc1_1.is_admin,jc1_1.is_mecanico,jc1_1.is_piloto,jc1_1.nombre,jc1_1.password,jc1_1.salario,jc1_1.texto_alternativo,jc1_1.username,lc1_0.marca,lc1_0.precio,lc1_0.tipo_componente,c1_0.esta_daniado,c1_0.foto_coche,c1_0.nombre,p5_0.id_empleado,p5_1.apellidos,ce3_0.id,ce3_0.descripcion,ce3_0.imagen_carrera,ce3_0.localizacion,ce3_0.longitud_por_vuelta,ce3_0.longitud_total,ce3_0.nombre_circuito,ce3_0.num_vueltas,p6_0.id_presupuesto,p6_0.gastos_fijos,p6_0.gastos_variables,p6_0.ingresos_fijos,p6_0.ingresos_variables,p6_0.presupuesto_inicial,ce3_0.texto_alternativo,ce3_0.tipo_asfaltado,p5_1.dni,p5_1.fecha_nacimiento,p5_1.foto,p5_1.incentivo,p5_1.incentivo_calculado,p5_1.is_admin,p5_1.is_mecanico,p5_1.is_piloto,p5_1.nombre,p5_1.password,p5_1.salario,p5_1.texto_alternativo,p5_1.username,c1_0.posicion_carrera,c1_0.texto_alternativo from coche c1_0 left join carrera cc1_0 on cc1_0.id=c1_0.carrera_coche_id left join presupuesto p1_0 on p1_0.id_presupuesto=cc1_0.presupuesto_id_presupuesto left join componente lc1_0 on cc1_0.id=lc1_0.carrera_componente_id left join coche cc3_0 on cc3_0.id_coche=lc1_0.coche_componente_id_coche left join (piloto p2_0 join empleado p2_1 on p2_0.id_empleado=p2_1.id_empleado) on cc3_0.id_coche=p2_0.coche_piloto_id_coche left join carrera ce1_0 on ce1_0.id=p2_1.carrera_empleado_id left join presupuesto p3_0 on p3_0.id_presupuesto=ce1_0.presupuesto_id_presupuesto left join (jefe_equipo jc1_0 join empleado jc1_1 on jc1_0.id_empleado=jc1_1.id_empleado) on jc1_0.id_empleado=lc1_0.jefe_componente_id_empleado left join carrera ce2_0 on ce2_0.id=jc1_1.carrera_empleado_id left join presupuesto p4_0 on p4_0.id_presupuesto=ce2_0.presupuesto_id_presupuesto left join (piloto p5_0 join empleado p5_1 on p5_0.id_empleado=p5_1.id_empleado) on c1_0.id_coche=p5_0.coche_piloto_id_coche left join carrera ce3_0 on ce3_0.id=p5_1.carrera_empleado_id left join presupuesto p6_0 on p6_0.id_presupuesto=ce3_0.presupuesto_id_presupuesto where c1_0.id_coche=?
Hibernate: select lm1_0.coche_mecanico_id_coche,lm1_0.id_empleado,lm1_1.apellidos,ce1_0.id,ce1_0.descripcion,ce1_0.imagen_carrera,ce1_0.localizacion,ce1_0.longitud_por_vuelta,ce1_0.longitud_total,ce1_0.nombre_circuito,ce1_0.num_vueltas,p1_0.id_presupuesto,p1_0.gastos_fijos,p1_0.gastos_variables,p1_0.ingresos_fijos,p1_0.ingresos_variables,p1_0.presupuesto_inicial,ce1_0.texto_alternativo,ce1_0.tipo_asfaltado,lm1_1.dni,lm1_1.fecha_nacimiento,lm1_1.foto,lm1_1.incentivo,lm1_1.incentivo_calculado,lm1_1.is_admin,lm1_1.is_mecanico,lm1_1.is_piloto,lm1_1.nombre,lm1_1.password,lm1_1.salario,lm1_1.texto_alternativo,lm1_1.username from mecanico lm1_0 join empleado lm1_1 on lm1_0.id_empleado=lm1_1.id_empleado left join carrera ce1_0 on ce1_0.id=lm1_1.carrera_empleado_id left join presupuesto p1_0 on p1_0.id_presupuesto=ce1_0.presupuesto_id_presupuesto where lm1_0.coche_mecanico_id_coche=?
Hibernate: select lc1_0.coche_componente_id_coche,lc1_0.id_componente,cc1_0.id,cc1_0.descripcion,cc1_0.imagen_carrera,cc1_0.localizacion,cc1_0.longitud_por_vuelta,cc1_0.longitud_total,cc1_0.nombre_circuito,cc1_0.num_vueltas,p1_0.id_presupuesto,p1_0.gastos_fijos,p1_0.gastos_variables,p1_0.ingresos_fijos,p1_0.ingresos_variables,p1_0.presupuesto_inicial,cc1_0.texto_alternativo,cc1_0.tipo_asfaltado,lc1_0.durabilidad,lc1_0.esta_daniado,jc1_0.id_empleado,jc1_1.apellidos,ce1_0.id,ce1_0.descripcion,ce1_0.imagen_carrera,ce1_0.localizacion,ce1_0.longitud_por_vuelta,ce1_0.longitud_total,ce1_0.nombre_circuito,ce1_0.num_vueltas,p2_0.id_presupuesto,p2_0.gastos_fijos,p2_0.gastos_variables,p2_0.ingresos_fijos,p2_0.ingresos_variables,p2_0.presupuesto_inicial,ce1_0.texto_alternativo,ce1_0.tipo_asfaltado,jc1_1.dni,jc1_1.fecha_nacimiento,jc1_1.foto,jc1_1.incentivo,jc1_1.incentivo_calculado,jc1_1.is_admin,jc1_1.is_mecanico,jc1_1.is_piloto,jc1_1.nombre,jc1_1.password,jc1_1.salario,jc1_1.texto_alternativo,jc1_1.username,lc1_0.marca,lc1_0.precio,lc1_0.tipo_componente from componente lc1_0 left join carrera cc1_0 on cc1_0.id=lc1_0.carrera_componente_id left join presupuesto p1_0 on p1_0.id_presupuesto=cc1_0.presupuesto_id_presupuesto left join (jefe_equipo jc1_0 join empleado jc1_1 on jc1_0.id_empleado=jc1_1.id_empleado) on jc1_0.id_empleado=lc1_0.jefe_componente_id_empleado left join carrera ce1_0 on ce1_0.id=jc1_1.carrera_empleado_id left join presupuesto p2_0 on p2_0.id_presupuesto=ce1_0.presupuesto_id_presupuesto where lc1_0.coche_componente_id_coche=?
Hibernate: select lc1_0.jefe_componente_id_empleado,lc1_0.id_componente,cc1_0.id,cc1_0.descripcion,cc1_0.imagen_carrera,cc1_0.localizacion,cc1_0.longitud_por_vuelta,cc1_0.longitud_total,cc1_0.nombre_circuito,cc1_0.num_vueltas,p1_0.id_presupuesto,p1_0.gastos_fijos,p1_0.gastos_variables,p1_0.ingresos_fijos,p1_0.ingresos_variables,p1_0.presupuesto_inicial,cc1_0.texto_alternativo,cc1_0.tipo_asfaltado,cc2_0.id_coche,cc3_0.id,cc3_0.descripcion,cc3_0.imagen_carrera,cc3_0.localizacion,cc3_0.longitud_por_vuelta,cc3_0.longitud_total,cc3_0.nombre_circuito,cc3_0.num_vueltas,p2_0.id_presupuesto,p2_0.gastos_fijos,p2_0.gastos_variables,p2_0.ingresos_fijos,p2_0.ingresos_variables,p2_0.presupuesto_inicial,cc3_0.texto_alternativo,cc3_0.tipo_asfaltado,cc2_0.esta_daniado,cc2_0.foto_coche,cc2_0.nombre,p3_0.id_empleado,p3_1.apellidos,ce1_0.id,ce1_0.descripcion,ce1_0.imagen_carrera,ce1_0.localizacion,ce1_0.longitud_por_vuelta,ce1_0.longitud_total,ce1_0.nombre_circuito,ce1_0.num_vueltas,p4_0.id_presupuesto,p4_0.gastos_fijos,p4_0.gastos_variables,p4_0.ingresos_fijos,p4_0.ingresos_variables,p4_0.presupuesto_inicial,ce1_0.texto_alternativo,ce1_0.tipo_asfaltado,p3_1.dni,p3_1.fecha_nacimiento,p3_1.foto,p3_1.incentivo,p3_1.incentivo_calculado,p3_1.is_admin,p3_1.is_mecanico,p3_1.is_piloto,p3_1.nombre,p3_1.password,p3_1.salario,p3_1.texto_alternativo,p3_1.username,cc2_0.posicion_carrera,cc2_0.texto_alternativo,lc1_0.durabilidad,lc1_0.esta_daniado,lc1_0.marca,lc1_0.precio,lc1_0.tipo_componente from componente lc1_0 left join carrera cc1_0 on cc1_0.id=lc1_0.carrera_componente_id left join presupuesto p1_0 on p1_0.id_presupuesto=cc1_0.presupuesto_id_presupuesto left join coche cc2_0 on cc2_0.id_coche=lc1_0.coche_componente_id_coche left join carrera cc3_0 on cc3_0.id=cc2_0.carrera_coche_id left join presupuesto p2_0 on p2_0.id_presupuesto=cc3_0.presupuesto_id_presupuesto left join (piloto p3_0 join empleado p3_1 on p3_0.id_empleado=p3_1.id_empleado) on cc2_0.id_coche=p3_0.coche_piloto_id_coche left join carrera ce1_0 on ce1_0.id=p3_1.carrera_empleado_id left join presupuesto p4_0 on p4_0.id_presupuesto=ce1_0.presupuesto_id_presupuesto where lc1_0.jefe_componente_id_empleado=?
Hibernate: select lc1_0.presupuesto_id_presupuesto,lc1_0.id,lc1_0.descripcion,lc1_0.imagen_carrera,lc1_0.localizacion,lc1_0.longitud_por_vuelta,lc1_0.longitud_total,lc1_0.nombre_circuito,lc1_0.num_vueltas,lc1_0.texto_alternativo,lc1_0.tipo_asfaltado from carrera lc1_0 where lc1_0.presupuesto_id_presupuesto=?
Hibernate: select le1_0.carrera_empleado_id,le1_0.id_empleado,case when le1_1.id_empleado is not null then 1 when le1_2.id_empleado is not null then 2 when le1_3.id_empleado is not null then 3 when le1_0.id_empleado is not null then 0 end,le1_0.apellidos,le1_0.dni,le1_0.fecha_nacimiento,le1_0.foto,le1_0.incentivo,le1_0.incentivo_calculado,le1_0.is_admin,le1_0.is_mecanico,le1_0.is_piloto,le1_0.nombre,le1_0.password,le1_0.salario,le1_0.texto_alternativo,le1_0.username,cm1_0.id_coche,cc1_0.id,cc1_0.descripcion,cc1_0.imagen_carrera,cc1_0.localizacion,cc1_0.longitud_por_vuelta,cc1_0.longitud_total,cc1_0.nombre_circuito,cc1_0.num_vueltas,p1_0.id_presupuesto,p1_0.gastos_fijos,p1_0.gastos_variables,p1_0.ingresos_fijos,p1_0.ingresos_variables,p1_0.presupuesto_inicial,cc1_0.texto_alternativo,cc1_0.tipo_asfaltado,cm1_0.esta_daniado,cm1_0.foto_coche,cm1_0.nombre,p2_0.id_empleado,p2_1.apellidos,p2_1.carrera_empleado_id,p2_1.dni,p2_1.fecha_nacimiento,p2_1.foto,p2_1.incentivo,p2_1.incentivo_calculado,p2_1.is_admin,p2_1.is_mecanico,p2_1.is_piloto,p2_1.nombre,p2_1.password,p2_1.salario,p2_1.texto_alternativo,p2_1.username,cm1_0.posicion_carrera,cm1_0.texto_alternativo,cp1_0.id_coche,cc2_0.id,cc2_0.descripcion,cc2_0.imagen_carrera,cc2_0.localizacion,cc2_0.longitud_por_vuelta,cc2_0.longitud_total,cc2_0.nombre_circuito,cc2_0.num_vueltas,p3_0.id_presupuesto,p3_0.gastos_fijos,p3_0.gastos_variables,p3_0.ingresos_fijos,p3_0.ingresos_variables,p3_0.presupuesto_inicial,cc2_0.texto_alternativo,cc2_0.tipo_asfaltado,cp1_0.esta_daniado,cp1_0.foto_coche,cp1_0.nombre,cp1_0.posicion_carrera,cp1_0.texto_alternativo from empleado le1_0 left join jefe_equipo le1_1 on le1_0.id_empleado=le1_1.id_empleado left join mecanico le1_2 on le1_0.id_empleado=le1_2.id_empleado left join piloto le1_3 on le1_0.id_empleado=le1_3.id_empleado left join coche cm1_0 on cm1_0.id_coche=le1_2.coche_mecanico_id_coche left join carrera cc1_0 on cc1_0.id=cm1_0.carrera_coche_id left join presupuesto p1_0 on p1_0.id_presupuesto=cc1_0.presupuesto_id_presupuesto left join (piloto p2_0 join empleado p2_1 on p2_0.id_empleado=p2_1.id_empleado) on cm1_0.id_coche=p2_0.coche_piloto_id_coche left join coche cp1_0 on cp1_0.id_coche=le1_3.coche_piloto_id_coche left join carrera cc2_0 on cc2_0.id=cp1_0.carrera_coche_id left join presupuesto p3_0 on p3_0.id_presupuesto=cc2_0.presupuesto_id_presupuesto where le1_0.carrera_empleado_id=?
Hibernate: select lc1_0.carrera_coche_id,lc1_0.id_coche,lc1_0.esta_daniado,lc1_0.foto_coche,lc1_0.nombre,p1_0.id_empleado,p1_1.apellidos,ce1_0.id,ce1_0.descripcion,ce1_0.imagen_carrera,ce1_0.localizacion,ce1_0.longitud_por_vuelta,ce1_0.longitud_total,ce1_0.nombre_circuito,ce1_0.num_vueltas,p2_0.id_presupuesto,p2_0.gastos_fijos,p2_0.gastos_variables,p2_0.ingresos_fijos,p2_0.ingresos_variables,p2_0.presupuesto_inicial,ce1_0.texto_alternativo,ce1_0.tipo_asfaltado,p1_1.dni,p1_1.fecha_nacimiento,p1_1.foto,p1_1.incentivo,p1_1.incentivo_calculado,p1_1.is_admin,p1_1.is_mecanico,p1_1.is_piloto,p1_1.nombre,p1_1.password,p1_1.salario,p1_1.texto_alternativo,p1_1.username,lc1_0.posicion_carrera,lc1_0.texto_alternativo from coche lc1_0 left join (piloto p1_0 join empleado p1_1 on p1_0.id_empleado=p1_1.id_empleado) on lc1_0.id_coche=p1_0.coche_piloto_id_coche left join carrera ce1_0 on ce1_0.id=p1_1.carrera_empleado_id left join presupuesto p2_0 on p2_0.id_presupuesto=ce1_0.presupuesto_id_presupuesto where lc1_0.carrera_coche_id=?
Hibernate: select lm1_0.coche_mecanico_id_coche,lm1_0.id_empleado,lm1_1.apellidos,ce1_0.id,ce1_0.descripcion,ce1_0.imagen_carrera,ce1_0.localizacion,ce1_0.longitud_por_vuelta,ce1_0.longitud_total,ce1_0.nombre_circuito,ce1_0.num_vueltas,p1_0.id_presupuesto,p1_0.gastos_fijos,p1_0.gastos_variables,p1_0.ingresos_fijos,p1_0.ingresos_variables,p1_0.presupuesto_inicial,ce1_0.texto_alternativo,ce1_0.tipo_asfaltado,lm1_1.dni,lm1_1.fecha_nacimiento,lm1_1.foto,lm1_1.incentivo,lm1_1.incentivo_calculado,lm1_1.is_admin,lm1_1.is_mecanico,lm1_1.is_piloto,lm1_1.nombre,lm1_1.password,lm1_1.salario,lm1_1.texto_alternativo,lm1_1.username from mecanico lm1_0 join empleado lm1_1 on lm1_0.id_empleado=lm1_1.id_empleado left join carrera ce1_0 on ce1_0.id=lm1_1.carrera_empleado_id left join presupuesto p1_0 on p1_0.id_presupuesto=ce1_0.presupuesto_id_presupuesto where lm1_0.coche_mecanico_id_coche=?
Hibernate: select lc1_0.coche_componente_id_coche,lc1_0.id_componente,cc1_0.id,cc1_0.descripcion,cc1_0.imagen_carrera,cc1_0.localizacion,cc1_0.longitud_por_vuelta,cc1_0.longitud_total,cc1_0.nombre_circuito,cc1_0.num_vueltas,p1_0.id_presupuesto,p1_0.gastos_fijos,p1_0.gastos_variables,p1_0.ingresos_fijos,p1_0.ingresos_variables,p1_0.presupuesto_inicial,cc1_0.texto_alternativo,cc1_0.tipo_asfaltado,lc1_0.durabilidad,lc1_0.esta_daniado,jc1_0.id_empleado,jc1_1.apellidos,ce1_0.id,ce1_0.descripcion,ce1_0.imagen_carrera,ce1_0.localizacion,ce1_0.longitud_por_vuelta,ce1_0.longitud_total,ce1_0.nombre_circuito,ce1_0.num_vueltas,p2_0.id_presupuesto,p2_0.gastos_fijos,p2_0.gastos_variables,p2_0.ingresos_fijos,p2_0.ingresos_variables,p2_0.presupuesto_inicial,ce1_0.texto_alternativo,ce1_0.tipo_asfaltado,jc1_1.dni,jc1_1.fecha_nacimiento,jc1_1.foto,jc1_1.incentivo,jc1_1.incentivo_calculado,jc1_1.is_admin,jc1_1.is_mecanico,jc1_1.is_piloto,jc1_1.nombre,jc1_1.password,jc1_1.salario,jc1_1.texto_alternativo,jc1_1.username,lc1_0.marca,lc1_0.precio,lc1_0.tipo_componente from componente lc1_0 left join carrera cc1_0 on cc1_0.id=lc1_0.carrera_componente_id left join presupuesto p1_0 on p1_0.id_presupuesto=cc1_0.presupuesto_id_presupuesto left join (jefe_equipo jc1_0 join empleado jc1_1 on jc1_0.id_empleado=jc1_1.id_empleado) on jc1_0.id_empleado=lc1_0.jefe_componente_id_empleado left join carrera ce1_0 on ce1_0.id=jc1_1.carrera_empleado_id left join presupuesto p2_0 on p2_0.id_presupuesto=ce1_0.presupuesto_id_presupuesto where lc1_0.coche_componente_id_coche=?
Hibernate: select p1_0.id_empleado,p1_1.apellidos,ce1_0.id,ce1_0.descripcion,ce1_0.imagen_carrera,ce1_0.localizacion,ce1_0.longitud_por_vuelta,ce1_0.longitud_total,ce1_0.nombre_circuito,ce1_0.num_vueltas,p2_0.id_presupuesto,p2_0.gastos_fijos,p2_0.gastos_variables,p2_0.ingresos_fijos,p2_0.ingresos_variables,p2_0.presupuesto_inicial,ce1_0.texto_alternativo,ce1_0.tipo_asfaltado,lc1_0.carrera_coche_id,lc1_0.id_coche,lc1_0.esta_daniado,lc1_0.foto_coche,lc1_0.nombre,p3_0.id_empleado,p3_1.apellidos,p3_1.carrera_empleado_id,p3_1.dni,p3_1.fecha_nacimiento,p3_1.foto,p3_1.incentivo,p3_1.incentivo_calculado,p3_1.is_admin,p3_1.is_mecanico,p3_1.is_piloto,p3_1.nombre,p3_1.password,p3_1.salario,p3_1.texto_alternativo,p3_1.username,lc1_0.posicion_carrera,lc1_0.texto_alternativo,p1_1.dni,p1_1.fecha_nacimiento,p1_1.foto,p1_1.incentivo,p1_1.incentivo_calculado,p1_1.is_admin,p1_1.is_mecanico,p1_1.is_piloto,p1_1.nombre,p1_1.password,p1_1.salario,p1_1.texto_alternativo,p1_1.username,cp1_0.id_coche,cc2_0.id,cc2_0.descripcion,cc2_0.imagen_carrera,cc2_0.localizacion,cc2_0.longitud_por_vuelta,cc2_0.longitud_total,cc2_0.nombre_circuito,cc2_0.num_vueltas,p4_0.id_presupuesto,p4_0.gastos_fijos,p4_0.gastos_variables,p4_0.ingresos_fijos,p4_0.ingresos_variables,p4_0.presupuesto_inicial,cc2_0.texto_alternativo,cc2_0.tipo_asfaltado,cp1_0.esta_daniado,cp1_0.foto_coche,cp1_0.nombre,cp1_0.posicion_carrera,cp1_0.texto_alternativo from piloto p1_0 join empleado p1_1 on p1_0.id_empleado=p1_1.id_empleado left join carrera ce1_0 on ce1_0.id=p1_1.carrera_empleado_id left join presupuesto p2_0 on p2_0.id_presupuesto=ce1_0.presupuesto_id_presupuesto left join coche lc1_0 on ce1_0.id=lc1_0.carrera_coche_id left join (piloto p3_0 join empleado p3_1 on p3_0.id_empleado=p3_1.id_empleado) on lc1_0.id_coche=p3_0.coche_piloto_id_coche left join coche cp1_0 on cp1_0.id_coche=p1_0.coche_piloto_id_coche left join carrera cc2_0 on cc2_0.id=cp1_0.carrera_coche_id left join presupuesto p4_0 on p4_0.id_presupuesto=cc2_0.presupuesto_id_presupuesto where p1_0.coche_piloto_id_coche=?
Hibernate: update coche set carrera_coche_id=?,esta_daniado=?,foto_coche=?,nombre=?,posicion_carrera=?,texto_alternativo=? where id_coche=?
Hibernate: select c1_0.id_coche,cc1_0.id,cc1_0.descripcion,cc1_0.imagen_carrera,cc1_0.localizacion,cc1_0.longitud_por_vuelta,cc1_0.longitud_total,cc1_0.nombre_circuito,cc1_0.num_vueltas,p1_0.id_presupuesto,p1_0.gastos_fijos,p1_0.gastos_variables,p1_0.ingresos_fijos,p1_0.ingresos_variables,p1_0.presupuesto_inicial,cc1_0.texto_alternativo,cc1_0.tipo_asfaltado,lc1_0.carrera_componente_id,lc1_0.id_componente,cc3_0.id_coche,cc3_0.carrera_coche_id,cc3_0.esta_daniado,cc3_0.foto_coche,cc3_0.nombre,p2_0.id_empleado,p2_1.apellidos,ce1_0.id,ce1_0.descripcion,ce1_0.imagen_carrera,ce1_0.localizacion,ce1_0.longitud_por_vuelta,ce1_0.longitud_total,ce1_0.nombre_circuito,ce1_0.num_vueltas,p3_0.id_presupuesto,p3_0.gastos_fijos,p3_0.gastos_variables,p3_0.ingresos_fijos,p3_0.ingresos_variables,p3_0.presupuesto_inicial,ce1_0.texto_alternativo,ce1_0.tipo_asfaltado,p2_1.dni,p2_1.fecha_nacimiento,p2_1.foto,p2_1.incentivo,p2_1.incentivo_calculado,p2_1.is_admin,p2_1.is_mecanico,p2_1.is_piloto,p2_1.nombre,p2_1.password,p2_1.salario,p2_1.texto_alternativo,p2_1.username,cc3_0.posicion_carrera,cc3_0.texto_alternativo,lc1_0.durabilidad,lc1_0.esta_daniado,jc1_0.id_empleado,jc1_1.apellidos,ce2_0.id,ce2_0.descripcion,ce2_0.imagen_carrera,ce2_0.localizacion,ce2_0.longitud_por_vuelta,ce2_0.longitud_total,ce2_0.nombre_circuito,ce2_0.num_vueltas,p4_0.id_presupuesto,p4_0.gastos_fijos,p4_0.gastos_variables,p4_0.ingresos_fijos,p4_0.ingresos_variables,p4_0.presupuesto_inicial,ce2_0.texto_alternativo,ce2_0.tipo_asfaltado,jc1_1.dni,jc1_1.fecha_nacimiento,jc1_1.foto,jc1_1.incentivo,jc1_1.incentivo_calculado,jc1_1.is_admin,jc1_1.is_mecanico,jc1_1.is_piloto,jc1_1.nombre,jc1_1.password,jc1_1.salario,jc1_1.texto_alternativo,jc1_1.username,lc1_0.marca,lc1_0.precio,lc1_0.tipo_componente,c1_0.esta_daniado,c1_0.foto_coche,c1_0.nombre,p5_0.id_empleado,p5_1.apellidos,ce3_0.id,ce3_0.descripcion,ce3_0.imagen_carrera,ce3_0.localizacion,ce3_0.longitud_por_vuelta,ce3_0.longitud_total,ce3_0.nombre_circuito,ce3_0.num_vueltas,p6_0.id_presupuesto,p6_0.gastos_fijos,p6_0.gastos_variables,p6_0.ingresos_fijos,p6_0.ingresos_variables,p6_0.presupuesto_inicial,ce3_0.texto_alternativo,ce3_0.tipo_asfaltado,p5_1.dni,p5_1.fecha_nacimiento,p5_1.foto,p5_1.incentivo,p5_1.incentivo_calculado,p5_1.is_admin,p5_1.is_mecanico,p5_1.is_piloto,p5_1.nombre,p5_1.password,p5_1.salario,p5_1.texto_alternativo,p5_1.username,c1_0.posicion_carrera,c1_0.texto_alternativo from coche c1_0 left join carrera cc1_0 on cc1_0.id=c1_0.carrera_coche_id left join presupuesto p1_0 on p1_0.id_presupuesto=cc1_0.presupuesto_id_presupuesto left join componente lc1_0 on cc1_0.id=lc1_0.carrera_componente_id left join coche cc3_0 on cc3_0.id_coche=lc1_0.coche_componente_id_coche left join (piloto p2_0 join empleado p2_1 on p2_0.id_empleado=p2_1.id_empleado) on cc3_0.id_coche=p2_0.coche_piloto_id_coche left join carrera ce1_0 on ce1_0.id=p2_1.carrera_empleado_id left join presupuesto p3_0 on p3_0.id_presupuesto=ce1_0.presupuesto_id_presupuesto left join (jefe_equipo jc1_0 join empleado jc1_1 on jc1_0.id_empleado=jc1_1.id_empleado) on jc1_0.id_empleado=lc1_0.jefe_componente_id_empleado left join carrera ce2_0 on ce2_0.id=jc1_1.carrera_empleado_id left join presupuesto p4_0 on p4_0.id_presupuesto=ce2_0.presupuesto_id_presupuesto left join (piloto p5_0 join empleado p5_1 on p5_0.id_empleado=p5_1.id_empleado) on c1_0.id_coche=p5_0.coche_piloto_id_coche left join carrera ce3_0 on ce3_0.id=p5_1.carrera_empleado_id left join presupuesto p6_0 on p6_0.id_presupuesto=ce3_0.presupuesto_id_presupuesto where c1_0.id_coche=?
Hibernate: select lm1_0.coche_mecanico_id_coche,lm1_0.id_empleado,lm1_1.apellidos,ce1_0.id,ce1_0.descripcion,ce1_0.imagen_carrera,ce1_0.localizacion,ce1_0.longitud_por_vuelta,ce1_0.longitud_total,ce1_0.nombre_circuito,ce1_0.num_vueltas,p1_0.id_presupuesto,p1_0.gastos_fijos,p1_0.gastos_variables,p1_0.ingresos_fijos,p1_0.ingresos_variables,p1_0.presupuesto_inicial,ce1_0.texto_alternativo,ce1_0.tipo_asfaltado,lm1_1.dni,lm1_1.fecha_nacimiento,lm1_1.foto,lm1_1.incentivo,lm1_1.incentivo_calculado,lm1_1.is_admin,lm1_1.is_mecanico,lm1_1.is_piloto,lm1_1.nombre,lm1_1.password,lm1_1.salario,lm1_1.texto_alternativo,lm1_1.username from mecanico lm1_0 join empleado lm1_1 on lm1_0.id_empleado=lm1_1.id_empleado left join carrera ce1_0 on ce1_0.id=lm1_1.carrera_empleado_id left join presupuesto p1_0 on p1_0.id_presupuesto=ce1_0.presupuesto_id_presupuesto where lm1_0.coche_mecanico_id_coche=?
Hibernate: select lc1_0.coche_componente_id_coche,lc1_0.id_componente,cc1_0.id,cc1_0.descripcion,cc1_0.imagen_carrera,cc1_0.localizacion,cc1_0.longitud_por_vuelta,cc1_0.longitud_total,cc1_0.nombre_circuito,cc1_0.num_vueltas,p1_0.id_presupuesto,p1_0.gastos_fijos,p1_0.gastos_variables,p1_0.ingresos_fijos,p1_0.ingresos_variables,p1_0.presupuesto_inicial,cc1_0.texto_alternativo,cc1_0.tipo_asfaltado,lc1_0.durabilidad,lc1_0.esta_daniado,jc1_0.id_empleado,jc1_1.apellidos,ce1_0.id,ce1_0.descripcion,ce1_0.imagen_carrera,ce1_0.localizacion,ce1_0.longitud_por_vuelta,ce1_0.longitud_total,ce1_0.nombre_circuito,ce1_0.num_vueltas,p2_0.id_presupuesto,p2_0.gastos_fijos,p2_0.gastos_variables,p2_0.ingresos_fijos,p2_0.ingresos_variables,p2_0.presupuesto_inicial,ce1_0.texto_alternativo,ce1_0.tipo_asfaltado,jc1_1.dni,jc1_1.fecha_nacimiento,jc1_1.foto,jc1_1.incentivo,jc1_1.incentivo_calculado,jc1_1.is_admin,jc1_1.is_mecanico,jc1_1.is_piloto,jc1_1.nombre,jc1_1.password,jc1_1.salario,jc1_1.texto_alternativo,jc1_1.username,lc1_0.marca,lc1_0.precio,lc1_0.tipo_componente from componente lc1_0 left join carrera cc1_0 on cc1_0.id=lc1_0.carrera_componente_id left join presupuesto p1_0 on p1_0.id_presupuesto=cc1_0.presupuesto_id_presupuesto left join (jefe_equipo jc1_0 join empleado jc1_1 on jc1_0.id_empleado=jc1_1.id_empleado) on jc1_0.id_empleado=lc1_0.jefe_componente_id_empleado left join carrera ce1_0 on ce1_0.id=jc1_1.carrera_empleado_id left join presupuesto p2_0 on p2_0.id_presupuesto=ce1_0.presupuesto_id_presupuesto where lc1_0.coche_componente_id_coche=?
Hibernate: select lc1_0.jefe_componente_id_empleado,lc1_0.id_componente,cc1_0.id,cc1_0.descripcion,cc1_0.imagen_carrera,cc1_0.localizacion,cc1_0.longitud_por_vuelta,cc1_0.longitud_total,cc1_0.nombre_circuito,cc1_0.num_vueltas,p1_0.id_presupuesto,p1_0.gastos_fijos,p1_0.gastos_variables,p1_0.ingresos_fijos,p1_0.ingresos_variables,p1_0.presupuesto_inicial,cc1_0.texto_alternativo,cc1_0.tipo_asfaltado,cc2_0.id_coche,cc3_0.id,cc3_0.descripcion,cc3_0.imagen_carrera,cc3_0.localizacion,cc3_0.longitud_por_vuelta,cc3_0.longitud_total,cc3_0.nombre_circuito,cc3_0.num_vueltas,p2_0.id_presupuesto,p2_0.gastos_fijos,p2_0.gastos_variables,p2_0.ingresos_fijos,p2_0.ingresos_variables,p2_0.presupuesto_inicial,cc3_0.texto_alternativo,cc3_0.tipo_asfaltado,cc2_0.esta_daniado,cc2_0.foto_coche,cc2_0.nombre,p3_0.id_empleado,p3_1.apellidos,ce1_0.id,ce1_0.descripcion,ce1_0.imagen_carrera,ce1_0.localizacion,ce1_0.longitud_por_vuelta,ce1_0.longitud_total,ce1_0.nombre_circuito,ce1_0.num_vueltas,p4_0.id_presupuesto,p4_0.gastos_fijos,p4_0.gastos_variables,p4_0.ingresos_fijos,p4_0.ingresos_variables,p4_0.presupuesto_inicial,ce1_0.texto_alternativo,ce1_0.tipo_asfaltado,p3_1.dni,p3_1.fecha_nacimiento,p3_1.foto,p3_1.incentivo,p3_1.incentivo_calculado,p3_1.is_admin,p3_1.is_mecanico,p3_1.is_piloto,p3_1.nombre,p3_1.password,p3_1.salario,p3_1.texto_alternativo,p3_1.username,cc2_0.posicion_carrera,cc2_0.texto_alternativo,lc1_0.durabilidad,lc1_0.esta_daniado,lc1_0.marca,lc1_0.precio,lc1_0.tipo_componente from componente lc1_0 left join carrera cc1_0 on cc1_0.id=lc1_0.carrera_componente_id left join presupuesto p1_0 on p1_0.id_presupuesto=cc1_0.presupuesto_id_presupuesto left join coche cc2_0 on cc2_0.id_coche=lc1_0.coche_componente_id_coche left join carrera cc3_0 on cc3_0.id=cc2_0.carrera_coche_id left join presupuesto p2_0 on p2_0.id_presupuesto=cc3_0.presupuesto_id_presupuesto left join (piloto p3_0 join empleado p3_1 on p3_0.id_empleado=p3_1.id_empleado) on cc2_0.id_coche=p3_0.coche_piloto_id_coche left join carrera ce1_0 on ce1_0.id=p3_1.carrera_empleado_id left join presupuesto p4_0 on p4_0.id_presupuesto=ce1_0.presupuesto_id_presupuesto where lc1_0.jefe_componente_id_empleado=?
Hibernate: select lc1_0.presupuesto_id_presupuesto,lc1_0.id,lc1_0.descripcion,lc1_0.imagen_carrera,lc1_0.localizacion,lc1_0.longitud_por_vuelta,lc1_0.longitud_total,lc1_0.nombre_circuito,lc1_0.num_vueltas,lc1_0.texto_alternativo,lc1_0.tipo_asfaltado from carrera lc1_0 where lc1_0.presupuesto_id_presupuesto=?
Hibernate: select le1_0.carrera_empleado_id,le1_0.id_empleado,case when le1_1.id_empleado is not null then 1 when le1_2.id_empleado is not null then 2 when le1_3.id_empleado is not null then 3 when le1_0.id_empleado is not null then 0 end,le1_0.apellidos,le1_0.dni,le1_0.fecha_nacimiento,le1_0.foto,le1_0.incentivo,le1_0.incentivo_calculado,le1_0.is_admin,le1_0.is_mecanico,le1_0.is_piloto,le1_0.nombre,le1_0.password,le1_0.salario,le1_0.texto_alternativo,le1_0.username,cm1_0.id_coche,cc1_0.id,cc1_0.descripcion,cc1_0.imagen_carrera,cc1_0.localizacion,cc1_0.longitud_por_vuelta,cc1_0.longitud_total,cc1_0.nombre_circuito,cc1_0.num_vueltas,p1_0.id_presupuesto,p1_0.gastos_fijos,p1_0.gastos_variables,p1_0.ingresos_fijos,p1_0.ingresos_variables,p1_0.presupuesto_inicial,cc1_0.texto_alternativo,cc1_0.tipo_asfaltado,cm1_0.esta_daniado,cm1_0.foto_coche,cm1_0.nombre,p2_0.id_empleado,p2_1.apellidos,p2_1.carrera_empleado_id,p2_1.dni,p2_1.fecha_nacimiento,p2_1.foto,p2_1.incentivo,p2_1.incentivo_calculado,p2_1.is_admin,p2_1.is_mecanico,p2_1.is_piloto,p2_1.nombre,p2_1.password,p2_1.salario,p2_1.texto_alternativo,p2_1.username,cm1_0.posicion_carrera,cm1_0.texto_alternativo,cp1_0.id_coche,cc2_0.id,cc2_0.descripcion,cc2_0.imagen_carrera,cc2_0.localizacion,cc2_0.longitud_por_vuelta,cc2_0.longitud_total,cc2_0.nombre_circuito,cc2_0.num_vueltas,p3_0.id_presupuesto,p3_0.gastos_fijos,p3_0.gastos_variables,p3_0.ingresos_fijos,p3_0.ingresos_variables,p3_0.presupuesto_inicial,cc2_0.texto_alternativo,cc2_0.tipo_asfaltado,cp1_0.esta_daniado,cp1_0.foto_coche,cp1_0.nombre,cp1_0.posicion_carrera,cp1_0.texto_alternativo from empleado le1_0 left join jefe_equipo le1_1 on le1_0.id_empleado=le1_1.id_empleado left join mecanico le1_2 on le1_0.id_empleado=le1_2.id_empleado left join piloto le1_3 on le1_0.id_empleado=le1_3.id_empleado left join coche cm1_0 on cm1_0.id_coche=le1_2.coche_mecanico_id_coche left join carrera cc1_0 on cc1_0.id=cm1_0.carrera_coche_id left join presupuesto p1_0 on p1_0.id_presupuesto=cc1_0.presupuesto_id_presupuesto left join (piloto p2_0 join empleado p2_1 on p2_0.id_empleado=p2_1.id_empleado) on cm1_0.id_coche=p2_0.coche_piloto_id_coche left join coche cp1_0 on cp1_0.id_coche=le1_3.coche_piloto_id_coche left join carrera cc2_0 on cc2_0.id=cp1_0.carrera_coche_id left join presupuesto p3_0 on p3_0.id_presupuesto=cc2_0.presupuesto_id_presupuesto where le1_0.carrera_empleado_id=?
Hibernate: select lc1_0.carrera_coche_id,lc1_0.id_coche,lc1_0.esta_daniado,lc1_0.foto_coche,lc1_0.nombre,p1_0.id_empleado,p1_1.apellidos,ce1_0.id,ce1_0.descripcion,ce1_0.imagen_carrera,ce1_0.localizacion,ce1_0.longitud_por_vuelta,ce1_0.longitud_total,ce1_0.nombre_circuito,ce1_0.num_vueltas,p2_0.id_presupuesto,p2_0.gastos_fijos,p2_0.gastos_variables,p2_0.ingresos_fijos,p2_0.ingresos_variables,p2_0.presupuesto_inicial,ce1_0.texto_alternativo,ce1_0.tipo_asfaltado,p1_1.dni,p1_1.fecha_nacimiento,p1_1.foto,p1_1.incentivo,p1_1.incentivo_calculado,p1_1.is_admin,p1_1.is_mecanico,p1_1.is_piloto,p1_1.nombre,p1_1.password,p1_1.salario,p1_1.texto_alternativo,p1_1.username,lc1_0.posicion_carrera,lc1_0.texto_alternativo from coche lc1_0 left join (piloto p1_0 join empleado p1_1 on p1_0.id_empleado=p1_1.id_empleado) on lc1_0.id_coche=p1_0.coche_piloto_id_coche left join carrera ce1_0 on ce1_0.id=p1_1.carrera_empleado_id left join presupuesto p2_0 on p2_0.id_presupuesto=ce1_0.presupuesto_id_presupuesto where lc1_0.carrera_coche_id=?
Hibernate: select lm1_0.coche_mecanico_id_coche,lm1_0.id_empleado,lm1_1.apellidos,ce1_0.id,ce1_0.descripcion,ce1_0.imagen_carrera,ce1_0.localizacion,ce1_0.longitud_por_vuelta,ce1_0.longitud_total,ce1_0.nombre_circuito,ce1_0.num_vueltas,p1_0.id_presupuesto,p1_0.gastos_fijos,p1_0.gastos_variables,p1_0.ingresos_fijos,p1_0.ingresos_variables,p1_0.presupuesto_inicial,ce1_0.texto_alternativo,ce1_0.tipo_asfaltado,lm1_1.dni,lm1_1.fecha_nacimiento,lm1_1.foto,lm1_1.incentivo,lm1_1.incentivo_calculado,lm1_1.is_admin,lm1_1.is_mecanico,lm1_1.is_piloto,lm1_1.nombre,lm1_1.password,lm1_1.salario,lm1_1.texto_alternativo,lm1_1.username from mecanico lm1_0 join empleado lm1_1 on lm1_0.id_empleado=lm1_1.id_empleado left join carrera ce1_0 on ce1_0.id=lm1_1.carrera_empleado_id left join presupuesto p1_0 on p1_0.id_presupuesto=ce1_0.presupuesto_id_presupuesto where lm1_0.coche_mecanico_id_coche=?
Hibernate: select lc1_0.coche_componente_id_coche,lc1_0.id_componente,cc1_0.id,cc1_0.descripcion,cc1_0.imagen_carrera,cc1_0.localizacion,cc1_0.longitud_por_vuelta,cc1_0.longitud_total,cc1_0.nombre_circuito,cc1_0.num_vueltas,p1_0.id_presupuesto,p1_0.gastos_fijos,p1_0.gastos_variables,p1_0.ingresos_fijos,p1_0.ingresos_variables,p1_0.presupuesto_inicial,cc1_0.texto_alternativo,cc1_0.tipo_asfaltado,lc1_0.durabilidad,lc1_0.esta_daniado,jc1_0.id_empleado,jc1_1.apellidos,ce1_0.id,ce1_0.descripcion,ce1_0.imagen_carrera,ce1_0.localizacion,ce1_0.longitud_por_vuelta,ce1_0.longitud_total,ce1_0.nombre_circuito,ce1_0.num_vueltas,p2_0.id_presupuesto,p2_0.gastos_fijos,p2_0.gastos_variables,p2_0.ingresos_fijos,p2_0.ingresos_variables,p2_0.presupuesto_inicial,ce1_0.texto_alternativo,ce1_0.tipo_asfaltado,jc1_1.dni,jc1_1.fecha_nacimiento,jc1_1.foto,jc1_1.incentivo,jc1_1.incentivo_calculado,jc1_1.is_admin,jc1_1.is_mecanico,jc1_1.is_piloto,jc1_1.nombre,jc1_1.password,jc1_1.salario,jc1_1.texto_alternativo,jc1_1.username,lc1_0.marca,lc1_0.precio,lc1_0.tipo_componente from componente lc1_0 left join carrera cc1_0 on cc1_0.id=lc1_0.carrera_componente_id left join presupuesto p1_0 on p1_0.id_presupuesto=cc1_0.presupuesto_id_presupuesto left join (jefe_equipo jc1_0 join empleado jc1_1 on jc1_0.id_empleado=jc1_1.id_empleado) on jc1_0.id_empleado=lc1_0.jefe_componente_id_empleado left join carrera ce1_0 on ce1_0.id=jc1_1.carrera_empleado_id left join presupuesto p2_0 on p2_0.id_presupuesto=ce1_0.presupuesto_id_presupuesto where lc1_0.coche_componente_id_coche=?
Hibernate: select p1_0.id_empleado,p1_1.apellidos,ce1_0.id,ce1_0.descripcion,ce1_0.imagen_carrera,ce1_0.localizacion,ce1_0.longitud_por_vuelta,ce1_0.longitud_total,ce1_0.nombre_circuito,ce1_0.num_vueltas,p2_0.id_presupuesto,p2_0.gastos_fijos,p2_0.gastos_variables,p2_0.ingresos_fijos,p2_0.ingresos_variables,p2_0.presupuesto_inicial,ce1_0.texto_alternativo,ce1_0.tipo_asfaltado,lc1_0.carrera_coche_id,lc1_0.id_coche,lc1_0.esta_daniado,lc1_0.foto_coche,lc1_0.nombre,p3_0.id_empleado,p3_1.apellidos,p3_1.carrera_empleado_id,p3_1.dni,p3_1.fecha_nacimiento,p3_1.foto,p3_1.incentivo,p3_1.incentivo_calculado,p3_1.is_admin,p3_1.is_mecanico,p3_1.is_piloto,p3_1.nombre,p3_1.password,p3_1.salario,p3_1.texto_alternativo,p3_1.username,lc1_0.posicion_carrera,lc1_0.texto_alternativo,p1_1.dni,p1_1.fecha_nacimiento,p1_1.foto,p1_1.incentivo,p1_1.incentivo_calculado,p1_1.is_admin,p1_1.is_mecanico,p1_1.is_piloto,p1_1.nombre,p1_1.password,p1_1.salario,p1_1.texto_alternativo,p1_1.username,cp1_0.id_coche,cc2_0.id,cc2_0.descripcion,cc2_0.imagen_carrera,cc2_0.localizacion,cc2_0.longitud_por_vuelta,cc2_0.longitud_total,cc2_0.nombre_circuito,cc2_0.num_vueltas,p4_0.id_presupuesto,p4_0.gastos_fijos,p4_0.gastos_variables,p4_0.ingresos_fijos,p4_0.ingresos_variables,p4_0.presupuesto_inicial,cc2_0.texto_alternativo,cc2_0.tipo_asfaltado,cp1_0.esta_daniado,cp1_0.foto_coche,cp1_0.nombre,cp1_0.posicion_carrera,cp1_0.texto_alternativo from piloto p1_0 join empleado p1_1 on p1_0.id_empleado=p1_1.id_empleado left join carrera ce1_0 on ce1_0.id=p1_1.carrera_empleado_id left join presupuesto p2_0 on p2_0.id_presupuesto=ce1_0.presupuesto_id_presupuesto left join coche lc1_0 on ce1_0.id=lc1_0.carrera_coche_id left join (piloto p3_0 join empleado p3_1 on p3_0.id_empleado=p3_1.id_empleado) on lc1_0.id_coche=p3_0.coche_piloto_id_coche left join coche cp1_0 on cp1_0.id_coche=p1_0.coche_piloto_id_coche left join carrera cc2_0 on cc2_0.id=cp1_0.carrera_coche_id left join presupuesto p4_0 on p4_0.id_presupuesto=cc2_0.presupuesto_id_presupuesto where p1_0.coche_piloto_id_coche=?
2024-05-20T23:21:12.075+02:00  WARN 6976 --- [PruebaBuenaManuelGomez] [           main] JpaBaseConfiguration$JpaWebConfiguration : spring.jpa.open-in-view is enabled by default. Therefore, database queries may be performed during view rendering. Explicitly configure spring.jpa.open-in-view to disable this warning
2024-05-20T23:21:12.340+02:00  INFO 6976 --- [PruebaBuenaManuelGomez] [           main] o.s.s.web.DefaultSecurityFilterChain     : Will secure any request with [org.springframework.security.web.session.DisableEncodeUrlFilter@2d0584c0, org.springframework.security.web.context.request.async.WebAsyncManagerIntegrationFilter@259ec563, org.springframework.security.web.context.SecurityContextHolderFilter@42ac84a9, org.springframework.security.web.header.HeaderWriterFilter@22ccf63d, org.springframework.web.filter.CorsFilter@61f5ee9d, org.springframework.security.web.authentication.logout.LogoutFilter@1d6f8bad, org.springframework.security.web.authentication.UsernamePasswordAuthenticationFilter@2f6d684d, org.springframework.security.web.savedrequest.RequestCacheAwareFilter@1cdece3d, org.springframework.security.web.servletapi.SecurityContextHolderAwareRequestFilter@263b0a8d, org.springframework.security.web.authentication.AnonymousAuthenticationFilter@4284bd5, org.springframework.security.web.access.ExceptionTranslationFilter@60e9bda0, org.springframework.security.web.access.intercept.AuthorizationFilter@43296744]
2024-05-20T23:21:12.543+02:00  INFO 6976 --- [PruebaBuenaManuelGomez] [           main] o.s.b.a.h2.H2ConsoleAutoConfiguration    : H2 console available at '/h2-console'. Database available at 'jdbc:h2:./db/basededatos'
2024-05-20T23:21:12.598+02:00  INFO 6976 --- [PruebaBuenaManuelGomez] [           main] .RecreativoF1ManuelGomezApplicationTests : Started RecreativoF1ManuelGomezApplicationTests in 4.194 seconds (process running for 5.024)
]]></system-out>
  </testcase>
</testsuite>