<?xml version="1.0" encoding="UTF-8"?>
<testsuite xmlns:xsi="http://www.w3.org/2001/XMLSchema-instance" xsi:noNamespaceSchemaLocation="https://maven.apache.org/surefire/maven-surefire-plugin/xsd/surefire-test-report-3.0.xsd" version="3.0" name="com.salesianostriana.dam.recreativof1manuelgomez.RecreativoF1ManuelGomezApplicationTests" time="7.553" tests="1" errors="0" skipped="0" failures="0">
  <properties>
    <property name="java.specification.version" value="17"/>
    <property name="sun.cpu.isalist" value="amd64"/>
    <property name="sun.jnu.encoding" value="Cp1252"/>
    <property name="java.class.path" value="C:\Users\gomez.maman24_triana\Desktop\RecreativoF1\RecreativoF1ManuelGomez\target\test-classes;C:\Users\gomez.maman24_triana\Desktop\RecreativoF1\RecreativoF1ManuelGomez\target\classes;C:\Users\gomez.maman24_triana\.m2\repository\org\springframework\boot\spring-boot-starter-data-jpa\3.2.5\spring-boot-starter-data-jpa-3.2.5.jar;C:\Users\gomez.maman24_triana\.m2\repository\org\springframework\boot\spring-boot-starter-aop\3.2.5\spring-boot-starter-aop-3.2.5.jar;C:\Users\gomez.maman24_triana\.m2\repository\org\aspectj\aspectjweaver\1.9.22\aspectjweaver-1.9.22.jar;C:\Users\gomez.maman24_triana\.m2\repository\org\springframework\boot\spring-boot-starter-jdbc\3.2.5\spring-boot-starter-jdbc-3.2.5.jar;C:\Users\gomez.maman24_triana\.m2\repository\com\zaxxer\HikariCP\5.0.1\HikariCP-5.0.1.jar;C:\Users\gomez.maman24_triana\.m2\repository\org\springframework\spring-jdbc\6.1.6\spring-jdbc-6.1.6.jar;C:\Users\gomez.maman24_triana\.m2\repository\org\hibernate\orm\hibernate-core\6.4.4.Final\hibernate-core-6.4.4.Final.jar;C:\Users\gomez.maman24_triana\.m2\repository\jakarta\persistence\jakarta.persistence-api\3.1.0\jakarta.persistence-api-3.1.0.jar;C:\Users\gomez.maman24_triana\.m2\repository\jakarta\transaction\jakarta.transaction-api\2.0.1\jakarta.transaction-api-2.0.1.jar;C:\Users\gomez.maman24_triana\.m2\repository\org\jboss\logging\jboss-logging\3.5.3.Final\jboss-logging-3.5.3.Final.jar;C:\Users\gomez.maman24_triana\.m2\repository\org\hibernate\common\hibernate-commons-annotations\6.0.6.Final\hibernate-commons-annotations-6.0.6.Final.jar;C:\Users\gomez.maman24_triana\.m2\repository\io\smallrye\jandex\3.1.2\jandex-3.1.2.jar;C:\Users\gomez.maman24_triana\.m2\repository\com\fasterxml\classmate\1.6.0\classmate-1.6.0.jar;C:\Users\gomez.maman24_triana\.m2\repository\net\bytebuddy\byte-buddy\1.14.13\byte-buddy-1.14.13.jar;C:\Users\gomez.maman24_triana\.m2\repository\org\glassfish\jaxb\jaxb-runtime\4.0.5\jaxb-runtime-4.0.5.jar;C:\Users\gomez.maman24_triana\.m2\repository\org\glassfish\jaxb\jaxb-core\4.0.5\jaxb-core-4.0.5.jar;C:\Users\gomez.maman24_triana\.m2\repository\org\eclipse\angus\angus-activation\2.0.2\angus-activation-2.0.2.jar;C:\Users\gomez.maman24_triana\.m2\repository\org\glassfish\jaxb\txw2\4.0.5\txw2-4.0.5.jar;C:\Users\gomez.maman24_triana\.m2\repository\com\sun\istack\istack-commons-runtime\4.1.2\istack-commons-runtime-4.1.2.jar;C:\Users\gomez.maman24_triana\.m2\repository\jakarta\inject\jakarta.inject-api\2.0.1\jakarta.inject-api-2.0.1.jar;C:\Users\gomez.maman24_triana\.m2\repository\org\antlr\antlr4-runtime\4.13.0\antlr4-runtime-4.13.0.jar;C:\Users\gomez.maman24_triana\.m2\repository\org\springframework\data\spring-data-jpa\3.2.5\spring-data-jpa-3.2.5.jar;C:\Users\gomez.maman24_triana\.m2\repository\org\springframework\data\spring-data-commons\3.2.5\spring-data-commons-3.2.5.jar;C:\Users\gomez.maman24_triana\.m2\repository\org\springframework\spring-orm\6.1.6\spring-orm-6.1.6.jar;C:\Users\gomez.maman24_triana\.m2\repository\org\springframework\spring-context\6.1.6\spring-context-6.1.6.jar;C:\Users\gomez.maman24_triana\.m2\repository\org\springframework\spring-tx\6.1.6\spring-tx-6.1.6.jar;C:\Users\gomez.maman24_triana\.m2\repository\org\springframework\spring-beans\6.1.6\spring-beans-6.1.6.jar;C:\Users\gomez.maman24_triana\.m2\repository\jakarta\annotation\jakarta.annotation-api\2.1.1\jakarta.annotation-api-2.1.1.jar;C:\Users\gomez.maman24_triana\.m2\repository\org\springframework\spring-aspects\6.1.6\spring-aspects-6.1.6.jar;C:\Users\gomez.maman24_triana\.m2\repository\org\springframework\boot\spring-boot-starter-thymeleaf\3.2.5\spring-boot-starter-thymeleaf-3.2.5.jar;C:\Users\gomez.maman24_triana\.m2\repository\org\springframework\boot\spring-boot-starter\3.2.5\spring-boot-starter-3.2.5.jar;C:\Users\gomez.maman24_triana\.m2\repository\org\springframework\boot\spring-boot\3.2.5\spring-boot-3.2.5.jar;C:\Users\gomez.maman24_triana\.m2\repository\org\springframework\boot\spring-boot-autoconfigure\3.2.5\spring-boot-autoconfigure-3.2.5.jar;C:\Users\gomez.maman24_triana\.m2\repository\org\springframework\boot\spring-boot-starter-logging\3.2.5\spring-boot-starter-logging-3.2.5.jar;C:\Users\gomez.maman24_triana\.m2\repository\ch\qos\logback\logback-classic\1.4.14\logback-classic-1.4.14.jar;C:\Users\gomez.maman24_triana\.m2\repository\ch\qos\logback\logback-core\1.4.14\logback-core-1.4.14.jar;C:\Users\gomez.maman24_triana\.m2\repository\org\apache\logging\log4j\log4j-to-slf4j\2.21.1\log4j-to-slf4j-2.21.1.jar;C:\Users\gomez.maman24_triana\.m2\repository\org\apache\logging\log4j\log4j-api\2.21.1\log4j-api-2.21.1.jar;C:\Users\gomez.maman24_triana\.m2\repository\org\slf4j\jul-to-slf4j\2.0.13\jul-to-slf4j-2.0.13.jar;C:\Users\gomez.maman24_triana\.m2\repository\org\yaml\snakeyaml\2.2\snakeyaml-2.2.jar;C:\Users\gomez.maman24_triana\.m2\repository\org\thymeleaf\thymeleaf-spring6\3.1.2.RELEASE\thymeleaf-spring6-3.1.2.RELEASE.jar;C:\Users\gomez.maman24_triana\.m2\repository\org\thymeleaf\thymeleaf\3.1.2.RELEASE\thymeleaf-3.1.2.RELEASE.jar;C:\Users\gomez.maman24_triana\.m2\repository\org\attoparser\attoparser\2.0.7.RELEASE\attoparser-2.0.7.RELEASE.jar;C:\Users\gomez.maman24_triana\.m2\repository\org\unbescape\unbescape\1.1.6.RELEASE\unbescape-1.1.6.RELEASE.jar;C:\Users\gomez.maman24_triana\.m2\repository\org\springframework\boot\spring-boot-starter-web\3.2.5\spring-boot-starter-web-3.2.5.jar;C:\Users\gomez.maman24_triana\.m2\repository\org\springframework\boot\spring-boot-starter-json\3.2.5\spring-boot-starter-json-3.2.5.jar;C:\Users\gomez.maman24_triana\.m2\repository\com\fasterxml\jackson\core\jackson-databind\2.15.4\jackson-databind-2.15.4.jar;C:\Users\gomez.maman24_triana\.m2\repository\com\fasterxml\jackson\core\jackson-annotations\2.15.4\jackson-annotations-2.15.4.jar;C:\Users\gomez.maman24_triana\.m2\repository\com\fasterxml\jackson\core\jackson-core\2.15.4\jackson-core-2.15.4.jar;C:\Users\gomez.maman24_triana\.m2\repository\com\fasterxml\jackson\datatype\jackson-datatype-jdk8\2.15.4\jackson-datatype-jdk8-2.15.4.jar;C:\Users\gomez.maman24_triana\.m2\repository\com\fasterxml\jackson\datatype\jackson-datatype-jsr310\2.15.4\jackson-datatype-jsr310-2.15.4.jar;C:\Users\gomez.maman24_triana\.m2\repository\com\fasterxml\jackson\module\jackson-module-parameter-names\2.15.4\jackson-module-parameter-names-2.15.4.jar;C:\Users\gomez.maman24_triana\.m2\repository\org\springframework\boot\spring-boot-starter-tomcat\3.2.5\spring-boot-starter-tomcat-3.2.5.jar;C:\Users\gomez.maman24_triana\.m2\repository\org\apache\tomcat\embed\tomcat-embed-core\10.1.20\tomcat-embed-core-10.1.20.jar;C:\Users\gomez.maman24_triana\.m2\repository\org\apache\tomcat\embed\tomcat-embed-el\10.1.20\tomcat-embed-el-10.1.20.jar;C:\Users\gomez.maman24_triana\.m2\repository\org\apache\tomcat\embed\tomcat-embed-websocket\10.1.20\tomcat-embed-websocket-10.1.20.jar;C:\Users\gomez.maman24_triana\.m2\repository\org\springframework\spring-web\6.1.6\spring-web-6.1.6.jar;C:\Users\gomez.maman24_triana\.m2\repository\io\micrometer\micrometer-observation\1.12.5\micrometer-observation-1.12.5.jar;C:\Users\gomez.maman24_triana\.m2\repository\io\micrometer\micrometer-commons\1.12.5\micrometer-commons-1.12.5.jar;C:\Users\gomez.maman24_triana\.m2\repository\org\springframework\spring-webmvc\6.1.6\spring-webmvc-6.1.6.jar;C:\Users\gomez.maman24_triana\.m2\repository\org\springframework\spring-expression\6.1.6\spring-expression-6.1.6.jar;C:\Users\gomez.maman24_triana\.m2\repository\com\h2database\h2\2.2.224\h2-2.2.224.jar;C:\Users\gomez.maman24_triana\.m2\repository\org\projectlombok\lombok\1.18.32\lombok-1.18.32.jar;C:\Users\gomez.maman24_triana\.m2\repository\org\springframework\boot\spring-boot-starter-test\3.2.5\spring-boot-starter-test-3.2.5.jar;C:\Users\gomez.maman24_triana\.m2\repository\org\springframework\boot\spring-boot-test\3.2.5\spring-boot-test-3.2.5.jar;C:\Users\gomez.maman24_triana\.m2\repository\org\springframework\boot\spring-boot-test-autoconfigure\3.2.5\spring-boot-test-autoconfigure-3.2.5.jar;C:\Users\gomez.maman24_triana\.m2\repository\com\jayway\jsonpath\json-path\2.9.0\json-path-2.9.0.jar;C:\Users\gomez.maman24_triana\.m2\repository\jakarta\xml\bind\jakarta.xml.bind-api\4.0.2\jakarta.xml.bind-api-4.0.2.jar;C:\Users\gomez.maman24_triana\.m2\repository\jakarta\activation\jakarta.activation-api\2.1.3\jakarta.activation-api-2.1.3.jar;C:\Users\gomez.maman24_triana\.m2\repository\net\minidev\json-smart\2.5.1\json-smart-2.5.1.jar;C:\Users\gomez.maman24_triana\.m2\repository\net\minidev\accessors-smart\2.5.1\accessors-smart-2.5.1.jar;C:\Users\gomez.maman24_triana\.m2\repository\org\ow2\asm\asm\9.6\asm-9.6.jar;C:\Users\gomez.maman24_triana\.m2\repository\org\assertj\assertj-core\3.24.2\assertj-core-3.24.2.jar;C:\Users\gomez.maman24_triana\.m2\repository\org\awaitility\awaitility\4.2.1\awaitility-4.2.1.jar;C:\Users\gomez.maman24_triana\.m2\repository\org\hamcrest\hamcrest\2.2\hamcrest-2.2.jar;C:\Users\gomez.maman24_triana\.m2\repository\org\junit\jupiter\junit-jupiter\5.10.2\junit-jupiter-5.10.2.jar;C:\Users\gomez.maman24_triana\.m2\repository\org\junit\jupiter\junit-jupiter-api\5.10.2\junit-jupiter-api-5.10.2.jar;C:\Users\gomez.maman24_triana\.m2\repository\org\opentest4j\opentest4j\1.3.0\opentest4j-1.3.0.jar;C:\Users\gomez.maman24_triana\.m2\repository\org\junit\platform\junit-platform-commons\1.10.2\junit-platform-commons-1.10.2.jar;C:\Users\gomez.maman24_triana\.m2\repository\org\apiguardian\apiguardian-api\1.1.2\apiguardian-api-1.1.2.jar;C:\Users\gomez.maman24_triana\.m2\repository\org\junit\jupiter\junit-jupiter-params\5.10.2\junit-jupiter-params-5.10.2.jar;C:\Users\gomez.maman24_triana\.m2\repository\org\junit\jupiter\junit-jupiter-engine\5.10.2\junit-jupiter-engine-5.10.2.jar;C:\Users\gomez.maman24_triana\.m2\repository\org\junit\platform\junit-platform-engine\1.10.2\junit-platform-engine-1.10.2.jar;C:\Users\gomez.maman24_triana\.m2\repository\org\mockito\mockito-core\5.7.0\mockito-core-5.7.0.jar;C:\Users\gomez.maman24_triana\.m2\repository\net\bytebuddy\byte-buddy-agent\1.14.13\byte-buddy-agent-1.14.13.jar;C:\Users\gomez.maman24_triana\.m2\repository\org\objenesis\objenesis\3.3\objenesis-3.3.jar;C:\Users\gomez.maman24_triana\.m2\repository\org\mockito\mockito-junit-jupiter\5.7.0\mockito-junit-jupiter-5.7.0.jar;C:\Users\gomez.maman24_triana\.m2\repository\org\skyscreamer\jsonassert\1.5.1\jsonassert-1.5.1.jar;C:\Users\gomez.maman24_triana\.m2\repository\com\vaadin\external\google\android-json\0.0.20131108.vaadin1\android-json-0.0.20131108.vaadin1.jar;C:\Users\gomez.maman24_triana\.m2\repository\org\springframework\spring-core\6.1.6\spring-core-6.1.6.jar;C:\Users\gomez.maman24_triana\.m2\repository\org\springframework\spring-jcl\6.1.6\spring-jcl-6.1.6.jar;C:\Users\gomez.maman24_triana\.m2\repository\org\springframework\spring-test\6.1.6\spring-test-6.1.6.jar;C:\Users\gomez.maman24_triana\.m2\repository\org\xmlunit\xmlunit-core\2.9.1\xmlunit-core-2.9.1.jar;C:\Users\gomez.maman24_triana\.m2\repository\org\springframework\boot\spring-boot-starter-security\3.2.5\spring-boot-starter-security-3.2.5.jar;C:\Users\gomez.maman24_triana\.m2\repository\org\springframework\spring-aop\6.1.6\spring-aop-6.1.6.jar;C:\Users\gomez.maman24_triana\.m2\repository\org\springframework\security\spring-security-config\6.2.4\spring-security-config-6.2.4.jar;C:\Users\gomez.maman24_triana\.m2\repository\org\springframework\security\spring-security-core\6.2.4\spring-security-core-6.2.4.jar;C:\Users\gomez.maman24_triana\.m2\repository\org\springframework\security\spring-security-crypto\6.2.4\spring-security-crypto-6.2.4.jar;C:\Users\gomez.maman24_triana\.m2\repository\org\springframework\security\spring-security-web\6.2.4\spring-security-web-6.2.4.jar;C:\Users\gomez.maman24_triana\.m2\repository\org\thymeleaf\extras\thymeleaf-extras-springsecurity6\3.1.2.RELEASE\thymeleaf-extras-springsecurity6-3.1.2.RELEASE.jar;C:\Users\gomez.maman24_triana\.m2\repository\org\slf4j\slf4j-api\2.0.13\slf4j-api-2.0.13.jar;"/>
    <property name="java.vm.vendor" value="Eclipse Adoptium"/>
    <property name="sun.arch.data.model" value="64"/>
    <property name="user.variant" value=""/>
    <property name="java.vendor.url" value="https://adoptium.net/"/>
    <property name="user.timezone" value="Europe/Madrid"/>
    <property name="org.jboss.logging.provider" value="slf4j"/>
    <property name="os.name" value="Windows 10"/>
    <property name="java.vm.specification.version" value="17"/>
    <property name="sun.java.launcher" value="SUN_STANDARD"/>
    <property name="user.country" value="ES"/>
    <property name="sun.boot.library.path" value="C:\Users\gomez.maman24_triana\Downloads\sts-4.22.0.RELEASE\plugins\org.eclipse.justj.openjdk.hotspot.jre.full.win32.x86_64_17.0.10.v20240120-1143\jre\bin"/>
    <property name="sun.java.command" value="C:\Users\gomez.maman24_triana\AppData\Local\Temp\surefire1190204634710203979\surefirebooter-20240514140306671_3.jar C:\Users\gomez.maman24_triana\AppData\Local\Temp\surefire1190204634710203979 2024-05-14T14-03-06_512-jvmRun1 surefire-20240514140306671_1tmp surefire_0-20240514140306671_2tmp"/>
    <property name="jdk.debug" value="release"/>
    <property name="surefire.test.class.path" value="C:\Users\gomez.maman24_triana\Desktop\RecreativoF1\RecreativoF1ManuelGomez\target\test-classes;C:\Users\gomez.maman24_triana\Desktop\RecreativoF1\RecreativoF1ManuelGomez\target\classes;C:\Users\gomez.maman24_triana\.m2\repository\org\springframework\boot\spring-boot-starter-data-jpa\3.2.5\spring-boot-starter-data-jpa-3.2.5.jar;C:\Users\gomez.maman24_triana\.m2\repository\org\springframework\boot\spring-boot-starter-aop\3.2.5\spring-boot-starter-aop-3.2.5.jar;C:\Users\gomez.maman24_triana\.m2\repository\org\aspectj\aspectjweaver\1.9.22\aspectjweaver-1.9.22.jar;C:\Users\gomez.maman24_triana\.m2\repository\org\springframework\boot\spring-boot-starter-jdbc\3.2.5\spring-boot-starter-jdbc-3.2.5.jar;C:\Users\gomez.maman24_triana\.m2\repository\com\zaxxer\HikariCP\5.0.1\HikariCP-5.0.1.jar;C:\Users\gomez.maman24_triana\.m2\repository\org\springframework\spring-jdbc\6.1.6\spring-jdbc-6.1.6.jar;C:\Users\gomez.maman24_triana\.m2\repository\org\hibernate\orm\hibernate-core\6.4.4.Final\hibernate-core-6.4.4.Final.jar;C:\Users\gomez.maman24_triana\.m2\repository\jakarta\persistence\jakarta.persistence-api\3.1.0\jakarta.persistence-api-3.1.0.jar;C:\Users\gomez.maman24_triana\.m2\repository\jakarta\transaction\jakarta.transaction-api\2.0.1\jakarta.transaction-api-2.0.1.jar;C:\Users\gomez.maman24_triana\.m2\repository\org\jboss\logging\jboss-logging\3.5.3.Final\jboss-logging-3.5.3.Final.jar;C:\Users\gomez.maman24_triana\.m2\repository\org\hibernate\common\hibernate-commons-annotations\6.0.6.Final\hibernate-commons-annotations-6.0.6.Final.jar;C:\Users\gomez.maman24_triana\.m2\repository\io\smallrye\jandex\3.1.2\jandex-3.1.2.jar;C:\Users\gomez.maman24_triana\.m2\repository\com\fasterxml\classmate\1.6.0\classmate-1.6.0.jar;C:\Users\gomez.maman24_triana\.m2\repository\net\bytebuddy\byte-buddy\1.14.13\byte-buddy-1.14.13.jar;C:\Users\gomez.maman24_triana\.m2\repository\org\glassfish\jaxb\jaxb-runtime\4.0.5\jaxb-runtime-4.0.5.jar;C:\Users\gomez.maman24_triana\.m2\repository\org\glassfish\jaxb\jaxb-core\4.0.5\jaxb-core-4.0.5.jar;C:\Users\gomez.maman24_triana\.m2\repository\org\eclipse\angus\angus-activation\2.0.2\angus-activation-2.0.2.jar;C:\Users\gomez.maman24_triana\.m2\repository\org\glassfish\jaxb\txw2\4.0.5\txw2-4.0.5.jar;C:\Users\gomez.maman24_triana\.m2\repository\com\sun\istack\istack-commons-runtime\4.1.2\istack-commons-runtime-4.1.2.jar;C:\Users\gomez.maman24_triana\.m2\repository\jakarta\inject\jakarta.inject-api\2.0.1\jakarta.inject-api-2.0.1.jar;C:\Users\gomez.maman24_triana\.m2\repository\org\antlr\antlr4-runtime\4.13.0\antlr4-runtime-4.13.0.jar;C:\Users\gomez.maman24_triana\.m2\repository\org\springframework\data\spring-data-jpa\3.2.5\spring-data-jpa-3.2.5.jar;C:\Users\gomez.maman24_triana\.m2\repository\org\springframework\data\spring-data-commons\3.2.5\spring-data-commons-3.2.5.jar;C:\Users\gomez.maman24_triana\.m2\repository\org\springframework\spring-orm\6.1.6\spring-orm-6.1.6.jar;C:\Users\gomez.maman24_triana\.m2\repository\org\springframework\spring-context\6.1.6\spring-context-6.1.6.jar;C:\Users\gomez.maman24_triana\.m2\repository\org\springframework\spring-tx\6.1.6\spring-tx-6.1.6.jar;C:\Users\gomez.maman24_triana\.m2\repository\org\springframework\spring-beans\6.1.6\spring-beans-6.1.6.jar;C:\Users\gomez.maman24_triana\.m2\repository\jakarta\annotation\jakarta.annotation-api\2.1.1\jakarta.annotation-api-2.1.1.jar;C:\Users\gomez.maman24_triana\.m2\repository\org\springframework\spring-aspects\6.1.6\spring-aspects-6.1.6.jar;C:\Users\gomez.maman24_triana\.m2\repository\org\springframework\boot\spring-boot-starter-thymeleaf\3.2.5\spring-boot-starter-thymeleaf-3.2.5.jar;C:\Users\gomez.maman24_triana\.m2\repository\org\springframework\boot\spring-boot-starter\3.2.5\spring-boot-starter-3.2.5.jar;C:\Users\gomez.maman24_triana\.m2\repository\org\springframework\boot\spring-boot\3.2.5\spring-boot-3.2.5.jar;C:\Users\gomez.maman24_triana\.m2\repository\org\springframework\boot\spring-boot-autoconfigure\3.2.5\spring-boot-autoconfigure-3.2.5.jar;C:\Users\gomez.maman24_triana\.m2\repository\org\springframework\boot\spring-boot-starter-logging\3.2.5\spring-boot-starter-logging-3.2.5.jar;C:\Users\gomez.maman24_triana\.m2\repository\ch\qos\logback\logback-classic\1.4.14\logback-classic-1.4.14.jar;C:\Users\gomez.maman24_triana\.m2\repository\ch\qos\logback\logback-core\1.4.14\logback-core-1.4.14.jar;C:\Users\gomez.maman24_triana\.m2\repository\org\apache\logging\log4j\log4j-to-slf4j\2.21.1\log4j-to-slf4j-2.21.1.jar;C:\Users\gomez.maman24_triana\.m2\repository\org\apache\logging\log4j\log4j-api\2.21.1\log4j-api-2.21.1.jar;C:\Users\gomez.maman24_triana\.m2\repository\org\slf4j\jul-to-slf4j\2.0.13\jul-to-slf4j-2.0.13.jar;C:\Users\gomez.maman24_triana\.m2\repository\org\yaml\snakeyaml\2.2\snakeyaml-2.2.jar;C:\Users\gomez.maman24_triana\.m2\repository\org\thymeleaf\thymeleaf-spring6\3.1.2.RELEASE\thymeleaf-spring6-3.1.2.RELEASE.jar;C:\Users\gomez.maman24_triana\.m2\repository\org\thymeleaf\thymeleaf\3.1.2.RELEASE\thymeleaf-3.1.2.RELEASE.jar;C:\Users\gomez.maman24_triana\.m2\repository\org\attoparser\attoparser\2.0.7.RELEASE\attoparser-2.0.7.RELEASE.jar;C:\Users\gomez.maman24_triana\.m2\repository\org\unbescape\unbescape\1.1.6.RELEASE\unbescape-1.1.6.RELEASE.jar;C:\Users\gomez.maman24_triana\.m2\repository\org\springframework\boot\spring-boot-starter-web\3.2.5\spring-boot-starter-web-3.2.5.jar;C:\Users\gomez.maman24_triana\.m2\repository\org\springframework\boot\spring-boot-starter-json\3.2.5\spring-boot-starter-json-3.2.5.jar;C:\Users\gomez.maman24_triana\.m2\repository\com\fasterxml\jackson\core\jackson-databind\2.15.4\jackson-databind-2.15.4.jar;C:\Users\gomez.maman24_triana\.m2\repository\com\fasterxml\jackson\core\jackson-annotations\2.15.4\jackson-annotations-2.15.4.jar;C:\Users\gomez.maman24_triana\.m2\repository\com\fasterxml\jackson\core\jackson-core\2.15.4\jackson-core-2.15.4.jar;C:\Users\gomez.maman24_triana\.m2\repository\com\fasterxml\jackson\datatype\jackson-datatype-jdk8\2.15.4\jackson-datatype-jdk8-2.15.4.jar;C:\Users\gomez.maman24_triana\.m2\repository\com\fasterxml\jackson\datatype\jackson-datatype-jsr310\2.15.4\jackson-datatype-jsr310-2.15.4.jar;C:\Users\gomez.maman24_triana\.m2\repository\com\fasterxml\jackson\module\jackson-module-parameter-names\2.15.4\jackson-module-parameter-names-2.15.4.jar;C:\Users\gomez.maman24_triana\.m2\repository\org\springframework\boot\spring-boot-starter-tomcat\3.2.5\spring-boot-starter-tomcat-3.2.5.jar;C:\Users\gomez.maman24_triana\.m2\repository\org\apache\tomcat\embed\tomcat-embed-core\10.1.20\tomcat-embed-core-10.1.20.jar;C:\Users\gomez.maman24_triana\.m2\repository\org\apache\tomcat\embed\tomcat-embed-el\10.1.20\tomcat-embed-el-10.1.20.jar;C:\Users\gomez.maman24_triana\.m2\repository\org\apache\tomcat\embed\tomcat-embed-websocket\10.1.20\tomcat-embed-websocket-10.1.20.jar;C:\Users\gomez.maman24_triana\.m2\repository\org\springframework\spring-web\6.1.6\spring-web-6.1.6.jar;C:\Users\gomez.maman24_triana\.m2\repository\io\micrometer\micrometer-observation\1.12.5\micrometer-observation-1.12.5.jar;C:\Users\gomez.maman24_triana\.m2\repository\io\micrometer\micrometer-commons\1.12.5\micrometer-commons-1.12.5.jar;C:\Users\gomez.maman24_triana\.m2\repository\org\springframework\spring-webmvc\6.1.6\spring-webmvc-6.1.6.jar;C:\Users\gomez.maman24_triana\.m2\repository\org\springframework\spring-expression\6.1.6\spring-expression-6.1.6.jar;C:\Users\gomez.maman24_triana\.m2\repository\com\h2database\h2\2.2.224\h2-2.2.224.jar;C:\Users\gomez.maman24_triana\.m2\repository\org\projectlombok\lombok\1.18.32\lombok-1.18.32.jar;C:\Users\gomez.maman24_triana\.m2\repository\org\springframework\boot\spring-boot-starter-test\3.2.5\spring-boot-starter-test-3.2.5.jar;C:\Users\gomez.maman24_triana\.m2\repository\org\springframework\boot\spring-boot-test\3.2.5\spring-boot-test-3.2.5.jar;C:\Users\gomez.maman24_triana\.m2\repository\org\springframework\boot\spring-boot-test-autoconfigure\3.2.5\spring-boot-test-autoconfigure-3.2.5.jar;C:\Users\gomez.maman24_triana\.m2\repository\com\jayway\jsonpath\json-path\2.9.0\json-path-2.9.0.jar;C:\Users\gomez.maman24_triana\.m2\repository\jakarta\xml\bind\jakarta.xml.bind-api\4.0.2\jakarta.xml.bind-api-4.0.2.jar;C:\Users\gomez.maman24_triana\.m2\repository\jakarta\activation\jakarta.activation-api\2.1.3\jakarta.activation-api-2.1.3.jar;C:\Users\gomez.maman24_triana\.m2\repository\net\minidev\json-smart\2.5.1\json-smart-2.5.1.jar;C:\Users\gomez.maman24_triana\.m2\repository\net\minidev\accessors-smart\2.5.1\accessors-smart-2.5.1.jar;C:\Users\gomez.maman24_triana\.m2\repository\org\ow2\asm\asm\9.6\asm-9.6.jar;C:\Users\gomez.maman24_triana\.m2\repository\org\assertj\assertj-core\3.24.2\assertj-core-3.24.2.jar;C:\Users\gomez.maman24_triana\.m2\repository\org\awaitility\awaitility\4.2.1\awaitility-4.2.1.jar;C:\Users\gomez.maman24_triana\.m2\repository\org\hamcrest\hamcrest\2.2\hamcrest-2.2.jar;C:\Users\gomez.maman24_triana\.m2\repository\org\junit\jupiter\junit-jupiter\5.10.2\junit-jupiter-5.10.2.jar;C:\Users\gomez.maman24_triana\.m2\repository\org\junit\jupiter\junit-jupiter-api\5.10.2\junit-jupiter-api-5.10.2.jar;C:\Users\gomez.maman24_triana\.m2\repository\org\opentest4j\opentest4j\1.3.0\opentest4j-1.3.0.jar;C:\Users\gomez.maman24_triana\.m2\repository\org\junit\platform\junit-platform-commons\1.10.2\junit-platform-commons-1.10.2.jar;C:\Users\gomez.maman24_triana\.m2\repository\org\apiguardian\apiguardian-api\1.1.2\apiguardian-api-1.1.2.jar;C:\Users\gomez.maman24_triana\.m2\repository\org\junit\jupiter\junit-jupiter-params\5.10.2\junit-jupiter-params-5.10.2.jar;C:\Users\gomez.maman24_triana\.m2\repository\org\junit\jupiter\junit-jupiter-engine\5.10.2\junit-jupiter-engine-5.10.2.jar;C:\Users\gomez.maman24_triana\.m2\repository\org\junit\platform\junit-platform-engine\1.10.2\junit-platform-engine-1.10.2.jar;C:\Users\gomez.maman24_triana\.m2\repository\org\mockito\mockito-core\5.7.0\mockito-core-5.7.0.jar;C:\Users\gomez.maman24_triana\.m2\repository\net\bytebuddy\byte-buddy-agent\1.14.13\byte-buddy-agent-1.14.13.jar;C:\Users\gomez.maman24_triana\.m2\repository\org\objenesis\objenesis\3.3\objenesis-3.3.jar;C:\Users\gomez.maman24_triana\.m2\repository\org\mockito\mockito-junit-jupiter\5.7.0\mockito-junit-jupiter-5.7.0.jar;C:\Users\gomez.maman24_triana\.m2\repository\org\skyscreamer\jsonassert\1.5.1\jsonassert-1.5.1.jar;C:\Users\gomez.maman24_triana\.m2\repository\com\vaadin\external\google\android-json\0.0.20131108.vaadin1\android-json-0.0.20131108.vaadin1.jar;C:\Users\gomez.maman24_triana\.m2\repository\org\springframework\spring-core\6.1.6\spring-core-6.1.6.jar;C:\Users\gomez.maman24_triana\.m2\repository\org\springframework\spring-jcl\6.1.6\spring-jcl-6.1.6.jar;C:\Users\gomez.maman24_triana\.m2\repository\org\springframework\spring-test\6.1.6\spring-test-6.1.6.jar;C:\Users\gomez.maman24_triana\.m2\repository\org\xmlunit\xmlunit-core\2.9.1\xmlunit-core-2.9.1.jar;C:\Users\gomez.maman24_triana\.m2\repository\org\springframework\boot\spring-boot-starter-security\3.2.5\spring-boot-starter-security-3.2.5.jar;C:\Users\gomez.maman24_triana\.m2\repository\org\springframework\spring-aop\6.1.6\spring-aop-6.1.6.jar;C:\Users\gomez.maman24_triana\.m2\repository\org\springframework\security\spring-security-config\6.2.4\spring-security-config-6.2.4.jar;C:\Users\gomez.maman24_triana\.m2\repository\org\springframework\security\spring-security-core\6.2.4\spring-security-core-6.2.4.jar;C:\Users\gomez.maman24_triana\.m2\repository\org\springframework\security\spring-security-crypto\6.2.4\spring-security-crypto-6.2.4.jar;C:\Users\gomez.maman24_triana\.m2\repository\org\springframework\security\spring-security-web\6.2.4\spring-security-web-6.2.4.jar;C:\Users\gomez.maman24_triana\.m2\repository\org\thymeleaf\extras\thymeleaf-extras-springsecurity6\3.1.2.RELEASE\thymeleaf-extras-springsecurity6-3.1.2.RELEASE.jar;C:\Users\gomez.maman24_triana\.m2\repository\org\slf4j\slf4j-api\2.0.13\slf4j-api-2.0.13.jar;"/>
    <property name="sun.cpu.endian" value="little"/>
    <property name="user.home" value="C:\Users\gomez.maman24_triana"/>
    <property name="user.language" value="es"/>
    <property name="java.specification.vendor" value="Oracle Corporation"/>
    <property name="java.version.date" value="2024-01-16"/>
    <property name="java.home" value="C:\Users\gomez.maman24_triana\Downloads\sts-4.22.0.RELEASE\plugins\org.eclipse.justj.openjdk.hotspot.jre.full.win32.x86_64_17.0.10.v20240120-1143\jre"/>
    <property name="file.separator" value="\"/>
    <property name="style.color" value="always"/>
    <property name="basedir" value="C:\Users\gomez.maman24_triana\Desktop\RecreativoF1\RecreativoF1ManuelGomez"/>
    <property name="java.vm.compressedOopsMode" value="Zero based"/>
    <property name="line.separator" value="&#10;"/>
    <property name="java.vm.specification.vendor" value="Oracle Corporation"/>
    <property name="java.specification.name" value="Java Platform API Specification"/>
    <property name="FILE_LOG_CHARSET" value="windows-1252"/>
    <property name="java.awt.headless" value="true"/>
    <property name="surefire.real.class.path" value="C:\Users\gomez.maman24_triana\AppData\Local\Temp\surefire1190204634710203979\surefirebooter-20240514140306671_3.jar"/>
    <property name="user.script" value=""/>
    <property name="sun.management.compiler" value="HotSpot 64-Bit Tiered Compilers"/>
    <property name="java.runtime.version" value="17.0.10+7"/>
    <property name="user.name" value="gomez.maman24_triana"/>
    <property name="path.separator" value=";"/>
    <property name="os.version" value="10.0"/>
    <property name="java.runtime.name" value="OpenJDK Runtime Environment"/>
    <property name="file.encoding" value="Cp1252"/>
    <property name="java.vm.name" value="OpenJDK 64-Bit Server VM"/>
    <property name="java.vendor.version" value="Temurin-17.0.10+7"/>
    <property name="localRepository" value="C:\Users\gomez.maman24_triana\.m2\repository"/>
    <property name="java.vendor.url.bug" value="https://github.com/adoptium/adoptium-support/issues"/>
    <property name="java.io.tmpdir" value="C:\Users\GOMEZ~1.MAM\AppData\Local\Temp\"/>
    <property name="com.zaxxer.hikari.pool_number" value="1"/>
    <property name="java.version" value="17.0.10"/>
    <property name="user.dir" value="C:\Users\gomez.maman24_triana\Desktop\RecreativoF1\RecreativoF1ManuelGomez"/>
    <property name="os.arch" value="amd64"/>
    <property name="java.vm.specification.name" value="Java Virtual Machine Specification"/>
    <property name="PID" value="3484"/>
    <property name="sun.os.patch.level" value=""/>
    <property name="CONSOLE_LOG_CHARSET" value="windows-1252"/>
    <property name="native.encoding" value="Cp1252"/>
    <property name="java.library.path" value="C:\Users\gomez.maman24_triana\Downloads\sts-4.22.0.RELEASE\plugins\org.eclipse.justj.openjdk.hotspot.jre.full.win32.x86_64_17.0.10.v20240120-1143\jre\bin;C:\Windows\Sun\Java\bin;C:\Windows\system32;C:\Windows;C:/Users/gomez.maman24_triana/Downloads/sts-4.22.0.RELEASE//plugins/org.eclipse.justj.openjdk.hotspot.jre.full.win32.x86_64_17.0.10.v20240120-1143/jre/bin/server;C:/Users/gomez.maman24_triana/Downloads/sts-4.22.0.RELEASE//plugins/org.eclipse.justj.openjdk.hotspot.jre.full.win32.x86_64_17.0.10.v20240120-1143/jre/bin;C:\Program Files\Common Files\Oracle\Java\javapath;C:\Windows\system32;C:\Windows;C:\Windows\System32\Wbem;C:\Windows\System32\WindowsPowerShell\v1.0\;C:\Windows\System32\OpenSSH\;C:\Users\gomez.maman24_triana\AppData\Local\Microsoft\WindowsApps;C:\Users\gomez.maman24_triana\AppData\Local\Programs\Microsoft VS Code\bin;C:\Users\gomez.maman24_triana\AppData\Local\Programs\Git\cmd;C:\Users\gomez.maman24_triana\AppData\Local\Programs\oh-my-posh\bin;C:\Users\gomez.maman24_triana\Downloads\sts-4.22.0.RELEASE;;."/>
    <property name="java.vm.info" value="mixed mode"/>
    <property name="java.vendor" value="Eclipse Adoptium"/>
    <property name="java.vm.version" value="17.0.10+7"/>
    <property name="sun.io.unicode.encoding" value="UnicodeLittle"/>
    <property name="java.class.version" value="61.0"/>
    <property name="LOGGED_APPLICATION_NAME" value="[PruebaBuenaManuelGomez] "/>
  </properties>
  <testcase name="contextLoads" classname="com.salesianostriana.dam.recreativof1manuelgomez.RecreativoF1ManuelGomezApplicationTests" time="0.727">
    <system-out><![CDATA[14:03:07.791 [main] INFO org.springframework.test.context.support.AnnotationConfigContextLoaderUtils -- Could not detect default configuration classes for test class [com.salesianostriana.dam.recreativof1manuelgomez.RecreativoF1ManuelGomezApplicationTests]: RecreativoF1ManuelGomezApplicationTests does not declare any static, non-private, non-final, nested classes annotated with @Configuration.
14:03:07.909 [main] INFO org.springframework.boot.test.context.SpringBootTestContextBootstrapper -- Found @SpringBootConfiguration com.salesianostriana.dam.recreativof1manuelgomez.RecreativoF1ManuelGomezApplication for test class com.salesianostriana.dam.recreativof1manuelgomez.RecreativoF1ManuelGomezApplicationTests

  .   ____          _            __ _ _
 /\\ / ___'_ __ _ _(_)_ __  __ _ \ \ \ \
( ( )\___ | '_ | '_| | '_ \/ _` | \ \ \ \
 \\/  ___)| |_)| | | | | || (_| |  ) ) ) )
  '  |____| .__|_| |_|_| |_\__, | / / / /
 =========|_|==============|___/=/_/_/_/
 :: Spring Boot ::                (v3.2.5)

2024-05-14T14:03:08.404+02:00  INFO 3484 --- [PruebaBuenaManuelGomez] [           main] .RecreativoF1ManuelGomezApplicationTests : Starting RecreativoF1ManuelGomezApplicationTests using Java 17.0.10 with PID 3484 (started by gomez.maman24_triana in C:\Users\gomez.maman24_triana\Desktop\RecreativoF1\RecreativoF1ManuelGomez)
2024-05-14T14:03:08.405+02:00  INFO 3484 --- [PruebaBuenaManuelGomez] [           main] .RecreativoF1ManuelGomezApplicationTests : No active profile set, falling back to 1 default profile: "default"
2024-05-14T14:03:09.283+02:00  INFO 3484 --- [PruebaBuenaManuelGomez] [           main] .s.d.r.c.RepositoryConfigurationDelegate : Bootstrapping Spring Data JPA repositories in DEFAULT mode.
2024-05-14T14:03:09.504+02:00  INFO 3484 --- [PruebaBuenaManuelGomez] [           main] .s.d.r.c.RepositoryConfigurationDelegate : Finished Spring Data repository scanning in 211 ms. Found 8 JPA repository interfaces.
2024-05-14T14:03:10.350+02:00  INFO 3484 --- [PruebaBuenaManuelGomez] [           main] o.hibernate.jpa.internal.util.LogHelper  : HHH000204: Processing PersistenceUnitInfo [name: default]
2024-05-14T14:03:10.555+02:00  INFO 3484 --- [PruebaBuenaManuelGomez] [           main] org.hibernate.Version                    : HHH000412: Hibernate ORM core version 6.4.4.Final
2024-05-14T14:03:10.607+02:00  INFO 3484 --- [PruebaBuenaManuelGomez] [           main] o.h.c.internal.RegionFactoryInitiator    : HHH000026: Second-level cache disabled
2024-05-14T14:03:11.020+02:00  INFO 3484 --- [PruebaBuenaManuelGomez] [           main] o.s.o.j.p.SpringPersistenceUnitInfo      : No LoadTimeWeaver setup: ignoring JPA class transformer
2024-05-14T14:03:11.053+02:00  INFO 3484 --- [PruebaBuenaManuelGomez] [           main] com.zaxxer.hikari.HikariDataSource       : HikariPool-1 - Starting...
2024-05-14T14:03:11.310+02:00  INFO 3484 --- [PruebaBuenaManuelGomez] [           main] com.zaxxer.hikari.pool.HikariPool        : HikariPool-1 - Added connection conn0: url=jdbc:h2:./db/basededatos user=SA
2024-05-14T14:03:11.312+02:00  INFO 3484 --- [PruebaBuenaManuelGomez] [           main] com.zaxxer.hikari.HikariDataSource       : HikariPool-1 - Start completed.
2024-05-14T14:03:12.758+02:00  INFO 3484 --- [PruebaBuenaManuelGomez] [           main] o.h.e.t.j.p.i.JtaPlatformInitiator       : HHH000489: No JTA platform available (set 'hibernate.transaction.jta.platform' to enable JTA platform integration)
Hibernate: drop table if exists carrera cascade 
Hibernate: drop table if exists coche cascade 
Hibernate: drop table if exists componente cascade 
Hibernate: drop table if exists empleado cascade 
Hibernate: drop table if exists jefe_equipo cascade 
Hibernate: drop table if exists mecanico cascade 
Hibernate: drop table if exists piloto cascade 
Hibernate: drop table if exists presupuesto cascade 
Hibernate: drop sequence if exists carrera_seq
Hibernate: drop sequence if exists coche_seq
Hibernate: drop sequence if exists componente_seq
Hibernate: drop sequence if exists empleado_seq
Hibernate: drop sequence if exists presupuesto_seq
Hibernate: create sequence carrera_seq start with 1 increment by 50
Hibernate: create sequence coche_seq start with 1 increment by 50
Hibernate: create sequence componente_seq start with 1 increment by 50
Hibernate: create sequence empleado_seq start with 1 increment by 50
Hibernate: create sequence presupuesto_seq start with 1 increment by 50
Hibernate: create table carrera (longitud_por_vuelta float(53) not null, longitud_total float(53) not null, id bigint not null, presupuesto_id_presupuesto bigint, descripcion varchar(255), imagen_carrera varchar(255), localizacion varchar(255), nombre_circuito varchar(255), tipo_asfaltado varchar(255), primary key (id))
Hibernate: create table coche (esta_daniado boolean not null, posicion_carrera integer not null, carrera_coche_id bigint, id_coche bigint not null, foto_coche varchar(255), nombre varchar(255), primary key (id_coche))
Hibernate: create table componente (durabilidad float(53) not null, precio float(53) not null, carrera_componente_id bigint, coche_componente_id_coche bigint, id_componente bigint not null, jefe_componente_id_empleado bigint, marca varchar(255), tipo_componente varchar(255), primary key (id_componente))
Hibernate: create table empleado (fecha_nacimiento date, incentivo float(53) not null, is_admin boolean not null, is_mecanico boolean not null, is_piloto boolean not null, salario float(53) not null, carrera_empleado_id bigint, id_empleado bigint not null, apellidos varchar(255), dni varchar(255), foto varchar(255), nombre varchar(255), password varchar(255), username varchar(255), primary key (id_empleado))
Hibernate: create table jefe_equipo (id_empleado bigint not null, primary key (id_empleado))
Hibernate: create table mecanico (coche_mecanico_id_coche bigint, id_empleado bigint not null, primary key (id_empleado))
Hibernate: create table piloto (posicion_carrera integer not null, coche_piloto_id_coche bigint unique, id_empleado bigint not null, primary key (id_empleado))
Hibernate: create table presupuesto (gastosfijos float(53) not null, gastosvariables float(53) not null, ingresos_fijos float(53) not null, ingresos_variables float(53) not null, id_presupuesto bigint not null, primary key (id_presupuesto))
Hibernate: alter table if exists carrera add constraint fk_carrera_presupuesto foreign key (presupuesto_id_presupuesto) references presupuesto
Hibernate: alter table if exists coche add constraint fk_coche_carrera foreign key (carrera_coche_id) references carrera
Hibernate: alter table if exists componente add constraint fk_componente_carrera foreign key (carrera_componente_id) references carrera
Hibernate: alter table if exists componente add constraint fk_componente_coche foreign key (coche_componente_id_coche) references coche
Hibernate: alter table if exists componente add constraint fk_componente_jefeEquipo foreign key (jefe_componente_id_empleado) references jefe_equipo
Hibernate: alter table if exists empleado add constraint fk_empleado_carrera foreign key (carrera_empleado_id) references carrera
Hibernate: alter table if exists jefe_equipo add constraint FKmxevf0rmgctc110a95865669 foreign key (id_empleado) references empleado
Hibernate: alter table if exists mecanico add constraint mecanico_coche foreign key (coche_mecanico_id_coche) references coche
Hibernate: alter table if exists mecanico add constraint FKblf3dmlke3kc9qo3fq10ukpvy foreign key (id_empleado) references empleado
Hibernate: alter table if exists piloto add constraint fk_piloto_coche foreign key (coche_piloto_id_coche) references coche
Hibernate: alter table if exists piloto add constraint FK7lcq2m4yn5poe7pdmsimval0h foreign key (id_empleado) references empleado
Hibernate: insert into presupuesto (id_presupuesto, gastosfijos, gastosvariables, ingresos_fijos, ingresos_variables) values (1, 200, 500, 34, 67)
Hibernate: insert into carrera (id, longitud_por_vuelta, longitud_total, localizacion, nombre_circuito, tipo_asfaltado, descripcion, presupuesto_id_presupuesto, imagen_carrera) values (1, 5.0, 55, 'MÃ³naco', 'MÃ³naco', 'Nuevo', 'Debido a su especial configuraciÃ³n con curvas cerradas y rectas cortas, lo que prima en Ã©l es la habilidad de los pilotos frente a la potencia de los motores.',1, 'https://lebalap.academy/wp-content/uploads/2021/02/esquema-circuito-de-monaco.png')
Hibernate: insert into coche (esta_daniado, posicion_carrera, carrera_coche_id, id_coche, nombre, foto_coche) values (false, 2, 1, 1, 'Coche 1','https://i.ebayimg.com/images/g/V04AAOSwPddlMohi/s-l1200.webp')
Hibernate: insert into coche (esta_daniado, posicion_carrera, carrera_coche_id, id_coche, nombre, foto_coche) values (true, 3, 1, 2, 'Coche 2','https://i.ebayimg.com/images/g/V04AAOSwPddlMohi/s-l1200.webp')
Hibernate: insert into empleado (id_empleado, nombre, apellidos, dni, salario, incentivo, carrera_empleado_id, username, password, is_admin, is_mecanico, is_piloto, foto) values (1, 'Lucho', 'Sutherden', 'Abata', 16430.99, 20.0, 1, 'juanjo', '{bcrypt}$2y$10$xkjea62LwBUHc9ZdigB8j.Dic/HBXjoFYOqK6J3KqYxiW9SJ6cdyi', false, true, false,'https://cdn-4.motorsport.com/images/mgl/0ZRQbbN0/s800/fernando-alonso-aston-martin-r.jpg')
Hibernate: insert into empleado (id_empleado, nombre, apellidos, dni, salario, incentivo, carrera_empleado_id,username, password, is_admin, is_mecanico, is_piloto, foto) values (2, 'Dory', 'Thieme', 'Aivee', 54769.92, 20.0, 1, 'jefe', '{bcrypt}$2y$10$xkjea62LwBUHc9ZdigB8j.Dic/HBXjoFYOqK6J3KqYxiW9SJ6cdyi',true, false,false,'https://cdn-4.motorsport.com/images/mgl/0ZRQbbN0/s800/fernando-alonso-aston-martin-r.jpg')
Hibernate: insert into empleado (id_empleado, nombre, apellidos, dni, salario, incentivo, carrera_empleado_id, username, password, is_admin, is_mecanico, is_piloto, foto) values (3, 'Grissel', 'Macallam', 'Yoveo', 44096.63, 20.0, 1, 'piloto1', '{bcrypt}$2y$10$xkjea62LwBUHc9ZdigB8j.Dic/HBXjoFYOqK6J3KqYxiW9SJ6cdyi', false, false, true, 'https://cdn-4.motorsport.com/images/mgl/0ZRQbbN0/s800/fernando-alonso-aston-martin-r.jpg')
Hibernate: insert into empleado (id_empleado, nombre, apellidos, dni, salario, incentivo, carrera_empleado_id,username, password, is_admin, is_mecanico, is_piloto, foto) values (4, 'Blondie', 'Simenot', 'Skyndu', 72597.04, 20.0, 1, 'piloto2', '{bcrypt}$2y$10$xkjea62LwBUHc9ZdigB8j.Dic/HBXjoFYOqK6J3KqYxiW9SJ6cdyi', false, false, true, 'https://cdn-8.motorsport.com/images/mgl/63vnZMbY/s8/carlos-sainz-ferrari.jpg')
Hibernate: insert into jefe_equipo (id_empleado) values (2)
Hibernate: insert into componente (id_componente, tipo_componente, durabilidad, precio, marca, carrera_componente_id, coche_componente_id_coche, jefe_componente_id_empleado) values (1, 'Motor', 15, 1500.0, 'Honda', 1, 1,2)
Hibernate: insert into componente (id_componente, tipo_componente, durabilidad, precio, marca, carrera_componente_id, coche_componente_id_coche, jefe_componente_id_empleado) values (2, 'Motor', 15, 1500.0, 'Honda', 1, 2,2)
Hibernate: insert into componente (id_componente, tipo_componente, durabilidad, precio, marca, carrera_componente_id, coche_componente_id_coche, jefe_componente_id_empleado) values (3, 'Motor', 15, 1500.0, 'Honda', 1, 1,2)
Hibernate: insert into componente (id_componente, tipo_componente, durabilidad, precio, marca, carrera_componente_id, coche_componente_id_coche, jefe_componente_id_empleado) values (4, 'Motor', 15, 1500.0, 'Honda', 1, 2,2)
Hibernate: insert into componente (id_componente, tipo_componente, durabilidad, precio, marca, carrera_componente_id, coche_componente_id_coche, jefe_componente_id_empleado) values (5, 'Motor', 15, 1500.0, 'Honda', 1, 1,2)
Hibernate: insert into componente (id_componente, tipo_componente, durabilidad, precio, marca, carrera_componente_id, coche_componente_id_coche, jefe_componente_id_empleado) values (6, 'Motor', 15, 1500.0, 'Honda', 1, 2,2)
Hibernate: insert into componente (id_componente, tipo_componente, durabilidad, precio, marca, carrera_componente_id, coche_componente_id_coche, jefe_componente_id_empleado) values (7, 'Motor', 15, 1500.0, 'Honda', 1, 1,2)
Hibernate: insert into componente (id_componente, tipo_componente, durabilidad, precio, marca, carrera_componente_id, coche_componente_id_coche, jefe_componente_id_empleado) values (8, 'Motor', 15, 1500.0, 'Honda', 1, 2,2)
Hibernate: insert into componente (id_componente, tipo_componente, durabilidad, precio, marca, carrera_componente_id, coche_componente_id_coche, jefe_componente_id_empleado) values (9, 'Motor', 15, 1500.0, 'Honda', 1, 1,2)
Hibernate: insert into mecanico(coche_mecanico_id_coche, id_empleado) values (1, 1)
Hibernate: insert into piloto (posicion_carrera, coche_piloto_id_coche, id_empleado) values (5, 1, 3)
Hibernate: insert into piloto (posicion_carrera, coche_piloto_id_coche, id_empleado) values (5, 2, 4)
Hibernate: ALTER SEQUENCE empleado_seq RESTART WITH (60)
Hibernate: ALTER SEQUENCE coche_seq RESTART WITH (52)
Hibernate: ALTER SEQUENCE componente_seq RESTART WITH (59)
Hibernate: ALTER SEQUENCE presupuesto_seq RESTART WITH (59)
Hibernate: ALTER SEQUENCE carrera_seq RESTART WITH (51)
2024-05-14T14:03:12.845+02:00  INFO 3484 --- [PruebaBuenaManuelGomez] [           main] j.LocalContainerEntityManagerFactoryBean : Initialized JPA EntityManagerFactory for persistence unit 'default'
2024-05-14T14:03:13.585+02:00  WARN 3484 --- [PruebaBuenaManuelGomez] [           main] JpaBaseConfiguration$JpaWebConfiguration : spring.jpa.open-in-view is enabled by default. Therefore, database queries may be performed during view rendering. Explicitly configure spring.jpa.open-in-view to disable this warning
2024-05-14T14:03:14.016+02:00  INFO 3484 --- [PruebaBuenaManuelGomez] [           main] o.s.s.web.DefaultSecurityFilterChain     : Will secure any request with [org.springframework.security.web.session.DisableEncodeUrlFilter@3e3c6323, org.springframework.security.web.context.request.async.WebAsyncManagerIntegrationFilter@6f404bc6, org.springframework.security.web.context.SecurityContextHolderFilter@58df431e, org.springframework.security.web.header.HeaderWriterFilter@631c6ef4, org.springframework.web.filter.CorsFilter@77d0a492, org.springframework.security.web.authentication.logout.LogoutFilter@581cb879, org.springframework.security.web.authentication.UsernamePasswordAuthenticationFilter@6ade4ac6, org.springframework.security.web.savedrequest.RequestCacheAwareFilter@4446e1d9, org.springframework.security.web.servletapi.SecurityContextHolderAwareRequestFilter@3f13720f, org.springframework.security.web.authentication.AnonymousAuthenticationFilter@2f46bc25, org.springframework.security.web.access.ExceptionTranslationFilter@5e2525fe, org.springframework.security.web.access.intercept.AuthorizationFilter@15b882a0]
2024-05-14T14:03:14.336+02:00  INFO 3484 --- [PruebaBuenaManuelGomez] [           main] o.s.b.a.h2.H2ConsoleAutoConfiguration    : H2 console available at '/h2-console'. Database available at 'jdbc:h2:./db/basededatos'
2024-05-14T14:03:14.396+02:00  INFO 3484 --- [PruebaBuenaManuelGomez] [           main] .RecreativoF1ManuelGomezApplicationTests : Started RecreativoF1ManuelGomezApplicationTests in 6.295 seconds (process running for 7.528)
]]></system-out>
  </testcase>
</testsuite>